[0.115s] Invoking command in '/home/samsanchez/Documents/Robotics/KIT_Phantom_X_Pincher_ROS2/phantom_ws/build/phantomx_pincher_demos': CMAKE_PREFIX_PATH=/home/samsanchez/Documents/Robotics/KIT_Phantom_X_Pincher_ROS2/phantom_ws/install/phantomx_pincher:/home/samsanchez/Documents/Robotics/KIT_Phantom_X_Pincher_ROS2/phantom_ws/install/phantomx_pincher_moveit_config:/home/samsanchez/Documents/Robotics/KIT_Phantom_X_Pincher_ROS2/phantom_ws/install/phantomx_pincher_description:/home/samsanchez/Documents/Robotics/KIT_Phantom_X_Pincher_ROS2/phantom_ws/install/phantomx_pincher_bringup:/home/samsanchez/Documents/Robotics/KIT_Phantom_X_Pincher_ROS2/phantom_ws/install/phantomx_pincher_commander_cpp:/home/samsanchez/Documents/Robotics/KIT_Phantom_X_Pincher_ROS2/phantom_ws/install/phantomx_pincher_interfaces:/home/samsanchez/Documents/Robotics/KIT_Phantom_X_Pincher_ROS2/phantom_ws/install/phantomx_pincher_demos:/home/samsanchez/Documents/Robotics/KIT_Phantom_X_Pincher_ROS2/phantom_ws/install/pincher_control:/opt/ros/humble /usr/bin/cmake --build /home/samsanchez/Documents/Robotics/KIT_Phantom_X_Pincher_ROS2/phantom_ws/build/phantomx_pincher_demos -- -j2 -l2
[0.488s] Invoked command in '/home/samsanchez/Documents/Robotics/KIT_Phantom_X_Pincher_ROS2/phantom_ws/build/phantomx_pincher_demos' returned '0': CMAKE_PREFIX_PATH=/home/samsanchez/Documents/Robotics/KIT_Phantom_X_Pincher_ROS2/phantom_ws/install/phantomx_pincher:/home/samsanchez/Documents/Robotics/KIT_Phantom_X_Pincher_ROS2/phantom_ws/install/phantomx_pincher_moveit_config:/home/samsanchez/Documents/Robotics/KIT_Phantom_X_Pincher_ROS2/phantom_ws/install/phantomx_pincher_description:/home/samsanchez/Documents/Robotics/KIT_Phantom_X_Pincher_ROS2/phantom_ws/install/phantomx_pincher_bringup:/home/samsanchez/Documents/Robotics/KIT_Phantom_X_Pincher_ROS2/phantom_ws/install/phantomx_pincher_commander_cpp:/home/samsanchez/Documents/Robotics/KIT_Phantom_X_Pincher_ROS2/phantom_ws/install/phantomx_pincher_interfaces:/home/samsanchez/Documents/Robotics/KIT_Phantom_X_Pincher_ROS2/phantom_ws/install/phantomx_pincher_demos:/home/samsanchez/Documents/Robotics/KIT_Phantom_X_Pincher_ROS2/phantom_ws/install/pincher_control:/opt/ros/humble /usr/bin/cmake --build /home/samsanchez/Documents/Robotics/KIT_Phantom_X_Pincher_ROS2/phantom_ws/build/phantomx_pincher_demos -- -j2 -l2
[0.502s] Invoking command in '/home/samsanchez/Documents/Robotics/KIT_Phantom_X_Pincher_ROS2/phantom_ws/build/phantomx_pincher_demos': CMAKE_PREFIX_PATH=/home/samsanchez/Documents/Robotics/KIT_Phantom_X_Pincher_ROS2/phantom_ws/install/phantomx_pincher:/home/samsanchez/Documents/Robotics/KIT_Phantom_X_Pincher_ROS2/phantom_ws/install/phantomx_pincher_moveit_config:/home/samsanchez/Documents/Robotics/KIT_Phantom_X_Pincher_ROS2/phantom_ws/install/phantomx_pincher_description:/home/samsanchez/Documents/Robotics/KIT_Phantom_X_Pincher_ROS2/phantom_ws/install/phantomx_pincher_bringup:/home/samsanchez/Documents/Robotics/KIT_Phantom_X_Pincher_ROS2/phantom_ws/install/phantomx_pincher_commander_cpp:/home/samsanchez/Documents/Robotics/KIT_Phantom_X_Pincher_ROS2/phantom_ws/install/phantomx_pincher_interfaces:/home/samsanchez/Documents/Robotics/KIT_Phantom_X_Pincher_ROS2/phantom_ws/install/phantomx_pincher_demos:/home/samsanchez/Documents/Robotics/KIT_Phantom_X_Pincher_ROS2/phantom_ws/install/pincher_control:/opt/ros/humble /usr/bin/cmake --install /home/samsanchez/Documents/Robotics/KIT_Phantom_X_Pincher_ROS2/phantom_ws/build/phantomx_pincher_demos
[0.572s] -- Install configuration: ""
[0.573s] -- Up-to-date: /home/samsanchez/Documents/Robotics/KIT_Phantom_X_Pincher_ROS2/phantom_ws/install/phantomx_pincher_demos/share/phantomx_pincher_demos/launch
[0.576s] -- Up-to-date: /home/samsanchez/Documents/Robotics/KIT_Phantom_X_Pincher_ROS2/phantom_ws/install/phantomx_pincher_demos/share/phantomx_pincher_demos/launch/demo_orbit_pick_and_place.launch.py
[0.577s] -- Up-to-date: /home/samsanchez/Documents/Robotics/KIT_Phantom_X_Pincher_ROS2/phantom_ws/install/phantomx_pincher_demos/share/phantomx_pincher_demos/launch/demo_rover_peg_in_hole.launch.py
[0.582s] -- Up-to-date: /home/samsanchez/Documents/Robotics/KIT_Phantom_X_Pincher_ROS2/phantom_ws/install/phantomx_pincher_demos/share/phantomx_pincher_demos/launch/demo_moon_camera_sensors.launch.py
[0.582s] -- Up-to-date: /home/samsanchez/Documents/Robotics/KIT_Phantom_X_Pincher_ROS2/phantom_ws/install/phantomx_pincher_demos/share/phantomx_pincher_demos/rviz
[0.582s] -- Up-to-date: /home/samsanchez/Documents/Robotics/KIT_Phantom_X_Pincher_ROS2/phantom_ws/install/phantomx_pincher_demos/share/phantomx_pincher_demos/rviz/demo_rover_peg_in_hole.rviz
[0.582s] -- Up-to-date: /home/samsanchez/Documents/Robotics/KIT_Phantom_X_Pincher_ROS2/phantom_ws/install/phantomx_pincher_demos/share/phantomx_pincher_demos/rviz/demo_moon_camera_sensors.rviz
[0.583s] -- Up-to-date: /home/samsanchez/Documents/Robotics/KIT_Phantom_X_Pincher_ROS2/phantom_ws/install/phantomx_pincher_demos/share/phantomx_pincher_demos/rviz/demo_orbit_pick_and_place.rviz
[0.583s] -- Up-to-date: /home/samsanchez/Documents/Robotics/KIT_Phantom_X_Pincher_ROS2/phantom_ws/install/phantomx_pincher_demos/share/phantomx_pincher_demos/worlds
[0.587s] -- Up-to-date: /home/samsanchez/Documents/Robotics/KIT_Phantom_X_Pincher_ROS2/phantom_ws/install/phantomx_pincher_demos/share/phantomx_pincher_demos/worlds/rover_peg_in_hole.sdf
[0.587s] -- Up-to-date: /home/samsanchez/Documents/Robotics/KIT_Phantom_X_Pincher_ROS2/phantom_ws/install/phantomx_pincher_demos/share/phantomx_pincher_demos/worlds/moon_camera_sensors.sdf
[0.587s] -- Up-to-date: /home/samsanchez/Documents/Robotics/KIT_Phantom_X_Pincher_ROS2/phantom_ws/install/phantomx_pincher_demos/share/phantomx_pincher_demos/worlds/orbit_pick_and_place.sdf
[0.591s] -- Up-to-date: /home/samsanchez/Documents/Robotics/KIT_Phantom_X_Pincher_ROS2/phantom_ws/install/phantomx_pincher_demos/share/phantomx_pincher_demos/assets
[0.595s] -- Up-to-date: /home/samsanchez/Documents/Robotics/KIT_Phantom_X_Pincher_ROS2/phantom_ws/install/phantomx_pincher_demos/share/phantomx_pincher_demos/assets/suzanne.stl
[0.595s] -- Up-to-date: /home/samsanchez/Documents/Robotics/KIT_Phantom_X_Pincher_ROS2/phantom_ws/install/phantomx_pincher_demos/share/phantomx_pincher_demos/assets/module_holes.stl
[0.595s] -- Up-to-date: /home/samsanchez/Documents/Robotics/KIT_Phantom_X_Pincher_ROS2/phantom_ws/install/phantomx_pincher_demos/lib/phantomx_pincher_demos/demo_observe_scene.py
[0.596s] -- Up-to-date: /home/samsanchez/Documents/Robotics/KIT_Phantom_X_Pincher_ROS2/phantom_ws/install/phantomx_pincher_demos/lib/phantomx_pincher_demos/demo_peg_in_hole.py
[0.599s] -- Up-to-date: /home/samsanchez/Documents/Robotics/KIT_Phantom_X_Pincher_ROS2/phantom_ws/install/phantomx_pincher_demos/lib/phantomx_pincher_demos/demo_pick_and_place.py
[0.602s] -- Up-to-date: /home/samsanchez/Documents/Robotics/KIT_Phantom_X_Pincher_ROS2/phantom_ws/install/phantomx_pincher_demos/lib/phantomx_pincher_demos/ex_collision_mesh.py
[0.607s] -- Up-to-date: /home/samsanchez/Documents/Robotics/KIT_Phantom_X_Pincher_ROS2/phantom_ws/install/phantomx_pincher_demos/lib/phantomx_pincher_demos/ex_collision_primitive.py
[0.607s] -- Up-to-date: /home/samsanchez/Documents/Robotics/KIT_Phantom_X_Pincher_ROS2/phantom_ws/install/phantomx_pincher_demos/lib/phantomx_pincher_demos/ex_gripper.py
[0.608s] -- Up-to-date: /home/samsanchez/Documents/Robotics/KIT_Phantom_X_Pincher_ROS2/phantom_ws/install/phantomx_pincher_demos/lib/phantomx_pincher_demos/ex_joint_goal.py
[0.608s] -- Up-to-date: /home/samsanchez/Documents/Robotics/KIT_Phantom_X_Pincher_ROS2/phantom_ws/install/phantomx_pincher_demos/lib/phantomx_pincher_demos/ex_pose_goal.py
[0.608s] -- Up-to-date: /home/samsanchez/Documents/Robotics/KIT_Phantom_X_Pincher_ROS2/phantom_ws/install/phantomx_pincher_demos/lib/phantomx_pincher_demos/ex_servo.py
[0.609s] -- Up-to-date: /home/samsanchez/Documents/Robotics/KIT_Phantom_X_Pincher_ROS2/phantom_ws/install/phantomx_pincher_demos/lib/phantomx_pincher_demos/template.py
[0.609s] -- Up-to-date: /home/samsanchez/Documents/Robotics/KIT_Phantom_X_Pincher_ROS2/phantom_ws/install/phantomx_pincher_demos/share/ament_index/resource_index/package_run_dependencies/phantomx_pincher_demos
[0.609s] -- Up-to-date: /home/samsanchez/Documents/Robotics/KIT_Phantom_X_Pincher_ROS2/phantom_ws/install/phantomx_pincher_demos/share/ament_index/resource_index/parent_prefix_path/phantomx_pincher_demos
[0.610s] -- Up-to-date: /home/samsanchez/Documents/Robotics/KIT_Phantom_X_Pincher_ROS2/phantom_ws/install/phantomx_pincher_demos/share/phantomx_pincher_demos/environment/ament_prefix_path.sh
[0.612s] -- Up-to-date: /home/samsanchez/Documents/Robotics/KIT_Phantom_X_Pincher_ROS2/phantom_ws/install/phantomx_pincher_demos/share/phantomx_pincher_demos/environment/ament_prefix_path.dsv
[0.614s] -- Up-to-date: /home/samsanchez/Documents/Robotics/KIT_Phantom_X_Pincher_ROS2/phantom_ws/install/phantomx_pincher_demos/share/phantomx_pincher_demos/environment/path.sh
[0.617s] -- Up-to-date: /home/samsanchez/Documents/Robotics/KIT_Phantom_X_Pincher_ROS2/phantom_ws/install/phantomx_pincher_demos/share/phantomx_pincher_demos/environment/path.dsv
[0.617s] -- Up-to-date: /home/samsanchez/Documents/Robotics/KIT_Phantom_X_Pincher_ROS2/phantom_ws/install/phantomx_pincher_demos/share/phantomx_pincher_demos/local_setup.bash
[0.620s] -- Up-to-date: /home/samsanchez/Documents/Robotics/KIT_Phantom_X_Pincher_ROS2/phantom_ws/install/phantomx_pincher_demos/share/phantomx_pincher_demos/local_setup.sh
[0.625s] -- Up-to-date: /home/samsanchez/Documents/Robotics/KIT_Phantom_X_Pincher_ROS2/phantom_ws/install/phantomx_pincher_demos/share/phantomx_pincher_demos/local_setup.zsh
[0.626s] -- Up-to-date: /home/samsanchez/Documents/Robotics/KIT_Phantom_X_Pincher_ROS2/phantom_ws/install/phantomx_pincher_demos/share/phantomx_pincher_demos/local_setup.dsv
[0.626s] -- Up-to-date: /home/samsanchez/Documents/Robotics/KIT_Phantom_X_Pincher_ROS2/phantom_ws/install/phantomx_pincher_demos/share/phantomx_pincher_demos/package.dsv
[0.676s] -- Up-to-date: /home/samsanchez/Documents/Robotics/KIT_Phantom_X_Pincher_ROS2/phantom_ws/install/phantomx_pincher_demos/share/ament_index/resource_index/packages/phantomx_pincher_demos
[0.676s] -- Up-to-date: /home/samsanchez/Documents/Robotics/KIT_Phantom_X_Pincher_ROS2/phantom_ws/install/phantomx_pincher_demos/share/phantomx_pincher_demos/cmake/phantomx_pincher_demosConfig.cmake
[0.677s] -- Up-to-date: /home/samsanchez/Documents/Robotics/KIT_Phantom_X_Pincher_ROS2/phantom_ws/install/phantomx_pincher_demos/share/phantomx_pincher_demos/cmake/phantomx_pincher_demosConfig-version.cmake
[0.677s] -- Up-to-date: /home/samsanchez/Documents/Robotics/KIT_Phantom_X_Pincher_ROS2/phantom_ws/install/phantomx_pincher_demos/share/phantomx_pincher_demos/package.xml
[0.682s] Invoked command in '/home/samsanchez/Documents/Robotics/KIT_Phantom_X_Pincher_ROS2/phantom_ws/build/phantomx_pincher_demos' returned '0': CMAKE_PREFIX_PATH=/home/samsanchez/Documents/Robotics/KIT_Phantom_X_Pincher_ROS2/phantom_ws/install/phantomx_pincher:/home/samsanchez/Documents/Robotics/KIT_Phantom_X_Pincher_ROS2/phantom_ws/install/phantomx_pincher_moveit_config:/home/samsanchez/Documents/Robotics/KIT_Phantom_X_Pincher_ROS2/phantom_ws/install/phantomx_pincher_description:/home/samsanchez/Documents/Robotics/KIT_Phantom_X_Pincher_ROS2/phantom_ws/install/phantomx_pincher_bringup:/home/samsanchez/Documents/Robotics/KIT_Phantom_X_Pincher_ROS2/phantom_ws/install/phantomx_pincher_commander_cpp:/home/samsanchez/Documents/Robotics/KIT_Phantom_X_Pincher_ROS2/phantom_ws/install/phantomx_pincher_interfaces:/home/samsanchez/Documents/Robotics/KIT_Phantom_X_Pincher_ROS2/phantom_ws/install/phantomx_pincher_demos:/home/samsanchez/Documents/Robotics/KIT_Phantom_X_Pincher_ROS2/phantom_ws/install/pincher_control:/opt/ros/humble /usr/bin/cmake --install /home/samsanchez/Documents/Robotics/KIT_Phantom_X_Pincher_ROS2/phantom_ws/build/phantomx_pincher_demos
