[0.052s] Invoking command in '/home/samsanchez/Documents/Robotics/Pincher/ros2_ws/phantom_ws/build/phantomx_pincher_moveit_config': AMENT_PREFIX_PATH=/home/samsanchez/Documents/Robotics/Pincher/ros2_ws/phantom_ws/install/phantomx_pincher_description:${AMENT_PREFIX_PATH} CMAKE_PREFIX_PATH=/home/samsanchez/Documents/Robotics/Pincher/ros2_ws/phantom_ws/install/phantomx_pincher_description:/opt/ros/humble IGN_GAZEBO_RESOURCE_PATH=/home/samsanchez/Documents/Robotics/Pincher/ros2_ws/phantom_ws/install/phantomx_pincher_description/share/phantomx_pincher_description /usr/bin/cmake --build /home/samsanchez/Documents/Robotics/Pincher/ros2_ws/phantom_ws/build/phantomx_pincher_moveit_config -- -j2 -l2
[0.273s] Invoked command in '/home/samsanchez/Documents/Robotics/Pincher/ros2_ws/phantom_ws/build/phantomx_pincher_moveit_config' returned '0': AMENT_PREFIX_PATH=/home/samsanchez/Documents/Robotics/Pincher/ros2_ws/phantom_ws/install/phantomx_pincher_description:${AMENT_PREFIX_PATH} CMAKE_PREFIX_PATH=/home/samsanchez/Documents/Robotics/Pincher/ros2_ws/phantom_ws/install/phantomx_pincher_description:/opt/ros/humble IGN_GAZEBO_RESOURCE_PATH=/home/samsanchez/Documents/Robotics/Pincher/ros2_ws/phantom_ws/install/phantomx_pincher_description/share/phantomx_pincher_description /usr/bin/cmake --build /home/samsanchez/Documents/Robotics/Pincher/ros2_ws/phantom_ws/build/phantomx_pincher_moveit_config -- -j2 -l2
[0.283s] Invoking command in '/home/samsanchez/Documents/Robotics/Pincher/ros2_ws/phantom_ws/build/phantomx_pincher_moveit_config': AMENT_PREFIX_PATH=/home/samsanchez/Documents/Robotics/Pincher/ros2_ws/phantom_ws/install/phantomx_pincher_description:${AMENT_PREFIX_PATH} CMAKE_PREFIX_PATH=/home/samsanchez/Documents/Robotics/Pincher/ros2_ws/phantom_ws/install/phantomx_pincher_description:/opt/ros/humble IGN_GAZEBO_RESOURCE_PATH=/home/samsanchez/Documents/Robotics/Pincher/ros2_ws/phantom_ws/install/phantomx_pincher_description/share/phantomx_pincher_description /usr/bin/cmake --install /home/samsanchez/Documents/Robotics/Pincher/ros2_ws/phantom_ws/build/phantomx_pincher_moveit_config
[0.325s] -- Install configuration: ""
[0.325s] -- Up-to-date: /home/samsanchez/Documents/Robotics/Pincher/ros2_ws/phantom_ws/install/phantomx_pincher_moveit_config/share/phantomx_pincher_moveit_config/config
[0.326s] -- Up-to-date: /home/samsanchez/Documents/Robotics/Pincher/ros2_ws/phantom_ws/install/phantomx_pincher_moveit_config/share/phantomx_pincher_moveit_config/config/controllers_effort.yaml
[0.332s] -- Up-to-date: /home/samsanchez/Documents/Robotics/Pincher/ros2_ws/phantom_ws/install/phantomx_pincher_moveit_config/share/phantomx_pincher_moveit_config/config/joint_limits.yaml
[0.332s] -- Up-to-date: /home/samsanchez/Documents/Robotics/Pincher/ros2_ws/phantom_ws/install/phantomx_pincher_moveit_config/share/phantomx_pincher_moveit_config/config/phantomx_pincher.srdf
[0.333s] -- Up-to-date: /home/samsanchez/Documents/Robotics/Pincher/ros2_ws/phantom_ws/install/phantomx_pincher_moveit_config/share/phantomx_pincher_moveit_config/config/moveit_controller_manager_gripper_trajectory.yaml
[0.333s] -- Up-to-date: /home/samsanchez/Documents/Robotics/Pincher/ros2_ws/phantom_ws/install/phantomx_pincher_moveit_config/share/phantomx_pincher_moveit_config/config/ompl_planning.yaml
[0.333s] -- Up-to-date: /home/samsanchez/Documents/Robotics/Pincher/ros2_ws/phantom_ws/install/phantomx_pincher_moveit_config/share/phantomx_pincher_moveit_config/config/moveit_controller_manager_gripper_command.yaml
[0.333s] -- Up-to-date: /home/samsanchez/Documents/Robotics/Pincher/ros2_ws/phantom_ws/install/phantomx_pincher_moveit_config/share/phantomx_pincher_moveit_config/config/servo.yaml
[0.337s] -- Up-to-date: /home/samsanchez/Documents/Robotics/Pincher/ros2_ws/phantom_ws/install/phantomx_pincher_moveit_config/share/phantomx_pincher_moveit_config/config/servo_real.yaml
[0.337s] -- Up-to-date: /home/samsanchez/Documents/Robotics/Pincher/ros2_ws/phantom_ws/install/phantomx_pincher_moveit_config/share/phantomx_pincher_moveit_config/config/controllers_position.yaml
[0.340s] -- Up-to-date: /home/samsanchez/Documents/Robotics/Pincher/ros2_ws/phantom_ws/install/phantomx_pincher_moveit_config/share/phantomx_pincher_moveit_config/config/kinematics.yaml
[0.340s] -- Up-to-date: /home/samsanchez/Documents/Robotics/Pincher/ros2_ws/phantom_ws/install/phantomx_pincher_moveit_config/share/phantomx_pincher_moveit_config/launch
[0.343s] -- Up-to-date: /home/samsanchez/Documents/Robotics/Pincher/ros2_ws/phantom_ws/install/phantomx_pincher_moveit_config/share/phantomx_pincher_moveit_config/launch/move_group.launch.py
[0.343s] -- Up-to-date: /home/samsanchez/Documents/Robotics/Pincher/ros2_ws/phantom_ws/install/phantomx_pincher_moveit_config/share/phantomx_pincher_moveit_config/launch/move_group_external_control.launch.py
[0.349s] -- Up-to-date: /home/samsanchez/Documents/Robotics/Pincher/ros2_ws/phantom_ws/install/phantomx_pincher_moveit_config/share/phantomx_pincher_moveit_config/rviz
[0.349s] -- Up-to-date: /home/samsanchez/Documents/Robotics/Pincher/ros2_ws/phantom_ws/install/phantomx_pincher_moveit_config/share/phantomx_pincher_moveit_config/rviz/moveit.rviz
[0.349s] -- Up-to-date: /home/samsanchez/Documents/Robotics/Pincher/ros2_ws/phantom_ws/install/phantomx_pincher_moveit_config/share/phantomx_pincher_moveit_config/srdf
[0.350s] -- Up-to-date: /home/samsanchez/Documents/Robotics/Pincher/ros2_ws/phantom_ws/install/phantomx_pincher_moveit_config/share/phantomx_pincher_moveit_config/srdf/phantomx_pincher.xacro
[0.350s] -- Up-to-date: /home/samsanchez/Documents/Robotics/Pincher/ros2_ws/phantom_ws/install/phantomx_pincher_moveit_config/share/phantomx_pincher_moveit_config/srdf/phantomx_pincher.srdf
[0.350s] -- Up-to-date: /home/samsanchez/Documents/Robotics/Pincher/ros2_ws/phantom_ws/install/phantomx_pincher_moveit_config/share/phantomx_pincher_moveit_config/srdf/phantomx_pincher.srdf.xacro
[0.357s] -- Up-to-date: /home/samsanchez/Documents/Robotics/Pincher/ros2_ws/phantom_ws/install/phantomx_pincher_moveit_config/share/ament_index/resource_index/package_run_dependencies/phantomx_pincher_moveit_config
[0.357s] -- Up-to-date: /home/samsanchez/Documents/Robotics/Pincher/ros2_ws/phantom_ws/install/phantomx_pincher_moveit_config/share/ament_index/resource_index/parent_prefix_path/phantomx_pincher_moveit_config
[0.357s] -- Up-to-date: /home/samsanchez/Documents/Robotics/Pincher/ros2_ws/phantom_ws/install/phantomx_pincher_moveit_config/share/phantomx_pincher_moveit_config/environment/ament_prefix_path.sh
[0.357s] -- Up-to-date: /home/samsanchez/Documents/Robotics/Pincher/ros2_ws/phantom_ws/install/phantomx_pincher_moveit_config/share/phantomx_pincher_moveit_config/environment/ament_prefix_path.dsv
[0.358s] -- Up-to-date: /home/samsanchez/Documents/Robotics/Pincher/ros2_ws/phantom_ws/install/phantomx_pincher_moveit_config/share/phantomx_pincher_moveit_config/environment/path.sh
[0.358s] -- Up-to-date: /home/samsanchez/Documents/Robotics/Pincher/ros2_ws/phantom_ws/install/phantomx_pincher_moveit_config/share/phantomx_pincher_moveit_config/environment/path.dsv
[0.358s] -- Up-to-date: /home/samsanchez/Documents/Robotics/Pincher/ros2_ws/phantom_ws/install/phantomx_pincher_moveit_config/share/phantomx_pincher_moveit_config/local_setup.bash
[0.358s] -- Up-to-date: /home/samsanchez/Documents/Robotics/Pincher/ros2_ws/phantom_ws/install/phantomx_pincher_moveit_config/share/phantomx_pincher_moveit_config/local_setup.sh
[0.364s] -- Up-to-date: /home/samsanchez/Documents/Robotics/Pincher/ros2_ws/phantom_ws/install/phantomx_pincher_moveit_config/share/phantomx_pincher_moveit_config/local_setup.zsh
[0.364s] -- Up-to-date: /home/samsanchez/Documents/Robotics/Pincher/ros2_ws/phantom_ws/install/phantomx_pincher_moveit_config/share/phantomx_pincher_moveit_config/local_setup.dsv
[0.365s] -- Installing: /home/samsanchez/Documents/Robotics/Pincher/ros2_ws/phantom_ws/install/phantomx_pincher_moveit_config/share/phantomx_pincher_moveit_config/package.dsv
[0.368s] -- Up-to-date: /home/samsanchez/Documents/Robotics/Pincher/ros2_ws/phantom_ws/install/phantomx_pincher_moveit_config/share/ament_index/resource_index/packages/phantomx_pincher_moveit_config
[0.369s] -- Up-to-date: /home/samsanchez/Documents/Robotics/Pincher/ros2_ws/phantom_ws/install/phantomx_pincher_moveit_config/share/phantomx_pincher_moveit_config/cmake/phantomx_pincher_moveit_configConfig.cmake
[0.369s] -- Up-to-date: /home/samsanchez/Documents/Robotics/Pincher/ros2_ws/phantom_ws/install/phantomx_pincher_moveit_config/share/phantomx_pincher_moveit_config/cmake/phantomx_pincher_moveit_configConfig-version.cmake
[0.369s] -- Up-to-date: /home/samsanchez/Documents/Robotics/Pincher/ros2_ws/phantom_ws/install/phantomx_pincher_moveit_config/share/phantomx_pincher_moveit_config/package.xml
[0.379s] Invoked command in '/home/samsanchez/Documents/Robotics/Pincher/ros2_ws/phantom_ws/build/phantomx_pincher_moveit_config' returned '0': AMENT_PREFIX_PATH=/home/samsanchez/Documents/Robotics/Pincher/ros2_ws/phantom_ws/install/phantomx_pincher_description:${AMENT_PREFIX_PATH} CMAKE_PREFIX_PATH=/home/samsanchez/Documents/Robotics/Pincher/ros2_ws/phantom_ws/install/phantomx_pincher_description:/opt/ros/humble IGN_GAZEBO_RESOURCE_PATH=/home/samsanchez/Documents/Robotics/Pincher/ros2_ws/phantom_ws/install/phantomx_pincher_description/share/phantomx_pincher_description /usr/bin/cmake --install /home/samsanchez/Documents/Robotics/Pincher/ros2_ws/phantom_ws/build/phantomx_pincher_moveit_config
