running egg_info
writing ../../build/pincher_description/pincher_description.egg-info/PKG-INFO
writing dependency_links to ../../build/pincher_description/pincher_description.egg-info/dependency_links.txt
writing entry points to ../../build/pincher_description/pincher_description.egg-info/entry_points.txt
writing requirements to ../../build/pincher_description/pincher_description.egg-info/requires.txt
writing top-level names to ../../build/pincher_description/pincher_description.egg-info/top_level.txt
reading manifest file '../../build/pincher_description/pincher_description.egg-info/SOURCES.txt'
writing manifest file '../../build/pincher_description/pincher_description.egg-info/SOURCES.txt'
running build
running install
running install_data
copying meshes/px100_4_forearm.stl -> /home/samsanchez/Documents/Robotics/Pincher/ros2_ws/phantom_ws/install/pincher_description/share/pincher_description/meshes
copying meshes/px100_5_gripper.stl -> /home/samsanchez/Documents/Robotics/Pincher/ros2_ws/phantom_ws/install/pincher_description/share/pincher_description/meshes
copying meshes/px100_3_upper_arm.stl -> /home/samsanchez/Documents/Robotics/Pincher/ros2_ws/phantom_ws/install/pincher_description/share/pincher_description/meshes
copying meshes/px100_1_base.stl -> /home/samsanchez/Documents/Robotics/Pincher/ros2_ws/phantom_ws/install/pincher_description/share/pincher_description/meshes
copying meshes/px100_2_shoulder.stl -> /home/samsanchez/Documents/Robotics/Pincher/ros2_ws/phantom_ws/install/pincher_description/share/pincher_description/meshes
copying meshes/px100_7_gripper_bar.stl -> /home/samsanchez/Documents/Robotics/Pincher/ros2_ws/phantom_ws/install/pincher_description/share/pincher_description/meshes
copying meshes/px100_8_gripper_finger.stl -> /home/samsanchez/Documents/Robotics/Pincher/ros2_ws/phantom_ws/install/pincher_description/share/pincher_description/meshes
copying meshes/px100_6_gripper_prop.stl -> /home/samsanchez/Documents/Robotics/Pincher/ros2_ws/phantom_ws/install/pincher_description/share/pincher_description/meshes
running install_egg_info
removing '/home/samsanchez/Documents/Robotics/Pincher/ros2_ws/phantom_ws/install/pincher_description/lib/python3.10/site-packages/pincher_description-0.0.0-py3.10.egg-info' (and everything under it)
Copying ../../build/pincher_description/pincher_description.egg-info to /home/samsanchez/Documents/Robotics/Pincher/ros2_ws/phantom_ws/install/pincher_description/lib/python3.10/site-packages/pincher_description-0.0.0-py3.10.egg-info
running install_scripts
writing list of installed files to '/home/samsanchez/Documents/Robotics/Pincher/ros2_ws/phantom_ws/build/pincher_description/install.log'
