[0.077s] Invoking command in '/home/samsanchez/Documents/Robotics/Pincher/ros2_ws/phantom_ws/build/phantomx_pincher_demos': AMENT_PREFIX_PATH=/home/samsanchez/Documents/Robotics/Pincher/ros2_ws/phantom_ws/install/phantomx_pincher:/home/samsanchez/Documents/Robotics/Pincher/ros2_ws/phantom_ws/install/phantomx_pincher_moveit_config:/home/samsanchez/Documents/Robotics/Pincher/ros2_ws/phantom_ws/install/phantomx_pincher_description:${AMENT_PREFIX_PATH} CMAKE_PREFIX_PATH=/home/samsanchez/Documents/Robotics/Pincher/ros2_ws/phantom_ws/install/phantomx_pincher:/home/samsanchez/Documents/Robotics/Pincher/ros2_ws/phantom_ws/install/phantomx_pincher_moveit_config:/home/samsanchez/Documents/Robotics/Pincher/ros2_ws/phantom_ws/install/phantomx_pincher_description:/opt/ros/humble IGN_GAZEBO_RESOURCE_PATH=/home/samsanchez/Documents/Robotics/Pincher/ros2_ws/phantom_ws/install/phantomx_pincher_description/share/phantomx_pincher_description /usr/bin/cmake --build /home/samsanchez/Documents/Robotics/Pincher/ros2_ws/phantom_ws/build/phantomx_pincher_demos -- -j2 -l2
[0.495s] Invoked command in '/home/samsanchez/Documents/Robotics/Pincher/ros2_ws/phantom_ws/build/phantomx_pincher_demos' returned '0': AMENT_PREFIX_PATH=/home/samsanchez/Documents/Robotics/Pincher/ros2_ws/phantom_ws/install/phantomx_pincher:/home/samsanchez/Documents/Robotics/Pincher/ros2_ws/phantom_ws/install/phantomx_pincher_moveit_config:/home/samsanchez/Documents/Robotics/Pincher/ros2_ws/phantom_ws/install/phantomx_pincher_description:${AMENT_PREFIX_PATH} CMAKE_PREFIX_PATH=/home/samsanchez/Documents/Robotics/Pincher/ros2_ws/phantom_ws/install/phantomx_pincher:/home/samsanchez/Documents/Robotics/Pincher/ros2_ws/phantom_ws/install/phantomx_pincher_moveit_config:/home/samsanchez/Documents/Robotics/Pincher/ros2_ws/phantom_ws/install/phantomx_pincher_description:/opt/ros/humble IGN_GAZEBO_RESOURCE_PATH=/home/samsanchez/Documents/Robotics/Pincher/ros2_ws/phantom_ws/install/phantomx_pincher_description/share/phantomx_pincher_description /usr/bin/cmake --build /home/samsanchez/Documents/Robotics/Pincher/ros2_ws/phantom_ws/build/phantomx_pincher_demos -- -j2 -l2
[0.523s] Invoking command in '/home/samsanchez/Documents/Robotics/Pincher/ros2_ws/phantom_ws/build/phantomx_pincher_demos': AMENT_PREFIX_PATH=/home/samsanchez/Documents/Robotics/Pincher/ros2_ws/phantom_ws/install/phantomx_pincher:/home/samsanchez/Documents/Robotics/Pincher/ros2_ws/phantom_ws/install/phantomx_pincher_moveit_config:/home/samsanchez/Documents/Robotics/Pincher/ros2_ws/phantom_ws/install/phantomx_pincher_description:${AMENT_PREFIX_PATH} CMAKE_PREFIX_PATH=/home/samsanchez/Documents/Robotics/Pincher/ros2_ws/phantom_ws/install/phantomx_pincher:/home/samsanchez/Documents/Robotics/Pincher/ros2_ws/phantom_ws/install/phantomx_pincher_moveit_config:/home/samsanchez/Documents/Robotics/Pincher/ros2_ws/phantom_ws/install/phantomx_pincher_description:/opt/ros/humble IGN_GAZEBO_RESOURCE_PATH=/home/samsanchez/Documents/Robotics/Pincher/ros2_ws/phantom_ws/install/phantomx_pincher_description/share/phantomx_pincher_description /usr/bin/cmake --install /home/samsanchez/Documents/Robotics/Pincher/ros2_ws/phantom_ws/build/phantomx_pincher_demos
[0.628s] -- Install configuration: ""
[0.628s] -- Up-to-date: /home/samsanchez/Documents/Robotics/Pincher/ros2_ws/phantom_ws/install/phantomx_pincher_demos/share/phantomx_pincher_demos/launch
[0.647s] -- Up-to-date: /home/samsanchez/Documents/Robotics/Pincher/ros2_ws/phantom_ws/install/phantomx_pincher_demos/share/phantomx_pincher_demos/launch/demo_orbit_pick_and_place.launch.py
[0.647s] -- Up-to-date: /home/samsanchez/Documents/Robotics/Pincher/ros2_ws/phantom_ws/install/phantomx_pincher_demos/share/phantomx_pincher_demos/launch/demo_rover_peg_in_hole.launch.py
[0.659s] -- Up-to-date: /home/samsanchez/Documents/Robotics/Pincher/ros2_ws/phantom_ws/install/phantomx_pincher_demos/share/phantomx_pincher_demos/launch/demo_moon_camera_sensors.launch.py
[0.661s] -- Up-to-date: /home/samsanchez/Documents/Robotics/Pincher/ros2_ws/phantom_ws/install/phantomx_pincher_demos/share/phantomx_pincher_demos/rviz
[0.662s] -- Up-to-date: /home/samsanchez/Documents/Robotics/Pincher/ros2_ws/phantom_ws/install/phantomx_pincher_demos/share/phantomx_pincher_demos/rviz/demo_rover_peg_in_hole.rviz
[0.663s] -- Up-to-date: /home/samsanchez/Documents/Robotics/Pincher/ros2_ws/phantom_ws/install/phantomx_pincher_demos/share/phantomx_pincher_demos/rviz/demo_moon_camera_sensors.rviz
[0.664s] -- Up-to-date: /home/samsanchez/Documents/Robotics/Pincher/ros2_ws/phantom_ws/install/phantomx_pincher_demos/share/phantomx_pincher_demos/rviz/demo_orbit_pick_and_place.rviz
[0.665s] -- Up-to-date: /home/samsanchez/Documents/Robotics/Pincher/ros2_ws/phantom_ws/install/phantomx_pincher_demos/share/phantomx_pincher_demos/worlds
[0.665s] -- Up-to-date: /home/samsanchez/Documents/Robotics/Pincher/ros2_ws/phantom_ws/install/phantomx_pincher_demos/share/phantomx_pincher_demos/worlds/rover_peg_in_hole.sdf
[0.666s] -- Up-to-date: /home/samsanchez/Documents/Robotics/Pincher/ros2_ws/phantom_ws/install/phantomx_pincher_demos/share/phantomx_pincher_demos/worlds/moon_camera_sensors.sdf
[0.666s] -- Up-to-date: /home/samsanchez/Documents/Robotics/Pincher/ros2_ws/phantom_ws/install/phantomx_pincher_demos/share/phantomx_pincher_demos/worlds/orbit_pick_and_place.sdf
[0.667s] -- Up-to-date: /home/samsanchez/Documents/Robotics/Pincher/ros2_ws/phantom_ws/install/phantomx_pincher_demos/share/phantomx_pincher_demos/assets
[0.667s] -- Up-to-date: /home/samsanchez/Documents/Robotics/Pincher/ros2_ws/phantom_ws/install/phantomx_pincher_demos/share/phantomx_pincher_demos/assets/suzanne.stl
[0.667s] -- Up-to-date: /home/samsanchez/Documents/Robotics/Pincher/ros2_ws/phantom_ws/install/phantomx_pincher_demos/share/phantomx_pincher_demos/assets/module_holes.stl
[0.667s] -- Up-to-date: /home/samsanchez/Documents/Robotics/Pincher/ros2_ws/phantom_ws/install/phantomx_pincher_demos/lib/phantomx_pincher_demos/demo_observe_scene.py
[0.668s] -- Up-to-date: /home/samsanchez/Documents/Robotics/Pincher/ros2_ws/phantom_ws/install/phantomx_pincher_demos/lib/phantomx_pincher_demos/demo_peg_in_hole.py
[0.671s] -- Up-to-date: /home/samsanchez/Documents/Robotics/Pincher/ros2_ws/phantom_ws/install/phantomx_pincher_demos/lib/phantomx_pincher_demos/demo_pick_and_place.py
[0.671s] -- Up-to-date: /home/samsanchez/Documents/Robotics/Pincher/ros2_ws/phantom_ws/install/phantomx_pincher_demos/lib/phantomx_pincher_demos/ex_collision_mesh.py
[0.672s] -- Up-to-date: /home/samsanchez/Documents/Robotics/Pincher/ros2_ws/phantom_ws/install/phantomx_pincher_demos/lib/phantomx_pincher_demos/ex_collision_primitive.py
[0.672s] -- Up-to-date: /home/samsanchez/Documents/Robotics/Pincher/ros2_ws/phantom_ws/install/phantomx_pincher_demos/lib/phantomx_pincher_demos/ex_gripper.py
[0.672s] -- Up-to-date: /home/samsanchez/Documents/Robotics/Pincher/ros2_ws/phantom_ws/install/phantomx_pincher_demos/lib/phantomx_pincher_demos/ex_joint_goal.py
[0.672s] -- Up-to-date: /home/samsanchez/Documents/Robotics/Pincher/ros2_ws/phantom_ws/install/phantomx_pincher_demos/lib/phantomx_pincher_demos/ex_pose_goal.py
[0.676s] -- Up-to-date: /home/samsanchez/Documents/Robotics/Pincher/ros2_ws/phantom_ws/install/phantomx_pincher_demos/lib/phantomx_pincher_demos/ex_servo.py
[0.676s] -- Up-to-date: /home/samsanchez/Documents/Robotics/Pincher/ros2_ws/phantom_ws/install/phantomx_pincher_demos/lib/phantomx_pincher_demos/template.py
[0.676s] -- Up-to-date: /home/samsanchez/Documents/Robotics/Pincher/ros2_ws/phantom_ws/install/phantomx_pincher_demos/share/ament_index/resource_index/package_run_dependencies/phantomx_pincher_demos
[0.683s] -- Up-to-date: /home/samsanchez/Documents/Robotics/Pincher/ros2_ws/phantom_ws/install/phantomx_pincher_demos/share/ament_index/resource_index/parent_prefix_path/phantomx_pincher_demos
[0.683s] -- Up-to-date: /home/samsanchez/Documents/Robotics/Pincher/ros2_ws/phantom_ws/install/phantomx_pincher_demos/share/phantomx_pincher_demos/environment/ament_prefix_path.sh
[0.683s] -- Up-to-date: /home/samsanchez/Documents/Robotics/Pincher/ros2_ws/phantom_ws/install/phantomx_pincher_demos/share/phantomx_pincher_demos/environment/ament_prefix_path.dsv
[0.684s] -- Up-to-date: /home/samsanchez/Documents/Robotics/Pincher/ros2_ws/phantom_ws/install/phantomx_pincher_demos/share/phantomx_pincher_demos/environment/path.sh
[0.684s] -- Up-to-date: /home/samsanchez/Documents/Robotics/Pincher/ros2_ws/phantom_ws/install/phantomx_pincher_demos/share/phantomx_pincher_demos/environment/path.dsv
[0.685s] -- Up-to-date: /home/samsanchez/Documents/Robotics/Pincher/ros2_ws/phantom_ws/install/phantomx_pincher_demos/share/phantomx_pincher_demos/local_setup.bash
[0.685s] -- Up-to-date: /home/samsanchez/Documents/Robotics/Pincher/ros2_ws/phantom_ws/install/phantomx_pincher_demos/share/phantomx_pincher_demos/local_setup.sh
[0.685s] -- Up-to-date: /home/samsanchez/Documents/Robotics/Pincher/ros2_ws/phantom_ws/install/phantomx_pincher_demos/share/phantomx_pincher_demos/local_setup.zsh
[0.690s] -- Up-to-date: /home/samsanchez/Documents/Robotics/Pincher/ros2_ws/phantom_ws/install/phantomx_pincher_demos/share/phantomx_pincher_demos/local_setup.dsv
[0.690s] -- Up-to-date: /home/samsanchez/Documents/Robotics/Pincher/ros2_ws/phantom_ws/install/phantomx_pincher_demos/share/phantomx_pincher_demos/package.dsv
[0.691s] -- Up-to-date: /home/samsanchez/Documents/Robotics/Pincher/ros2_ws/phantom_ws/install/phantomx_pincher_demos/share/ament_index/resource_index/packages/phantomx_pincher_demos
[0.691s] -- Up-to-date: /home/samsanchez/Documents/Robotics/Pincher/ros2_ws/phantom_ws/install/phantomx_pincher_demos/share/phantomx_pincher_demos/cmake/phantomx_pincher_demosConfig.cmake
[0.691s] -- Up-to-date: /home/samsanchez/Documents/Robotics/Pincher/ros2_ws/phantom_ws/install/phantomx_pincher_demos/share/phantomx_pincher_demos/cmake/phantomx_pincher_demosConfig-version.cmake
[0.693s] -- Up-to-date: /home/samsanchez/Documents/Robotics/Pincher/ros2_ws/phantom_ws/install/phantomx_pincher_demos/share/phantomx_pincher_demos/package.xml
[0.700s] Invoked command in '/home/samsanchez/Documents/Robotics/Pincher/ros2_ws/phantom_ws/build/phantomx_pincher_demos' returned '0': AMENT_PREFIX_PATH=/home/samsanchez/Documents/Robotics/Pincher/ros2_ws/phantom_ws/install/phantomx_pincher:/home/samsanchez/Documents/Robotics/Pincher/ros2_ws/phantom_ws/install/phantomx_pincher_moveit_config:/home/samsanchez/Documents/Robotics/Pincher/ros2_ws/phantom_ws/install/phantomx_pincher_description:${AMENT_PREFIX_PATH} CMAKE_PREFIX_PATH=/home/samsanchez/Documents/Robotics/Pincher/ros2_ws/phantom_ws/install/phantomx_pincher:/home/samsanchez/Documents/Robotics/Pincher/ros2_ws/phantom_ws/install/phantomx_pincher_moveit_config:/home/samsanchez/Documents/Robotics/Pincher/ros2_ws/phantom_ws/install/phantomx_pincher_description:/opt/ros/humble IGN_GAZEBO_RESOURCE_PATH=/home/samsanchez/Documents/Robotics/Pincher/ros2_ws/phantom_ws/install/phantomx_pincher_description/share/phantomx_pincher_description /usr/bin/cmake --install /home/samsanchez/Documents/Robotics/Pincher/ros2_ws/phantom_ws/build/phantomx_pincher_demos
