[0.074s] Invoking command in '/home/samsanchez/Documents/Robotics/KIT_Phantom_X_Pincher_ROS2/phantom_ws/build/phantomx_pincher_description': CMAKE_PREFIX_PATH=${CMAKE_PREFIX_PATH}:/home/samsanchez/Documents/Robotics/KIT_Phantom_X_Pincher_ROS2/phantom_ws/install/pincher_control:/opt/ros/humble /usr/bin/cmake --build /home/samsanchez/Documents/Robotics/KIT_Phantom_X_Pincher_ROS2/phantom_ws/build/phantomx_pincher_description -- -j2 -l2
[0.335s] Invoked command in '/home/samsanchez/Documents/Robotics/KIT_Phantom_X_Pincher_ROS2/phantom_ws/build/phantomx_pincher_description' returned '0': CMAKE_PREFIX_PATH=${CMAKE_PREFIX_PATH}:/home/samsanchez/Documents/Robotics/KIT_Phantom_X_Pincher_ROS2/phantom_ws/install/pincher_control:/opt/ros/humble /usr/bin/cmake --build /home/samsanchez/Documents/Robotics/KIT_Phantom_X_Pincher_ROS2/phantom_ws/build/phantomx_pincher_description -- -j2 -l2
[0.400s] Invoking command in '/home/samsanchez/Documents/Robotics/KIT_Phantom_X_Pincher_ROS2/phantom_ws/build/phantomx_pincher_description': CMAKE_PREFIX_PATH=${CMAKE_PREFIX_PATH}:/home/samsanchez/Documents/Robotics/KIT_Phantom_X_Pincher_ROS2/phantom_ws/install/pincher_control:/opt/ros/humble /usr/bin/cmake --install /home/samsanchez/Documents/Robotics/KIT_Phantom_X_Pincher_ROS2/phantom_ws/build/phantomx_pincher_description
[0.449s] -- Install configuration: ""
[0.450s] -- Up-to-date: /home/samsanchez/Documents/Robotics/KIT_Phantom_X_Pincher_ROS2/phantom_ws/install/phantomx_pincher_description/lib/phantomx_pincher_description/xacro2sdf_direct.bash
[0.453s] -- Up-to-date: /home/samsanchez/Documents/Robotics/KIT_Phantom_X_Pincher_ROS2/phantom_ws/install/phantomx_pincher_description/lib/phantomx_pincher_description/xacro2sdf.bash
[0.453s] -- Up-to-date: /home/samsanchez/Documents/Robotics/KIT_Phantom_X_Pincher_ROS2/phantom_ws/install/phantomx_pincher_description/lib/phantomx_pincher_description/xacro2urdf.bash
[0.453s] -- Up-to-date: /home/samsanchez/Documents/Robotics/KIT_Phantom_X_Pincher_ROS2/phantom_ws/install/phantomx_pincher_description/share/phantomx_pincher_description/config
[0.456s] -- Up-to-date: /home/samsanchez/Documents/Robotics/KIT_Phantom_X_Pincher_ROS2/phantom_ws/install/phantomx_pincher_description/share/phantomx_pincher_description/config/initial_joint_positions.yaml
[0.456s] -- Up-to-date: /home/samsanchez/Documents/Robotics/KIT_Phantom_X_Pincher_ROS2/phantom_ws/install/phantomx_pincher_description/share/phantomx_pincher_description/launch
[0.456s] -- Up-to-date: /home/samsanchez/Documents/Robotics/KIT_Phantom_X_Pincher_ROS2/phantom_ws/install/phantomx_pincher_description/share/phantomx_pincher_description/launch/view.launch.py
[0.457s] -- Up-to-date: /home/samsanchez/Documents/Robotics/KIT_Phantom_X_Pincher_ROS2/phantom_ws/install/phantomx_pincher_description/share/phantomx_pincher_description/launch/display.launch.py
[0.458s] -- Up-to-date: /home/samsanchez/Documents/Robotics/KIT_Phantom_X_Pincher_ROS2/phantom_ws/install/phantomx_pincher_description/share/phantomx_pincher_description/launch/view_gz.launch.py
[0.463s] -- Up-to-date: /home/samsanchez/Documents/Robotics/KIT_Phantom_X_Pincher_ROS2/phantom_ws/install/phantomx_pincher_description/share/phantomx_pincher_description/phantomx_pincher
[0.463s] -- Up-to-date: /home/samsanchez/Documents/Robotics/KIT_Phantom_X_Pincher_ROS2/phantom_ws/install/phantomx_pincher_description/share/phantomx_pincher_description/phantomx_pincher/model.sdf
[0.464s] -- Up-to-date: /home/samsanchez/Documents/Robotics/KIT_Phantom_X_Pincher_ROS2/phantom_ws/install/phantomx_pincher_description/share/phantomx_pincher_description/phantomx_pincher/thumbnails
[0.465s] -- Up-to-date: /home/samsanchez/Documents/Robotics/KIT_Phantom_X_Pincher_ROS2/phantom_ws/install/phantomx_pincher_description/share/phantomx_pincher_description/phantomx_pincher/thumbnails/0.png
[0.465s] -- Up-to-date: /home/samsanchez/Documents/Robotics/KIT_Phantom_X_Pincher_ROS2/phantom_ws/install/phantomx_pincher_description/share/phantomx_pincher_description/phantomx_pincher/model.config
[0.466s] -- Up-to-date: /home/samsanchez/Documents/Robotics/KIT_Phantom_X_Pincher_ROS2/phantom_ws/install/phantomx_pincher_description/share/phantomx_pincher_description/phantomx_pincher/meshes
[0.466s] -- Up-to-date: /home/samsanchez/Documents/Robotics/KIT_Phantom_X_Pincher_ROS2/phantom_ws/install/phantomx_pincher_description/share/phantomx_pincher_description/phantomx_pincher/meshes/STL
[0.470s] -- Up-to-date: /home/samsanchez/Documents/Robotics/KIT_Phantom_X_Pincher_ROS2/phantom_ws/install/phantomx_pincher_description/share/phantomx_pincher_description/phantomx_pincher/meshes/STL/manijas
[0.471s] -- Up-to-date: /home/samsanchez/Documents/Robotics/KIT_Phantom_X_Pincher_ROS2/phantom_ws/install/phantomx_pincher_description/share/phantomx_pincher_description/phantomx_pincher/meshes/STL/manijas/pataManija.stl
[0.471s] -- Up-to-date: /home/samsanchez/Documents/Robotics/KIT_Phantom_X_Pincher_ROS2/phantom_ws/install/phantomx_pincher_description/share/phantomx_pincher_description/phantomx_pincher/meshes/STL/manijas/manija.stl
[0.471s] -- Up-to-date: /home/samsanchez/Documents/Robotics/KIT_Phantom_X_Pincher_ROS2/phantom_ws/install/phantomx_pincher_description/share/phantomx_pincher_description/phantomx_pincher/meshes/STL/bases
[0.475s] -- Up-to-date: /home/samsanchez/Documents/Robotics/KIT_Phantom_X_Pincher_ROS2/phantom_ws/install/phantomx_pincher_description/share/phantomx_pincher_description/phantomx_pincher/meshes/STL/bases/baseElementosFijos.stl
[0.478s] -- Up-to-date: /home/samsanchez/Documents/Robotics/KIT_Phantom_X_Pincher_ROS2/phantom_ws/install/phantomx_pincher_description/share/phantomx_pincher_description/phantomx_pincher/meshes/STL/objectsToPick
[0.478s] -- Up-to-date: /home/samsanchez/Documents/Robotics/KIT_Phantom_X_Pincher_ROS2/phantom_ws/install/phantomx_pincher_description/share/phantomx_pincher_description/phantomx_pincher/meshes/STL/objectsToPick/cube25x25.stl
[0.478s] -- Up-to-date: /home/samsanchez/Documents/Robotics/KIT_Phantom_X_Pincher_ROS2/phantom_ws/install/phantomx_pincher_description/share/phantomx_pincher_description/phantomx_pincher/meshes/STL/objectsToPick/cilinder25Dx25h.stl
[0.479s] -- Up-to-date: /home/samsanchez/Documents/Robotics/KIT_Phantom_X_Pincher_ROS2/phantom_ws/install/phantomx_pincher_description/share/phantomx_pincher_description/phantomx_pincher/meshes/STL/cases
[0.479s] -- Up-to-date: /home/samsanchez/Documents/Robotics/KIT_Phantom_X_Pincher_ROS2/phantom_ws/install/phantomx_pincher_description/share/phantomx_pincher_description/phantomx_pincher/meshes/STL/cases/caseBaseRobot
[0.479s] -- Up-to-date: /home/samsanchez/Documents/Robotics/KIT_Phantom_X_Pincher_ROS2/phantom_ws/install/phantomx_pincher_description/share/phantomx_pincher_description/phantomx_pincher/meshes/STL/cases/caseBaseRobot/clipAnclajeNumero.stl
[0.487s] -- Up-to-date: /home/samsanchez/Documents/Robotics/KIT_Phantom_X_Pincher_ROS2/phantom_ws/install/phantomx_pincher_description/share/phantomx_pincher_description/phantomx_pincher/meshes/STL/cases/caseBaseRobot/numerosBases.stl
[0.487s] -- Up-to-date: /home/samsanchez/Documents/Robotics/KIT_Phantom_X_Pincher_ROS2/phantom_ws/install/phantomx_pincher_description/share/phantomx_pincher_description/phantomx_pincher/meshes/STL/cases/caseBaseRobot/caseBaseRobot.stl
[0.487s] -- Up-to-date: /home/samsanchez/Documents/Robotics/KIT_Phantom_X_Pincher_ROS2/phantom_ws/install/phantomx_pincher_description/share/phantomx_pincher_description/phantomx_pincher/meshes/STL/cases/caseArbotixM
[0.487s] -- Up-to-date: /home/samsanchez/Documents/Robotics/KIT_Phantom_X_Pincher_ROS2/phantom_ws/install/phantomx_pincher_description/share/phantomx_pincher_description/phantomx_pincher/meshes/STL/cases/caseArbotixM/tapa.stl
[0.488s] -- Up-to-date: /home/samsanchez/Documents/Robotics/KIT_Phantom_X_Pincher_ROS2/phantom_ws/install/phantomx_pincher_description/share/phantomx_pincher_description/phantomx_pincher/meshes/STL/cases/caseArbotixM/base.stl
[0.488s] -- Up-to-date: /home/samsanchez/Documents/Robotics/KIT_Phantom_X_Pincher_ROS2/phantom_ws/install/phantomx_pincher_description/share/phantomx_pincher_description/phantomx_pincher/meshes/STL/cases/cases
[0.489s] -- Up-to-date: /home/samsanchez/Documents/Robotics/KIT_Phantom_X_Pincher_ROS2/phantom_ws/install/phantomx_pincher_description/share/phantomx_pincher_description/phantomx_pincher/meshes/STL/cases/cases/tapaMicroAirPump370A.stl
[0.490s] -- Up-to-date: /home/samsanchez/Documents/Robotics/KIT_Phantom_X_Pincher_ROS2/phantom_ws/install/phantomx_pincher_description/share/phantomx_pincher_description/phantomx_pincher/meshes/STL/cases/cases/baseMicroAirPump370A.stl
[0.490s] -- Up-to-date: /home/samsanchez/Documents/Robotics/KIT_Phantom_X_Pincher_ROS2/phantom_ws/install/phantomx_pincher_description/share/phantomx_pincher_description/phantomx_pincher/meshes/STL/cases/cases/caseBaseRobot.stl
[0.490s] -- Up-to-date: /home/samsanchez/Documents/Robotics/KIT_Phantom_X_Pincher_ROS2/phantom_ws/install/phantomx_pincher_description/share/phantomx_pincher_description/phantomx_pincher/meshes/STL/cases/cases/caseRaspberryPi5
[0.490s] -- Up-to-date: /home/samsanchez/Documents/Robotics/KIT_Phantom_X_Pincher_ROS2/phantom_ws/install/phantomx_pincher_description/share/phantomx_pincher_description/phantomx_pincher/meshes/STL/cases/cases/caseRaspberryPi5/CFFFP_tapaRaspberry.3mf
[0.491s] -- Up-to-date: /home/samsanchez/Documents/Robotics/KIT_Phantom_X_Pincher_ROS2/phantom_ws/install/phantomx_pincher_description/share/phantomx_pincher_description/phantomx_pincher/meshes/STL/cases/cases/caseRaspberryPi5/tapaRaspberry.stl
[0.492s] -- Up-to-date: /home/samsanchez/Documents/Robotics/KIT_Phantom_X_Pincher_ROS2/phantom_ws/install/phantomx_pincher_description/share/phantomx_pincher_description/phantomx_pincher/meshes/STL/cases/cases/caseRaspberryPi5/baseCaseRaspberry.stl
[0.492s] -- Up-to-date: /home/samsanchez/Documents/Robotics/KIT_Phantom_X_Pincher_ROS2/phantom_ws/install/phantomx_pincher_description/share/phantomx_pincher_description/phantomx_pincher/meshes/STL/cases/caseRaspberryPi5
[0.493s] -- Up-to-date: /home/samsanchez/Documents/Robotics/KIT_Phantom_X_Pincher_ROS2/phantom_ws/install/phantomx_pincher_description/share/phantomx_pincher_description/phantomx_pincher/meshes/STL/cases/caseRaspberryPi5/CFFFP_baseCaseRaspberry.3mf
[0.493s] -- Up-to-date: /home/samsanchez/Documents/Robotics/KIT_Phantom_X_Pincher_ROS2/phantom_ws/install/phantomx_pincher_description/share/phantomx_pincher_description/phantomx_pincher/meshes/STL/cases/caseRaspberryPi5/tapaRaspberry.stl
[0.493s] -- Up-to-date: /home/samsanchez/Documents/Robotics/KIT_Phantom_X_Pincher_ROS2/phantom_ws/install/phantomx_pincher_description/share/phantomx_pincher_description/phantomx_pincher/meshes/STL/cases/caseRaspberryPi5/baseCaseRaspberry.stl
[0.493s] -- Up-to-date: /home/samsanchez/Documents/Robotics/KIT_Phantom_X_Pincher_ROS2/phantom_ws/install/phantomx_pincher_description/share/phantomx_pincher_description/phantomx_pincher/meshes/STL/cases/caseRaspberryPi5/tapaSlide.stl
[0.494s] -- Up-to-date: /home/samsanchez/Documents/Robotics/KIT_Phantom_X_Pincher_ROS2/phantom_ws/install/phantomx_pincher_description/share/phantomx_pincher_description/phantomx_pincher/meshes/STL/cases/caseUSB2Dynamixel
[0.494s] -- Up-to-date: /home/samsanchez/Documents/Robotics/KIT_Phantom_X_Pincher_ROS2/phantom_ws/install/phantomx_pincher_description/share/phantomx_pincher_description/phantomx_pincher/meshes/STL/cases/caseUSB2Dynamixel/acopleGrande.stl
[0.499s] -- Up-to-date: /home/samsanchez/Documents/Robotics/KIT_Phantom_X_Pincher_ROS2/phantom_ws/install/phantomx_pincher_description/share/phantomx_pincher_description/phantomx_pincher/meshes/STL/cases/caseUSB2Dynamixel/OldVersions
[0.499s] -- Up-to-date: /home/samsanchez/Documents/Robotics/KIT_Phantom_X_Pincher_ROS2/phantom_ws/install/phantomx_pincher_description/share/phantomx_pincher_description/phantomx_pincher/meshes/STL/cases/caseUSB2Dynamixel/OldVersions/acoplePequeño.0002.ipt
[0.499s] -- Up-to-date: /home/samsanchez/Documents/Robotics/KIT_Phantom_X_Pincher_ROS2/phantom_ws/install/phantomx_pincher_description/share/phantomx_pincher_description/phantomx_pincher/meshes/STL/cases/caseUSB2Dynamixel/OldVersions/baseUBS2.0001.ipt
[0.500s] -- Up-to-date: /home/samsanchez/Documents/Robotics/KIT_Phantom_X_Pincher_ROS2/phantom_ws/install/phantomx_pincher_description/share/phantomx_pincher_description/phantomx_pincher/meshes/STL/cases/caseUSB2Dynamixel/OldVersions/acopleGrande.0001.ipt
[0.500s] -- Up-to-date: /home/samsanchez/Documents/Robotics/KIT_Phantom_X_Pincher_ROS2/phantom_ws/install/phantomx_pincher_description/share/phantomx_pincher_description/phantomx_pincher/meshes/STL/cases/caseUSB2Dynamixel/baseUBS2.stl
[0.502s] -- Up-to-date: /home/samsanchez/Documents/Robotics/KIT_Phantom_X_Pincher_ROS2/phantom_ws/install/phantomx_pincher_description/share/phantomx_pincher_description/phantomx_pincher/meshes/STL/cases/caseUSB2Dynamixel/acoplePequeño.stl
[0.503s] -- Up-to-date: /home/samsanchez/Documents/Robotics/KIT_Phantom_X_Pincher_ROS2/phantom_ws/install/phantomx_pincher_description/share/phantomx_pincher_description/phantomx_pincher/meshes/STL/cases/microAirpump
[0.503s] -- Up-to-date: /home/samsanchez/Documents/Robotics/KIT_Phantom_X_Pincher_ROS2/phantom_ws/install/phantomx_pincher_description/share/phantomx_pincher_description/phantomx_pincher/meshes/STL/cases/microAirpump/ensambleAirpump.stl
[0.504s] -- Up-to-date: /home/samsanchez/Documents/Robotics/KIT_Phantom_X_Pincher_ROS2/phantom_ws/install/phantomx_pincher_description/share/phantomx_pincher_description/phantomx_pincher/meshes/STL/cases/microAirpump/caseAirpumpBottom.stl
[0.504s] -- Up-to-date: /home/samsanchez/Documents/Robotics/KIT_Phantom_X_Pincher_ROS2/phantom_ws/install/phantomx_pincher_description/share/phantomx_pincher_description/phantomx_pincher/meshes/STL/cases/microAirpump/caseAirpumpTop.stl
[0.507s] -- Up-to-date: /home/samsanchez/Documents/Robotics/KIT_Phantom_X_Pincher_ROS2/phantom_ws/install/phantomx_pincher_description/share/phantomx_pincher_description/phantomx_pincher/meshes/STL/cases/casePowerHub
[0.508s] -- Up-to-date: /home/samsanchez/Documents/Robotics/KIT_Phantom_X_Pincher_ROS2/phantom_ws/install/phantomx_pincher_description/share/phantomx_pincher_description/phantomx_pincher/meshes/STL/cases/casePowerHub/baseCasePowerHub.stl
[0.508s] -- Up-to-date: /home/samsanchez/Documents/Robotics/KIT_Phantom_X_Pincher_ROS2/phantom_ws/install/phantomx_pincher_description/share/phantomx_pincher_description/phantomx_pincher/meshes/STL/Canecas
[0.508s] -- Up-to-date: /home/samsanchez/Documents/Robotics/KIT_Phantom_X_Pincher_ROS2/phantom_ws/install/phantomx_pincher_description/share/phantomx_pincher_description/phantomx_pincher/meshes/STL/Canecas/OldVersions
[0.509s] -- Up-to-date: /home/samsanchez/Documents/Robotics/KIT_Phantom_X_Pincher_ROS2/phantom_ws/install/phantomx_pincher_description/share/phantomx_pincher_description/phantomx_pincher/meshes/STL/Canecas/OldVersions/escudoUnal.0002.ipt
[0.509s] -- Up-to-date: /home/samsanchez/Documents/Robotics/KIT_Phantom_X_Pincher_ROS2/phantom_ws/install/phantomx_pincher_description/share/phantomx_pincher_description/phantomx_pincher/meshes/STL/Canecas/escudoUnal.ipt
[0.509s] -- Up-to-date: /home/samsanchez/Documents/Robotics/KIT_Phantom_X_Pincher_ROS2/phantom_ws/install/phantomx_pincher_description/share/phantomx_pincher_description/phantomx_pincher/meshes/STL/Canecas/CanecaGrandeConTapaSlide
[0.512s] -- Up-to-date: /home/samsanchez/Documents/Robotics/KIT_Phantom_X_Pincher_ROS2/phantom_ws/install/phantomx_pincher_description/share/phantomx_pincher_description/phantomx_pincher/meshes/STL/Canecas/CanecaGrandeConTapaSlide/canecaGrande.stl
[0.514s] -- Up-to-date: /home/samsanchez/Documents/Robotics/KIT_Phantom_X_Pincher_ROS2/phantom_ws/install/phantomx_pincher_description/share/phantomx_pincher_description/phantomx_pincher/meshes/STL/Canecas/CanecaGrandeConTapaSlide/CFFFP_elevacionCaneca.stl
[0.515s] -- Up-to-date: /home/samsanchez/Documents/Robotics/KIT_Phantom_X_Pincher_ROS2/phantom_ws/install/phantomx_pincher_description/share/phantomx_pincher_description/phantomx_pincher/meshes/STL/Canecas/CanecaGrandeConTapaSlide/elevacionCaneca.ipt
[0.515s] -- Up-to-date: /home/samsanchez/Documents/Robotics/KIT_Phantom_X_Pincher_ROS2/phantom_ws/install/phantomx_pincher_description/share/phantomx_pincher_description/phantomx_pincher/meshes/STL/Canecas/CanecaGrandeConTapaSlide/canecaCollision.ipt
[0.516s] -- Up-to-date: /home/samsanchez/Documents/Robotics/KIT_Phantom_X_Pincher_ROS2/phantom_ws/install/phantomx_pincher_description/share/phantomx_pincher_description/phantomx_pincher/meshes/STL/Canecas/CanecaGrandeConTapaSlide/canecaCollision.stl
[0.516s] -- Up-to-date: /home/samsanchez/Documents/Robotics/KIT_Phantom_X_Pincher_ROS2/phantom_ws/install/phantomx_pincher_description/share/phantomx_pincher_description/phantomx_pincher/meshes/STL/Canecas/CanecaGrandeConTapaSlide/OldVersions
[0.516s] -- Up-to-date: /home/samsanchez/Documents/Robotics/KIT_Phantom_X_Pincher_ROS2/phantom_ws/install/phantomx_pincher_description/share/phantomx_pincher_description/phantomx_pincher/meshes/STL/Canecas/CanecaGrandeConTapaSlide/OldVersions/canecaCollision.0002.ipt
[0.519s] -- Up-to-date: /home/samsanchez/Documents/Robotics/KIT_Phantom_X_Pincher_ROS2/phantom_ws/install/phantomx_pincher_description/share/phantomx_pincher_description/phantomx_pincher/meshes/STL/Canecas/CanecaGrandeConTapaSlide/elevacionCaneca.stl
[0.519s] -- Up-to-date: /home/samsanchez/Documents/Robotics/KIT_Phantom_X_Pincher_ROS2/phantom_ws/install/phantomx_pincher_description/share/phantomx_pincher_description/phantomx_pincher/meshes/STL/Canecas/CanecaGrandeConTapaSlide/ensambleCaneca.stl
[0.520s] -- Up-to-date: /home/samsanchez/Documents/Robotics/KIT_Phantom_X_Pincher_ROS2/phantom_ws/install/phantomx_pincher_description/share/phantomx_pincher_description/phantomx_pincher/meshes/STL/Canecas/CanecaGrandeConTapaSlide/tapaSlide.stl
[0.521s] -- Up-to-date: /home/samsanchez/Documents/Robotics/KIT_Phantom_X_Pincher_ROS2/phantom_ws/install/phantomx_pincher_description/share/phantomx_pincher_description/phantomx_pincher/meshes/STL/anclajes
[0.522s] -- Up-to-date: /home/samsanchez/Documents/Robotics/KIT_Phantom_X_Pincher_ROS2/phantom_ws/install/phantomx_pincher_description/share/phantomx_pincher_description/phantomx_pincher/meshes/STL/anclajes/anclajeEsquinaCanastilla.stl
[0.523s] -- Up-to-date: /home/samsanchez/Documents/Robotics/KIT_Phantom_X_Pincher_ROS2/phantom_ws/install/phantomx_pincher_description/share/phantomx_pincher_description/phantomx_pincher/meshes/STL/anclajes/CFFFP_anclajeEsquinaCanastilla.stl
[0.525s] -- Up-to-date: /home/samsanchez/Documents/Robotics/KIT_Phantom_X_Pincher_ROS2/phantom_ws/install/phantomx_pincher_description/share/phantomx_pincher_description/phantomx_pincher/meshes/STL/anclajes/anclajeM10.stl
[0.528s] -- Up-to-date: /home/samsanchez/Documents/Robotics/KIT_Phantom_X_Pincher_ROS2/phantom_ws/install/phantomx_pincher_description/share/phantomx_pincher_description/phantomx_pincher/meshes/STL/anclajes/anclajeEsquinaTapa.stl
[0.528s] -- Up-to-date: /home/samsanchez/Documents/Robotics/KIT_Phantom_X_Pincher_ROS2/phantom_ws/install/phantomx_pincher_description/share/phantomx_pincher_description/phantomx_pincher/meshes/STL/patas
[0.529s] -- Up-to-date: /home/samsanchez/Documents/Robotics/KIT_Phantom_X_Pincher_ROS2/phantom_ws/install/phantomx_pincher_description/share/phantomx_pincher_description/phantomx_pincher/meshes/STL/patas/pataD20mm.stl
[0.530s] -- Up-to-date: /home/samsanchez/Documents/Robotics/KIT_Phantom_X_Pincher_ROS2/phantom_ws/install/phantomx_pincher_description/share/phantomx_pincher_description/phantomx_pincher/meshes/STL/patas/pataD15mm.stl
[0.530s] -- Up-to-date: /home/samsanchez/Documents/Robotics/KIT_Phantom_X_Pincher_ROS2/phantom_ws/install/phantomx_pincher_description/share/phantomx_pincher_description/phantomx_pincher/meshes/STL/zonasDeRecoleccion
[0.530s] -- Up-to-date: /home/samsanchez/Documents/Robotics/KIT_Phantom_X_Pincher_ROS2/phantom_ws/install/phantomx_pincher_description/share/phantomx_pincher_description/phantomx_pincher/meshes/STL/zonasDeRecoleccion/zonaCircular
[0.535s] -- Up-to-date: /home/samsanchez/Documents/Robotics/KIT_Phantom_X_Pincher_ROS2/phantom_ws/install/phantomx_pincher_description/share/phantomx_pincher_description/phantomx_pincher/meshes/STL/zonasDeRecoleccion/zonaCircular/zonaCircular146mm.stl
[0.535s] -- Up-to-date: /home/samsanchez/Documents/Robotics/KIT_Phantom_X_Pincher_ROS2/phantom_ws/install/phantomx_pincher_description/share/phantomx_pincher_description/phantomx_pincher/meshes/STL/tubosOvaladosNiquel
[0.539s] -- Up-to-date: /home/samsanchez/Documents/Robotics/KIT_Phantom_X_Pincher_ROS2/phantom_ws/install/phantomx_pincher_description/share/phantomx_pincher_description/phantomx_pincher/meshes/STL/tubosOvaladosNiquel/EncajeABaseConTornilloTuboCloset.stl
[0.540s] -- Up-to-date: /home/samsanchez/Documents/Robotics/KIT_Phantom_X_Pincher_ROS2/phantom_ws/install/phantomx_pincher_description/share/phantomx_pincher_description/phantomx_pincher/meshes/STL/tubosOvaladosNiquel/Angujo.stl
[0.545s] -- Up-to-date: /home/samsanchez/Documents/Robotics/KIT_Phantom_X_Pincher_ROS2/phantom_ws/install/phantomx_pincher_description/share/phantomx_pincher_description/phantomx_pincher/meshes/STL/tubosOvaladosNiquel/EncajeABaseTuboCloset.stl
[0.546s] -- Up-to-date: /home/samsanchez/Documents/Robotics/KIT_Phantom_X_Pincher_ROS2/phantom_ws/install/phantomx_pincher_description/share/phantomx_pincher_description/phantomx_pincher/meshes/STL/escudoUnal.dxf
[0.546s] -- Up-to-date: /home/samsanchez/Documents/Robotics/KIT_Phantom_X_Pincher_ROS2/phantom_ws/install/phantomx_pincher_description/share/phantomx_pincher_description/phantomx_pincher/meshes/DAE
[0.546s] -- Up-to-date: /home/samsanchez/Documents/Robotics/KIT_Phantom_X_Pincher_ROS2/phantom_ws/install/phantomx_pincher_description/share/phantomx_pincher_description/phantomx_pincher/meshes/DAE/manijas
[0.546s] -- Up-to-date: /home/samsanchez/Documents/Robotics/KIT_Phantom_X_Pincher_ROS2/phantom_ws/install/phantomx_pincher_description/share/phantomx_pincher_description/phantomx_pincher/meshes/DAE/manijas/pataManija.dae
[0.547s] -- Up-to-date: /home/samsanchez/Documents/Robotics/KIT_Phantom_X_Pincher_ROS2/phantom_ws/install/phantomx_pincher_description/share/phantomx_pincher_description/phantomx_pincher/meshes/DAE/manijas/manija.dae
[0.547s] -- Up-to-date: /home/samsanchez/Documents/Robotics/KIT_Phantom_X_Pincher_ROS2/phantom_ws/install/phantomx_pincher_description/share/phantomx_pincher_description/phantomx_pincher/meshes/DAE/bases
[0.547s] -- Up-to-date: /home/samsanchez/Documents/Robotics/KIT_Phantom_X_Pincher_ROS2/phantom_ws/install/phantomx_pincher_description/share/phantomx_pincher_description/phantomx_pincher/meshes/DAE/bases/baseElementosFijos.dae
[0.547s] -- Up-to-date: /home/samsanchez/Documents/Robotics/KIT_Phantom_X_Pincher_ROS2/phantom_ws/install/phantomx_pincher_description/share/phantomx_pincher_description/phantomx_pincher/meshes/DAE/objectsToPick
[0.551s] -- Up-to-date: /home/samsanchez/Documents/Robotics/KIT_Phantom_X_Pincher_ROS2/phantom_ws/install/phantomx_pincher_description/share/phantomx_pincher_description/phantomx_pincher/meshes/DAE/objectsToPick/cilinder25Dx25h.dae
[0.557s] -- Up-to-date: /home/samsanchez/Documents/Robotics/KIT_Phantom_X_Pincher_ROS2/phantom_ws/install/phantomx_pincher_description/share/phantomx_pincher_description/phantomx_pincher/meshes/DAE/objectsToPick/cube25x25.dae
[0.563s] -- Up-to-date: /home/samsanchez/Documents/Robotics/KIT_Phantom_X_Pincher_ROS2/phantom_ws/install/phantomx_pincher_description/share/phantomx_pincher_description/phantomx_pincher/meshes/DAE/cases
[0.563s] -- Up-to-date: /home/samsanchez/Documents/Robotics/KIT_Phantom_X_Pincher_ROS2/phantom_ws/install/phantomx_pincher_description/share/phantomx_pincher_description/phantomx_pincher/meshes/DAE/cases/caseBaseRobot
[0.566s] -- Up-to-date: /home/samsanchez/Documents/Robotics/KIT_Phantom_X_Pincher_ROS2/phantom_ws/install/phantomx_pincher_description/share/phantomx_pincher_description/phantomx_pincher/meshes/DAE/cases/caseBaseRobot/caseBaseRobot.dae
[0.567s] -- Up-to-date: /home/samsanchez/Documents/Robotics/KIT_Phantom_X_Pincher_ROS2/phantom_ws/install/phantomx_pincher_description/share/phantomx_pincher_description/phantomx_pincher/meshes/DAE/cases/caseBaseRobot/clipAnclajeNumero.dae
[0.567s] -- Up-to-date: /home/samsanchez/Documents/Robotics/KIT_Phantom_X_Pincher_ROS2/phantom_ws/install/phantomx_pincher_description/share/phantomx_pincher_description/phantomx_pincher/meshes/DAE/cases/caseBaseRobot/numerosBases.dae
[0.567s] -- Up-to-date: /home/samsanchez/Documents/Robotics/KIT_Phantom_X_Pincher_ROS2/phantom_ws/install/phantomx_pincher_description/share/phantomx_pincher_description/phantomx_pincher/meshes/DAE/cases/caseArbotixM
[0.568s] -- Up-to-date: /home/samsanchez/Documents/Robotics/KIT_Phantom_X_Pincher_ROS2/phantom_ws/install/phantomx_pincher_description/share/phantomx_pincher_description/phantomx_pincher/meshes/DAE/cases/caseArbotixM/base.dae
[0.568s] -- Up-to-date: /home/samsanchez/Documents/Robotics/KIT_Phantom_X_Pincher_ROS2/phantom_ws/install/phantomx_pincher_description/share/phantomx_pincher_description/phantomx_pincher/meshes/DAE/cases/caseArbotixM/tapa.dae
[0.570s] -- Up-to-date: /home/samsanchez/Documents/Robotics/KIT_Phantom_X_Pincher_ROS2/phantom_ws/install/phantomx_pincher_description/share/phantomx_pincher_description/phantomx_pincher/meshes/DAE/cases/cases
[0.570s] -- Up-to-date: /home/samsanchez/Documents/Robotics/KIT_Phantom_X_Pincher_ROS2/phantom_ws/install/phantomx_pincher_description/share/phantomx_pincher_description/phantomx_pincher/meshes/DAE/cases/cases/caseBaseRobot.dae
[0.571s] -- Up-to-date: /home/samsanchez/Documents/Robotics/KIT_Phantom_X_Pincher_ROS2/phantom_ws/install/phantomx_pincher_description/share/phantomx_pincher_description/phantomx_pincher/meshes/DAE/cases/cases/baseMicroAirPump370A.dae
[0.571s] -- Up-to-date: /home/samsanchez/Documents/Robotics/KIT_Phantom_X_Pincher_ROS2/phantom_ws/install/phantomx_pincher_description/share/phantomx_pincher_description/phantomx_pincher/meshes/DAE/cases/cases/caseRaspberryPi5
[0.571s] -- Up-to-date: /home/samsanchez/Documents/Robotics/KIT_Phantom_X_Pincher_ROS2/phantom_ws/install/phantomx_pincher_description/share/phantomx_pincher_description/phantomx_pincher/meshes/DAE/cases/cases/caseRaspberryPi5/baseCaseRaspberry.dae
[0.572s] -- Up-to-date: /home/samsanchez/Documents/Robotics/KIT_Phantom_X_Pincher_ROS2/phantom_ws/install/phantomx_pincher_description/share/phantomx_pincher_description/phantomx_pincher/meshes/DAE/cases/cases/caseRaspberryPi5/tapaRaspberry.dae
[0.572s] -- Up-to-date: /home/samsanchez/Documents/Robotics/KIT_Phantom_X_Pincher_ROS2/phantom_ws/install/phantomx_pincher_description/share/phantomx_pincher_description/phantomx_pincher/meshes/DAE/cases/cases/tapaMicroAirPump370A.dae
[0.577s] -- Up-to-date: /home/samsanchez/Documents/Robotics/KIT_Phantom_X_Pincher_ROS2/phantom_ws/install/phantomx_pincher_description/share/phantomx_pincher_description/phantomx_pincher/meshes/DAE/cases/caseRaspberryPi5
[0.577s] -- Up-to-date: /home/samsanchez/Documents/Robotics/KIT_Phantom_X_Pincher_ROS2/phantom_ws/install/phantomx_pincher_description/share/phantomx_pincher_description/phantomx_pincher/meshes/DAE/cases/caseRaspberryPi5/baseCaseRaspberry.dae
[0.577s] -- Up-to-date: /home/samsanchez/Documents/Robotics/KIT_Phantom_X_Pincher_ROS2/phantom_ws/install/phantomx_pincher_description/share/phantomx_pincher_description/phantomx_pincher/meshes/DAE/cases/caseRaspberryPi5/tapaSlide.dae
[0.577s] -- Up-to-date: /home/samsanchez/Documents/Robotics/KIT_Phantom_X_Pincher_ROS2/phantom_ws/install/phantomx_pincher_description/share/phantomx_pincher_description/phantomx_pincher/meshes/DAE/cases/caseRaspberryPi5/tapaRaspberry.dae
[0.578s] -- Up-to-date: /home/samsanchez/Documents/Robotics/KIT_Phantom_X_Pincher_ROS2/phantom_ws/install/phantomx_pincher_description/share/phantomx_pincher_description/phantomx_pincher/meshes/DAE/cases/caseUSB2Dynamixel
[0.578s] -- Up-to-date: /home/samsanchez/Documents/Robotics/KIT_Phantom_X_Pincher_ROS2/phantom_ws/install/phantomx_pincher_description/share/phantomx_pincher_description/phantomx_pincher/meshes/DAE/cases/caseUSB2Dynamixel/baseUBS2.dae
[0.583s] -- Up-to-date: /home/samsanchez/Documents/Robotics/KIT_Phantom_X_Pincher_ROS2/phantom_ws/install/phantomx_pincher_description/share/phantomx_pincher_description/phantomx_pincher/meshes/DAE/cases/caseUSB2Dynamixel/acopleGrande.dae
[0.583s] -- Up-to-date: /home/samsanchez/Documents/Robotics/KIT_Phantom_X_Pincher_ROS2/phantom_ws/install/phantomx_pincher_description/share/phantomx_pincher_description/phantomx_pincher/meshes/DAE/cases/caseUSB2Dynamixel/acoplePequeño.dae
[0.583s] -- Up-to-date: /home/samsanchez/Documents/Robotics/KIT_Phantom_X_Pincher_ROS2/phantom_ws/install/phantomx_pincher_description/share/phantomx_pincher_description/phantomx_pincher/meshes/DAE/cases/microAirpump
[0.584s] -- Up-to-date: /home/samsanchez/Documents/Robotics/KIT_Phantom_X_Pincher_ROS2/phantom_ws/install/phantomx_pincher_description/share/phantomx_pincher_description/phantomx_pincher/meshes/DAE/cases/microAirpump/caseAirpumpBottom.dae
[0.584s] -- Up-to-date: /home/samsanchez/Documents/Robotics/KIT_Phantom_X_Pincher_ROS2/phantom_ws/install/phantomx_pincher_description/share/phantomx_pincher_description/phantomx_pincher/meshes/DAE/cases/microAirpump/caseAirpumpTop.dae
[0.584s] -- Up-to-date: /home/samsanchez/Documents/Robotics/KIT_Phantom_X_Pincher_ROS2/phantom_ws/install/phantomx_pincher_description/share/phantomx_pincher_description/phantomx_pincher/meshes/DAE/cases/casePowerHub
[0.584s] -- Up-to-date: /home/samsanchez/Documents/Robotics/KIT_Phantom_X_Pincher_ROS2/phantom_ws/install/phantomx_pincher_description/share/phantomx_pincher_description/phantomx_pincher/meshes/DAE/cases/casePowerHub/baseCasePowerHub.dae
[0.585s] -- Up-to-date: /home/samsanchez/Documents/Robotics/KIT_Phantom_X_Pincher_ROS2/phantom_ws/install/phantomx_pincher_description/share/phantomx_pincher_description/phantomx_pincher/meshes/DAE/Canecas
[0.587s] -- Up-to-date: /home/samsanchez/Documents/Robotics/KIT_Phantom_X_Pincher_ROS2/phantom_ws/install/phantomx_pincher_description/share/phantomx_pincher_description/phantomx_pincher/meshes/DAE/Canecas/CanecaGrandeConTapaSlide
[0.588s] -- Up-to-date: /home/samsanchez/Documents/Robotics/KIT_Phantom_X_Pincher_ROS2/phantom_ws/install/phantomx_pincher_description/share/phantomx_pincher_description/phantomx_pincher/meshes/DAE/Canecas/CanecaGrandeConTapaSlide/elevacionCaneca.dae
[0.588s] -- Up-to-date: /home/samsanchez/Documents/Robotics/KIT_Phantom_X_Pincher_ROS2/phantom_ws/install/phantomx_pincher_description/share/phantomx_pincher_description/phantomx_pincher/meshes/DAE/Canecas/CanecaGrandeConTapaSlide/tapaSlide.dae
[0.589s] -- Up-to-date: /home/samsanchez/Documents/Robotics/KIT_Phantom_X_Pincher_ROS2/phantom_ws/install/phantomx_pincher_description/share/phantomx_pincher_description/phantomx_pincher/meshes/DAE/Canecas/CanecaGrandeConTapaSlide/CFFFP_elevacionCaneca.dae
[0.591s] -- Up-to-date: /home/samsanchez/Documents/Robotics/KIT_Phantom_X_Pincher_ROS2/phantom_ws/install/phantomx_pincher_description/share/phantomx_pincher_description/phantomx_pincher/meshes/DAE/Canecas/CanecaGrandeConTapaSlide/canecaGrande.dae
[0.592s] -- Up-to-date: /home/samsanchez/Documents/Robotics/KIT_Phantom_X_Pincher_ROS2/phantom_ws/install/phantomx_pincher_description/share/phantomx_pincher_description/phantomx_pincher/meshes/DAE/anclajes
[0.592s] -- Up-to-date: /home/samsanchez/Documents/Robotics/KIT_Phantom_X_Pincher_ROS2/phantom_ws/install/phantomx_pincher_description/share/phantomx_pincher_description/phantomx_pincher/meshes/DAE/anclajes/anclajeEsquinaTapa.dae
[0.592s] -- Up-to-date: /home/samsanchez/Documents/Robotics/KIT_Phantom_X_Pincher_ROS2/phantom_ws/install/phantomx_pincher_description/share/phantomx_pincher_description/phantomx_pincher/meshes/DAE/anclajes/CFFFP_anclajeEsquinaCanastilla.dae
[0.595s] -- Up-to-date: /home/samsanchez/Documents/Robotics/KIT_Phantom_X_Pincher_ROS2/phantom_ws/install/phantomx_pincher_description/share/phantomx_pincher_description/phantomx_pincher/meshes/DAE/anclajes/anclajeM10.dae
[0.595s] -- Up-to-date: /home/samsanchez/Documents/Robotics/KIT_Phantom_X_Pincher_ROS2/phantom_ws/install/phantomx_pincher_description/share/phantomx_pincher_description/phantomx_pincher/meshes/DAE/anclajes/anclajeEsquinaCanastilla.dae
[0.596s] -- Up-to-date: /home/samsanchez/Documents/Robotics/KIT_Phantom_X_Pincher_ROS2/phantom_ws/install/phantomx_pincher_description/share/phantomx_pincher_description/phantomx_pincher/meshes/DAE/patas
[0.596s] -- Up-to-date: /home/samsanchez/Documents/Robotics/KIT_Phantom_X_Pincher_ROS2/phantom_ws/install/phantomx_pincher_description/share/phantomx_pincher_description/phantomx_pincher/meshes/DAE/patas/pataD20mm.dae
[0.597s] -- Up-to-date: /home/samsanchez/Documents/Robotics/KIT_Phantom_X_Pincher_ROS2/phantom_ws/install/phantomx_pincher_description/share/phantomx_pincher_description/phantomx_pincher/meshes/DAE/patas/pataD15mm.dae
[0.597s] -- Up-to-date: /home/samsanchez/Documents/Robotics/KIT_Phantom_X_Pincher_ROS2/phantom_ws/install/phantomx_pincher_description/share/phantomx_pincher_description/phantomx_pincher/meshes/DAE/zonasDeRecoleccion
[0.597s] -- Up-to-date: /home/samsanchez/Documents/Robotics/KIT_Phantom_X_Pincher_ROS2/phantom_ws/install/phantomx_pincher_description/share/phantomx_pincher_description/phantomx_pincher/meshes/DAE/zonasDeRecoleccion/zonaCircular
[0.599s] -- Up-to-date: /home/samsanchez/Documents/Robotics/KIT_Phantom_X_Pincher_ROS2/phantom_ws/install/phantomx_pincher_description/share/phantomx_pincher_description/phantomx_pincher/meshes/DAE/zonasDeRecoleccion/zonaCircular/zonaCircular146mm.dae
[0.600s] -- Up-to-date: /home/samsanchez/Documents/Robotics/KIT_Phantom_X_Pincher_ROS2/phantom_ws/install/phantomx_pincher_description/share/phantomx_pincher_description/phantomx_pincher/meshes/DAE/tubosOvaladosNiquel
[0.600s] -- Up-to-date: /home/samsanchez/Documents/Robotics/KIT_Phantom_X_Pincher_ROS2/phantom_ws/install/phantomx_pincher_description/share/phantomx_pincher_description/phantomx_pincher/meshes/DAE/tubosOvaladosNiquel/Angujo.dae
[0.600s] -- Up-to-date: /home/samsanchez/Documents/Robotics/KIT_Phantom_X_Pincher_ROS2/phantom_ws/install/phantomx_pincher_description/share/phantomx_pincher_description/phantomx_pincher/meshes/DAE/tubosOvaladosNiquel/EncajeABaseTuboCloset.dae
[0.600s] -- Up-to-date: /home/samsanchez/Documents/Robotics/KIT_Phantom_X_Pincher_ROS2/phantom_ws/install/phantomx_pincher_description/share/phantomx_pincher_description/phantomx_pincher/meshes/visual
[0.601s] -- Up-to-date: /home/samsanchez/Documents/Robotics/KIT_Phantom_X_Pincher_ROS2/phantom_ws/install/phantomx_pincher_description/share/phantomx_pincher_description/phantomx_pincher/meshes/visual/task_board.dae
[0.601s] -- Up-to-date: /home/samsanchez/Documents/Robotics/KIT_Phantom_X_Pincher_ROS2/phantom_ws/install/phantomx_pincher_description/share/phantomx_pincher_description/phantomx_pincher/meshes/visual/ax12.dae
[0.603s] -- Up-to-date: /home/samsanchez/Documents/Robotics/KIT_Phantom_X_Pincher_ROS2/phantom_ws/install/phantomx_pincher_description/share/phantomx_pincher_description/phantomx_pincher/meshes/visual/f2.dae
[0.609s] -- Up-to-date: /home/samsanchez/Documents/Robotics/KIT_Phantom_X_Pincher_ROS2/phantom_ws/install/phantomx_pincher_description/share/phantomx_pincher_description/phantomx_pincher/meshes/visual/f10.dae
[0.609s] -- Up-to-date: /home/samsanchez/Documents/Robotics/KIT_Phantom_X_Pincher_ROS2/phantom_ws/install/phantomx_pincher_description/share/phantomx_pincher_description/phantomx_pincher/meshes/visual/task_board_module_phantomx_pincher_mount.dae
[0.609s] -- Up-to-date: /home/samsanchez/Documents/Robotics/KIT_Phantom_X_Pincher_ROS2/phantom_ws/install/phantomx_pincher_description/share/phantomx_pincher_description/phantomx_pincher/meshes/visual/f4.dae
[0.610s] -- Up-to-date: /home/samsanchez/Documents/Robotics/KIT_Phantom_X_Pincher_ROS2/phantom_ws/install/phantomx_pincher_description/share/phantomx_pincher_description/phantomx_pincher/meshes/visual/gripper_base.dae
[0.610s] -- Up-to-date: /home/samsanchez/Documents/Robotics/KIT_Phantom_X_Pincher_ROS2/phantom_ws/install/phantomx_pincher_description/share/phantomx_pincher_description/phantomx_pincher/meshes/visual/f3.dae
[0.610s] -- Up-to-date: /home/samsanchez/Documents/Robotics/KIT_Phantom_X_Pincher_ROS2/phantom_ws/install/phantomx_pincher_description/share/phantomx_pincher_description/phantomx_pincher/meshes/visual/finger.dae
[0.613s] -- Up-to-date: /home/samsanchez/Documents/Robotics/KIT_Phantom_X_Pincher_ROS2/phantom_ws/install/phantomx_pincher_description/share/phantomx_pincher_description/phantomx_pincher/meshes/visual/phantomx_pincher_mount.dae
[0.613s] -- Up-to-date: /home/samsanchez/Documents/Robotics/KIT_Phantom_X_Pincher_ROS2/phantom_ws/install/phantomx_pincher_description/share/phantomx_pincher_description/phantomx_pincher/meshes/collision
[0.613s] -- Up-to-date: /home/samsanchez/Documents/Robotics/KIT_Phantom_X_Pincher_ROS2/phantom_ws/install/phantomx_pincher_description/share/phantomx_pincher_description/phantomx_pincher/meshes/collision/task_board.stl
[0.613s] -- Up-to-date: /home/samsanchez/Documents/Robotics/KIT_Phantom_X_Pincher_ROS2/phantom_ws/install/phantomx_pincher_description/share/phantomx_pincher_description/phantomx_pincher/meshes/collision/finger.stl
[0.616s] -- Up-to-date: /home/samsanchez/Documents/Robotics/KIT_Phantom_X_Pincher_ROS2/phantom_ws/install/phantomx_pincher_description/share/phantomx_pincher_description/meshes
[0.617s] -- Up-to-date: /home/samsanchez/Documents/Robotics/KIT_Phantom_X_Pincher_ROS2/phantom_ws/install/phantomx_pincher_description/share/phantomx_pincher_description/meshes/STL
[0.617s] -- Up-to-date: /home/samsanchez/Documents/Robotics/KIT_Phantom_X_Pincher_ROS2/phantom_ws/install/phantomx_pincher_description/share/phantomx_pincher_description/meshes/STL/manijas
[0.617s] -- Up-to-date: /home/samsanchez/Documents/Robotics/KIT_Phantom_X_Pincher_ROS2/phantom_ws/install/phantomx_pincher_description/share/phantomx_pincher_description/meshes/STL/manijas/pataManija.stl
[0.617s] -- Up-to-date: /home/samsanchez/Documents/Robotics/KIT_Phantom_X_Pincher_ROS2/phantom_ws/install/phantomx_pincher_description/share/phantomx_pincher_description/meshes/STL/manijas/manija.stl
[0.618s] -- Up-to-date: /home/samsanchez/Documents/Robotics/KIT_Phantom_X_Pincher_ROS2/phantom_ws/install/phantomx_pincher_description/share/phantomx_pincher_description/meshes/STL/bases
[0.618s] -- Up-to-date: /home/samsanchez/Documents/Robotics/KIT_Phantom_X_Pincher_ROS2/phantom_ws/install/phantomx_pincher_description/share/phantomx_pincher_description/meshes/STL/bases/baseElementosFijos.stl
[0.619s] -- Up-to-date: /home/samsanchez/Documents/Robotics/KIT_Phantom_X_Pincher_ROS2/phantom_ws/install/phantomx_pincher_description/share/phantomx_pincher_description/meshes/STL/objectsToPick
[0.619s] -- Up-to-date: /home/samsanchez/Documents/Robotics/KIT_Phantom_X_Pincher_ROS2/phantom_ws/install/phantomx_pincher_description/share/phantomx_pincher_description/meshes/STL/objectsToPick/cube25x25.stl
[0.619s] -- Up-to-date: /home/samsanchez/Documents/Robotics/KIT_Phantom_X_Pincher_ROS2/phantom_ws/install/phantomx_pincher_description/share/phantomx_pincher_description/meshes/STL/objectsToPick/cilinder25Dx25h.stl
[0.622s] -- Up-to-date: /home/samsanchez/Documents/Robotics/KIT_Phantom_X_Pincher_ROS2/phantom_ws/install/phantomx_pincher_description/share/phantomx_pincher_description/meshes/STL/cases
[0.622s] -- Up-to-date: /home/samsanchez/Documents/Robotics/KIT_Phantom_X_Pincher_ROS2/phantom_ws/install/phantomx_pincher_description/share/phantomx_pincher_description/meshes/STL/cases/caseBaseRobot
[0.622s] -- Up-to-date: /home/samsanchez/Documents/Robotics/KIT_Phantom_X_Pincher_ROS2/phantom_ws/install/phantomx_pincher_description/share/phantomx_pincher_description/meshes/STL/cases/caseBaseRobot/clipAnclajeNumero.stl
[0.625s] -- Up-to-date: /home/samsanchez/Documents/Robotics/KIT_Phantom_X_Pincher_ROS2/phantom_ws/install/phantomx_pincher_description/share/phantomx_pincher_description/meshes/STL/cases/caseBaseRobot/numerosBases.stl
[0.628s] -- Up-to-date: /home/samsanchez/Documents/Robotics/KIT_Phantom_X_Pincher_ROS2/phantom_ws/install/phantomx_pincher_description/share/phantomx_pincher_description/meshes/STL/cases/caseBaseRobot/caseBaseRobot.stl
[0.629s] -- Up-to-date: /home/samsanchez/Documents/Robotics/KIT_Phantom_X_Pincher_ROS2/phantom_ws/install/phantomx_pincher_description/share/phantomx_pincher_description/meshes/STL/cases/caseArbotixM
[0.629s] -- Up-to-date: /home/samsanchez/Documents/Robotics/KIT_Phantom_X_Pincher_ROS2/phantom_ws/install/phantomx_pincher_description/share/phantomx_pincher_description/meshes/STL/cases/caseArbotixM/tapa.stl
[0.630s] -- Up-to-date: /home/samsanchez/Documents/Robotics/KIT_Phantom_X_Pincher_ROS2/phantom_ws/install/phantomx_pincher_description/share/phantomx_pincher_description/meshes/STL/cases/caseArbotixM/base.stl
[0.630s] -- Up-to-date: /home/samsanchez/Documents/Robotics/KIT_Phantom_X_Pincher_ROS2/phantom_ws/install/phantomx_pincher_description/share/phantomx_pincher_description/meshes/STL/cases/cases
[0.631s] -- Up-to-date: /home/samsanchez/Documents/Robotics/KIT_Phantom_X_Pincher_ROS2/phantom_ws/install/phantomx_pincher_description/share/phantomx_pincher_description/meshes/STL/cases/cases/tapaMicroAirPump370A.stl
[0.631s] -- Up-to-date: /home/samsanchez/Documents/Robotics/KIT_Phantom_X_Pincher_ROS2/phantom_ws/install/phantomx_pincher_description/share/phantomx_pincher_description/meshes/STL/cases/cases/baseMicroAirPump370A.stl
[0.631s] -- Up-to-date: /home/samsanchez/Documents/Robotics/KIT_Phantom_X_Pincher_ROS2/phantom_ws/install/phantomx_pincher_description/share/phantomx_pincher_description/meshes/STL/cases/cases/caseBaseRobot.stl
[0.631s] -- Up-to-date: /home/samsanchez/Documents/Robotics/KIT_Phantom_X_Pincher_ROS2/phantom_ws/install/phantomx_pincher_description/share/phantomx_pincher_description/meshes/STL/cases/cases/caseRaspberryPi5
[0.632s] -- Up-to-date: /home/samsanchez/Documents/Robotics/KIT_Phantom_X_Pincher_ROS2/phantom_ws/install/phantomx_pincher_description/share/phantomx_pincher_description/meshes/STL/cases/cases/caseRaspberryPi5/CFFFP_tapaRaspberry.3mf
[0.632s] -- Up-to-date: /home/samsanchez/Documents/Robotics/KIT_Phantom_X_Pincher_ROS2/phantom_ws/install/phantomx_pincher_description/share/phantomx_pincher_description/meshes/STL/cases/cases/caseRaspberryPi5/tapaRaspberry.stl
[0.632s] -- Up-to-date: /home/samsanchez/Documents/Robotics/KIT_Phantom_X_Pincher_ROS2/phantom_ws/install/phantomx_pincher_description/share/phantomx_pincher_description/meshes/STL/cases/cases/caseRaspberryPi5/baseCaseRaspberry.stl
[0.636s] -- Up-to-date: /home/samsanchez/Documents/Robotics/KIT_Phantom_X_Pincher_ROS2/phantom_ws/install/phantomx_pincher_description/share/phantomx_pincher_description/meshes/STL/cases/caseRaspberryPi5
[0.636s] -- Up-to-date: /home/samsanchez/Documents/Robotics/KIT_Phantom_X_Pincher_ROS2/phantom_ws/install/phantomx_pincher_description/share/phantomx_pincher_description/meshes/STL/cases/caseRaspberryPi5/CFFFP_baseCaseRaspberry.3mf
[0.637s] -- Up-to-date: /home/samsanchez/Documents/Robotics/KIT_Phantom_X_Pincher_ROS2/phantom_ws/install/phantomx_pincher_description/share/phantomx_pincher_description/meshes/STL/cases/caseRaspberryPi5/tapaRaspberry.stl
[0.638s] -- Up-to-date: /home/samsanchez/Documents/Robotics/KIT_Phantom_X_Pincher_ROS2/phantom_ws/install/phantomx_pincher_description/share/phantomx_pincher_description/meshes/STL/cases/caseRaspberryPi5/baseCaseRaspberry.stl
[0.641s] -- Up-to-date: /home/samsanchez/Documents/Robotics/KIT_Phantom_X_Pincher_ROS2/phantom_ws/install/phantomx_pincher_description/share/phantomx_pincher_description/meshes/STL/cases/caseRaspberryPi5/tapaSlide.stl
[0.641s] -- Up-to-date: /home/samsanchez/Documents/Robotics/KIT_Phantom_X_Pincher_ROS2/phantom_ws/install/phantomx_pincher_description/share/phantomx_pincher_description/meshes/STL/cases/caseUSB2Dynamixel
[0.641s] -- Up-to-date: /home/samsanchez/Documents/Robotics/KIT_Phantom_X_Pincher_ROS2/phantom_ws/install/phantomx_pincher_description/share/phantomx_pincher_description/meshes/STL/cases/caseUSB2Dynamixel/acopleGrande.stl
[0.642s] -- Up-to-date: /home/samsanchez/Documents/Robotics/KIT_Phantom_X_Pincher_ROS2/phantom_ws/install/phantomx_pincher_description/share/phantomx_pincher_description/meshes/STL/cases/caseUSB2Dynamixel/OldVersions
[0.642s] -- Up-to-date: /home/samsanchez/Documents/Robotics/KIT_Phantom_X_Pincher_ROS2/phantom_ws/install/phantomx_pincher_description/share/phantomx_pincher_description/meshes/STL/cases/caseUSB2Dynamixel/OldVersions/acoplePequeño.0002.ipt
[0.642s] -- Up-to-date: /home/samsanchez/Documents/Robotics/KIT_Phantom_X_Pincher_ROS2/phantom_ws/install/phantomx_pincher_description/share/phantomx_pincher_description/meshes/STL/cases/caseUSB2Dynamixel/OldVersions/baseUBS2.0001.ipt
[0.642s] -- Up-to-date: /home/samsanchez/Documents/Robotics/KIT_Phantom_X_Pincher_ROS2/phantom_ws/install/phantomx_pincher_description/share/phantomx_pincher_description/meshes/STL/cases/caseUSB2Dynamixel/OldVersions/acopleGrande.0001.ipt
[0.643s] -- Up-to-date: /home/samsanchez/Documents/Robotics/KIT_Phantom_X_Pincher_ROS2/phantom_ws/install/phantomx_pincher_description/share/phantomx_pincher_description/meshes/STL/cases/caseUSB2Dynamixel/baseUBS2.stl
[0.643s] -- Up-to-date: /home/samsanchez/Documents/Robotics/KIT_Phantom_X_Pincher_ROS2/phantom_ws/install/phantomx_pincher_description/share/phantomx_pincher_description/meshes/STL/cases/caseUSB2Dynamixel/acoplePequeño.stl
[0.643s] -- Up-to-date: /home/samsanchez/Documents/Robotics/KIT_Phantom_X_Pincher_ROS2/phantom_ws/install/phantomx_pincher_description/share/phantomx_pincher_description/meshes/STL/cases/microAirpump
[0.643s] -- Up-to-date: /home/samsanchez/Documents/Robotics/KIT_Phantom_X_Pincher_ROS2/phantom_ws/install/phantomx_pincher_description/share/phantomx_pincher_description/meshes/STL/cases/microAirpump/ensambleAirpump.stl
[0.644s] -- Up-to-date: /home/samsanchez/Documents/Robotics/KIT_Phantom_X_Pincher_ROS2/phantom_ws/install/phantomx_pincher_description/share/phantomx_pincher_description/meshes/STL/cases/microAirpump/caseAirpumpBottom.stl
[0.644s] -- Up-to-date: /home/samsanchez/Documents/Robotics/KIT_Phantom_X_Pincher_ROS2/phantom_ws/install/phantomx_pincher_description/share/phantomx_pincher_description/meshes/STL/cases/microAirpump/caseAirpumpTop.stl
[0.644s] -- Up-to-date: /home/samsanchez/Documents/Robotics/KIT_Phantom_X_Pincher_ROS2/phantom_ws/install/phantomx_pincher_description/share/phantomx_pincher_description/meshes/STL/cases/casePowerHub
[0.646s] -- Up-to-date: /home/samsanchez/Documents/Robotics/KIT_Phantom_X_Pincher_ROS2/phantom_ws/install/phantomx_pincher_description/share/phantomx_pincher_description/meshes/STL/cases/casePowerHub/baseCasePowerHub.stl
[0.646s] -- Up-to-date: /home/samsanchez/Documents/Robotics/KIT_Phantom_X_Pincher_ROS2/phantom_ws/install/phantomx_pincher_description/share/phantomx_pincher_description/meshes/STL/Canecas
[0.646s] -- Up-to-date: /home/samsanchez/Documents/Robotics/KIT_Phantom_X_Pincher_ROS2/phantom_ws/install/phantomx_pincher_description/share/phantomx_pincher_description/meshes/STL/Canecas/OldVersions
[0.648s] -- Up-to-date: /home/samsanchez/Documents/Robotics/KIT_Phantom_X_Pincher_ROS2/phantom_ws/install/phantomx_pincher_description/share/phantomx_pincher_description/meshes/STL/Canecas/OldVersions/escudoUnal.0002.ipt
[0.648s] -- Up-to-date: /home/samsanchez/Documents/Robotics/KIT_Phantom_X_Pincher_ROS2/phantom_ws/install/phantomx_pincher_description/share/phantomx_pincher_description/meshes/STL/Canecas/escudoUnal.ipt
[0.648s] -- Up-to-date: /home/samsanchez/Documents/Robotics/KIT_Phantom_X_Pincher_ROS2/phantom_ws/install/phantomx_pincher_description/share/phantomx_pincher_description/meshes/STL/Canecas/CanecaGrandeConTapaSlide
[0.652s] -- Up-to-date: /home/samsanchez/Documents/Robotics/KIT_Phantom_X_Pincher_ROS2/phantom_ws/install/phantomx_pincher_description/share/phantomx_pincher_description/meshes/STL/Canecas/CanecaGrandeConTapaSlide/canecaGrande.stl
[0.652s] -- Up-to-date: /home/samsanchez/Documents/Robotics/KIT_Phantom_X_Pincher_ROS2/phantom_ws/install/phantomx_pincher_description/share/phantomx_pincher_description/meshes/STL/Canecas/CanecaGrandeConTapaSlide/CFFFP_elevacionCaneca.stl
[0.653s] -- Up-to-date: /home/samsanchez/Documents/Robotics/KIT_Phantom_X_Pincher_ROS2/phantom_ws/install/phantomx_pincher_description/share/phantomx_pincher_description/meshes/STL/Canecas/CanecaGrandeConTapaSlide/elevacionCaneca.ipt
[0.653s] -- Up-to-date: /home/samsanchez/Documents/Robotics/KIT_Phantom_X_Pincher_ROS2/phantom_ws/install/phantomx_pincher_description/share/phantomx_pincher_description/meshes/STL/Canecas/CanecaGrandeConTapaSlide/canecaCollision.ipt
[0.656s] -- Up-to-date: /home/samsanchez/Documents/Robotics/KIT_Phantom_X_Pincher_ROS2/phantom_ws/install/phantomx_pincher_description/share/phantomx_pincher_description/meshes/STL/Canecas/CanecaGrandeConTapaSlide/canecaCollision.stl
[0.657s] -- Up-to-date: /home/samsanchez/Documents/Robotics/KIT_Phantom_X_Pincher_ROS2/phantom_ws/install/phantomx_pincher_description/share/phantomx_pincher_description/meshes/STL/Canecas/CanecaGrandeConTapaSlide/OldVersions
[0.657s] -- Up-to-date: /home/samsanchez/Documents/Robotics/KIT_Phantom_X_Pincher_ROS2/phantom_ws/install/phantomx_pincher_description/share/phantomx_pincher_description/meshes/STL/Canecas/CanecaGrandeConTapaSlide/OldVersions/canecaCollision.0002.ipt
[0.657s] -- Up-to-date: /home/samsanchez/Documents/Robotics/KIT_Phantom_X_Pincher_ROS2/phantom_ws/install/phantomx_pincher_description/share/phantomx_pincher_description/meshes/STL/Canecas/CanecaGrandeConTapaSlide/elevacionCaneca.stl
[0.658s] -- Up-to-date: /home/samsanchez/Documents/Robotics/KIT_Phantom_X_Pincher_ROS2/phantom_ws/install/phantomx_pincher_description/share/phantomx_pincher_description/meshes/STL/Canecas/CanecaGrandeConTapaSlide/ensambleCaneca.stl
[0.658s] -- Up-to-date: /home/samsanchez/Documents/Robotics/KIT_Phantom_X_Pincher_ROS2/phantom_ws/install/phantomx_pincher_description/share/phantomx_pincher_description/meshes/STL/Canecas/CanecaGrandeConTapaSlide/tapaSlide.stl
[0.659s] -- Up-to-date: /home/samsanchez/Documents/Robotics/KIT_Phantom_X_Pincher_ROS2/phantom_ws/install/phantomx_pincher_description/share/phantomx_pincher_description/meshes/STL/anclajes
[0.661s] -- Up-to-date: /home/samsanchez/Documents/Robotics/KIT_Phantom_X_Pincher_ROS2/phantom_ws/install/phantomx_pincher_description/share/phantomx_pincher_description/meshes/STL/anclajes/anclajeEsquinaCanastilla.stl
[0.662s] -- Up-to-date: /home/samsanchez/Documents/Robotics/KIT_Phantom_X_Pincher_ROS2/phantom_ws/install/phantomx_pincher_description/share/phantomx_pincher_description/meshes/STL/anclajes/CFFFP_anclajeEsquinaCanastilla.stl
[0.662s] -- Up-to-date: /home/samsanchez/Documents/Robotics/KIT_Phantom_X_Pincher_ROS2/phantom_ws/install/phantomx_pincher_description/share/phantomx_pincher_description/meshes/STL/anclajes/anclajeM10.stl
[0.662s] -- Up-to-date: /home/samsanchez/Documents/Robotics/KIT_Phantom_X_Pincher_ROS2/phantom_ws/install/phantomx_pincher_description/share/phantomx_pincher_description/meshes/STL/anclajes/anclajeEsquinaTapa.stl
[0.662s] -- Up-to-date: /home/samsanchez/Documents/Robotics/KIT_Phantom_X_Pincher_ROS2/phantom_ws/install/phantomx_pincher_description/share/phantomx_pincher_description/meshes/STL/patas
[0.663s] -- Up-to-date: /home/samsanchez/Documents/Robotics/KIT_Phantom_X_Pincher_ROS2/phantom_ws/install/phantomx_pincher_description/share/phantomx_pincher_description/meshes/STL/patas/pataD20mm.stl
[0.663s] -- Up-to-date: /home/samsanchez/Documents/Robotics/KIT_Phantom_X_Pincher_ROS2/phantom_ws/install/phantomx_pincher_description/share/phantomx_pincher_description/meshes/STL/patas/pataD15mm.stl
[0.666s] -- Up-to-date: /home/samsanchez/Documents/Robotics/KIT_Phantom_X_Pincher_ROS2/phantom_ws/install/phantomx_pincher_description/share/phantomx_pincher_description/meshes/STL/zonasDeRecoleccion
[0.666s] -- Up-to-date: /home/samsanchez/Documents/Robotics/KIT_Phantom_X_Pincher_ROS2/phantom_ws/install/phantomx_pincher_description/share/phantomx_pincher_description/meshes/STL/zonasDeRecoleccion/zonaCircular
[0.666s] -- Up-to-date: /home/samsanchez/Documents/Robotics/KIT_Phantom_X_Pincher_ROS2/phantom_ws/install/phantomx_pincher_description/share/phantomx_pincher_description/meshes/STL/zonasDeRecoleccion/zonaCircular/zonaCircular146mm.stl
[0.666s] -- Up-to-date: /home/samsanchez/Documents/Robotics/KIT_Phantom_X_Pincher_ROS2/phantom_ws/install/phantomx_pincher_description/share/phantomx_pincher_description/meshes/STL/tubosOvaladosNiquel
[0.667s] -- Up-to-date: /home/samsanchez/Documents/Robotics/KIT_Phantom_X_Pincher_ROS2/phantom_ws/install/phantomx_pincher_description/share/phantomx_pincher_description/meshes/STL/tubosOvaladosNiquel/EncajeABaseConTornilloTuboCloset.stl
[0.670s] -- Up-to-date: /home/samsanchez/Documents/Robotics/KIT_Phantom_X_Pincher_ROS2/phantom_ws/install/phantomx_pincher_description/share/phantomx_pincher_description/meshes/STL/tubosOvaladosNiquel/Angujo.stl
[0.670s] -- Up-to-date: /home/samsanchez/Documents/Robotics/KIT_Phantom_X_Pincher_ROS2/phantom_ws/install/phantomx_pincher_description/share/phantomx_pincher_description/meshes/STL/tubosOvaladosNiquel/EncajeABaseTuboCloset.stl
[0.670s] -- Up-to-date: /home/samsanchez/Documents/Robotics/KIT_Phantom_X_Pincher_ROS2/phantom_ws/install/phantomx_pincher_description/share/phantomx_pincher_description/meshes/STL/escudoUnal.dxf
[0.673s] -- Up-to-date: /home/samsanchez/Documents/Robotics/KIT_Phantom_X_Pincher_ROS2/phantom_ws/install/phantomx_pincher_description/share/phantomx_pincher_description/meshes/DAE
[0.674s] -- Up-to-date: /home/samsanchez/Documents/Robotics/KIT_Phantom_X_Pincher_ROS2/phantom_ws/install/phantomx_pincher_description/share/phantomx_pincher_description/meshes/DAE/manijas
[0.674s] -- Up-to-date: /home/samsanchez/Documents/Robotics/KIT_Phantom_X_Pincher_ROS2/phantom_ws/install/phantomx_pincher_description/share/phantomx_pincher_description/meshes/DAE/manijas/pataManija.dae
[0.677s] -- Up-to-date: /home/samsanchez/Documents/Robotics/KIT_Phantom_X_Pincher_ROS2/phantom_ws/install/phantomx_pincher_description/share/phantomx_pincher_description/meshes/DAE/manijas/manija.dae
[0.677s] -- Up-to-date: /home/samsanchez/Documents/Robotics/KIT_Phantom_X_Pincher_ROS2/phantom_ws/install/phantomx_pincher_description/share/phantomx_pincher_description/meshes/DAE/bases
[0.678s] -- Up-to-date: /home/samsanchez/Documents/Robotics/KIT_Phantom_X_Pincher_ROS2/phantom_ws/install/phantomx_pincher_description/share/phantomx_pincher_description/meshes/DAE/bases/baseElementosFijos.dae
[0.678s] -- Up-to-date: /home/samsanchez/Documents/Robotics/KIT_Phantom_X_Pincher_ROS2/phantom_ws/install/phantomx_pincher_description/share/phantomx_pincher_description/meshes/DAE/objectsToPick
[0.678s] -- Up-to-date: /home/samsanchez/Documents/Robotics/KIT_Phantom_X_Pincher_ROS2/phantom_ws/install/phantomx_pincher_description/share/phantomx_pincher_description/meshes/DAE/objectsToPick/cilinder25Dx25h.dae
[0.679s] -- Up-to-date: /home/samsanchez/Documents/Robotics/KIT_Phantom_X_Pincher_ROS2/phantom_ws/install/phantomx_pincher_description/share/phantomx_pincher_description/meshes/DAE/objectsToPick/cube25x25.dae
[0.679s] -- Up-to-date: /home/samsanchez/Documents/Robotics/KIT_Phantom_X_Pincher_ROS2/phantom_ws/install/phantomx_pincher_description/share/phantomx_pincher_description/meshes/DAE/cases
[0.679s] -- Up-to-date: /home/samsanchez/Documents/Robotics/KIT_Phantom_X_Pincher_ROS2/phantom_ws/install/phantomx_pincher_description/share/phantomx_pincher_description/meshes/DAE/cases/caseBaseRobot
[0.681s] -- Up-to-date: /home/samsanchez/Documents/Robotics/KIT_Phantom_X_Pincher_ROS2/phantom_ws/install/phantomx_pincher_description/share/phantomx_pincher_description/meshes/DAE/cases/caseBaseRobot/caseBaseRobot.dae
[0.682s] -- Up-to-date: /home/samsanchez/Documents/Robotics/KIT_Phantom_X_Pincher_ROS2/phantom_ws/install/phantomx_pincher_description/share/phantomx_pincher_description/meshes/DAE/cases/caseBaseRobot/clipAnclajeNumero.dae
[0.682s] -- Up-to-date: /home/samsanchez/Documents/Robotics/KIT_Phantom_X_Pincher_ROS2/phantom_ws/install/phantomx_pincher_description/share/phantomx_pincher_description/meshes/DAE/cases/caseBaseRobot/numerosBases.dae
[0.685s] -- Up-to-date: /home/samsanchez/Documents/Robotics/KIT_Phantom_X_Pincher_ROS2/phantom_ws/install/phantomx_pincher_description/share/phantomx_pincher_description/meshes/DAE/cases/caseArbotixM
[0.685s] -- Up-to-date: /home/samsanchez/Documents/Robotics/KIT_Phantom_X_Pincher_ROS2/phantom_ws/install/phantomx_pincher_description/share/phantomx_pincher_description/meshes/DAE/cases/caseArbotixM/base.dae
[0.686s] -- Up-to-date: /home/samsanchez/Documents/Robotics/KIT_Phantom_X_Pincher_ROS2/phantom_ws/install/phantomx_pincher_description/share/phantomx_pincher_description/meshes/DAE/cases/caseArbotixM/tapa.dae
[0.686s] -- Up-to-date: /home/samsanchez/Documents/Robotics/KIT_Phantom_X_Pincher_ROS2/phantom_ws/install/phantomx_pincher_description/share/phantomx_pincher_description/meshes/DAE/cases/cases
[0.689s] -- Up-to-date: /home/samsanchez/Documents/Robotics/KIT_Phantom_X_Pincher_ROS2/phantom_ws/install/phantomx_pincher_description/share/phantomx_pincher_description/meshes/DAE/cases/cases/caseBaseRobot.dae
[0.689s] -- Up-to-date: /home/samsanchez/Documents/Robotics/KIT_Phantom_X_Pincher_ROS2/phantom_ws/install/phantomx_pincher_description/share/phantomx_pincher_description/meshes/DAE/cases/cases/baseMicroAirPump370A.dae
[0.689s] -- Up-to-date: /home/samsanchez/Documents/Robotics/KIT_Phantom_X_Pincher_ROS2/phantom_ws/install/phantomx_pincher_description/share/phantomx_pincher_description/meshes/DAE/cases/cases/caseRaspberryPi5
[0.690s] -- Up-to-date: /home/samsanchez/Documents/Robotics/KIT_Phantom_X_Pincher_ROS2/phantom_ws/install/phantomx_pincher_description/share/phantomx_pincher_description/meshes/DAE/cases/cases/caseRaspberryPi5/baseCaseRaspberry.dae
[0.690s] -- Up-to-date: /home/samsanchez/Documents/Robotics/KIT_Phantom_X_Pincher_ROS2/phantom_ws/install/phantomx_pincher_description/share/phantomx_pincher_description/meshes/DAE/cases/cases/caseRaspberryPi5/tapaRaspberry.dae
[0.691s] -- Up-to-date: /home/samsanchez/Documents/Robotics/KIT_Phantom_X_Pincher_ROS2/phantom_ws/install/phantomx_pincher_description/share/phantomx_pincher_description/meshes/DAE/cases/cases/tapaMicroAirPump370A.dae
[0.691s] -- Up-to-date: /home/samsanchez/Documents/Robotics/KIT_Phantom_X_Pincher_ROS2/phantom_ws/install/phantomx_pincher_description/share/phantomx_pincher_description/meshes/DAE/cases/caseRaspberryPi5
[0.691s] -- Up-to-date: /home/samsanchez/Documents/Robotics/KIT_Phantom_X_Pincher_ROS2/phantom_ws/install/phantomx_pincher_description/share/phantomx_pincher_description/meshes/DAE/cases/caseRaspberryPi5/baseCaseRaspberry.dae
[0.693s] -- Up-to-date: /home/samsanchez/Documents/Robotics/KIT_Phantom_X_Pincher_ROS2/phantom_ws/install/phantomx_pincher_description/share/phantomx_pincher_description/meshes/DAE/cases/caseRaspberryPi5/tapaSlide.dae
[0.694s] -- Up-to-date: /home/samsanchez/Documents/Robotics/KIT_Phantom_X_Pincher_ROS2/phantom_ws/install/phantomx_pincher_description/share/phantomx_pincher_description/meshes/DAE/cases/caseRaspberryPi5/tapaRaspberry.dae
[0.694s] -- Up-to-date: /home/samsanchez/Documents/Robotics/KIT_Phantom_X_Pincher_ROS2/phantom_ws/install/phantomx_pincher_description/share/phantomx_pincher_description/meshes/DAE/cases/caseUSB2Dynamixel
[0.695s] -- Up-to-date: /home/samsanchez/Documents/Robotics/KIT_Phantom_X_Pincher_ROS2/phantom_ws/install/phantomx_pincher_description/share/phantomx_pincher_description/meshes/DAE/cases/caseUSB2Dynamixel/baseUBS2.dae
[0.695s] -- Up-to-date: /home/samsanchez/Documents/Robotics/KIT_Phantom_X_Pincher_ROS2/phantom_ws/install/phantomx_pincher_description/share/phantomx_pincher_description/meshes/DAE/cases/caseUSB2Dynamixel/acopleGrande.dae
[0.695s] -- Up-to-date: /home/samsanchez/Documents/Robotics/KIT_Phantom_X_Pincher_ROS2/phantom_ws/install/phantomx_pincher_description/share/phantomx_pincher_description/meshes/DAE/cases/caseUSB2Dynamixel/acoplePequeño.dae
[0.697s] -- Up-to-date: /home/samsanchez/Documents/Robotics/KIT_Phantom_X_Pincher_ROS2/phantom_ws/install/phantomx_pincher_description/share/phantomx_pincher_description/meshes/DAE/cases/microAirpump
[0.698s] -- Up-to-date: /home/samsanchez/Documents/Robotics/KIT_Phantom_X_Pincher_ROS2/phantom_ws/install/phantomx_pincher_description/share/phantomx_pincher_description/meshes/DAE/cases/microAirpump/caseAirpumpBottom.dae
[0.698s] -- Up-to-date: /home/samsanchez/Documents/Robotics/KIT_Phantom_X_Pincher_ROS2/phantom_ws/install/phantomx_pincher_description/share/phantomx_pincher_description/meshes/DAE/cases/microAirpump/caseAirpumpTop.dae
[0.698s] -- Up-to-date: /home/samsanchez/Documents/Robotics/KIT_Phantom_X_Pincher_ROS2/phantom_ws/install/phantomx_pincher_description/share/phantomx_pincher_description/meshes/DAE/cases/casePowerHub
[0.701s] -- Up-to-date: /home/samsanchez/Documents/Robotics/KIT_Phantom_X_Pincher_ROS2/phantom_ws/install/phantomx_pincher_description/share/phantomx_pincher_description/meshes/DAE/cases/casePowerHub/baseCasePowerHub.dae
[0.701s] -- Up-to-date: /home/samsanchez/Documents/Robotics/KIT_Phantom_X_Pincher_ROS2/phantom_ws/install/phantomx_pincher_description/share/phantomx_pincher_description/meshes/DAE/Canecas
[0.702s] -- Up-to-date: /home/samsanchez/Documents/Robotics/KIT_Phantom_X_Pincher_ROS2/phantom_ws/install/phantomx_pincher_description/share/phantomx_pincher_description/meshes/DAE/Canecas/CanecaGrandeConTapaSlide
[0.702s] -- Up-to-date: /home/samsanchez/Documents/Robotics/KIT_Phantom_X_Pincher_ROS2/phantom_ws/install/phantomx_pincher_description/share/phantomx_pincher_description/meshes/DAE/Canecas/CanecaGrandeConTapaSlide/elevacionCaneca.dae
[0.702s] -- Up-to-date: /home/samsanchez/Documents/Robotics/KIT_Phantom_X_Pincher_ROS2/phantom_ws/install/phantomx_pincher_description/share/phantomx_pincher_description/meshes/DAE/Canecas/CanecaGrandeConTapaSlide/tapaSlide.dae
[0.703s] -- Up-to-date: /home/samsanchez/Documents/Robotics/KIT_Phantom_X_Pincher_ROS2/phantom_ws/install/phantomx_pincher_description/share/phantomx_pincher_description/meshes/DAE/Canecas/CanecaGrandeConTapaSlide/CFFFP_elevacionCaneca.dae
[0.703s] -- Up-to-date: /home/samsanchez/Documents/Robotics/KIT_Phantom_X_Pincher_ROS2/phantom_ws/install/phantomx_pincher_description/share/phantomx_pincher_description/meshes/DAE/Canecas/CanecaGrandeConTapaSlide/canecaGrande.dae
[0.703s] -- Up-to-date: /home/samsanchez/Documents/Robotics/KIT_Phantom_X_Pincher_ROS2/phantom_ws/install/phantomx_pincher_description/share/phantomx_pincher_description/meshes/DAE/anclajes
[0.704s] -- Up-to-date: /home/samsanchez/Documents/Robotics/KIT_Phantom_X_Pincher_ROS2/phantom_ws/install/phantomx_pincher_description/share/phantomx_pincher_description/meshes/DAE/anclajes/anclajeEsquinaTapa.dae
[0.707s] -- Up-to-date: /home/samsanchez/Documents/Robotics/KIT_Phantom_X_Pincher_ROS2/phantom_ws/install/phantomx_pincher_description/share/phantomx_pincher_description/meshes/DAE/anclajes/CFFFP_anclajeEsquinaCanastilla.dae
[0.709s] -- Up-to-date: /home/samsanchez/Documents/Robotics/KIT_Phantom_X_Pincher_ROS2/phantom_ws/install/phantomx_pincher_description/share/phantomx_pincher_description/meshes/DAE/anclajes/anclajeM10.dae
[0.710s] -- Up-to-date: /home/samsanchez/Documents/Robotics/KIT_Phantom_X_Pincher_ROS2/phantom_ws/install/phantomx_pincher_description/share/phantomx_pincher_description/meshes/DAE/anclajes/anclajeEsquinaCanastilla.dae
[0.712s] -- Up-to-date: /home/samsanchez/Documents/Robotics/KIT_Phantom_X_Pincher_ROS2/phantom_ws/install/phantomx_pincher_description/share/phantomx_pincher_description/meshes/DAE/patas
[0.712s] -- Up-to-date: /home/samsanchez/Documents/Robotics/KIT_Phantom_X_Pincher_ROS2/phantom_ws/install/phantomx_pincher_description/share/phantomx_pincher_description/meshes/DAE/patas/pataD20mm.dae
[0.714s] -- Up-to-date: /home/samsanchez/Documents/Robotics/KIT_Phantom_X_Pincher_ROS2/phantom_ws/install/phantomx_pincher_description/share/phantomx_pincher_description/meshes/DAE/patas/pataD15mm.dae
[0.717s] -- Up-to-date: /home/samsanchez/Documents/Robotics/KIT_Phantom_X_Pincher_ROS2/phantom_ws/install/phantomx_pincher_description/share/phantomx_pincher_description/meshes/DAE/zonasDeRecoleccion
[0.717s] -- Up-to-date: /home/samsanchez/Documents/Robotics/KIT_Phantom_X_Pincher_ROS2/phantom_ws/install/phantomx_pincher_description/share/phantomx_pincher_description/meshes/DAE/zonasDeRecoleccion/zonaCircular
[0.717s] -- Up-to-date: /home/samsanchez/Documents/Robotics/KIT_Phantom_X_Pincher_ROS2/phantom_ws/install/phantomx_pincher_description/share/phantomx_pincher_description/meshes/DAE/zonasDeRecoleccion/zonaCircular/zonaCircular146mm.dae
[0.720s] -- Up-to-date: /home/samsanchez/Documents/Robotics/KIT_Phantom_X_Pincher_ROS2/phantom_ws/install/phantomx_pincher_description/share/phantomx_pincher_description/meshes/DAE/tubosOvaladosNiquel
[0.720s] -- Up-to-date: /home/samsanchez/Documents/Robotics/KIT_Phantom_X_Pincher_ROS2/phantom_ws/install/phantomx_pincher_description/share/phantomx_pincher_description/meshes/DAE/tubosOvaladosNiquel/Angujo.dae
[0.720s] -- Up-to-date: /home/samsanchez/Documents/Robotics/KIT_Phantom_X_Pincher_ROS2/phantom_ws/install/phantomx_pincher_description/share/phantomx_pincher_description/meshes/DAE/tubosOvaladosNiquel/EncajeABaseTuboCloset.dae
[0.722s] -- Up-to-date: /home/samsanchez/Documents/Robotics/KIT_Phantom_X_Pincher_ROS2/phantom_ws/install/phantomx_pincher_description/share/phantomx_pincher_description/meshes/visual
[0.722s] -- Up-to-date: /home/samsanchez/Documents/Robotics/KIT_Phantom_X_Pincher_ROS2/phantom_ws/install/phantomx_pincher_description/share/phantomx_pincher_description/meshes/visual/task_board.dae
[0.723s] -- Up-to-date: /home/samsanchez/Documents/Robotics/KIT_Phantom_X_Pincher_ROS2/phantom_ws/install/phantomx_pincher_description/share/phantomx_pincher_description/meshes/visual/ax12.dae
[0.723s] -- Up-to-date: /home/samsanchez/Documents/Robotics/KIT_Phantom_X_Pincher_ROS2/phantom_ws/install/phantomx_pincher_description/share/phantomx_pincher_description/meshes/visual/f2.dae
[0.723s] -- Up-to-date: /home/samsanchez/Documents/Robotics/KIT_Phantom_X_Pincher_ROS2/phantom_ws/install/phantomx_pincher_description/share/phantomx_pincher_description/meshes/visual/f10.dae
[0.723s] -- Up-to-date: /home/samsanchez/Documents/Robotics/KIT_Phantom_X_Pincher_ROS2/phantom_ws/install/phantomx_pincher_description/share/phantomx_pincher_description/meshes/visual/task_board_module_phantomx_pincher_mount.dae
[0.724s] -- Up-to-date: /home/samsanchez/Documents/Robotics/KIT_Phantom_X_Pincher_ROS2/phantom_ws/install/phantomx_pincher_description/share/phantomx_pincher_description/meshes/visual/f4.dae
[0.724s] -- Up-to-date: /home/samsanchez/Documents/Robotics/KIT_Phantom_X_Pincher_ROS2/phantom_ws/install/phantomx_pincher_description/share/phantomx_pincher_description/meshes/visual/gripper_base.dae
[0.728s] -- Up-to-date: /home/samsanchez/Documents/Robotics/KIT_Phantom_X_Pincher_ROS2/phantom_ws/install/phantomx_pincher_description/share/phantomx_pincher_description/meshes/visual/f3.dae
[0.729s] -- Up-to-date: /home/samsanchez/Documents/Robotics/KIT_Phantom_X_Pincher_ROS2/phantom_ws/install/phantomx_pincher_description/share/phantomx_pincher_description/meshes/visual/finger.dae
[0.729s] -- Up-to-date: /home/samsanchez/Documents/Robotics/KIT_Phantom_X_Pincher_ROS2/phantom_ws/install/phantomx_pincher_description/share/phantomx_pincher_description/meshes/visual/phantomx_pincher_mount.dae
[0.730s] -- Up-to-date: /home/samsanchez/Documents/Robotics/KIT_Phantom_X_Pincher_ROS2/phantom_ws/install/phantomx_pincher_description/share/phantomx_pincher_description/meshes/collision
[0.730s] -- Up-to-date: /home/samsanchez/Documents/Robotics/KIT_Phantom_X_Pincher_ROS2/phantom_ws/install/phantomx_pincher_description/share/phantomx_pincher_description/meshes/collision/task_board.stl
[0.732s] -- Up-to-date: /home/samsanchez/Documents/Robotics/KIT_Phantom_X_Pincher_ROS2/phantom_ws/install/phantomx_pincher_description/share/phantomx_pincher_description/meshes/collision/finger.stl
[0.732s] -- Up-to-date: /home/samsanchez/Documents/Robotics/KIT_Phantom_X_Pincher_ROS2/phantom_ws/install/phantomx_pincher_description/share/phantomx_pincher_description/rviz
[0.732s] -- Up-to-date: /home/samsanchez/Documents/Robotics/KIT_Phantom_X_Pincher_ROS2/phantom_ws/install/phantomx_pincher_description/share/phantomx_pincher_description/rviz/view.rviz
[0.732s] -- Up-to-date: /home/samsanchez/Documents/Robotics/KIT_Phantom_X_Pincher_ROS2/phantom_ws/install/phantomx_pincher_description/share/phantomx_pincher_description/urdf
[0.733s] -- Up-to-date: /home/samsanchez/Documents/Robotics/KIT_Phantom_X_Pincher_ROS2/phantom_ws/install/phantomx_pincher_description/share/phantomx_pincher_description/urdf/phantomx_pincher.urdf
[0.735s] -- Up-to-date: /home/samsanchez/Documents/Robotics/KIT_Phantom_X_Pincher_ROS2/phantom_ws/install/phantomx_pincher_description/share/phantomx_pincher_description/urdf/kit.xacro
[0.736s] -- Up-to-date: /home/samsanchez/Documents/Robotics/KIT_Phantom_X_Pincher_ROS2/phantom_ws/install/phantomx_pincher_description/share/phantomx_pincher_description/urdf/phantomx_pincher_mounting.xacro
[0.739s] -- Up-to-date: /home/samsanchez/Documents/Robotics/KIT_Phantom_X_Pincher_ROS2/phantom_ws/install/phantomx_pincher_description/share/phantomx_pincher_description/urdf/phantomx_pincher_hardware.xacro
[0.740s] -- Up-to-date: /home/samsanchez/Documents/Robotics/KIT_Phantom_X_Pincher_ROS2/phantom_ws/install/phantomx_pincher_description/share/phantomx_pincher_description/urdf/phantomx_pincher.urdf.xacro
[0.740s] -- Up-to-date: /home/samsanchez/Documents/Robotics/KIT_Phantom_X_Pincher_ROS2/phantom_ws/install/phantomx_pincher_description/share/phantomx_pincher_description/urdf/phantomx_pincher.gazebo
[0.740s] -- Up-to-date: /home/samsanchez/Documents/Robotics/KIT_Phantom_X_Pincher_ROS2/phantom_ws/install/phantomx_pincher_description/share/phantomx_pincher_description/urdf/phantomx_pincher.ros2_control
[0.741s] -- Up-to-date: /home/samsanchez/Documents/Robotics/KIT_Phantom_X_Pincher_ROS2/phantom_ws/install/phantomx_pincher_description/share/phantomx_pincher_description/urdf/phantomx_pincher_inertial.xacro
[0.741s] -- Up-to-date: /home/samsanchez/Documents/Robotics/KIT_Phantom_X_Pincher_ROS2/phantom_ws/install/phantomx_pincher_description/share/phantomx_pincher_description/urdf/phantomx_pincher_arm.xacro
[0.743s] -- Up-to-date: /home/samsanchez/Documents/Robotics/KIT_Phantom_X_Pincher_ROS2/phantom_ws/install/phantomx_pincher_description/share/phantomx_pincher_description/urdf/phantomx_pincher_utils.xacro
[0.745s] -- Up-to-date: /home/samsanchez/Documents/Robotics/KIT_Phantom_X_Pincher_ROS2/phantom_ws/install/phantomx_pincher_description/share/phantomx_pincher_description/meshes
[0.751s] -- Up-to-date: /home/samsanchez/Documents/Robotics/KIT_Phantom_X_Pincher_ROS2/phantom_ws/install/phantomx_pincher_description/share/phantomx_pincher_description/meshes/STL
[0.753s] -- Up-to-date: /home/samsanchez/Documents/Robotics/KIT_Phantom_X_Pincher_ROS2/phantom_ws/install/phantomx_pincher_description/share/phantomx_pincher_description/meshes/STL/canecaGrande.stl
[0.753s] -- Up-to-date: /home/samsanchez/Documents/Robotics/KIT_Phantom_X_Pincher_ROS2/phantom_ws/install/phantomx_pincher_description/share/phantomx_pincher_description/meshes/STL/ensambleAirpump.stl
[0.753s] -- Up-to-date: /home/samsanchez/Documents/Robotics/KIT_Phantom_X_Pincher_ROS2/phantom_ws/install/phantomx_pincher_description/share/phantomx_pincher_description/meshes/STL/baseElementosFijos.stl
[0.754s] -- Up-to-date: /home/samsanchez/Documents/Robotics/KIT_Phantom_X_Pincher_ROS2/phantom_ws/install/phantomx_pincher_description/share/phantomx_pincher_description/meshes/STL/caseBaseRobot.stl
[0.754s] -- Up-to-date: /home/samsanchez/Documents/Robotics/KIT_Phantom_X_Pincher_ROS2/phantom_ws/install/phantomx_pincher_description/share/phantomx_pincher_description/meshes/STL/ensambleCaneca.stl
[0.754s] -- Up-to-date: /home/samsanchez/Documents/Robotics/KIT_Phantom_X_Pincher_ROS2/phantom_ws/install/phantomx_pincher_description/share/phantomx_pincher_description/meshes/STL/zonaCircular146mm.stl
[0.757s] -- Up-to-date: /home/samsanchez/Documents/Robotics/KIT_Phantom_X_Pincher_ROS2/phantom_ws/install/phantomx_pincher_description/share/phantomx_pincher_description/meshes/STL/manija.stl
[0.758s] -- Up-to-date: /home/samsanchez/Documents/Robotics/KIT_Phantom_X_Pincher_ROS2/phantom_ws/install/phantomx_pincher_description/share/phantomx_pincher_description/meshes/DAE
[0.759s] -- Up-to-date: /home/samsanchez/Documents/Robotics/KIT_Phantom_X_Pincher_ROS2/phantom_ws/install/phantomx_pincher_description/share/phantomx_pincher_description/meshes/DAE/manijas
[0.759s] -- Up-to-date: /home/samsanchez/Documents/Robotics/KIT_Phantom_X_Pincher_ROS2/phantom_ws/install/phantomx_pincher_description/share/phantomx_pincher_description/meshes/DAE/manijas/pataManija.dae
[0.759s] -- Up-to-date: /home/samsanchez/Documents/Robotics/KIT_Phantom_X_Pincher_ROS2/phantom_ws/install/phantomx_pincher_description/share/phantomx_pincher_description/meshes/DAE/manijas/manija.dae
[0.761s] -- Up-to-date: /home/samsanchez/Documents/Robotics/KIT_Phantom_X_Pincher_ROS2/phantom_ws/install/phantomx_pincher_description/share/phantomx_pincher_description/meshes/DAE/bases
[0.762s] -- Up-to-date: /home/samsanchez/Documents/Robotics/KIT_Phantom_X_Pincher_ROS2/phantom_ws/install/phantomx_pincher_description/share/phantomx_pincher_description/meshes/DAE/bases/baseElementosFijos.dae
[0.762s] -- Up-to-date: /home/samsanchez/Documents/Robotics/KIT_Phantom_X_Pincher_ROS2/phantom_ws/install/phantomx_pincher_description/share/phantomx_pincher_description/meshes/DAE/objectsToPick
[0.762s] -- Up-to-date: /home/samsanchez/Documents/Robotics/KIT_Phantom_X_Pincher_ROS2/phantom_ws/install/phantomx_pincher_description/share/phantomx_pincher_description/meshes/DAE/objectsToPick/cilinder25Dx25h.dae
[0.762s] -- Up-to-date: /home/samsanchez/Documents/Robotics/KIT_Phantom_X_Pincher_ROS2/phantom_ws/install/phantomx_pincher_description/share/phantomx_pincher_description/meshes/DAE/objectsToPick/cube25x25.dae
[0.763s] -- Up-to-date: /home/samsanchez/Documents/Robotics/KIT_Phantom_X_Pincher_ROS2/phantom_ws/install/phantomx_pincher_description/share/phantomx_pincher_description/meshes/DAE/cases
[0.763s] -- Up-to-date: /home/samsanchez/Documents/Robotics/KIT_Phantom_X_Pincher_ROS2/phantom_ws/install/phantomx_pincher_description/share/phantomx_pincher_description/meshes/DAE/cases/caseBaseRobot
[0.763s] -- Up-to-date: /home/samsanchez/Documents/Robotics/KIT_Phantom_X_Pincher_ROS2/phantom_ws/install/phantomx_pincher_description/share/phantomx_pincher_description/meshes/DAE/cases/caseBaseRobot/caseBaseRobot.dae
[0.764s] -- Up-to-date: /home/samsanchez/Documents/Robotics/KIT_Phantom_X_Pincher_ROS2/phantom_ws/install/phantomx_pincher_description/share/phantomx_pincher_description/meshes/DAE/cases/caseBaseRobot/clipAnclajeNumero.dae
[0.766s] -- Up-to-date: /home/samsanchez/Documents/Robotics/KIT_Phantom_X_Pincher_ROS2/phantom_ws/install/phantomx_pincher_description/share/phantomx_pincher_description/meshes/DAE/cases/caseBaseRobot/numerosBases.dae
[0.766s] -- Up-to-date: /home/samsanchez/Documents/Robotics/KIT_Phantom_X_Pincher_ROS2/phantom_ws/install/phantomx_pincher_description/share/phantomx_pincher_description/meshes/DAE/cases/caseArbotixM
[0.766s] -- Up-to-date: /home/samsanchez/Documents/Robotics/KIT_Phantom_X_Pincher_ROS2/phantom_ws/install/phantomx_pincher_description/share/phantomx_pincher_description/meshes/DAE/cases/caseArbotixM/base.dae
[0.767s] -- Up-to-date: /home/samsanchez/Documents/Robotics/KIT_Phantom_X_Pincher_ROS2/phantom_ws/install/phantomx_pincher_description/share/phantomx_pincher_description/meshes/DAE/cases/caseArbotixM/tapa.dae
[0.767s] -- Up-to-date: /home/samsanchez/Documents/Robotics/KIT_Phantom_X_Pincher_ROS2/phantom_ws/install/phantomx_pincher_description/share/phantomx_pincher_description/meshes/DAE/cases/cases
[0.767s] -- Up-to-date: /home/samsanchez/Documents/Robotics/KIT_Phantom_X_Pincher_ROS2/phantom_ws/install/phantomx_pincher_description/share/phantomx_pincher_description/meshes/DAE/cases/cases/caseBaseRobot.dae
[0.771s] -- Up-to-date: /home/samsanchez/Documents/Robotics/KIT_Phantom_X_Pincher_ROS2/phantom_ws/install/phantomx_pincher_description/share/phantomx_pincher_description/meshes/DAE/cases/cases/baseMicroAirPump370A.dae
[0.772s] -- Up-to-date: /home/samsanchez/Documents/Robotics/KIT_Phantom_X_Pincher_ROS2/phantom_ws/install/phantomx_pincher_description/share/phantomx_pincher_description/meshes/DAE/cases/cases/caseRaspberryPi5
[0.772s] -- Up-to-date: /home/samsanchez/Documents/Robotics/KIT_Phantom_X_Pincher_ROS2/phantom_ws/install/phantomx_pincher_description/share/phantomx_pincher_description/meshes/DAE/cases/cases/caseRaspberryPi5/baseCaseRaspberry.dae
[0.772s] -- Up-to-date: /home/samsanchez/Documents/Robotics/KIT_Phantom_X_Pincher_ROS2/phantom_ws/install/phantomx_pincher_description/share/phantomx_pincher_description/meshes/DAE/cases/cases/caseRaspberryPi5/tapaRaspberry.dae
[0.774s] -- Up-to-date: /home/samsanchez/Documents/Robotics/KIT_Phantom_X_Pincher_ROS2/phantom_ws/install/phantomx_pincher_description/share/phantomx_pincher_description/meshes/DAE/cases/cases/tapaMicroAirPump370A.dae
[0.775s] -- Up-to-date: /home/samsanchez/Documents/Robotics/KIT_Phantom_X_Pincher_ROS2/phantom_ws/install/phantomx_pincher_description/share/phantomx_pincher_description/meshes/DAE/cases/caseRaspberryPi5
[0.775s] -- Up-to-date: /home/samsanchez/Documents/Robotics/KIT_Phantom_X_Pincher_ROS2/phantom_ws/install/phantomx_pincher_description/share/phantomx_pincher_description/meshes/DAE/cases/caseRaspberryPi5/baseCaseRaspberry.dae
[0.775s] -- Up-to-date: /home/samsanchez/Documents/Robotics/KIT_Phantom_X_Pincher_ROS2/phantom_ws/install/phantomx_pincher_description/share/phantomx_pincher_description/meshes/DAE/cases/caseRaspberryPi5/tapaSlide.dae
[0.776s] -- Up-to-date: /home/samsanchez/Documents/Robotics/KIT_Phantom_X_Pincher_ROS2/phantom_ws/install/phantomx_pincher_description/share/phantomx_pincher_description/meshes/DAE/cases/caseRaspberryPi5/tapaRaspberry.dae
[0.776s] -- Up-to-date: /home/samsanchez/Documents/Robotics/KIT_Phantom_X_Pincher_ROS2/phantom_ws/install/phantomx_pincher_description/share/phantomx_pincher_description/meshes/DAE/cases/caseUSB2Dynamixel
[0.776s] -- Up-to-date: /home/samsanchez/Documents/Robotics/KIT_Phantom_X_Pincher_ROS2/phantom_ws/install/phantomx_pincher_description/share/phantomx_pincher_description/meshes/DAE/cases/caseUSB2Dynamixel/baseUBS2.dae
[0.777s] -- Up-to-date: /home/samsanchez/Documents/Robotics/KIT_Phantom_X_Pincher_ROS2/phantom_ws/install/phantomx_pincher_description/share/phantomx_pincher_description/meshes/DAE/cases/caseUSB2Dynamixel/acopleGrande.dae
[0.777s] -- Up-to-date: /home/samsanchez/Documents/Robotics/KIT_Phantom_X_Pincher_ROS2/phantom_ws/install/phantomx_pincher_description/share/phantomx_pincher_description/meshes/DAE/cases/caseUSB2Dynamixel/acoplePequeño.dae
[0.777s] -- Up-to-date: /home/samsanchez/Documents/Robotics/KIT_Phantom_X_Pincher_ROS2/phantom_ws/install/phantomx_pincher_description/share/phantomx_pincher_description/meshes/DAE/cases/microAirpump
[0.777s] -- Up-to-date: /home/samsanchez/Documents/Robotics/KIT_Phantom_X_Pincher_ROS2/phantom_ws/install/phantomx_pincher_description/share/phantomx_pincher_description/meshes/DAE/cases/microAirpump/caseAirpumpBottom.dae
[0.778s] -- Up-to-date: /home/samsanchez/Documents/Robotics/KIT_Phantom_X_Pincher_ROS2/phantom_ws/install/phantomx_pincher_description/share/phantomx_pincher_description/meshes/DAE/cases/microAirpump/caseAirpumpTop.dae
[0.778s] -- Up-to-date: /home/samsanchez/Documents/Robotics/KIT_Phantom_X_Pincher_ROS2/phantom_ws/install/phantomx_pincher_description/share/phantomx_pincher_description/meshes/DAE/cases/casePowerHub
[0.778s] -- Up-to-date: /home/samsanchez/Documents/Robotics/KIT_Phantom_X_Pincher_ROS2/phantom_ws/install/phantomx_pincher_description/share/phantomx_pincher_description/meshes/DAE/cases/casePowerHub/baseCasePowerHub.dae
[0.779s] -- Up-to-date: /home/samsanchez/Documents/Robotics/KIT_Phantom_X_Pincher_ROS2/phantom_ws/install/phantomx_pincher_description/share/phantomx_pincher_description/meshes/DAE/Canecas
[0.781s] -- Up-to-date: /home/samsanchez/Documents/Robotics/KIT_Phantom_X_Pincher_ROS2/phantom_ws/install/phantomx_pincher_description/share/phantomx_pincher_description/meshes/DAE/Canecas/CanecaGrandeConTapaSlide
[0.782s] -- Up-to-date: /home/samsanchez/Documents/Robotics/KIT_Phantom_X_Pincher_ROS2/phantom_ws/install/phantomx_pincher_description/share/phantomx_pincher_description/meshes/DAE/Canecas/CanecaGrandeConTapaSlide/elevacionCaneca.dae
[0.782s] -- Up-to-date: /home/samsanchez/Documents/Robotics/KIT_Phantom_X_Pincher_ROS2/phantom_ws/install/phantomx_pincher_description/share/phantomx_pincher_description/meshes/DAE/Canecas/CanecaGrandeConTapaSlide/tapaSlide.dae
[0.782s] -- Up-to-date: /home/samsanchez/Documents/Robotics/KIT_Phantom_X_Pincher_ROS2/phantom_ws/install/phantomx_pincher_description/share/phantomx_pincher_description/meshes/DAE/Canecas/CanecaGrandeConTapaSlide/CFFFP_elevacionCaneca.dae
[0.785s] -- Up-to-date: /home/samsanchez/Documents/Robotics/KIT_Phantom_X_Pincher_ROS2/phantom_ws/install/phantomx_pincher_description/share/phantomx_pincher_description/meshes/DAE/Canecas/CanecaGrandeConTapaSlide/canecaGrande.dae
[0.786s] -- Up-to-date: /home/samsanchez/Documents/Robotics/KIT_Phantom_X_Pincher_ROS2/phantom_ws/install/phantomx_pincher_description/share/phantomx_pincher_description/meshes/DAE/anclajes
[0.786s] -- Up-to-date: /home/samsanchez/Documents/Robotics/KIT_Phantom_X_Pincher_ROS2/phantom_ws/install/phantomx_pincher_description/share/phantomx_pincher_description/meshes/DAE/anclajes/anclajeEsquinaTapa.dae
[0.786s] -- Up-to-date: /home/samsanchez/Documents/Robotics/KIT_Phantom_X_Pincher_ROS2/phantom_ws/install/phantomx_pincher_description/share/phantomx_pincher_description/meshes/DAE/anclajes/CFFFP_anclajeEsquinaCanastilla.dae
[0.787s] -- Up-to-date: /home/samsanchez/Documents/Robotics/KIT_Phantom_X_Pincher_ROS2/phantom_ws/install/phantomx_pincher_description/share/phantomx_pincher_description/meshes/DAE/anclajes/anclajeM10.dae
[0.787s] -- Up-to-date: /home/samsanchez/Documents/Robotics/KIT_Phantom_X_Pincher_ROS2/phantom_ws/install/phantomx_pincher_description/share/phantomx_pincher_description/meshes/DAE/anclajes/anclajeEsquinaCanastilla.dae
[0.788s] -- Up-to-date: /home/samsanchez/Documents/Robotics/KIT_Phantom_X_Pincher_ROS2/phantom_ws/install/phantomx_pincher_description/share/phantomx_pincher_description/meshes/DAE/patas
[0.789s] -- Up-to-date: /home/samsanchez/Documents/Robotics/KIT_Phantom_X_Pincher_ROS2/phantom_ws/install/phantomx_pincher_description/share/phantomx_pincher_description/meshes/DAE/patas/pataD20mm.dae
[0.790s] -- Up-to-date: /home/samsanchez/Documents/Robotics/KIT_Phantom_X_Pincher_ROS2/phantom_ws/install/phantomx_pincher_description/share/phantomx_pincher_description/meshes/DAE/patas/pataD15mm.dae
[0.791s] -- Up-to-date: /home/samsanchez/Documents/Robotics/KIT_Phantom_X_Pincher_ROS2/phantom_ws/install/phantomx_pincher_description/share/phantomx_pincher_description/meshes/DAE/zonasDeRecoleccion
[0.793s] -- Up-to-date: /home/samsanchez/Documents/Robotics/KIT_Phantom_X_Pincher_ROS2/phantom_ws/install/phantomx_pincher_description/share/phantomx_pincher_description/meshes/DAE/zonasDeRecoleccion/zonaCircular
[0.795s] -- Up-to-date: /home/samsanchez/Documents/Robotics/KIT_Phantom_X_Pincher_ROS2/phantom_ws/install/phantomx_pincher_description/share/phantomx_pincher_description/meshes/DAE/zonasDeRecoleccion/zonaCircular/zonaCircular146mm.dae
[0.797s] -- Up-to-date: /home/samsanchez/Documents/Robotics/KIT_Phantom_X_Pincher_ROS2/phantom_ws/install/phantomx_pincher_description/share/phantomx_pincher_description/meshes/DAE/tubosOvaladosNiquel
[0.797s] -- Up-to-date: /home/samsanchez/Documents/Robotics/KIT_Phantom_X_Pincher_ROS2/phantom_ws/install/phantomx_pincher_description/share/phantomx_pincher_description/meshes/DAE/tubosOvaladosNiquel/Angujo.dae
[0.799s] -- Up-to-date: /home/samsanchez/Documents/Robotics/KIT_Phantom_X_Pincher_ROS2/phantom_ws/install/phantomx_pincher_description/share/phantomx_pincher_description/meshes/DAE/tubosOvaladosNiquel/EncajeABaseTuboCloset.dae
[0.799s] -- Up-to-date: /home/samsanchez/Documents/Robotics/KIT_Phantom_X_Pincher_ROS2/phantom_ws/install/phantomx_pincher_description/share/phantomx_pincher_description/meshes/visual
[0.799s] -- Up-to-date: /home/samsanchez/Documents/Robotics/KIT_Phantom_X_Pincher_ROS2/phantom_ws/install/phantomx_pincher_description/share/phantomx_pincher_description/meshes/visual/task_board.dae
[0.802s] -- Up-to-date: /home/samsanchez/Documents/Robotics/KIT_Phantom_X_Pincher_ROS2/phantom_ws/install/phantomx_pincher_description/share/phantomx_pincher_description/meshes/visual/ax12.dae
[0.802s] -- Up-to-date: /home/samsanchez/Documents/Robotics/KIT_Phantom_X_Pincher_ROS2/phantom_ws/install/phantomx_pincher_description/share/phantomx_pincher_description/meshes/visual/f2.dae
[0.804s] -- Up-to-date: /home/samsanchez/Documents/Robotics/KIT_Phantom_X_Pincher_ROS2/phantom_ws/install/phantomx_pincher_description/share/phantomx_pincher_description/meshes/visual/f10.dae
[0.806s] -- Up-to-date: /home/samsanchez/Documents/Robotics/KIT_Phantom_X_Pincher_ROS2/phantom_ws/install/phantomx_pincher_description/share/phantomx_pincher_description/meshes/visual/task_board_module_phantomx_pincher_mount.dae
[0.807s] -- Up-to-date: /home/samsanchez/Documents/Robotics/KIT_Phantom_X_Pincher_ROS2/phantom_ws/install/phantomx_pincher_description/share/phantomx_pincher_description/meshes/visual/f4.dae
[0.807s] -- Up-to-date: /home/samsanchez/Documents/Robotics/KIT_Phantom_X_Pincher_ROS2/phantom_ws/install/phantomx_pincher_description/share/phantomx_pincher_description/meshes/visual/gripper_base.dae
[0.808s] -- Up-to-date: /home/samsanchez/Documents/Robotics/KIT_Phantom_X_Pincher_ROS2/phantom_ws/install/phantomx_pincher_description/share/phantomx_pincher_description/meshes/visual/f3.dae
[0.808s] -- Up-to-date: /home/samsanchez/Documents/Robotics/KIT_Phantom_X_Pincher_ROS2/phantom_ws/install/phantomx_pincher_description/share/phantomx_pincher_description/meshes/visual/finger.dae
[0.811s] -- Up-to-date: /home/samsanchez/Documents/Robotics/KIT_Phantom_X_Pincher_ROS2/phantom_ws/install/phantomx_pincher_description/share/phantomx_pincher_description/meshes/visual/phantomx_pincher_mount.dae
[0.812s] -- Up-to-date: /home/samsanchez/Documents/Robotics/KIT_Phantom_X_Pincher_ROS2/phantom_ws/install/phantomx_pincher_description/share/phantomx_pincher_description/meshes/collision
[0.815s] -- Up-to-date: /home/samsanchez/Documents/Robotics/KIT_Phantom_X_Pincher_ROS2/phantom_ws/install/phantomx_pincher_description/share/phantomx_pincher_description/meshes/collision/task_board.stl
[0.815s] -- Up-to-date: /home/samsanchez/Documents/Robotics/KIT_Phantom_X_Pincher_ROS2/phantom_ws/install/phantomx_pincher_description/share/phantomx_pincher_description/meshes/collision/finger.stl
[0.815s] -- Up-to-date: /home/samsanchez/Documents/Robotics/KIT_Phantom_X_Pincher_ROS2/phantom_ws/install/phantomx_pincher_description/share/phantomx_pincher_description/environment/phantomx_pincher_description.dsv
[0.816s] -- Up-to-date: /home/samsanchez/Documents/Robotics/KIT_Phantom_X_Pincher_ROS2/phantom_ws/install/phantomx_pincher_description/share/phantomx_pincher_description/environment/phantomx_pincher_description.sh
[0.816s] -- Up-to-date: /home/samsanchez/Documents/Robotics/KIT_Phantom_X_Pincher_ROS2/phantom_ws/install/phantomx_pincher_description/share/ament_index/resource_index/package_run_dependencies/phantomx_pincher_description
[0.817s] -- Up-to-date: /home/samsanchez/Documents/Robotics/KIT_Phantom_X_Pincher_ROS2/phantom_ws/install/phantomx_pincher_description/share/ament_index/resource_index/parent_prefix_path/phantomx_pincher_description
[0.818s] -- Up-to-date: /home/samsanchez/Documents/Robotics/KIT_Phantom_X_Pincher_ROS2/phantom_ws/install/phantomx_pincher_description/share/phantomx_pincher_description/environment/ament_prefix_path.sh
[0.820s] -- Up-to-date: /home/samsanchez/Documents/Robotics/KIT_Phantom_X_Pincher_ROS2/phantom_ws/install/phantomx_pincher_description/share/phantomx_pincher_description/environment/ament_prefix_path.dsv
[0.824s] -- Up-to-date: /home/samsanchez/Documents/Robotics/KIT_Phantom_X_Pincher_ROS2/phantom_ws/install/phantomx_pincher_description/share/phantomx_pincher_description/environment/path.sh
[0.824s] -- Up-to-date: /home/samsanchez/Documents/Robotics/KIT_Phantom_X_Pincher_ROS2/phantom_ws/install/phantomx_pincher_description/share/phantomx_pincher_description/environment/path.dsv
[0.826s] -- Up-to-date: /home/samsanchez/Documents/Robotics/KIT_Phantom_X_Pincher_ROS2/phantom_ws/install/phantomx_pincher_description/share/phantomx_pincher_description/local_setup.bash
[0.829s] -- Up-to-date: /home/samsanchez/Documents/Robotics/KIT_Phantom_X_Pincher_ROS2/phantom_ws/install/phantomx_pincher_description/share/phantomx_pincher_description/local_setup.sh
[0.829s] -- Up-to-date: /home/samsanchez/Documents/Robotics/KIT_Phantom_X_Pincher_ROS2/phantom_ws/install/phantomx_pincher_description/share/phantomx_pincher_description/local_setup.zsh
[0.830s] -- Up-to-date: /home/samsanchez/Documents/Robotics/KIT_Phantom_X_Pincher_ROS2/phantom_ws/install/phantomx_pincher_description/share/phantomx_pincher_description/local_setup.dsv
[0.833s] -- Installing: /home/samsanchez/Documents/Robotics/KIT_Phantom_X_Pincher_ROS2/phantom_ws/install/phantomx_pincher_description/share/phantomx_pincher_description/package.dsv
[0.837s] -- Up-to-date: /home/samsanchez/Documents/Robotics/KIT_Phantom_X_Pincher_ROS2/phantom_ws/install/phantomx_pincher_description/share/ament_index/resource_index/packages/phantomx_pincher_description
[0.837s] -- Up-to-date: /home/samsanchez/Documents/Robotics/KIT_Phantom_X_Pincher_ROS2/phantom_ws/install/phantomx_pincher_description/share/phantomx_pincher_description/cmake/phantomx_pincher_descriptionConfig.cmake
[0.841s] -- Up-to-date: /home/samsanchez/Documents/Robotics/KIT_Phantom_X_Pincher_ROS2/phantom_ws/install/phantomx_pincher_description/share/phantomx_pincher_description/cmake/phantomx_pincher_descriptionConfig-version.cmake
[0.841s] -- Up-to-date: /home/samsanchez/Documents/Robotics/KIT_Phantom_X_Pincher_ROS2/phantom_ws/install/phantomx_pincher_description/share/phantomx_pincher_description/package.xml
[0.855s] Invoked command in '/home/samsanchez/Documents/Robotics/KIT_Phantom_X_Pincher_ROS2/phantom_ws/build/phantomx_pincher_description' returned '0': CMAKE_PREFIX_PATH=${CMAKE_PREFIX_PATH}:/home/samsanchez/Documents/Robotics/KIT_Phantom_X_Pincher_ROS2/phantom_ws/install/pincher_control:/opt/ros/humble /usr/bin/cmake --install /home/samsanchez/Documents/Robotics/KIT_Phantom_X_Pincher_ROS2/phantom_ws/build/phantomx_pincher_description
