[0.066s] Invoking command in '/home/samsanchez/Documents/Robotics/KIT_Phantom_X_Pincher_ROS2/phantom_ws/build/phantomx_pincher_demos': AMENT_PREFIX_PATH=/home/samsanchez/Documents/Robotics/KIT_Phantom_X_Pincher_ROS2/phantom_ws/install/phantomx_pincher:/home/samsanchez/Documents/Robotics/KIT_Phantom_X_Pincher_ROS2/phantom_ws/install/phantomx_pincher_moveit_config:/home/samsanchez/Documents/Robotics/KIT_Phantom_X_Pincher_ROS2/phantom_ws/install/phantomx_pincher_description:${AMENT_PREFIX_PATH} CMAKE_PREFIX_PATH=/home/samsanchez/Documents/Robotics/KIT_Phantom_X_Pincher_ROS2/phantom_ws/install/phantomx_pincher:/home/samsanchez/Documents/Robotics/KIT_Phantom_X_Pincher_ROS2/phantom_ws/install/phantomx_pincher_moveit_config:/home/samsanchez/Documents/Robotics/KIT_Phantom_X_Pincher_ROS2/phantom_ws/install/phantomx_pincher_description:/opt/ros/humble IGN_GAZEBO_RESOURCE_PATH=/home/samsanchez/Documents/Robotics/KIT_Phantom_X_Pincher_ROS2/phantom_ws/install/phantomx_pincher_description/share/phantomx_pincher_description /usr/bin/cmake --build /home/samsanchez/Documents/Robotics/KIT_Phantom_X_Pincher_ROS2/phantom_ws/build/phantomx_pincher_demos -- -j2 -l2
[0.313s] Invoked command in '/home/samsanchez/Documents/Robotics/KIT_Phantom_X_Pincher_ROS2/phantom_ws/build/phantomx_pincher_demos' returned '0': AMENT_PREFIX_PATH=/home/samsanchez/Documents/Robotics/KIT_Phantom_X_Pincher_ROS2/phantom_ws/install/phantomx_pincher:/home/samsanchez/Documents/Robotics/KIT_Phantom_X_Pincher_ROS2/phantom_ws/install/phantomx_pincher_moveit_config:/home/samsanchez/Documents/Robotics/KIT_Phantom_X_Pincher_ROS2/phantom_ws/install/phantomx_pincher_description:${AMENT_PREFIX_PATH} CMAKE_PREFIX_PATH=/home/samsanchez/Documents/Robotics/KIT_Phantom_X_Pincher_ROS2/phantom_ws/install/phantomx_pincher:/home/samsanchez/Documents/Robotics/KIT_Phantom_X_Pincher_ROS2/phantom_ws/install/phantomx_pincher_moveit_config:/home/samsanchez/Documents/Robotics/KIT_Phantom_X_Pincher_ROS2/phantom_ws/install/phantomx_pincher_description:/opt/ros/humble IGN_GAZEBO_RESOURCE_PATH=/home/samsanchez/Documents/Robotics/KIT_Phantom_X_Pincher_ROS2/phantom_ws/install/phantomx_pincher_description/share/phantomx_pincher_description /usr/bin/cmake --build /home/samsanchez/Documents/Robotics/KIT_Phantom_X_Pincher_ROS2/phantom_ws/build/phantomx_pincher_demos -- -j2 -l2
[0.323s] Invoking command in '/home/samsanchez/Documents/Robotics/KIT_Phantom_X_Pincher_ROS2/phantom_ws/build/phantomx_pincher_demos': AMENT_PREFIX_PATH=/home/samsanchez/Documents/Robotics/KIT_Phantom_X_Pincher_ROS2/phantom_ws/install/phantomx_pincher:/home/samsanchez/Documents/Robotics/KIT_Phantom_X_Pincher_ROS2/phantom_ws/install/phantomx_pincher_moveit_config:/home/samsanchez/Documents/Robotics/KIT_Phantom_X_Pincher_ROS2/phantom_ws/install/phantomx_pincher_description:${AMENT_PREFIX_PATH} CMAKE_PREFIX_PATH=/home/samsanchez/Documents/Robotics/KIT_Phantom_X_Pincher_ROS2/phantom_ws/install/phantomx_pincher:/home/samsanchez/Documents/Robotics/KIT_Phantom_X_Pincher_ROS2/phantom_ws/install/phantomx_pincher_moveit_config:/home/samsanchez/Documents/Robotics/KIT_Phantom_X_Pincher_ROS2/phantom_ws/install/phantomx_pincher_description:/opt/ros/humble IGN_GAZEBO_RESOURCE_PATH=/home/samsanchez/Documents/Robotics/KIT_Phantom_X_Pincher_ROS2/phantom_ws/install/phantomx_pincher_description/share/phantomx_pincher_description /usr/bin/cmake --install /home/samsanchez/Documents/Robotics/KIT_Phantom_X_Pincher_ROS2/phantom_ws/build/phantomx_pincher_demos
[0.406s] -- Install configuration: ""
[0.411s] -- Up-to-date: /home/samsanchez/Documents/Robotics/KIT_Phantom_X_Pincher_ROS2/phantom_ws/install/phantomx_pincher_demos/share/phantomx_pincher_demos/launch
[0.412s] -- Up-to-date: /home/samsanchez/Documents/Robotics/KIT_Phantom_X_Pincher_ROS2/phantom_ws/install/phantomx_pincher_demos/share/phantomx_pincher_demos/launch/demo_orbit_pick_and_place.launch.py
[0.412s] -- Up-to-date: /home/samsanchez/Documents/Robotics/KIT_Phantom_X_Pincher_ROS2/phantom_ws/install/phantomx_pincher_demos/share/phantomx_pincher_demos/launch/demo_rover_peg_in_hole.launch.py
[0.412s] -- Up-to-date: /home/samsanchez/Documents/Robotics/KIT_Phantom_X_Pincher_ROS2/phantom_ws/install/phantomx_pincher_demos/share/phantomx_pincher_demos/launch/demo_moon_camera_sensors.launch.py
[0.413s] -- Up-to-date: /home/samsanchez/Documents/Robotics/KIT_Phantom_X_Pincher_ROS2/phantom_ws/install/phantomx_pincher_demos/share/phantomx_pincher_demos/rviz
[0.413s] -- Up-to-date: /home/samsanchez/Documents/Robotics/KIT_Phantom_X_Pincher_ROS2/phantom_ws/install/phantomx_pincher_demos/share/phantomx_pincher_demos/rviz/demo_rover_peg_in_hole.rviz
[0.414s] -- Up-to-date: /home/samsanchez/Documents/Robotics/KIT_Phantom_X_Pincher_ROS2/phantom_ws/install/phantomx_pincher_demos/share/phantomx_pincher_demos/rviz/demo_moon_camera_sensors.rviz
[0.419s] -- Up-to-date: /home/samsanchez/Documents/Robotics/KIT_Phantom_X_Pincher_ROS2/phantom_ws/install/phantomx_pincher_demos/share/phantomx_pincher_demos/rviz/demo_orbit_pick_and_place.rviz
[0.427s] -- Up-to-date: /home/samsanchez/Documents/Robotics/KIT_Phantom_X_Pincher_ROS2/phantom_ws/install/phantomx_pincher_demos/share/phantomx_pincher_demos/worlds
[0.427s] -- Up-to-date: /home/samsanchez/Documents/Robotics/KIT_Phantom_X_Pincher_ROS2/phantom_ws/install/phantomx_pincher_demos/share/phantomx_pincher_demos/worlds/rover_peg_in_hole.sdf
[0.436s] -- Up-to-date: /home/samsanchez/Documents/Robotics/KIT_Phantom_X_Pincher_ROS2/phantom_ws/install/phantomx_pincher_demos/share/phantomx_pincher_demos/worlds/moon_camera_sensors.sdf
[0.437s] -- Up-to-date: /home/samsanchez/Documents/Robotics/KIT_Phantom_X_Pincher_ROS2/phantom_ws/install/phantomx_pincher_demos/share/phantomx_pincher_demos/worlds/orbit_pick_and_place.sdf
[0.437s] -- Up-to-date: /home/samsanchez/Documents/Robotics/KIT_Phantom_X_Pincher_ROS2/phantom_ws/install/phantomx_pincher_demos/share/phantomx_pincher_demos/assets
[0.442s] -- Up-to-date: /home/samsanchez/Documents/Robotics/KIT_Phantom_X_Pincher_ROS2/phantom_ws/install/phantomx_pincher_demos/share/phantomx_pincher_demos/assets/suzanne.stl
[0.442s] -- Up-to-date: /home/samsanchez/Documents/Robotics/KIT_Phantom_X_Pincher_ROS2/phantom_ws/install/phantomx_pincher_demos/share/phantomx_pincher_demos/assets/module_holes.stl
[0.443s] -- Up-to-date: /home/samsanchez/Documents/Robotics/KIT_Phantom_X_Pincher_ROS2/phantom_ws/install/phantomx_pincher_demos/lib/phantomx_pincher_demos/demo_observe_scene.py
[0.443s] -- Up-to-date: /home/samsanchez/Documents/Robotics/KIT_Phantom_X_Pincher_ROS2/phantom_ws/install/phantomx_pincher_demos/lib/phantomx_pincher_demos/demo_peg_in_hole.py
[0.443s] -- Up-to-date: /home/samsanchez/Documents/Robotics/KIT_Phantom_X_Pincher_ROS2/phantom_ws/install/phantomx_pincher_demos/lib/phantomx_pincher_demos/demo_pick_and_place.py
[0.443s] -- Up-to-date: /home/samsanchez/Documents/Robotics/KIT_Phantom_X_Pincher_ROS2/phantom_ws/install/phantomx_pincher_demos/lib/phantomx_pincher_demos/ex_collision_mesh.py
[0.444s] -- Up-to-date: /home/samsanchez/Documents/Robotics/KIT_Phantom_X_Pincher_ROS2/phantom_ws/install/phantomx_pincher_demos/lib/phantomx_pincher_demos/ex_collision_primitive.py
[0.444s] -- Up-to-date: /home/samsanchez/Documents/Robotics/KIT_Phantom_X_Pincher_ROS2/phantom_ws/install/phantomx_pincher_demos/lib/phantomx_pincher_demos/ex_gripper.py
[0.445s] -- Up-to-date: /home/samsanchez/Documents/Robotics/KIT_Phantom_X_Pincher_ROS2/phantom_ws/install/phantomx_pincher_demos/lib/phantomx_pincher_demos/ex_joint_goal.py
[0.446s] -- Up-to-date: /home/samsanchez/Documents/Robotics/KIT_Phantom_X_Pincher_ROS2/phantom_ws/install/phantomx_pincher_demos/lib/phantomx_pincher_demos/ex_pose_goal.py
[0.446s] -- Up-to-date: /home/samsanchez/Documents/Robotics/KIT_Phantom_X_Pincher_ROS2/phantom_ws/install/phantomx_pincher_demos/lib/phantomx_pincher_demos/ex_servo.py
[0.446s] -- Up-to-date: /home/samsanchez/Documents/Robotics/KIT_Phantom_X_Pincher_ROS2/phantom_ws/install/phantomx_pincher_demos/lib/phantomx_pincher_demos/template.py
[0.447s] -- Up-to-date: /home/samsanchez/Documents/Robotics/KIT_Phantom_X_Pincher_ROS2/phantom_ws/install/phantomx_pincher_demos/share/ament_index/resource_index/package_run_dependencies/phantomx_pincher_demos
[0.447s] -- Up-to-date: /home/samsanchez/Documents/Robotics/KIT_Phantom_X_Pincher_ROS2/phantom_ws/install/phantomx_pincher_demos/share/ament_index/resource_index/parent_prefix_path/phantomx_pincher_demos
[0.447s] -- Up-to-date: /home/samsanchez/Documents/Robotics/KIT_Phantom_X_Pincher_ROS2/phantom_ws/install/phantomx_pincher_demos/share/phantomx_pincher_demos/environment/ament_prefix_path.sh
[0.452s] -- Up-to-date: /home/samsanchez/Documents/Robotics/KIT_Phantom_X_Pincher_ROS2/phantom_ws/install/phantomx_pincher_demos/share/phantomx_pincher_demos/environment/ament_prefix_path.dsv
[0.453s] -- Up-to-date: /home/samsanchez/Documents/Robotics/KIT_Phantom_X_Pincher_ROS2/phantom_ws/install/phantomx_pincher_demos/share/phantomx_pincher_demos/environment/path.sh
[0.453s] -- Up-to-date: /home/samsanchez/Documents/Robotics/KIT_Phantom_X_Pincher_ROS2/phantom_ws/install/phantomx_pincher_demos/share/phantomx_pincher_demos/environment/path.dsv
[0.453s] -- Up-to-date: /home/samsanchez/Documents/Robotics/KIT_Phantom_X_Pincher_ROS2/phantom_ws/install/phantomx_pincher_demos/share/phantomx_pincher_demos/local_setup.bash
[0.453s] -- Up-to-date: /home/samsanchez/Documents/Robotics/KIT_Phantom_X_Pincher_ROS2/phantom_ws/install/phantomx_pincher_demos/share/phantomx_pincher_demos/local_setup.sh
[0.454s] -- Up-to-date: /home/samsanchez/Documents/Robotics/KIT_Phantom_X_Pincher_ROS2/phantom_ws/install/phantomx_pincher_demos/share/phantomx_pincher_demos/local_setup.zsh
[0.454s] -- Up-to-date: /home/samsanchez/Documents/Robotics/KIT_Phantom_X_Pincher_ROS2/phantom_ws/install/phantomx_pincher_demos/share/phantomx_pincher_demos/local_setup.dsv
[0.454s] -- Installing: /home/samsanchez/Documents/Robotics/KIT_Phantom_X_Pincher_ROS2/phantom_ws/install/phantomx_pincher_demos/share/phantomx_pincher_demos/package.dsv
[0.455s] -- Up-to-date: /home/samsanchez/Documents/Robotics/KIT_Phantom_X_Pincher_ROS2/phantom_ws/install/phantomx_pincher_demos/share/ament_index/resource_index/packages/phantomx_pincher_demos
[0.455s] -- Up-to-date: /home/samsanchez/Documents/Robotics/KIT_Phantom_X_Pincher_ROS2/phantom_ws/install/phantomx_pincher_demos/share/phantomx_pincher_demos/cmake/phantomx_pincher_demosConfig.cmake
[0.456s] -- Up-to-date: /home/samsanchez/Documents/Robotics/KIT_Phantom_X_Pincher_ROS2/phantom_ws/install/phantomx_pincher_demos/share/phantomx_pincher_demos/cmake/phantomx_pincher_demosConfig-version.cmake
[0.457s] -- Up-to-date: /home/samsanchez/Documents/Robotics/KIT_Phantom_X_Pincher_ROS2/phantom_ws/install/phantomx_pincher_demos/share/phantomx_pincher_demos/package.xml
[0.462s] Invoked command in '/home/samsanchez/Documents/Robotics/KIT_Phantom_X_Pincher_ROS2/phantom_ws/build/phantomx_pincher_demos' returned '0': AMENT_PREFIX_PATH=/home/samsanchez/Documents/Robotics/KIT_Phantom_X_Pincher_ROS2/phantom_ws/install/phantomx_pincher:/home/samsanchez/Documents/Robotics/KIT_Phantom_X_Pincher_ROS2/phantom_ws/install/phantomx_pincher_moveit_config:/home/samsanchez/Documents/Robotics/KIT_Phantom_X_Pincher_ROS2/phantom_ws/install/phantomx_pincher_description:${AMENT_PREFIX_PATH} CMAKE_PREFIX_PATH=/home/samsanchez/Documents/Robotics/KIT_Phantom_X_Pincher_ROS2/phantom_ws/install/phantomx_pincher:/home/samsanchez/Documents/Robotics/KIT_Phantom_X_Pincher_ROS2/phantom_ws/install/phantomx_pincher_moveit_config:/home/samsanchez/Documents/Robotics/KIT_Phantom_X_Pincher_ROS2/phantom_ws/install/phantomx_pincher_description:/opt/ros/humble IGN_GAZEBO_RESOURCE_PATH=/home/samsanchez/Documents/Robotics/KIT_Phantom_X_Pincher_ROS2/phantom_ws/install/phantomx_pincher_description/share/phantomx_pincher_description /usr/bin/cmake --install /home/samsanchez/Documents/Robotics/KIT_Phantom_X_Pincher_ROS2/phantom_ws/build/phantomx_pincher_demos
