[0.136s] DEBUG:colcon:Command line arguments: ['/usr/bin/colcon', 'build']
[0.136s] DEBUG:colcon:Parsed command line arguments: Namespace(log_base=None, log_level=None, verb_name='build', build_base='build', install_base='install', merge_install=False, symlink_install=False, test_result_base=None, continue_on_error=False, executor='parallel', parallel_workers=2, event_handlers=None, ignore_user_meta=False, metas=['./colcon.meta'], base_paths=['.'], packages_ignore=None, packages_ignore_regex=None, paths=None, packages_up_to=None, packages_up_to_regex=None, packages_above=None, packages_above_and_dependencies=None, packages_above_depth=None, packages_select_by_dep=None, packages_skip_by_dep=None, packages_skip_up_to=None, packages_select_build_failed=False, packages_skip_build_finished=False, packages_select_test_failures=False, packages_skip_test_passed=False, packages_select=None, packages_skip=None, packages_select_regex=None, packages_skip_regex=None, packages_start=None, packages_end=None, allow_overriding=[], cmake_args=None, cmake_target=None, cmake_target_skip_unavailable=False, cmake_clean_cache=False, cmake_clean_first=False, cmake_force_configure=False, ament_cmake_args=None, catkin_cmake_args=None, catkin_skip_building_tests=False, verb_parser=<colcon_defaults.argument_parser.defaults.DefaultArgumentsDecorator object at 0x74d3be671ff0>, verb_extension=<colcon_core.verb.build.BuildVerb object at 0x74d3be671ae0>, main=<bound method BuildVerb.main of <colcon_core.verb.build.BuildVerb object at 0x74d3be671ae0>>)
[0.360s] Level 1:colcon.colcon_core.package_discovery:discover_packages(colcon_meta) check parameters
[0.360s] Level 1:colcon.colcon_core.package_discovery:discover_packages(recursive) check parameters
[0.360s] Level 1:colcon.colcon_core.package_discovery:discover_packages(ignore) check parameters
[0.360s] Level 1:colcon.colcon_core.package_discovery:discover_packages(path) check parameters
[0.361s] Level 1:colcon.colcon_core.package_discovery:discover_packages(colcon_meta) discover
[0.361s] Level 1:colcon.colcon_core.package_discovery:discover_packages(recursive) discover
[0.361s] INFO:colcon.colcon_core.package_discovery:Crawling recursively for packages in '/home/samsanchez/Documents/Robotics/Pincher/ros2_ws/phantom_ws'
[0.361s] Level 1:colcon.colcon_core.package_identification:_identify(.) by extensions ['ignore', 'ignore_ament_install']
[0.361s] Level 1:colcon.colcon_core.package_identification:_identify(.) by extension 'ignore'
[0.361s] Level 1:colcon.colcon_core.package_identification:_identify(.) by extension 'ignore_ament_install'
[0.362s] Level 1:colcon.colcon_core.package_identification:_identify(.) by extensions ['colcon_pkg']
[0.362s] Level 1:colcon.colcon_core.package_identification:_identify(.) by extension 'colcon_pkg'
[0.362s] Level 1:colcon.colcon_core.package_identification:_identify(.) by extensions ['colcon_meta']
[0.362s] Level 1:colcon.colcon_core.package_identification:_identify(.) by extension 'colcon_meta'
[0.362s] Level 1:colcon.colcon_core.package_identification:_identify(.) by extensions ['ros']
[0.362s] Level 1:colcon.colcon_core.package_identification:_identify(.) by extension 'ros'
[0.375s] Level 1:colcon.colcon_core.package_identification:_identify(.) by extensions ['cmake', 'python']
[0.375s] Level 1:colcon.colcon_core.package_identification:_identify(.) by extension 'cmake'
[0.375s] Level 1:colcon.colcon_core.package_identification:_identify(.) by extension 'python'
[0.376s] Level 1:colcon.colcon_core.package_identification:_identify(.) by extensions ['python_setup_py']
[0.377s] Level 1:colcon.colcon_core.package_identification:_identify(.) by extension 'python_setup_py'
[0.377s] Level 1:colcon.colcon_core.package_identification:_identify(build) by extensions ['ignore', 'ignore_ament_install']
[0.377s] Level 1:colcon.colcon_core.package_identification:_identify(build) by extension 'ignore'
[0.377s] Level 1:colcon.colcon_core.package_identification:_identify(build) ignored
[0.378s] Level 1:colcon.colcon_core.package_identification:_identify(install) by extensions ['ignore', 'ignore_ament_install']
[0.378s] Level 1:colcon.colcon_core.package_identification:_identify(install) by extension 'ignore'
[0.378s] Level 1:colcon.colcon_core.package_identification:_identify(install) ignored
[0.378s] Level 1:colcon.colcon_core.package_identification:_identify(log) by extensions ['ignore', 'ignore_ament_install']
[0.378s] Level 1:colcon.colcon_core.package_identification:_identify(log) by extension 'ignore'
[0.378s] Level 1:colcon.colcon_core.package_identification:_identify(log) ignored
[0.379s] Level 1:colcon.colcon_core.package_identification:_identify(src) by extensions ['ignore', 'ignore_ament_install']
[0.379s] Level 1:colcon.colcon_core.package_identification:_identify(src) by extension 'ignore'
[0.379s] Level 1:colcon.colcon_core.package_identification:_identify(src) by extension 'ignore_ament_install'
[0.379s] Level 1:colcon.colcon_core.package_identification:_identify(src) by extensions ['colcon_pkg']
[0.379s] Level 1:colcon.colcon_core.package_identification:_identify(src) by extension 'colcon_pkg'
[0.379s] Level 1:colcon.colcon_core.package_identification:_identify(src) by extensions ['colcon_meta']
[0.379s] Level 1:colcon.colcon_core.package_identification:_identify(src) by extension 'colcon_meta'
[0.379s] Level 1:colcon.colcon_core.package_identification:_identify(src) by extensions ['ros']
[0.379s] Level 1:colcon.colcon_core.package_identification:_identify(src) by extension 'ros'
[0.379s] Level 1:colcon.colcon_core.package_identification:_identify(src) by extensions ['cmake', 'python']
[0.379s] Level 1:colcon.colcon_core.package_identification:_identify(src) by extension 'cmake'
[0.379s] Level 1:colcon.colcon_core.package_identification:_identify(src) by extension 'python'
[0.379s] Level 1:colcon.colcon_core.package_identification:_identify(src) by extensions ['python_setup_py']
[0.379s] Level 1:colcon.colcon_core.package_identification:_identify(src) by extension 'python_setup_py'
[0.379s] Level 1:colcon.colcon_core.package_identification:_identify(src/phantomx_pincher) by extensions ['ignore', 'ignore_ament_install']
[0.380s] Level 1:colcon.colcon_core.package_identification:_identify(src/phantomx_pincher) by extension 'ignore'
[0.380s] Level 1:colcon.colcon_core.package_identification:_identify(src/phantomx_pincher) by extension 'ignore_ament_install'
[0.380s] Level 1:colcon.colcon_core.package_identification:_identify(src/phantomx_pincher) by extensions ['colcon_pkg']
[0.380s] Level 1:colcon.colcon_core.package_identification:_identify(src/phantomx_pincher) by extension 'colcon_pkg'
[0.380s] Level 1:colcon.colcon_core.package_identification:_identify(src/phantomx_pincher) by extensions ['colcon_meta']
[0.380s] Level 1:colcon.colcon_core.package_identification:_identify(src/phantomx_pincher) by extension 'colcon_meta'
[0.380s] Level 1:colcon.colcon_core.package_identification:_identify(src/phantomx_pincher) by extensions ['ros']
[0.380s] Level 1:colcon.colcon_core.package_identification:_identify(src/phantomx_pincher) by extension 'ros'
[0.380s] Level 1:colcon.colcon_core.package_identification:_identify(src/phantomx_pincher) by extensions ['cmake', 'python']
[0.380s] Level 1:colcon.colcon_core.package_identification:_identify(src/phantomx_pincher) by extension 'cmake'
[0.380s] Level 1:colcon.colcon_core.package_identification:_identify(src/phantomx_pincher) by extension 'python'
[0.380s] Level 1:colcon.colcon_core.package_identification:_identify(src/phantomx_pincher) by extensions ['python_setup_py']
[0.380s] Level 1:colcon.colcon_core.package_identification:_identify(src/phantomx_pincher) by extension 'python_setup_py'
[0.380s] Level 1:colcon.colcon_core.package_identification:_identify(src/phantomx_pincher/phantomx_pincher) by extensions ['ignore', 'ignore_ament_install']
[0.380s] Level 1:colcon.colcon_core.package_identification:_identify(src/phantomx_pincher/phantomx_pincher) by extension 'ignore'
[0.380s] Level 1:colcon.colcon_core.package_identification:_identify(src/phantomx_pincher/phantomx_pincher) by extension 'ignore_ament_install'
[0.381s] Level 1:colcon.colcon_core.package_identification:_identify(src/phantomx_pincher/phantomx_pincher) by extensions ['colcon_pkg']
[0.381s] Level 1:colcon.colcon_core.package_identification:_identify(src/phantomx_pincher/phantomx_pincher) by extension 'colcon_pkg'
[0.381s] Level 1:colcon.colcon_core.package_identification:_identify(src/phantomx_pincher/phantomx_pincher) by extensions ['colcon_meta']
[0.381s] Level 1:colcon.colcon_core.package_identification:_identify(src/phantomx_pincher/phantomx_pincher) by extension 'colcon_meta'
[0.381s] Level 1:colcon.colcon_core.package_identification:_identify(src/phantomx_pincher/phantomx_pincher) by extensions ['ros']
[0.381s] Level 1:colcon.colcon_core.package_identification:_identify(src/phantomx_pincher/phantomx_pincher) by extension 'ros'
[0.384s] DEBUG:colcon.colcon_core.package_identification:Package 'src/phantomx_pincher/phantomx_pincher' with type 'ros.ament_cmake' and name 'phantomx_pincher'
[0.384s] Level 1:colcon.colcon_core.package_identification:_identify(src/phantomx_pincher/phantomx_pincher_demos) by extensions ['ignore', 'ignore_ament_install']
[0.384s] Level 1:colcon.colcon_core.package_identification:_identify(src/phantomx_pincher/phantomx_pincher_demos) by extension 'ignore'
[0.384s] Level 1:colcon.colcon_core.package_identification:_identify(src/phantomx_pincher/phantomx_pincher_demos) by extension 'ignore_ament_install'
[0.384s] Level 1:colcon.colcon_core.package_identification:_identify(src/phantomx_pincher/phantomx_pincher_demos) by extensions ['colcon_pkg']
[0.384s] Level 1:colcon.colcon_core.package_identification:_identify(src/phantomx_pincher/phantomx_pincher_demos) by extension 'colcon_pkg'
[0.384s] Level 1:colcon.colcon_core.package_identification:_identify(src/phantomx_pincher/phantomx_pincher_demos) by extensions ['colcon_meta']
[0.384s] Level 1:colcon.colcon_core.package_identification:_identify(src/phantomx_pincher/phantomx_pincher_demos) by extension 'colcon_meta'
[0.385s] Level 1:colcon.colcon_core.package_identification:_identify(src/phantomx_pincher/phantomx_pincher_demos) by extensions ['ros']
[0.385s] Level 1:colcon.colcon_core.package_identification:_identify(src/phantomx_pincher/phantomx_pincher_demos) by extension 'ros'
[0.385s] DEBUG:colcon.colcon_core.package_identification:Package 'src/phantomx_pincher/phantomx_pincher_demos' with type 'ros.ament_cmake' and name 'phantomx_pincher_demos'
[0.385s] Level 1:colcon.colcon_core.package_identification:_identify(src/phantomx_pincher/phantomx_pincher_description) by extensions ['ignore', 'ignore_ament_install']
[0.386s] Level 1:colcon.colcon_core.package_identification:_identify(src/phantomx_pincher/phantomx_pincher_description) by extension 'ignore'
[0.386s] Level 1:colcon.colcon_core.package_identification:_identify(src/phantomx_pincher/phantomx_pincher_description) by extension 'ignore_ament_install'
[0.386s] Level 1:colcon.colcon_core.package_identification:_identify(src/phantomx_pincher/phantomx_pincher_description) by extensions ['colcon_pkg']
[0.386s] Level 1:colcon.colcon_core.package_identification:_identify(src/phantomx_pincher/phantomx_pincher_description) by extension 'colcon_pkg'
[0.386s] Level 1:colcon.colcon_core.package_identification:_identify(src/phantomx_pincher/phantomx_pincher_description) by extensions ['colcon_meta']
[0.386s] Level 1:colcon.colcon_core.package_identification:_identify(src/phantomx_pincher/phantomx_pincher_description) by extension 'colcon_meta'
[0.386s] Level 1:colcon.colcon_core.package_identification:_identify(src/phantomx_pincher/phantomx_pincher_description) by extensions ['ros']
[0.386s] Level 1:colcon.colcon_core.package_identification:_identify(src/phantomx_pincher/phantomx_pincher_description) by extension 'ros'
[0.387s] DEBUG:colcon.colcon_core.package_identification:Package 'src/phantomx_pincher/phantomx_pincher_description' with type 'ros.ament_cmake' and name 'phantomx_pincher_description'
[0.387s] Level 1:colcon.colcon_core.package_identification:_identify(src/phantomx_pincher/phantomx_pincher_moveit_config) by extensions ['ignore', 'ignore_ament_install']
[0.388s] Level 1:colcon.colcon_core.package_identification:_identify(src/phantomx_pincher/phantomx_pincher_moveit_config) by extension 'ignore'
[0.388s] Level 1:colcon.colcon_core.package_identification:_identify(src/phantomx_pincher/phantomx_pincher_moveit_config) by extension 'ignore_ament_install'
[0.388s] Level 1:colcon.colcon_core.package_identification:_identify(src/phantomx_pincher/phantomx_pincher_moveit_config) by extensions ['colcon_pkg']
[0.388s] Level 1:colcon.colcon_core.package_identification:_identify(src/phantomx_pincher/phantomx_pincher_moveit_config) by extension 'colcon_pkg'
[0.388s] Level 1:colcon.colcon_core.package_identification:_identify(src/phantomx_pincher/phantomx_pincher_moveit_config) by extensions ['colcon_meta']
[0.388s] Level 1:colcon.colcon_core.package_identification:_identify(src/phantomx_pincher/phantomx_pincher_moveit_config) by extension 'colcon_meta'
[0.388s] Level 1:colcon.colcon_core.package_identification:_identify(src/phantomx_pincher/phantomx_pincher_moveit_config) by extensions ['ros']
[0.389s] Level 1:colcon.colcon_core.package_identification:_identify(src/phantomx_pincher/phantomx_pincher_moveit_config) by extension 'ros'
[0.389s] DEBUG:colcon.colcon_core.package_identification:Package 'src/phantomx_pincher/phantomx_pincher_moveit_config' with type 'ros.ament_cmake' and name 'phantomx_pincher_moveit_config'
[0.390s] Level 1:colcon.colcon_core.package_identification:_identify(src/pincher_control) by extensions ['ignore', 'ignore_ament_install']
[0.390s] Level 1:colcon.colcon_core.package_identification:_identify(src/pincher_control) by extension 'ignore'
[0.390s] Level 1:colcon.colcon_core.package_identification:_identify(src/pincher_control) by extension 'ignore_ament_install'
[0.390s] Level 1:colcon.colcon_core.package_identification:_identify(src/pincher_control) by extensions ['colcon_pkg']
[0.390s] Level 1:colcon.colcon_core.package_identification:_identify(src/pincher_control) by extension 'colcon_pkg'
[0.390s] Level 1:colcon.colcon_core.package_identification:_identify(src/pincher_control) by extensions ['colcon_meta']
[0.390s] Level 1:colcon.colcon_core.package_identification:_identify(src/pincher_control) by extension 'colcon_meta'
[0.390s] Level 1:colcon.colcon_core.package_identification:_identify(src/pincher_control) by extensions ['ros']
[0.390s] Level 1:colcon.colcon_core.package_identification:_identify(src/pincher_control) by extension 'ros'
[0.393s] DEBUG:colcon.colcon_core.package_identification:Package 'src/pincher_control' with type 'ros.ament_python' and name 'pincher_control'
[0.393s] Level 1:colcon.colcon_core.package_identification:_identify(src/pincher_description) by extensions ['ignore', 'ignore_ament_install']
[0.393s] Level 1:colcon.colcon_core.package_identification:_identify(src/pincher_description) by extension 'ignore'
[0.393s] Level 1:colcon.colcon_core.package_identification:_identify(src/pincher_description) by extension 'ignore_ament_install'
[0.393s] Level 1:colcon.colcon_core.package_identification:_identify(src/pincher_description) by extensions ['colcon_pkg']
[0.393s] Level 1:colcon.colcon_core.package_identification:_identify(src/pincher_description) by extension 'colcon_pkg'
[0.394s] Level 1:colcon.colcon_core.package_identification:_identify(src/pincher_description) by extensions ['colcon_meta']
[0.394s] Level 1:colcon.colcon_core.package_identification:_identify(src/pincher_description) by extension 'colcon_meta'
[0.394s] Level 1:colcon.colcon_core.package_identification:_identify(src/pincher_description) by extensions ['ros']
[0.394s] Level 1:colcon.colcon_core.package_identification:_identify(src/pincher_description) by extension 'ros'
[0.394s] DEBUG:colcon.colcon_core.package_identification:Package 'src/pincher_description' with type 'ros.ament_python' and name 'pincher_description'
[0.394s] Level 1:colcon.colcon_core.package_discovery:discover_packages(recursive) using defaults
[0.394s] Level 1:colcon.colcon_core.package_discovery:discover_packages(ignore) discover
[0.395s] Level 1:colcon.colcon_core.package_discovery:discover_packages(ignore) using defaults
[0.395s] Level 1:colcon.colcon_core.package_discovery:discover_packages(path) discover
[0.395s] Level 1:colcon.colcon_core.package_discovery:discover_packages(path) using defaults
[0.433s] Level 1:colcon.colcon_core.package_discovery:discover_packages(prefix_path) check parameters
[0.434s] Level 1:colcon.colcon_core.package_discovery:discover_packages(prefix_path) discover
[0.436s] DEBUG:colcon.colcon_installed_package_information.package_discovery:Found 6 installed packages in /home/samsanchez/Documents/Robotics/Pincher/ros2_ws/phantom_ws/install
[0.438s] DEBUG:colcon.colcon_installed_package_information.package_discovery:Found 365 installed packages in /opt/ros/humble
[0.440s] Level 1:colcon.colcon_core.package_discovery:discover_packages(prefix_path) using defaults
[0.493s] Level 5:colcon.colcon_core.verb:set package 'phantomx_pincher_description' build argument 'cmake_args' from command line to 'None'
[0.493s] Level 5:colcon.colcon_core.verb:set package 'phantomx_pincher_description' build argument 'cmake_target' from command line to 'None'
[0.493s] Level 5:colcon.colcon_core.verb:set package 'phantomx_pincher_description' build argument 'cmake_target_skip_unavailable' from command line to 'False'
[0.493s] Level 5:colcon.colcon_core.verb:set package 'phantomx_pincher_description' build argument 'cmake_clean_cache' from command line to 'False'
[0.493s] Level 5:colcon.colcon_core.verb:set package 'phantomx_pincher_description' build argument 'cmake_clean_first' from command line to 'False'
[0.493s] Level 5:colcon.colcon_core.verb:set package 'phantomx_pincher_description' build argument 'cmake_force_configure' from command line to 'False'
[0.493s] Level 5:colcon.colcon_core.verb:set package 'phantomx_pincher_description' build argument 'ament_cmake_args' from command line to 'None'
[0.493s] Level 5:colcon.colcon_core.verb:set package 'phantomx_pincher_description' build argument 'catkin_cmake_args' from command line to 'None'
[0.493s] Level 5:colcon.colcon_core.verb:set package 'phantomx_pincher_description' build argument 'catkin_skip_building_tests' from command line to 'False'
[0.493s] DEBUG:colcon.colcon_core.verb:Building package 'phantomx_pincher_description' with the following arguments: {'ament_cmake_args': None, 'build_base': '/home/samsanchez/Documents/Robotics/Pincher/ros2_ws/phantom_ws/build/phantomx_pincher_description', 'catkin_cmake_args': None, 'catkin_skip_building_tests': False, 'cmake_args': None, 'cmake_clean_cache': False, 'cmake_clean_first': False, 'cmake_force_configure': False, 'cmake_target': None, 'cmake_target_skip_unavailable': False, 'install_base': '/home/samsanchez/Documents/Robotics/Pincher/ros2_ws/phantom_ws/install/phantomx_pincher_description', 'merge_install': False, 'path': '/home/samsanchez/Documents/Robotics/Pincher/ros2_ws/phantom_ws/src/phantomx_pincher/phantomx_pincher_description', 'symlink_install': False, 'test_result_base': None}
[0.494s] Level 5:colcon.colcon_core.verb:set package 'pincher_control' build argument 'cmake_args' from command line to 'None'
[0.494s] Level 5:colcon.colcon_core.verb:set package 'pincher_control' build argument 'cmake_target' from command line to 'None'
[0.494s] Level 5:colcon.colcon_core.verb:set package 'pincher_control' build argument 'cmake_target_skip_unavailable' from command line to 'False'
[0.494s] Level 5:colcon.colcon_core.verb:set package 'pincher_control' build argument 'cmake_clean_cache' from command line to 'False'
[0.494s] Level 5:colcon.colcon_core.verb:set package 'pincher_control' build argument 'cmake_clean_first' from command line to 'False'
[0.494s] Level 5:colcon.colcon_core.verb:set package 'pincher_control' build argument 'cmake_force_configure' from command line to 'False'
[0.494s] Level 5:colcon.colcon_core.verb:set package 'pincher_control' build argument 'ament_cmake_args' from command line to 'None'
[0.494s] Level 5:colcon.colcon_core.verb:set package 'pincher_control' build argument 'catkin_cmake_args' from command line to 'None'
[0.494s] Level 5:colcon.colcon_core.verb:set package 'pincher_control' build argument 'catkin_skip_building_tests' from command line to 'False'
[0.494s] DEBUG:colcon.colcon_core.verb:Building package 'pincher_control' with the following arguments: {'ament_cmake_args': None, 'build_base': '/home/samsanchez/Documents/Robotics/Pincher/ros2_ws/phantom_ws/build/pincher_control', 'catkin_cmake_args': None, 'catkin_skip_building_tests': False, 'cmake_args': None, 'cmake_clean_cache': False, 'cmake_clean_first': False, 'cmake_force_configure': False, 'cmake_target': None, 'cmake_target_skip_unavailable': False, 'install_base': '/home/samsanchez/Documents/Robotics/Pincher/ros2_ws/phantom_ws/install/pincher_control', 'merge_install': False, 'path': '/home/samsanchez/Documents/Robotics/Pincher/ros2_ws/phantom_ws/src/pincher_control', 'symlink_install': False, 'test_result_base': None}
[0.495s] Level 5:colcon.colcon_core.verb:set package 'pincher_description' build argument 'cmake_args' from command line to 'None'
[0.495s] Level 5:colcon.colcon_core.verb:set package 'pincher_description' build argument 'cmake_target' from command line to 'None'
[0.495s] Level 5:colcon.colcon_core.verb:set package 'pincher_description' build argument 'cmake_target_skip_unavailable' from command line to 'False'
[0.495s] Level 5:colcon.colcon_core.verb:set package 'pincher_description' build argument 'cmake_clean_cache' from command line to 'False'
[0.495s] Level 5:colcon.colcon_core.verb:set package 'pincher_description' build argument 'cmake_clean_first' from command line to 'False'
[0.495s] Level 5:colcon.colcon_core.verb:set package 'pincher_description' build argument 'cmake_force_configure' from command line to 'False'
[0.495s] Level 5:colcon.colcon_core.verb:set package 'pincher_description' build argument 'ament_cmake_args' from command line to 'None'
[0.495s] Level 5:colcon.colcon_core.verb:set package 'pincher_description' build argument 'catkin_cmake_args' from command line to 'None'
[0.495s] Level 5:colcon.colcon_core.verb:set package 'pincher_description' build argument 'catkin_skip_building_tests' from command line to 'False'
[0.495s] DEBUG:colcon.colcon_core.verb:Building package 'pincher_description' with the following arguments: {'ament_cmake_args': None, 'build_base': '/home/samsanchez/Documents/Robotics/Pincher/ros2_ws/phantom_ws/build/pincher_description', 'catkin_cmake_args': None, 'catkin_skip_building_tests': False, 'cmake_args': None, 'cmake_clean_cache': False, 'cmake_clean_first': False, 'cmake_force_configure': False, 'cmake_target': None, 'cmake_target_skip_unavailable': False, 'install_base': '/home/samsanchez/Documents/Robotics/Pincher/ros2_ws/phantom_ws/install/pincher_description', 'merge_install': False, 'path': '/home/samsanchez/Documents/Robotics/Pincher/ros2_ws/phantom_ws/src/pincher_description', 'symlink_install': False, 'test_result_base': None}
[0.496s] Level 5:colcon.colcon_core.verb:set package 'phantomx_pincher_moveit_config' build argument 'cmake_args' from command line to 'None'
[0.496s] Level 5:colcon.colcon_core.verb:set package 'phantomx_pincher_moveit_config' build argument 'cmake_target' from command line to 'None'
[0.496s] Level 5:colcon.colcon_core.verb:set package 'phantomx_pincher_moveit_config' build argument 'cmake_target_skip_unavailable' from command line to 'False'
[0.496s] Level 5:colcon.colcon_core.verb:set package 'phantomx_pincher_moveit_config' build argument 'cmake_clean_cache' from command line to 'False'
[0.496s] Level 5:colcon.colcon_core.verb:set package 'phantomx_pincher_moveit_config' build argument 'cmake_clean_first' from command line to 'False'
[0.496s] Level 5:colcon.colcon_core.verb:set package 'phantomx_pincher_moveit_config' build argument 'cmake_force_configure' from command line to 'False'
[0.496s] Level 5:colcon.colcon_core.verb:set package 'phantomx_pincher_moveit_config' build argument 'ament_cmake_args' from command line to 'None'
[0.496s] Level 5:colcon.colcon_core.verb:set package 'phantomx_pincher_moveit_config' build argument 'catkin_cmake_args' from command line to 'None'
[0.496s] Level 5:colcon.colcon_core.verb:set package 'phantomx_pincher_moveit_config' build argument 'catkin_skip_building_tests' from command line to 'False'
[0.496s] DEBUG:colcon.colcon_core.verb:Building package 'phantomx_pincher_moveit_config' with the following arguments: {'ament_cmake_args': None, 'build_base': '/home/samsanchez/Documents/Robotics/Pincher/ros2_ws/phantom_ws/build/phantomx_pincher_moveit_config', 'catkin_cmake_args': None, 'catkin_skip_building_tests': False, 'cmake_args': None, 'cmake_clean_cache': False, 'cmake_clean_first': False, 'cmake_force_configure': False, 'cmake_target': None, 'cmake_target_skip_unavailable': False, 'install_base': '/home/samsanchez/Documents/Robotics/Pincher/ros2_ws/phantom_ws/install/phantomx_pincher_moveit_config', 'merge_install': False, 'path': '/home/samsanchez/Documents/Robotics/Pincher/ros2_ws/phantom_ws/src/phantomx_pincher/phantomx_pincher_moveit_config', 'symlink_install': False, 'test_result_base': None}
[0.496s] Level 5:colcon.colcon_core.verb:set package 'phantomx_pincher' build argument 'cmake_args' from command line to 'None'
[0.496s] Level 5:colcon.colcon_core.verb:set package 'phantomx_pincher' build argument 'cmake_target' from command line to 'None'
[0.496s] Level 5:colcon.colcon_core.verb:set package 'phantomx_pincher' build argument 'cmake_target_skip_unavailable' from command line to 'False'
[0.496s] Level 5:colcon.colcon_core.verb:set package 'phantomx_pincher' build argument 'cmake_clean_cache' from command line to 'False'
[0.496s] Level 5:colcon.colcon_core.verb:set package 'phantomx_pincher' build argument 'cmake_clean_first' from command line to 'False'
[0.496s] Level 5:colcon.colcon_core.verb:set package 'phantomx_pincher' build argument 'cmake_force_configure' from command line to 'False'
[0.496s] Level 5:colcon.colcon_core.verb:set package 'phantomx_pincher' build argument 'ament_cmake_args' from command line to 'None'
[0.496s] Level 5:colcon.colcon_core.verb:set package 'phantomx_pincher' build argument 'catkin_cmake_args' from command line to 'None'
[0.496s] Level 5:colcon.colcon_core.verb:set package 'phantomx_pincher' build argument 'catkin_skip_building_tests' from command line to 'False'
[0.497s] DEBUG:colcon.colcon_core.verb:Building package 'phantomx_pincher' with the following arguments: {'ament_cmake_args': None, 'build_base': '/home/samsanchez/Documents/Robotics/Pincher/ros2_ws/phantom_ws/build/phantomx_pincher', 'catkin_cmake_args': None, 'catkin_skip_building_tests': False, 'cmake_args': None, 'cmake_clean_cache': False, 'cmake_clean_first': False, 'cmake_force_configure': False, 'cmake_target': None, 'cmake_target_skip_unavailable': False, 'install_base': '/home/samsanchez/Documents/Robotics/Pincher/ros2_ws/phantom_ws/install/phantomx_pincher', 'merge_install': False, 'path': '/home/samsanchez/Documents/Robotics/Pincher/ros2_ws/phantom_ws/src/phantomx_pincher/phantomx_pincher', 'symlink_install': False, 'test_result_base': None}
[0.497s] Level 5:colcon.colcon_core.verb:set package 'phantomx_pincher_demos' build argument 'cmake_args' from command line to 'None'
[0.497s] Level 5:colcon.colcon_core.verb:set package 'phantomx_pincher_demos' build argument 'cmake_target' from command line to 'None'
[0.497s] Level 5:colcon.colcon_core.verb:set package 'phantomx_pincher_demos' build argument 'cmake_target_skip_unavailable' from command line to 'False'
[0.497s] Level 5:colcon.colcon_core.verb:set package 'phantomx_pincher_demos' build argument 'cmake_clean_cache' from command line to 'False'
[0.497s] Level 5:colcon.colcon_core.verb:set package 'phantomx_pincher_demos' build argument 'cmake_clean_first' from command line to 'False'
[0.497s] Level 5:colcon.colcon_core.verb:set package 'phantomx_pincher_demos' build argument 'cmake_force_configure' from command line to 'False'
[0.497s] Level 5:colcon.colcon_core.verb:set package 'phantomx_pincher_demos' build argument 'ament_cmake_args' from command line to 'None'
[0.497s] Level 5:colcon.colcon_core.verb:set package 'phantomx_pincher_demos' build argument 'catkin_cmake_args' from command line to 'None'
[0.497s] Level 5:colcon.colcon_core.verb:set package 'phantomx_pincher_demos' build argument 'catkin_skip_building_tests' from command line to 'False'
[0.498s] DEBUG:colcon.colcon_core.verb:Building package 'phantomx_pincher_demos' with the following arguments: {'ament_cmake_args': None, 'build_base': '/home/samsanchez/Documents/Robotics/Pincher/ros2_ws/phantom_ws/build/phantomx_pincher_demos', 'catkin_cmake_args': None, 'catkin_skip_building_tests': False, 'cmake_args': None, 'cmake_clean_cache': False, 'cmake_clean_first': False, 'cmake_force_configure': False, 'cmake_target': None, 'cmake_target_skip_unavailable': False, 'install_base': '/home/samsanchez/Documents/Robotics/Pincher/ros2_ws/phantom_ws/install/phantomx_pincher_demos', 'merge_install': False, 'path': '/home/samsanchez/Documents/Robotics/Pincher/ros2_ws/phantom_ws/src/phantomx_pincher/phantomx_pincher_demos', 'symlink_install': False, 'test_result_base': None}
[0.498s] INFO:colcon.colcon_core.executor:Executing jobs using 'parallel' executor
[0.499s] DEBUG:colcon.colcon_parallel_executor.executor.parallel:run_until_complete
[0.500s] INFO:colcon.colcon_ros.task.ament_cmake.build:Building ROS package in '/home/samsanchez/Documents/Robotics/Pincher/ros2_ws/phantom_ws/src/phantomx_pincher/phantomx_pincher_description' with build type 'ament_cmake'
[0.500s] INFO:colcon.colcon_cmake.task.cmake.build:Building CMake package in '/home/samsanchez/Documents/Robotics/Pincher/ros2_ws/phantom_ws/src/phantomx_pincher/phantomx_pincher_description'
[0.504s] INFO:colcon.colcon_core.plugin_system:Skipping extension 'colcon_core.shell.bat': Not used on non-Windows systems
[0.504s] INFO:colcon.colcon_core.shell:Skip shell extension 'powershell' for command environment: Not usable outside of PowerShell
[0.505s] DEBUG:colcon.colcon_core.shell:Skip shell extension 'dsv' for command environment
[0.511s] INFO:colcon.colcon_ros.task.ament_python.build:Building ROS package in '/home/samsanchez/Documents/Robotics/Pincher/ros2_ws/phantom_ws/src/pincher_control' with build type 'ament_python'
[0.511s] Level 1:colcon.colcon_core.shell:create_environment_hook('pincher_control', 'ament_prefix_path')
[0.511s] INFO:colcon.colcon_core.shell:Creating environment hook '/home/samsanchez/Documents/Robotics/Pincher/ros2_ws/phantom_ws/install/pincher_control/share/pincher_control/hook/ament_prefix_path.ps1'
[0.513s] INFO:colcon.colcon_core.shell:Creating environment descriptor '/home/samsanchez/Documents/Robotics/Pincher/ros2_ws/phantom_ws/install/pincher_control/share/pincher_control/hook/ament_prefix_path.dsv'
[0.515s] INFO:colcon.colcon_core.shell:Creating environment hook '/home/samsanchez/Documents/Robotics/Pincher/ros2_ws/phantom_ws/install/pincher_control/share/pincher_control/hook/ament_prefix_path.sh'
[0.517s] INFO:colcon.colcon_core.shell:Skip shell extension 'powershell' for command environment: Not usable outside of PowerShell
[0.518s] DEBUG:colcon.colcon_core.shell:Skip shell extension 'dsv' for command environment
[0.542s] DEBUG:colcon.colcon_core.event_handler.log_command:Invoking command in '/home/samsanchez/Documents/Robotics/Pincher/ros2_ws/phantom_ws/build/phantomx_pincher_description': CMAKE_PREFIX_PATH=${CMAKE_PREFIX_PATH}:/home/samsanchez/Documents/Robotics/Pincher/ros2_ws/phantom_ws/install/pincher_description:/home/samsanchez/Documents/Robotics/Pincher/ros2_ws/phantom_ws/install/pincher_control:/opt/ros/humble /usr/bin/cmake --build /home/samsanchez/Documents/Robotics/Pincher/ros2_ws/phantom_ws/build/phantomx_pincher_description -- -j2 -l2
[0.921s] INFO:colcon.colcon_core.task.python.build:Building Python package in '/home/samsanchez/Documents/Robotics/Pincher/ros2_ws/phantom_ws/src/pincher_control'
[0.922s] INFO:colcon.colcon_core.shell:Skip shell extension 'powershell' for command environment: Not usable outside of PowerShell
[0.922s] DEBUG:colcon.colcon_core.shell:Skip shell extension 'dsv' for command environment
[0.929s] DEBUG:colcon.colcon_core.event_handler.log_command:Invoked command in '/home/samsanchez/Documents/Robotics/Pincher/ros2_ws/phantom_ws/build/phantomx_pincher_description' returned '0': CMAKE_PREFIX_PATH=${CMAKE_PREFIX_PATH}:/home/samsanchez/Documents/Robotics/Pincher/ros2_ws/phantom_ws/install/pincher_description:/home/samsanchez/Documents/Robotics/Pincher/ros2_ws/phantom_ws/install/pincher_control:/opt/ros/humble /usr/bin/cmake --build /home/samsanchez/Documents/Robotics/Pincher/ros2_ws/phantom_ws/build/phantomx_pincher_description -- -j2 -l2
[0.951s] DEBUG:colcon.colcon_core.event_handler.log_command:Invoking command in '/home/samsanchez/Documents/Robotics/Pincher/ros2_ws/phantom_ws/build/phantomx_pincher_description': CMAKE_PREFIX_PATH=${CMAKE_PREFIX_PATH}:/home/samsanchez/Documents/Robotics/Pincher/ros2_ws/phantom_ws/install/pincher_description:/home/samsanchez/Documents/Robotics/Pincher/ros2_ws/phantom_ws/install/pincher_control:/opt/ros/humble /usr/bin/cmake --install /home/samsanchez/Documents/Robotics/Pincher/ros2_ws/phantom_ws/build/phantomx_pincher_description
[0.983s] Level 1:colcon.colcon_core.environment:create_environment_scripts_only(phantomx_pincher_description)
[0.999s] Level 1:colcon.colcon_core.environment:checking '/home/samsanchez/Documents/Robotics/Pincher/ros2_ws/phantom_ws/install/phantomx_pincher_description' for CMake module files
[1.002s] Level 1:colcon.colcon_core.environment:checking '/home/samsanchez/Documents/Robotics/Pincher/ros2_ws/phantom_ws/install/phantomx_pincher_description' for CMake config files
[1.003s] Level 1:colcon.colcon_core.shell:create_environment_hook('phantomx_pincher_description', 'cmake_prefix_path')
[1.001s] DEBUG:colcon.colcon_core.event_handler.log_command:Invoked command in '/home/samsanchez/Documents/Robotics/Pincher/ros2_ws/phantom_ws/build/phantomx_pincher_description' returned '0': CMAKE_PREFIX_PATH=${CMAKE_PREFIX_PATH}:/home/samsanchez/Documents/Robotics/Pincher/ros2_ws/phantom_ws/install/pincher_description:/home/samsanchez/Documents/Robotics/Pincher/ros2_ws/phantom_ws/install/pincher_control:/opt/ros/humble /usr/bin/cmake --install /home/samsanchez/Documents/Robotics/Pincher/ros2_ws/phantom_ws/build/phantomx_pincher_description
[1.003s] INFO:colcon.colcon_core.shell:Creating environment hook '/home/samsanchez/Documents/Robotics/Pincher/ros2_ws/phantom_ws/install/phantomx_pincher_description/share/phantomx_pincher_description/hook/cmake_prefix_path.ps1'
[1.005s] INFO:colcon.colcon_core.shell:Creating environment descriptor '/home/samsanchez/Documents/Robotics/Pincher/ros2_ws/phantom_ws/install/phantomx_pincher_description/share/phantomx_pincher_description/hook/cmake_prefix_path.dsv'
[1.007s] INFO:colcon.colcon_core.shell:Creating environment hook '/home/samsanchez/Documents/Robotics/Pincher/ros2_ws/phantom_ws/install/phantomx_pincher_description/share/phantomx_pincher_description/hook/cmake_prefix_path.sh'
[1.009s] Level 1:colcon.colcon_core.environment:checking '/home/samsanchez/Documents/Robotics/Pincher/ros2_ws/phantom_ws/install/phantomx_pincher_description/lib'
[1.010s] Level 1:colcon.colcon_core.environment:checking '/home/samsanchez/Documents/Robotics/Pincher/ros2_ws/phantom_ws/install/phantomx_pincher_description/bin'
[1.010s] Level 1:colcon.colcon_core.environment:checking '/home/samsanchez/Documents/Robotics/Pincher/ros2_ws/phantom_ws/install/phantomx_pincher_description/lib/pkgconfig/phantomx_pincher_description.pc'
[1.010s] Level 1:colcon.colcon_core.environment:checking '/home/samsanchez/Documents/Robotics/Pincher/ros2_ws/phantom_ws/install/phantomx_pincher_description/lib/python3.10/site-packages'
[1.011s] Level 1:colcon.colcon_core.environment:checking '/home/samsanchez/Documents/Robotics/Pincher/ros2_ws/phantom_ws/install/phantomx_pincher_description/bin'
[1.011s] INFO:colcon.colcon_core.shell:Creating package script '/home/samsanchez/Documents/Robotics/Pincher/ros2_ws/phantom_ws/install/phantomx_pincher_description/share/phantomx_pincher_description/package.ps1'
[1.013s] INFO:colcon.colcon_core.shell:Creating package descriptor '/home/samsanchez/Documents/Robotics/Pincher/ros2_ws/phantom_ws/install/phantomx_pincher_description/share/phantomx_pincher_description/package.dsv'
[1.014s] INFO:colcon.colcon_core.shell:Creating package script '/home/samsanchez/Documents/Robotics/Pincher/ros2_ws/phantom_ws/install/phantomx_pincher_description/share/phantomx_pincher_description/package.sh'
[1.017s] INFO:colcon.colcon_core.shell:Creating package script '/home/samsanchez/Documents/Robotics/Pincher/ros2_ws/phantom_ws/install/phantomx_pincher_description/share/phantomx_pincher_description/package.bash'
[1.019s] INFO:colcon.colcon_core.shell:Creating package script '/home/samsanchez/Documents/Robotics/Pincher/ros2_ws/phantom_ws/install/phantomx_pincher_description/share/phantomx_pincher_description/package.zsh'
[1.021s] Level 1:colcon.colcon_core.environment:create_file_with_runtime_dependencies(/home/samsanchez/Documents/Robotics/Pincher/ros2_ws/phantom_ws/install/phantomx_pincher_description/share/colcon-core/packages/phantomx_pincher_description)
[1.023s] Level 1:colcon.colcon_core.environment:create_environment_scripts_only(phantomx_pincher_description)
[1.023s] Level 1:colcon.colcon_core.environment:checking '/home/samsanchez/Documents/Robotics/Pincher/ros2_ws/phantom_ws/install/phantomx_pincher_description' for CMake module files
[1.024s] Level 1:colcon.colcon_core.environment:checking '/home/samsanchez/Documents/Robotics/Pincher/ros2_ws/phantom_ws/install/phantomx_pincher_description' for CMake config files
[1.025s] Level 1:colcon.colcon_core.shell:create_environment_hook('phantomx_pincher_description', 'cmake_prefix_path')
[1.025s] INFO:colcon.colcon_core.shell:Creating environment hook '/home/samsanchez/Documents/Robotics/Pincher/ros2_ws/phantom_ws/install/phantomx_pincher_description/share/phantomx_pincher_description/hook/cmake_prefix_path.ps1'
[1.027s] INFO:colcon.colcon_core.shell:Creating environment descriptor '/home/samsanchez/Documents/Robotics/Pincher/ros2_ws/phantom_ws/install/phantomx_pincher_description/share/phantomx_pincher_description/hook/cmake_prefix_path.dsv'
[1.029s] INFO:colcon.colcon_core.shell:Creating environment hook '/home/samsanchez/Documents/Robotics/Pincher/ros2_ws/phantom_ws/install/phantomx_pincher_description/share/phantomx_pincher_description/hook/cmake_prefix_path.sh'
[1.030s] Level 1:colcon.colcon_core.environment:checking '/home/samsanchez/Documents/Robotics/Pincher/ros2_ws/phantom_ws/install/phantomx_pincher_description/lib'
[1.031s] Level 1:colcon.colcon_core.environment:checking '/home/samsanchez/Documents/Robotics/Pincher/ros2_ws/phantom_ws/install/phantomx_pincher_description/bin'
[1.031s] Level 1:colcon.colcon_core.environment:checking '/home/samsanchez/Documents/Robotics/Pincher/ros2_ws/phantom_ws/install/phantomx_pincher_description/lib/pkgconfig/phantomx_pincher_description.pc'
[1.031s] Level 1:colcon.colcon_core.environment:checking '/home/samsanchez/Documents/Robotics/Pincher/ros2_ws/phantom_ws/install/phantomx_pincher_description/lib/python3.10/site-packages'
[1.033s] Level 1:colcon.colcon_core.environment:checking '/home/samsanchez/Documents/Robotics/Pincher/ros2_ws/phantom_ws/install/phantomx_pincher_description/bin'
[1.034s] INFO:colcon.colcon_core.shell:Creating package script '/home/samsanchez/Documents/Robotics/Pincher/ros2_ws/phantom_ws/install/phantomx_pincher_description/share/phantomx_pincher_description/package.ps1'
[1.035s] INFO:colcon.colcon_core.shell:Creating package descriptor '/home/samsanchez/Documents/Robotics/Pincher/ros2_ws/phantom_ws/install/phantomx_pincher_description/share/phantomx_pincher_description/package.dsv'
[1.037s] INFO:colcon.colcon_core.shell:Creating package script '/home/samsanchez/Documents/Robotics/Pincher/ros2_ws/phantom_ws/install/phantomx_pincher_description/share/phantomx_pincher_description/package.sh'
[1.039s] INFO:colcon.colcon_core.shell:Creating package script '/home/samsanchez/Documents/Robotics/Pincher/ros2_ws/phantom_ws/install/phantomx_pincher_description/share/phantomx_pincher_description/package.bash'
[1.040s] INFO:colcon.colcon_core.shell:Creating package script '/home/samsanchez/Documents/Robotics/Pincher/ros2_ws/phantom_ws/install/phantomx_pincher_description/share/phantomx_pincher_description/package.zsh'
[1.042s] Level 1:colcon.colcon_core.environment:create_file_with_runtime_dependencies(/home/samsanchez/Documents/Robotics/Pincher/ros2_ws/phantom_ws/install/phantomx_pincher_description/share/colcon-core/packages/phantomx_pincher_description)
[1.045s] INFO:colcon.colcon_ros.task.ament_cmake.build:Building ROS package in '/home/samsanchez/Documents/Robotics/Pincher/ros2_ws/phantom_ws/src/phantomx_pincher/phantomx_pincher_moveit_config' with build type 'ament_cmake'
[1.046s] INFO:colcon.colcon_cmake.task.cmake.build:Building CMake package in '/home/samsanchez/Documents/Robotics/Pincher/ros2_ws/phantom_ws/src/phantomx_pincher/phantomx_pincher_moveit_config'
[1.049s] INFO:colcon.colcon_core.shell:Skip shell extension 'powershell' for command environment: Not usable outside of PowerShell
[1.049s] DEBUG:colcon.colcon_core.shell:Skip shell extension 'dsv' for command environment
[1.081s] DEBUG:colcon.colcon_core.event_handler.log_command:Invoking command in '/home/samsanchez/Documents/Robotics/Pincher/ros2_ws/phantom_ws/build/phantomx_pincher_moveit_config': CMAKE_PREFIX_PATH=/home/samsanchez/Documents/Robotics/Pincher/ros2_ws/phantom_ws/install/phantomx_pincher_description:/home/samsanchez/Documents/Robotics/Pincher/ros2_ws/phantom_ws/install/phantomx_pincher_moveit_config:/home/samsanchez/Documents/Robotics/Pincher/ros2_ws/phantom_ws/install/phantomx_pincher_demos:/home/samsanchez/Documents/Robotics/Pincher/ros2_ws/phantom_ws/install/phantomx_pincher:/home/samsanchez/Documents/Robotics/Pincher/ros2_ws/phantom_ws/install/pincher_description:/home/samsanchez/Documents/Robotics/Pincher/ros2_ws/phantom_ws/install/pincher_control:/opt/ros/humble /usr/bin/cmake --build /home/samsanchez/Documents/Robotics/Pincher/ros2_ws/phantom_ws/build/phantomx_pincher_moveit_config -- -j2 -l2
[1.169s] DEBUG:colcon.colcon_core.event_handler.log_command:Invoked command in '/home/samsanchez/Documents/Robotics/Pincher/ros2_ws/phantom_ws/build/phantomx_pincher_moveit_config' returned '0': CMAKE_PREFIX_PATH=/home/samsanchez/Documents/Robotics/Pincher/ros2_ws/phantom_ws/install/phantomx_pincher_description:/home/samsanchez/Documents/Robotics/Pincher/ros2_ws/phantom_ws/install/phantomx_pincher_moveit_config:/home/samsanchez/Documents/Robotics/Pincher/ros2_ws/phantom_ws/install/phantomx_pincher_demos:/home/samsanchez/Documents/Robotics/Pincher/ros2_ws/phantom_ws/install/phantomx_pincher:/home/samsanchez/Documents/Robotics/Pincher/ros2_ws/phantom_ws/install/pincher_description:/home/samsanchez/Documents/Robotics/Pincher/ros2_ws/phantom_ws/install/pincher_control:/opt/ros/humble /usr/bin/cmake --build /home/samsanchez/Documents/Robotics/Pincher/ros2_ws/phantom_ws/build/phantomx_pincher_moveit_config -- -j2 -l2
[1.171s] DEBUG:colcon.colcon_core.event_handler.log_command:Invoking command in '/home/samsanchez/Documents/Robotics/Pincher/ros2_ws/phantom_ws/build/phantomx_pincher_moveit_config': CMAKE_PREFIX_PATH=/home/samsanchez/Documents/Robotics/Pincher/ros2_ws/phantom_ws/install/phantomx_pincher_description:/home/samsanchez/Documents/Robotics/Pincher/ros2_ws/phantom_ws/install/phantomx_pincher_moveit_config:/home/samsanchez/Documents/Robotics/Pincher/ros2_ws/phantom_ws/install/phantomx_pincher_demos:/home/samsanchez/Documents/Robotics/Pincher/ros2_ws/phantom_ws/install/phantomx_pincher:/home/samsanchez/Documents/Robotics/Pincher/ros2_ws/phantom_ws/install/pincher_description:/home/samsanchez/Documents/Robotics/Pincher/ros2_ws/phantom_ws/install/pincher_control:/opt/ros/humble /usr/bin/cmake --install /home/samsanchez/Documents/Robotics/Pincher/ros2_ws/phantom_ws/build/phantomx_pincher_moveit_config
[1.205s] Level 1:colcon.colcon_core.environment:create_environment_scripts_only(phantomx_pincher_moveit_config)
[1.205s] Level 1:colcon.colcon_core.environment:checking '/home/samsanchez/Documents/Robotics/Pincher/ros2_ws/phantom_ws/install/phantomx_pincher_moveit_config' for CMake module files
[1.205s] Level 1:colcon.colcon_core.environment:checking '/home/samsanchez/Documents/Robotics/Pincher/ros2_ws/phantom_ws/install/phantomx_pincher_moveit_config' for CMake config files
[1.206s] Level 1:colcon.colcon_core.shell:create_environment_hook('phantomx_pincher_moveit_config', 'cmake_prefix_path')
[1.206s] INFO:colcon.colcon_core.shell:Creating environment hook '/home/samsanchez/Documents/Robotics/Pincher/ros2_ws/phantom_ws/install/phantomx_pincher_moveit_config/share/phantomx_pincher_moveit_config/hook/cmake_prefix_path.ps1'
[1.211s] DEBUG:colcon.colcon_core.event_handler.log_command:Invoked command in '/home/samsanchez/Documents/Robotics/Pincher/ros2_ws/phantom_ws/build/phantomx_pincher_moveit_config' returned '0': CMAKE_PREFIX_PATH=/home/samsanchez/Documents/Robotics/Pincher/ros2_ws/phantom_ws/install/phantomx_pincher_description:/home/samsanchez/Documents/Robotics/Pincher/ros2_ws/phantom_ws/install/phantomx_pincher_moveit_config:/home/samsanchez/Documents/Robotics/Pincher/ros2_ws/phantom_ws/install/phantomx_pincher_demos:/home/samsanchez/Documents/Robotics/Pincher/ros2_ws/phantom_ws/install/phantomx_pincher:/home/samsanchez/Documents/Robotics/Pincher/ros2_ws/phantom_ws/install/pincher_description:/home/samsanchez/Documents/Robotics/Pincher/ros2_ws/phantom_ws/install/pincher_control:/opt/ros/humble /usr/bin/cmake --install /home/samsanchez/Documents/Robotics/Pincher/ros2_ws/phantom_ws/build/phantomx_pincher_moveit_config
[1.212s] INFO:colcon.colcon_core.shell:Creating environment descriptor '/home/samsanchez/Documents/Robotics/Pincher/ros2_ws/phantom_ws/install/phantomx_pincher_moveit_config/share/phantomx_pincher_moveit_config/hook/cmake_prefix_path.dsv'
[1.214s] INFO:colcon.colcon_core.shell:Creating environment hook '/home/samsanchez/Documents/Robotics/Pincher/ros2_ws/phantom_ws/install/phantomx_pincher_moveit_config/share/phantomx_pincher_moveit_config/hook/cmake_prefix_path.sh'
[1.215s] Level 1:colcon.colcon_core.environment:checking '/home/samsanchez/Documents/Robotics/Pincher/ros2_ws/phantom_ws/install/phantomx_pincher_moveit_config/bin'
[1.215s] Level 1:colcon.colcon_core.environment:checking '/home/samsanchez/Documents/Robotics/Pincher/ros2_ws/phantom_ws/install/phantomx_pincher_moveit_config/lib/pkgconfig/phantomx_pincher_moveit_config.pc'
[1.216s] Level 1:colcon.colcon_core.environment:checking '/home/samsanchez/Documents/Robotics/Pincher/ros2_ws/phantom_ws/install/phantomx_pincher_moveit_config/lib/python3.10/site-packages'
[1.216s] Level 1:colcon.colcon_core.environment:checking '/home/samsanchez/Documents/Robotics/Pincher/ros2_ws/phantom_ws/install/phantomx_pincher_moveit_config/bin'
[1.216s] INFO:colcon.colcon_core.shell:Creating package script '/home/samsanchez/Documents/Robotics/Pincher/ros2_ws/phantom_ws/install/phantomx_pincher_moveit_config/share/phantomx_pincher_moveit_config/package.ps1'
[1.218s] INFO:colcon.colcon_core.shell:Creating package descriptor '/home/samsanchez/Documents/Robotics/Pincher/ros2_ws/phantom_ws/install/phantomx_pincher_moveit_config/share/phantomx_pincher_moveit_config/package.dsv'
[1.219s] INFO:colcon.colcon_core.shell:Creating package script '/home/samsanchez/Documents/Robotics/Pincher/ros2_ws/phantom_ws/install/phantomx_pincher_moveit_config/share/phantomx_pincher_moveit_config/package.sh'
[1.220s] INFO:colcon.colcon_core.shell:Creating package script '/home/samsanchez/Documents/Robotics/Pincher/ros2_ws/phantom_ws/install/phantomx_pincher_moveit_config/share/phantomx_pincher_moveit_config/package.bash'
[1.221s] INFO:colcon.colcon_core.shell:Creating package script '/home/samsanchez/Documents/Robotics/Pincher/ros2_ws/phantom_ws/install/phantomx_pincher_moveit_config/share/phantomx_pincher_moveit_config/package.zsh'
[1.223s] Level 1:colcon.colcon_core.environment:create_file_with_runtime_dependencies(/home/samsanchez/Documents/Robotics/Pincher/ros2_ws/phantom_ws/install/phantomx_pincher_moveit_config/share/colcon-core/packages/phantomx_pincher_moveit_config)
[1.225s] Level 1:colcon.colcon_core.environment:create_environment_scripts_only(phantomx_pincher_moveit_config)
[1.225s] Level 1:colcon.colcon_core.environment:checking '/home/samsanchez/Documents/Robotics/Pincher/ros2_ws/phantom_ws/install/phantomx_pincher_moveit_config' for CMake module files
[1.226s] Level 1:colcon.colcon_core.environment:checking '/home/samsanchez/Documents/Robotics/Pincher/ros2_ws/phantom_ws/install/phantomx_pincher_moveit_config' for CMake config files
[1.226s] Level 1:colcon.colcon_core.shell:create_environment_hook('phantomx_pincher_moveit_config', 'cmake_prefix_path')
[1.227s] INFO:colcon.colcon_core.shell:Creating environment hook '/home/samsanchez/Documents/Robotics/Pincher/ros2_ws/phantom_ws/install/phantomx_pincher_moveit_config/share/phantomx_pincher_moveit_config/hook/cmake_prefix_path.ps1'
[1.228s] INFO:colcon.colcon_core.shell:Creating environment descriptor '/home/samsanchez/Documents/Robotics/Pincher/ros2_ws/phantom_ws/install/phantomx_pincher_moveit_config/share/phantomx_pincher_moveit_config/hook/cmake_prefix_path.dsv'
[1.229s] INFO:colcon.colcon_core.shell:Creating environment hook '/home/samsanchez/Documents/Robotics/Pincher/ros2_ws/phantom_ws/install/phantomx_pincher_moveit_config/share/phantomx_pincher_moveit_config/hook/cmake_prefix_path.sh'
[1.231s] Level 1:colcon.colcon_core.environment:checking '/home/samsanchez/Documents/Robotics/Pincher/ros2_ws/phantom_ws/install/phantomx_pincher_moveit_config/bin'
[1.231s] Level 1:colcon.colcon_core.environment:checking '/home/samsanchez/Documents/Robotics/Pincher/ros2_ws/phantom_ws/install/phantomx_pincher_moveit_config/lib/pkgconfig/phantomx_pincher_moveit_config.pc'
[1.231s] Level 1:colcon.colcon_core.environment:checking '/home/samsanchez/Documents/Robotics/Pincher/ros2_ws/phantom_ws/install/phantomx_pincher_moveit_config/lib/python3.10/site-packages'
[1.232s] Level 1:colcon.colcon_core.environment:checking '/home/samsanchez/Documents/Robotics/Pincher/ros2_ws/phantom_ws/install/phantomx_pincher_moveit_config/bin'
[1.232s] INFO:colcon.colcon_core.shell:Creating package script '/home/samsanchez/Documents/Robotics/Pincher/ros2_ws/phantom_ws/install/phantomx_pincher_moveit_config/share/phantomx_pincher_moveit_config/package.ps1'
[1.234s] INFO:colcon.colcon_core.shell:Creating package descriptor '/home/samsanchez/Documents/Robotics/Pincher/ros2_ws/phantom_ws/install/phantomx_pincher_moveit_config/share/phantomx_pincher_moveit_config/package.dsv'
[1.235s] INFO:colcon.colcon_core.shell:Creating package script '/home/samsanchez/Documents/Robotics/Pincher/ros2_ws/phantom_ws/install/phantomx_pincher_moveit_config/share/phantomx_pincher_moveit_config/package.sh'
[1.236s] INFO:colcon.colcon_core.shell:Creating package script '/home/samsanchez/Documents/Robotics/Pincher/ros2_ws/phantom_ws/install/phantomx_pincher_moveit_config/share/phantomx_pincher_moveit_config/package.bash'
[1.238s] INFO:colcon.colcon_core.shell:Creating package script '/home/samsanchez/Documents/Robotics/Pincher/ros2_ws/phantom_ws/install/phantomx_pincher_moveit_config/share/phantomx_pincher_moveit_config/package.zsh'
[1.249s] Level 1:colcon.colcon_core.environment:create_file_with_runtime_dependencies(/home/samsanchez/Documents/Robotics/Pincher/ros2_ws/phantom_ws/install/phantomx_pincher_moveit_config/share/colcon-core/packages/phantomx_pincher_moveit_config)
[1.254s] INFO:colcon.colcon_ros.task.ament_cmake.build:Building ROS package in '/home/samsanchez/Documents/Robotics/Pincher/ros2_ws/phantom_ws/src/phantomx_pincher/phantomx_pincher' with build type 'ament_cmake'
[1.255s] INFO:colcon.colcon_cmake.task.cmake.build:Building CMake package in '/home/samsanchez/Documents/Robotics/Pincher/ros2_ws/phantom_ws/src/phantomx_pincher/phantomx_pincher'
[1.256s] INFO:colcon.colcon_core.shell:Skip shell extension 'powershell' for command environment: Not usable outside of PowerShell
[1.256s] DEBUG:colcon.colcon_core.shell:Skip shell extension 'dsv' for command environment
[1.283s] DEBUG:colcon.colcon_core.event_handler.log_command:Invoking command in '/home/samsanchez/Documents/Robotics/Pincher/ros2_ws/phantom_ws/build/phantomx_pincher': CMAKE_PREFIX_PATH=${CMAKE_PREFIX_PATH}:/home/samsanchez/Documents/Robotics/Pincher/ros2_ws/phantom_ws/install/pincher_description:/home/samsanchez/Documents/Robotics/Pincher/ros2_ws/phantom_ws/install/pincher_control:/opt/ros/humble /usr/bin/cmake --build /home/samsanchez/Documents/Robotics/Pincher/ros2_ws/phantom_ws/build/phantomx_pincher -- -j2 -l2
[1.362s] DEBUG:colcon.colcon_core.event_handler.log_command:Invoked command in '/home/samsanchez/Documents/Robotics/Pincher/ros2_ws/phantom_ws/build/phantomx_pincher' returned '0': CMAKE_PREFIX_PATH=${CMAKE_PREFIX_PATH}:/home/samsanchez/Documents/Robotics/Pincher/ros2_ws/phantom_ws/install/pincher_description:/home/samsanchez/Documents/Robotics/Pincher/ros2_ws/phantom_ws/install/pincher_control:/opt/ros/humble /usr/bin/cmake --build /home/samsanchez/Documents/Robotics/Pincher/ros2_ws/phantom_ws/build/phantomx_pincher -- -j2 -l2
[1.367s] DEBUG:colcon.colcon_core.event_handler.log_command:Invoking command in '/home/samsanchez/Documents/Robotics/Pincher/ros2_ws/phantom_ws/build/phantomx_pincher': CMAKE_PREFIX_PATH=${CMAKE_PREFIX_PATH}:/home/samsanchez/Documents/Robotics/Pincher/ros2_ws/phantom_ws/install/pincher_description:/home/samsanchez/Documents/Robotics/Pincher/ros2_ws/phantom_ws/install/pincher_control:/opt/ros/humble /usr/bin/cmake --install /home/samsanchez/Documents/Robotics/Pincher/ros2_ws/phantom_ws/build/phantomx_pincher
[1.391s] Level 1:colcon.colcon_core.environment:create_environment_scripts_only(phantomx_pincher)
[1.392s] DEBUG:colcon.colcon_core.event_handler.log_command:Invoked command in '/home/samsanchez/Documents/Robotics/Pincher/ros2_ws/phantom_ws/build/phantomx_pincher' returned '0': CMAKE_PREFIX_PATH=${CMAKE_PREFIX_PATH}:/home/samsanchez/Documents/Robotics/Pincher/ros2_ws/phantom_ws/install/pincher_description:/home/samsanchez/Documents/Robotics/Pincher/ros2_ws/phantom_ws/install/pincher_control:/opt/ros/humble /usr/bin/cmake --install /home/samsanchez/Documents/Robotics/Pincher/ros2_ws/phantom_ws/build/phantomx_pincher
[1.392s] Level 1:colcon.colcon_core.environment:checking '/home/samsanchez/Documents/Robotics/Pincher/ros2_ws/phantom_ws/install/phantomx_pincher' for CMake module files
[1.393s] Level 1:colcon.colcon_core.environment:checking '/home/samsanchez/Documents/Robotics/Pincher/ros2_ws/phantom_ws/install/phantomx_pincher' for CMake config files
[1.394s] Level 1:colcon.colcon_core.shell:create_environment_hook('phantomx_pincher', 'cmake_prefix_path')
[1.394s] INFO:colcon.colcon_core.shell:Creating environment hook '/home/samsanchez/Documents/Robotics/Pincher/ros2_ws/phantom_ws/install/phantomx_pincher/share/phantomx_pincher/hook/cmake_prefix_path.ps1'
[1.396s] INFO:colcon.colcon_core.shell:Creating environment descriptor '/home/samsanchez/Documents/Robotics/Pincher/ros2_ws/phantom_ws/install/phantomx_pincher/share/phantomx_pincher/hook/cmake_prefix_path.dsv'
[1.398s] INFO:colcon.colcon_core.shell:Creating environment hook '/home/samsanchez/Documents/Robotics/Pincher/ros2_ws/phantom_ws/install/phantomx_pincher/share/phantomx_pincher/hook/cmake_prefix_path.sh'
[1.399s] Level 1:colcon.colcon_core.environment:checking '/home/samsanchez/Documents/Robotics/Pincher/ros2_ws/phantom_ws/install/phantomx_pincher/bin'
[1.399s] Level 1:colcon.colcon_core.environment:checking '/home/samsanchez/Documents/Robotics/Pincher/ros2_ws/phantom_ws/install/phantomx_pincher/lib/pkgconfig/phantomx_pincher.pc'
[1.400s] Level 1:colcon.colcon_core.environment:checking '/home/samsanchez/Documents/Robotics/Pincher/ros2_ws/phantom_ws/install/phantomx_pincher/lib/python3.10/site-packages'
[1.400s] Level 1:colcon.colcon_core.environment:checking '/home/samsanchez/Documents/Robotics/Pincher/ros2_ws/phantom_ws/install/phantomx_pincher/bin'
[1.401s] INFO:colcon.colcon_core.shell:Creating package script '/home/samsanchez/Documents/Robotics/Pincher/ros2_ws/phantom_ws/install/phantomx_pincher/share/phantomx_pincher/package.ps1'
[1.402s] INFO:colcon.colcon_core.shell:Creating package descriptor '/home/samsanchez/Documents/Robotics/Pincher/ros2_ws/phantom_ws/install/phantomx_pincher/share/phantomx_pincher/package.dsv'
[1.403s] INFO:colcon.colcon_core.shell:Creating package script '/home/samsanchez/Documents/Robotics/Pincher/ros2_ws/phantom_ws/install/phantomx_pincher/share/phantomx_pincher/package.sh'
[1.405s] INFO:colcon.colcon_core.shell:Creating package script '/home/samsanchez/Documents/Robotics/Pincher/ros2_ws/phantom_ws/install/phantomx_pincher/share/phantomx_pincher/package.bash'
[1.406s] INFO:colcon.colcon_core.shell:Creating package script '/home/samsanchez/Documents/Robotics/Pincher/ros2_ws/phantom_ws/install/phantomx_pincher/share/phantomx_pincher/package.zsh'
[1.407s] Level 1:colcon.colcon_core.environment:create_file_with_runtime_dependencies(/home/samsanchez/Documents/Robotics/Pincher/ros2_ws/phantom_ws/install/phantomx_pincher/share/colcon-core/packages/phantomx_pincher)
[1.408s] Level 1:colcon.colcon_core.environment:create_environment_scripts_only(phantomx_pincher)
[1.409s] Level 1:colcon.colcon_core.environment:checking '/home/samsanchez/Documents/Robotics/Pincher/ros2_ws/phantom_ws/install/phantomx_pincher' for CMake module files
[1.409s] Level 1:colcon.colcon_core.environment:checking '/home/samsanchez/Documents/Robotics/Pincher/ros2_ws/phantom_ws/install/phantomx_pincher' for CMake config files
[1.410s] Level 1:colcon.colcon_core.shell:create_environment_hook('phantomx_pincher', 'cmake_prefix_path')
[1.410s] INFO:colcon.colcon_core.shell:Creating environment hook '/home/samsanchez/Documents/Robotics/Pincher/ros2_ws/phantom_ws/install/phantomx_pincher/share/phantomx_pincher/hook/cmake_prefix_path.ps1'
[1.412s] INFO:colcon.colcon_core.shell:Creating environment descriptor '/home/samsanchez/Documents/Robotics/Pincher/ros2_ws/phantom_ws/install/phantomx_pincher/share/phantomx_pincher/hook/cmake_prefix_path.dsv'
[1.413s] INFO:colcon.colcon_core.shell:Creating environment hook '/home/samsanchez/Documents/Robotics/Pincher/ros2_ws/phantom_ws/install/phantomx_pincher/share/phantomx_pincher/hook/cmake_prefix_path.sh'
[1.415s] Level 1:colcon.colcon_core.environment:checking '/home/samsanchez/Documents/Robotics/Pincher/ros2_ws/phantom_ws/install/phantomx_pincher/bin'
[1.415s] Level 1:colcon.colcon_core.environment:checking '/home/samsanchez/Documents/Robotics/Pincher/ros2_ws/phantom_ws/install/phantomx_pincher/lib/pkgconfig/phantomx_pincher.pc'
[1.415s] Level 1:colcon.colcon_core.environment:checking '/home/samsanchez/Documents/Robotics/Pincher/ros2_ws/phantom_ws/install/phantomx_pincher/lib/python3.10/site-packages'
[1.416s] Level 1:colcon.colcon_core.environment:checking '/home/samsanchez/Documents/Robotics/Pincher/ros2_ws/phantom_ws/install/phantomx_pincher/bin'
[1.416s] INFO:colcon.colcon_core.shell:Creating package script '/home/samsanchez/Documents/Robotics/Pincher/ros2_ws/phantom_ws/install/phantomx_pincher/share/phantomx_pincher/package.ps1'
[1.417s] INFO:colcon.colcon_core.shell:Creating package descriptor '/home/samsanchez/Documents/Robotics/Pincher/ros2_ws/phantom_ws/install/phantomx_pincher/share/phantomx_pincher/package.dsv'
[1.421s] INFO:colcon.colcon_core.shell:Creating package script '/home/samsanchez/Documents/Robotics/Pincher/ros2_ws/phantom_ws/install/phantomx_pincher/share/phantomx_pincher/package.sh'
[1.423s] INFO:colcon.colcon_core.shell:Creating package script '/home/samsanchez/Documents/Robotics/Pincher/ros2_ws/phantom_ws/install/phantomx_pincher/share/phantomx_pincher/package.bash'
[1.426s] INFO:colcon.colcon_core.shell:Creating package script '/home/samsanchez/Documents/Robotics/Pincher/ros2_ws/phantom_ws/install/phantomx_pincher/share/phantomx_pincher/package.zsh'
[1.428s] Level 1:colcon.colcon_core.environment:create_file_with_runtime_dependencies(/home/samsanchez/Documents/Robotics/Pincher/ros2_ws/phantom_ws/install/phantomx_pincher/share/colcon-core/packages/phantomx_pincher)
[1.429s] INFO:colcon.colcon_ros.task.ament_python.build:Building ROS package in '/home/samsanchez/Documents/Robotics/Pincher/ros2_ws/phantom_ws/src/pincher_description' with build type 'ament_python'
[1.430s] Level 1:colcon.colcon_core.shell:create_environment_hook('pincher_description', 'ament_prefix_path')
[1.430s] INFO:colcon.colcon_core.shell:Creating environment hook '/home/samsanchez/Documents/Robotics/Pincher/ros2_ws/phantom_ws/install/pincher_description/share/pincher_description/hook/ament_prefix_path.ps1'
[1.432s] INFO:colcon.colcon_core.shell:Creating environment descriptor '/home/samsanchez/Documents/Robotics/Pincher/ros2_ws/phantom_ws/install/pincher_description/share/pincher_description/hook/ament_prefix_path.dsv'
[1.434s] INFO:colcon.colcon_core.shell:Creating environment hook '/home/samsanchez/Documents/Robotics/Pincher/ros2_ws/phantom_ws/install/pincher_description/share/pincher_description/hook/ament_prefix_path.sh'
[1.436s] INFO:colcon.colcon_core.shell:Skip shell extension 'powershell' for command environment: Not usable outside of PowerShell
[1.436s] DEBUG:colcon.colcon_core.shell:Skip shell extension 'dsv' for command environment
[1.850s] INFO:colcon.colcon_core.task.python.build:Building Python package in '/home/samsanchez/Documents/Robotics/Pincher/ros2_ws/phantom_ws/src/pincher_description'
[1.851s] INFO:colcon.colcon_core.shell:Skip shell extension 'powershell' for command environment: Not usable outside of PowerShell
[1.851s] DEBUG:colcon.colcon_core.shell:Skip shell extension 'dsv' for command environment
[1.873s] DEBUG:colcon.colcon_core.event_handler.log_command:Invoking command in '/home/samsanchez/Documents/Robotics/Pincher/ros2_ws/phantom_ws/src/pincher_control': PYTHONPATH=/home/samsanchez/Documents/Robotics/Pincher/ros2_ws/phantom_ws/build/pincher_control/prefix_override:/usr/lib/python3/dist-packages/colcon_core/task/python/colcon_distutils_commands:/home/samsanchez/Documents/Robotics/Pincher/ros2_ws/phantom_ws/install/pincher_control/lib/python3.10/site-packages:${PYTHONPATH} /usr/bin/python3 -W ignore:setup.py install is deprecated -W ignore:easy_install command is deprecated setup.py egg_info --egg-base ../../build/pincher_control build --build-base /home/samsanchez/Documents/Robotics/Pincher/ros2_ws/phantom_ws/build/pincher_control/build install --record /home/samsanchez/Documents/Robotics/Pincher/ros2_ws/phantom_ws/build/pincher_control/install.log --single-version-externally-managed install_data
[2.898s] Level 1:colcon.colcon_core.environment:checking '/home/samsanchez/Documents/Robotics/Pincher/ros2_ws/phantom_ws/install/pincher_control' for CMake module files
[2.899s] DEBUG:colcon.colcon_core.event_handler.log_command:Invoked command in '/home/samsanchez/Documents/Robotics/Pincher/ros2_ws/phantom_ws/src/pincher_control' returned '0': PYTHONPATH=/home/samsanchez/Documents/Robotics/Pincher/ros2_ws/phantom_ws/build/pincher_control/prefix_override:/usr/lib/python3/dist-packages/colcon_core/task/python/colcon_distutils_commands:/home/samsanchez/Documents/Robotics/Pincher/ros2_ws/phantom_ws/install/pincher_control/lib/python3.10/site-packages:${PYTHONPATH} /usr/bin/python3 -W ignore:setup.py install is deprecated -W ignore:easy_install command is deprecated setup.py egg_info --egg-base ../../build/pincher_control build --build-base /home/samsanchez/Documents/Robotics/Pincher/ros2_ws/phantom_ws/build/pincher_control/build install --record /home/samsanchez/Documents/Robotics/Pincher/ros2_ws/phantom_ws/build/pincher_control/install.log --single-version-externally-managed install_data
[2.903s] Level 1:colcon.colcon_core.environment:checking '/home/samsanchez/Documents/Robotics/Pincher/ros2_ws/phantom_ws/install/pincher_control' for CMake config files
[2.909s] Level 1:colcon.colcon_core.environment:checking '/home/samsanchez/Documents/Robotics/Pincher/ros2_ws/phantom_ws/install/pincher_control/lib'
[2.909s] Level 1:colcon.colcon_core.environment:checking '/home/samsanchez/Documents/Robotics/Pincher/ros2_ws/phantom_ws/install/pincher_control/bin'
[2.909s] Level 1:colcon.colcon_core.environment:checking '/home/samsanchez/Documents/Robotics/Pincher/ros2_ws/phantom_ws/install/pincher_control/lib/pkgconfig/pincher_control.pc'
[2.910s] Level 1:colcon.colcon_core.environment:checking '/home/samsanchez/Documents/Robotics/Pincher/ros2_ws/phantom_ws/install/pincher_control/lib/python3.10/site-packages'
[2.910s] Level 1:colcon.colcon_core.shell:create_environment_hook('pincher_control', 'pythonpath')
[2.910s] INFO:colcon.colcon_core.shell:Creating environment hook '/home/samsanchez/Documents/Robotics/Pincher/ros2_ws/phantom_ws/install/pincher_control/share/pincher_control/hook/pythonpath.ps1'
[2.915s] INFO:colcon.colcon_core.shell:Creating environment descriptor '/home/samsanchez/Documents/Robotics/Pincher/ros2_ws/phantom_ws/install/pincher_control/share/pincher_control/hook/pythonpath.dsv'
[2.917s] INFO:colcon.colcon_core.shell:Creating environment hook '/home/samsanchez/Documents/Robotics/Pincher/ros2_ws/phantom_ws/install/pincher_control/share/pincher_control/hook/pythonpath.sh'
[2.921s] Level 1:colcon.colcon_core.environment:checking '/home/samsanchez/Documents/Robotics/Pincher/ros2_ws/phantom_ws/install/pincher_control/bin'
[2.922s] Level 1:colcon.colcon_core.environment:create_environment_scripts_only(pincher_control)
[2.922s] INFO:colcon.colcon_core.shell:Creating package script '/home/samsanchez/Documents/Robotics/Pincher/ros2_ws/phantom_ws/install/pincher_control/share/pincher_control/package.ps1'
[2.926s] INFO:colcon.colcon_core.shell:Creating package descriptor '/home/samsanchez/Documents/Robotics/Pincher/ros2_ws/phantom_ws/install/pincher_control/share/pincher_control/package.dsv'
[2.936s] INFO:colcon.colcon_core.shell:Creating package script '/home/samsanchez/Documents/Robotics/Pincher/ros2_ws/phantom_ws/install/pincher_control/share/pincher_control/package.sh'
[2.940s] INFO:colcon.colcon_core.shell:Creating package script '/home/samsanchez/Documents/Robotics/Pincher/ros2_ws/phantom_ws/install/pincher_control/share/pincher_control/package.bash'
[2.943s] INFO:colcon.colcon_core.shell:Creating package script '/home/samsanchez/Documents/Robotics/Pincher/ros2_ws/phantom_ws/install/pincher_control/share/pincher_control/package.zsh'
[2.947s] Level 1:colcon.colcon_core.environment:create_file_with_runtime_dependencies(/home/samsanchez/Documents/Robotics/Pincher/ros2_ws/phantom_ws/install/pincher_control/share/colcon-core/packages/pincher_control)
[2.951s] INFO:colcon.colcon_ros.task.ament_cmake.build:Building ROS package in '/home/samsanchez/Documents/Robotics/Pincher/ros2_ws/phantom_ws/src/phantomx_pincher/phantomx_pincher_demos' with build type 'ament_cmake'
[2.951s] INFO:colcon.colcon_cmake.task.cmake.build:Building CMake package in '/home/samsanchez/Documents/Robotics/Pincher/ros2_ws/phantom_ws/src/phantomx_pincher/phantomx_pincher_demos'
[2.953s] INFO:colcon.colcon_core.shell:Skip shell extension 'powershell' for command environment: Not usable outside of PowerShell
[2.953s] DEBUG:colcon.colcon_core.shell:Skip shell extension 'dsv' for command environment
[3.022s] DEBUG:colcon.colcon_core.event_handler.log_command:Invoking command in '/home/samsanchez/Documents/Robotics/Pincher/ros2_ws/phantom_ws/build/phantomx_pincher_demos': CMAKE_PREFIX_PATH=/home/samsanchez/Documents/Robotics/Pincher/ros2_ws/phantom_ws/install/phantomx_pincher:/home/samsanchez/Documents/Robotics/Pincher/ros2_ws/phantom_ws/install/phantomx_pincher_moveit_config:/home/samsanchez/Documents/Robotics/Pincher/ros2_ws/phantom_ws/install/phantomx_pincher_description:/home/samsanchez/Documents/Robotics/Pincher/ros2_ws/phantom_ws/install/phantomx_pincher_demos:/home/samsanchez/Documents/Robotics/Pincher/ros2_ws/phantom_ws/install/pincher_description:/home/samsanchez/Documents/Robotics/Pincher/ros2_ws/phantom_ws/install/pincher_control:/opt/ros/humble /usr/bin/cmake --build /home/samsanchez/Documents/Robotics/Pincher/ros2_ws/phantom_ws/build/phantomx_pincher_demos -- -j2 -l2
[3.157s] DEBUG:colcon.colcon_core.event_handler.log_command:Invoking command in '/home/samsanchez/Documents/Robotics/Pincher/ros2_ws/phantom_ws/src/pincher_description': PYTHONPATH=/home/samsanchez/Documents/Robotics/Pincher/ros2_ws/phantom_ws/build/pincher_description/prefix_override:/usr/lib/python3/dist-packages/colcon_core/task/python/colcon_distutils_commands:/home/samsanchez/Documents/Robotics/Pincher/ros2_ws/phantom_ws/install/pincher_description/lib/python3.10/site-packages:${PYTHONPATH} /usr/bin/python3 -W ignore:setup.py install is deprecated -W ignore:easy_install command is deprecated setup.py egg_info --egg-base ../../build/pincher_description build --build-base /home/samsanchez/Documents/Robotics/Pincher/ros2_ws/phantom_ws/build/pincher_description/build install --record /home/samsanchez/Documents/Robotics/Pincher/ros2_ws/phantom_ws/build/pincher_description/install.log --single-version-externally-managed install_data
[3.214s] DEBUG:colcon.colcon_core.event_handler.log_command:Invoked command in '/home/samsanchez/Documents/Robotics/Pincher/ros2_ws/phantom_ws/build/phantomx_pincher_demos' returned '0': CMAKE_PREFIX_PATH=/home/samsanchez/Documents/Robotics/Pincher/ros2_ws/phantom_ws/install/phantomx_pincher:/home/samsanchez/Documents/Robotics/Pincher/ros2_ws/phantom_ws/install/phantomx_pincher_moveit_config:/home/samsanchez/Documents/Robotics/Pincher/ros2_ws/phantom_ws/install/phantomx_pincher_description:/home/samsanchez/Documents/Robotics/Pincher/ros2_ws/phantom_ws/install/phantomx_pincher_demos:/home/samsanchez/Documents/Robotics/Pincher/ros2_ws/phantom_ws/install/pincher_description:/home/samsanchez/Documents/Robotics/Pincher/ros2_ws/phantom_ws/install/pincher_control:/opt/ros/humble /usr/bin/cmake --build /home/samsanchez/Documents/Robotics/Pincher/ros2_ws/phantom_ws/build/phantomx_pincher_demos -- -j2 -l2
[3.219s] DEBUG:colcon.colcon_core.event_handler.log_command:Invoking command in '/home/samsanchez/Documents/Robotics/Pincher/ros2_ws/phantom_ws/build/phantomx_pincher_demos': CMAKE_PREFIX_PATH=/home/samsanchez/Documents/Robotics/Pincher/ros2_ws/phantom_ws/install/phantomx_pincher:/home/samsanchez/Documents/Robotics/Pincher/ros2_ws/phantom_ws/install/phantomx_pincher_moveit_config:/home/samsanchez/Documents/Robotics/Pincher/ros2_ws/phantom_ws/install/phantomx_pincher_description:/home/samsanchez/Documents/Robotics/Pincher/ros2_ws/phantom_ws/install/phantomx_pincher_demos:/home/samsanchez/Documents/Robotics/Pincher/ros2_ws/phantom_ws/install/pincher_description:/home/samsanchez/Documents/Robotics/Pincher/ros2_ws/phantom_ws/install/pincher_control:/opt/ros/humble /usr/bin/cmake --install /home/samsanchez/Documents/Robotics/Pincher/ros2_ws/phantom_ws/build/phantomx_pincher_demos
[3.274s] Level 1:colcon.colcon_core.environment:create_environment_scripts_only(phantomx_pincher_demos)
[3.274s] Level 1:colcon.colcon_core.environment:checking '/home/samsanchez/Documents/Robotics/Pincher/ros2_ws/phantom_ws/install/phantomx_pincher_demos' for CMake module files
[3.275s] Level 1:colcon.colcon_core.environment:checking '/home/samsanchez/Documents/Robotics/Pincher/ros2_ws/phantom_ws/install/phantomx_pincher_demos' for CMake config files
[3.279s] DEBUG:colcon.colcon_core.event_handler.log_command:Invoked command in '/home/samsanchez/Documents/Robotics/Pincher/ros2_ws/phantom_ws/build/phantomx_pincher_demos' returned '0': CMAKE_PREFIX_PATH=/home/samsanchez/Documents/Robotics/Pincher/ros2_ws/phantom_ws/install/phantomx_pincher:/home/samsanchez/Documents/Robotics/Pincher/ros2_ws/phantom_ws/install/phantomx_pincher_moveit_config:/home/samsanchez/Documents/Robotics/Pincher/ros2_ws/phantom_ws/install/phantomx_pincher_description:/home/samsanchez/Documents/Robotics/Pincher/ros2_ws/phantom_ws/install/phantomx_pincher_demos:/home/samsanchez/Documents/Robotics/Pincher/ros2_ws/phantom_ws/install/pincher_description:/home/samsanchez/Documents/Robotics/Pincher/ros2_ws/phantom_ws/install/pincher_control:/opt/ros/humble /usr/bin/cmake --install /home/samsanchez/Documents/Robotics/Pincher/ros2_ws/phantom_ws/build/phantomx_pincher_demos
[3.281s] Level 1:colcon.colcon_core.shell:create_environment_hook('phantomx_pincher_demos', 'cmake_prefix_path')
[3.282s] INFO:colcon.colcon_core.shell:Creating environment hook '/home/samsanchez/Documents/Robotics/Pincher/ros2_ws/phantom_ws/install/phantomx_pincher_demos/share/phantomx_pincher_demos/hook/cmake_prefix_path.ps1'
[3.285s] INFO:colcon.colcon_core.shell:Creating environment descriptor '/home/samsanchez/Documents/Robotics/Pincher/ros2_ws/phantom_ws/install/phantomx_pincher_demos/share/phantomx_pincher_demos/hook/cmake_prefix_path.dsv'
[3.288s] INFO:colcon.colcon_core.shell:Creating environment hook '/home/samsanchez/Documents/Robotics/Pincher/ros2_ws/phantom_ws/install/phantomx_pincher_demos/share/phantomx_pincher_demos/hook/cmake_prefix_path.sh'
[3.293s] Level 1:colcon.colcon_core.environment:checking '/home/samsanchez/Documents/Robotics/Pincher/ros2_ws/phantom_ws/install/phantomx_pincher_demos/lib'
[3.293s] Level 1:colcon.colcon_core.environment:checking '/home/samsanchez/Documents/Robotics/Pincher/ros2_ws/phantom_ws/install/phantomx_pincher_demos/bin'
[3.293s] Level 1:colcon.colcon_core.environment:checking '/home/samsanchez/Documents/Robotics/Pincher/ros2_ws/phantom_ws/install/phantomx_pincher_demos/lib/pkgconfig/phantomx_pincher_demos.pc'
[3.293s] Level 1:colcon.colcon_core.environment:checking '/home/samsanchez/Documents/Robotics/Pincher/ros2_ws/phantom_ws/install/phantomx_pincher_demos/lib/python3.10/site-packages'
[3.295s] Level 1:colcon.colcon_core.environment:checking '/home/samsanchez/Documents/Robotics/Pincher/ros2_ws/phantom_ws/install/phantomx_pincher_demos/bin'
[3.296s] INFO:colcon.colcon_core.shell:Creating package script '/home/samsanchez/Documents/Robotics/Pincher/ros2_ws/phantom_ws/install/phantomx_pincher_demos/share/phantomx_pincher_demos/package.ps1'
[3.299s] INFO:colcon.colcon_core.shell:Creating package descriptor '/home/samsanchez/Documents/Robotics/Pincher/ros2_ws/phantom_ws/install/phantomx_pincher_demos/share/phantomx_pincher_demos/package.dsv'
[3.304s] INFO:colcon.colcon_core.shell:Creating package script '/home/samsanchez/Documents/Robotics/Pincher/ros2_ws/phantom_ws/install/phantomx_pincher_demos/share/phantomx_pincher_demos/package.sh'
[3.306s] INFO:colcon.colcon_core.shell:Creating package script '/home/samsanchez/Documents/Robotics/Pincher/ros2_ws/phantom_ws/install/phantomx_pincher_demos/share/phantomx_pincher_demos/package.bash'
[3.308s] INFO:colcon.colcon_core.shell:Creating package script '/home/samsanchez/Documents/Robotics/Pincher/ros2_ws/phantom_ws/install/phantomx_pincher_demos/share/phantomx_pincher_demos/package.zsh'
[3.312s] Level 1:colcon.colcon_core.environment:create_file_with_runtime_dependencies(/home/samsanchez/Documents/Robotics/Pincher/ros2_ws/phantom_ws/install/phantomx_pincher_demos/share/colcon-core/packages/phantomx_pincher_demos)
[3.314s] Level 1:colcon.colcon_core.environment:create_environment_scripts_only(phantomx_pincher_demos)
[3.314s] Level 1:colcon.colcon_core.environment:checking '/home/samsanchez/Documents/Robotics/Pincher/ros2_ws/phantom_ws/install/phantomx_pincher_demos' for CMake module files
[3.320s] Level 1:colcon.colcon_core.environment:checking '/home/samsanchez/Documents/Robotics/Pincher/ros2_ws/phantom_ws/install/phantomx_pincher_demos' for CMake config files
[3.321s] Level 1:colcon.colcon_core.shell:create_environment_hook('phantomx_pincher_demos', 'cmake_prefix_path')
[3.322s] INFO:colcon.colcon_core.shell:Creating environment hook '/home/samsanchez/Documents/Robotics/Pincher/ros2_ws/phantom_ws/install/phantomx_pincher_demos/share/phantomx_pincher_demos/hook/cmake_prefix_path.ps1'
[3.326s] INFO:colcon.colcon_core.shell:Creating environment descriptor '/home/samsanchez/Documents/Robotics/Pincher/ros2_ws/phantom_ws/install/phantomx_pincher_demos/share/phantomx_pincher_demos/hook/cmake_prefix_path.dsv'
[3.327s] INFO:colcon.colcon_core.shell:Creating environment hook '/home/samsanchez/Documents/Robotics/Pincher/ros2_ws/phantom_ws/install/phantomx_pincher_demos/share/phantomx_pincher_demos/hook/cmake_prefix_path.sh'
[3.328s] Level 1:colcon.colcon_core.environment:checking '/home/samsanchez/Documents/Robotics/Pincher/ros2_ws/phantom_ws/install/phantomx_pincher_demos/lib'
[3.331s] Level 1:colcon.colcon_core.environment:checking '/home/samsanchez/Documents/Robotics/Pincher/ros2_ws/phantom_ws/install/phantomx_pincher_demos/bin'
[3.332s] Level 1:colcon.colcon_core.environment:checking '/home/samsanchez/Documents/Robotics/Pincher/ros2_ws/phantom_ws/install/phantomx_pincher_demos/lib/pkgconfig/phantomx_pincher_demos.pc'
[3.332s] Level 1:colcon.colcon_core.environment:checking '/home/samsanchez/Documents/Robotics/Pincher/ros2_ws/phantom_ws/install/phantomx_pincher_demos/lib/python3.10/site-packages'
[3.332s] Level 1:colcon.colcon_core.environment:checking '/home/samsanchez/Documents/Robotics/Pincher/ros2_ws/phantom_ws/install/phantomx_pincher_demos/bin'
[3.333s] INFO:colcon.colcon_core.shell:Creating package script '/home/samsanchez/Documents/Robotics/Pincher/ros2_ws/phantom_ws/install/phantomx_pincher_demos/share/phantomx_pincher_demos/package.ps1'
[3.337s] INFO:colcon.colcon_core.shell:Creating package descriptor '/home/samsanchez/Documents/Robotics/Pincher/ros2_ws/phantom_ws/install/phantomx_pincher_demos/share/phantomx_pincher_demos/package.dsv'
[3.339s] INFO:colcon.colcon_core.shell:Creating package script '/home/samsanchez/Documents/Robotics/Pincher/ros2_ws/phantom_ws/install/phantomx_pincher_demos/share/phantomx_pincher_demos/package.sh'
[3.344s] INFO:colcon.colcon_core.shell:Creating package script '/home/samsanchez/Documents/Robotics/Pincher/ros2_ws/phantom_ws/install/phantomx_pincher_demos/share/phantomx_pincher_demos/package.bash'
[3.346s] INFO:colcon.colcon_core.shell:Creating package script '/home/samsanchez/Documents/Robotics/Pincher/ros2_ws/phantom_ws/install/phantomx_pincher_demos/share/phantomx_pincher_demos/package.zsh'
[3.347s] Level 1:colcon.colcon_core.environment:create_file_with_runtime_dependencies(/home/samsanchez/Documents/Robotics/Pincher/ros2_ws/phantom_ws/install/phantomx_pincher_demos/share/colcon-core/packages/phantomx_pincher_demos)
[3.929s] Level 1:colcon.colcon_core.environment:checking '/home/samsanchez/Documents/Robotics/Pincher/ros2_ws/phantom_ws/install/pincher_description' for CMake module files
[3.932s] DEBUG:colcon.colcon_core.event_handler.log_command:Invoked command in '/home/samsanchez/Documents/Robotics/Pincher/ros2_ws/phantom_ws/src/pincher_description' returned '0': PYTHONPATH=/home/samsanchez/Documents/Robotics/Pincher/ros2_ws/phantom_ws/build/pincher_description/prefix_override:/usr/lib/python3/dist-packages/colcon_core/task/python/colcon_distutils_commands:/home/samsanchez/Documents/Robotics/Pincher/ros2_ws/phantom_ws/install/pincher_description/lib/python3.10/site-packages:${PYTHONPATH} /usr/bin/python3 -W ignore:setup.py install is deprecated -W ignore:easy_install command is deprecated setup.py egg_info --egg-base ../../build/pincher_description build --build-base /home/samsanchez/Documents/Robotics/Pincher/ros2_ws/phantom_ws/build/pincher_description/build install --record /home/samsanchez/Documents/Robotics/Pincher/ros2_ws/phantom_ws/build/pincher_description/install.log --single-version-externally-managed install_data
[3.933s] Level 1:colcon.colcon_core.environment:checking '/home/samsanchez/Documents/Robotics/Pincher/ros2_ws/phantom_ws/install/pincher_description' for CMake config files
[3.934s] Level 1:colcon.colcon_core.environment:checking '/home/samsanchez/Documents/Robotics/Pincher/ros2_ws/phantom_ws/install/pincher_description/lib'
[3.935s] Level 1:colcon.colcon_core.environment:checking '/home/samsanchez/Documents/Robotics/Pincher/ros2_ws/phantom_ws/install/pincher_description/bin'
[3.936s] Level 1:colcon.colcon_core.environment:checking '/home/samsanchez/Documents/Robotics/Pincher/ros2_ws/phantom_ws/install/pincher_description/lib/pkgconfig/pincher_description.pc'
[3.936s] Level 1:colcon.colcon_core.environment:checking '/home/samsanchez/Documents/Robotics/Pincher/ros2_ws/phantom_ws/install/pincher_description/lib/python3.10/site-packages'
[3.936s] Level 1:colcon.colcon_core.shell:create_environment_hook('pincher_description', 'pythonpath')
[3.936s] INFO:colcon.colcon_core.shell:Creating environment hook '/home/samsanchez/Documents/Robotics/Pincher/ros2_ws/phantom_ws/install/pincher_description/share/pincher_description/hook/pythonpath.ps1'
[3.938s] INFO:colcon.colcon_core.shell:Creating environment descriptor '/home/samsanchez/Documents/Robotics/Pincher/ros2_ws/phantom_ws/install/pincher_description/share/pincher_description/hook/pythonpath.dsv'
[3.940s] INFO:colcon.colcon_core.shell:Creating environment hook '/home/samsanchez/Documents/Robotics/Pincher/ros2_ws/phantom_ws/install/pincher_description/share/pincher_description/hook/pythonpath.sh'
[3.941s] Level 1:colcon.colcon_core.environment:checking '/home/samsanchez/Documents/Robotics/Pincher/ros2_ws/phantom_ws/install/pincher_description/bin'
[3.942s] Level 1:colcon.colcon_core.environment:create_environment_scripts_only(pincher_description)
[3.943s] INFO:colcon.colcon_core.shell:Creating package script '/home/samsanchez/Documents/Robotics/Pincher/ros2_ws/phantom_ws/install/pincher_description/share/pincher_description/package.ps1'
[3.944s] INFO:colcon.colcon_core.shell:Creating package descriptor '/home/samsanchez/Documents/Robotics/Pincher/ros2_ws/phantom_ws/install/pincher_description/share/pincher_description/package.dsv'
[3.945s] INFO:colcon.colcon_core.shell:Creating package script '/home/samsanchez/Documents/Robotics/Pincher/ros2_ws/phantom_ws/install/pincher_description/share/pincher_description/package.sh'
[3.946s] INFO:colcon.colcon_core.shell:Creating package script '/home/samsanchez/Documents/Robotics/Pincher/ros2_ws/phantom_ws/install/pincher_description/share/pincher_description/package.bash'
[3.948s] INFO:colcon.colcon_core.shell:Creating package script '/home/samsanchez/Documents/Robotics/Pincher/ros2_ws/phantom_ws/install/pincher_description/share/pincher_description/package.zsh'
[3.950s] Level 1:colcon.colcon_core.environment:create_file_with_runtime_dependencies(/home/samsanchez/Documents/Robotics/Pincher/ros2_ws/phantom_ws/install/pincher_description/share/colcon-core/packages/pincher_description)
[3.951s] DEBUG:colcon.colcon_parallel_executor.executor.parallel:closing loop
[3.953s] DEBUG:colcon.colcon_parallel_executor.executor.parallel:loop closed
[3.953s] DEBUG:colcon.colcon_parallel_executor.executor.parallel:run_until_complete finished with '0'
[3.954s] DEBUG:colcon.colcon_core.event_reactor:joining thread
[3.965s] INFO:colcon.colcon_core.plugin_system:Skipping extension 'colcon_notification.desktop_notification.terminal_notifier': Not used on non-Darwin systems
[3.965s] INFO:colcon.colcon_core.plugin_system:Skipping extension 'colcon_notification.desktop_notification.win32': Not used on non-Windows systems
[3.965s] INFO:colcon.colcon_notification.desktop_notification:Sending desktop notification using 'notify2'
[4.002s] DEBUG:colcon.colcon_core.event_reactor:joined thread
[4.002s] INFO:colcon.colcon_core.shell:Creating prefix script '/home/samsanchez/Documents/Robotics/Pincher/ros2_ws/phantom_ws/install/local_setup.ps1'
[4.006s] INFO:colcon.colcon_core.shell:Creating prefix util module '/home/samsanchez/Documents/Robotics/Pincher/ros2_ws/phantom_ws/install/_local_setup_util_ps1.py'
[4.014s] INFO:colcon.colcon_core.shell:Creating prefix chain script '/home/samsanchez/Documents/Robotics/Pincher/ros2_ws/phantom_ws/install/setup.ps1'
[4.022s] INFO:colcon.colcon_core.shell:Creating prefix script '/home/samsanchez/Documents/Robotics/Pincher/ros2_ws/phantom_ws/install/local_setup.sh'
[4.024s] INFO:colcon.colcon_core.shell:Creating prefix util module '/home/samsanchez/Documents/Robotics/Pincher/ros2_ws/phantom_ws/install/_local_setup_util_sh.py'
[4.028s] INFO:colcon.colcon_core.shell:Creating prefix chain script '/home/samsanchez/Documents/Robotics/Pincher/ros2_ws/phantom_ws/install/setup.sh'
[4.034s] INFO:colcon.colcon_core.shell:Creating prefix script '/home/samsanchez/Documents/Robotics/Pincher/ros2_ws/phantom_ws/install/local_setup.bash'
[4.038s] INFO:colcon.colcon_core.shell:Creating prefix chain script '/home/samsanchez/Documents/Robotics/Pincher/ros2_ws/phantom_ws/install/setup.bash'
[4.043s] INFO:colcon.colcon_core.shell:Creating prefix script '/home/samsanchez/Documents/Robotics/Pincher/ros2_ws/phantom_ws/install/local_setup.zsh'
[4.045s] INFO:colcon.colcon_core.shell:Creating prefix chain script '/home/samsanchez/Documents/Robotics/Pincher/ros2_ws/phantom_ws/install/setup.zsh'
