[3.769s] Invoking command in '/home/samsanchez/Documents/Robotics/Pincher/ros2_ws/phantom_ws/src/pincher_control': PYTHONPATH=/home/samsanchez/Documents/Robotics/Pincher/ros2_ws/phantom_ws/build/pincher_control/prefix_override:/usr/lib/python3/dist-packages/colcon_core/task/python/colcon_distutils_commands:/home/samsanchez/Documents/Robotics/Pincher/ros2_ws/phantom_ws/install/pincher_control/lib/python3.10/site-packages:${PYTHONPATH} /usr/bin/python3 -W ignore:setup.py install is deprecated -W ignore:easy_install command is deprecated setup.py egg_info --egg-base ../../build/pincher_control build --build-base /home/samsanchez/Documents/Robotics/Pincher/ros2_ws/phantom_ws/build/pincher_control/build install --record /home/samsanchez/Documents/Robotics/Pincher/ros2_ws/phantom_ws/build/pincher_control/install.log --single-version-externally-managed install_data
[5.123s] running egg_info
[5.127s] writing ../../build/pincher_control/pincher_control.egg-info/PKG-INFO
[5.127s] writing dependency_links to ../../build/pincher_control/pincher_control.egg-info/dependency_links.txt
[5.135s] writing entry points to ../../build/pincher_control/pincher_control.egg-info/entry_points.txt
[5.135s] writing requirements to ../../build/pincher_control/pincher_control.egg-info/requires.txt
[5.135s] writing top-level names to ../../build/pincher_control/pincher_control.egg-info/top_level.txt
[5.152s] reading manifest file '../../build/pincher_control/pincher_control.egg-info/SOURCES.txt'
[5.158s] writing manifest file '../../build/pincher_control/pincher_control.egg-info/SOURCES.txt'
[5.162s] running build
[5.162s] running build_py
[5.162s] copying pincher_control/control_servo.py -> /home/samsanchez/Documents/Robotics/Pincher/ros2_ws/phantom_ws/build/pincher_control/build/lib/pincher_control
[5.171s] running install
[5.175s] running install_lib
[5.178s] copying /home/samsanchez/Documents/Robotics/Pincher/ros2_ws/phantom_ws/build/pincher_control/build/lib/pincher_control/control_servo.py -> /home/samsanchez/Documents/Robotics/Pincher/ros2_ws/phantom_ws/install/pincher_control/lib/python3.10/site-packages/pincher_control
[5.186s] byte-compiling /home/samsanchez/Documents/Robotics/Pincher/ros2_ws/phantom_ws/install/pincher_control/lib/python3.10/site-packages/pincher_control/control_servo.py to control_servo.cpython-310.pyc
[5.256s] running install_data
[5.262s] running install_egg_info
[5.270s] removing '/home/samsanchez/Documents/Robotics/Pincher/ros2_ws/phantom_ws/install/pincher_control/lib/python3.10/site-packages/pincher_control-0.0.0-py3.10.egg-info' (and everything under it)
[5.280s] Copying ../../build/pincher_control/pincher_control.egg-info to /home/samsanchez/Documents/Robotics/Pincher/ros2_ws/phantom_ws/install/pincher_control/lib/python3.10/site-packages/pincher_control-0.0.0-py3.10.egg-info
[5.285s] running install_scripts
[5.409s] Installing L5_P1 script to /home/samsanchez/Documents/Robotics/Pincher/ros2_ws/phantom_ws/install/pincher_control/lib/pincher_control
[5.409s] Installing control_servo script to /home/samsanchez/Documents/Robotics/Pincher/ros2_ws/phantom_ws/install/pincher_control/lib/pincher_control
[5.415s] Installing terminal_control script to /home/samsanchez/Documents/Robotics/Pincher/ros2_ws/phantom_ws/install/pincher_control/lib/pincher_control
[5.422s] Installing terminal_sub script to /home/samsanchez/Documents/Robotics/Pincher/ros2_ws/phantom_ws/install/pincher_control/lib/pincher_control
[5.425s] Installing toolbox script to /home/samsanchez/Documents/Robotics/Pincher/ros2_ws/phantom_ws/install/pincher_control/lib/pincher_control
[5.431s] writing list of installed files to '/home/samsanchez/Documents/Robotics/Pincher/ros2_ws/phantom_ws/build/pincher_control/install.log'
[5.491s] Invoked command in '/home/samsanchez/Documents/Robotics/Pincher/ros2_ws/phantom_ws/src/pincher_control' returned '0': PYTHONPATH=/home/samsanchez/Documents/Robotics/Pincher/ros2_ws/phantom_ws/build/pincher_control/prefix_override:/usr/lib/python3/dist-packages/colcon_core/task/python/colcon_distutils_commands:/home/samsanchez/Documents/Robotics/Pincher/ros2_ws/phantom_ws/install/pincher_control/lib/python3.10/site-packages:${PYTHONPATH} /usr/bin/python3 -W ignore:setup.py install is deprecated -W ignore:easy_install command is deprecated setup.py egg_info --egg-base ../../build/pincher_control build --build-base /home/samsanchez/Documents/Robotics/Pincher/ros2_ws/phantom_ws/build/pincher_control/build install --record /home/samsanchez/Documents/Robotics/Pincher/ros2_ws/phantom_ws/build/pincher_control/install.log --single-version-externally-managed install_data
