running egg_info
creating ../../build/pincher_description/pincher_description.egg-info
writing ../../build/pincher_description/pincher_description.egg-info/PKG-INFO
writing dependency_links to ../../build/pincher_description/pincher_description.egg-info/dependency_links.txt
writing entry points to ../../build/pincher_description/pincher_description.egg-info/entry_points.txt
writing requirements to ../../build/pincher_description/pincher_description.egg-info/requires.txt
writing top-level names to ../../build/pincher_description/pincher_description.egg-info/top_level.txt
writing manifest file '../../build/pincher_description/pincher_description.egg-info/SOURCES.txt'
reading manifest file '../../build/pincher_description/pincher_description.egg-info/SOURCES.txt'
writing manifest file '../../build/pincher_description/pincher_description.egg-info/SOURCES.txt'
running build
running build_py
creating /home/samsanchez/Documents/Robotics/Pincher/ros2_ws/phantom_ws/build/pincher_description/build
creating /home/samsanchez/Documents/Robotics/Pincher/ros2_ws/phantom_ws/build/pincher_description/build/lib
creating /home/samsanchez/Documents/Robotics/Pincher/ros2_ws/phantom_ws/build/pincher_description/build/lib/pincher_description
copying pincher_description/__init__.py -> /home/samsanchez/Documents/Robotics/Pincher/ros2_ws/phantom_ws/build/pincher_description/build/lib/pincher_description
running install
running install_lib
creating /home/samsanchez/Documents/Robotics/Pincher/ros2_ws/phantom_ws/install/pincher_description/lib/python3.10/site-packages/pincher_description
copying /home/samsanchez/Documents/Robotics/Pincher/ros2_ws/phantom_ws/build/pincher_description/build/lib/pincher_description/__init__.py -> /home/samsanchez/Documents/Robotics/Pincher/ros2_ws/phantom_ws/install/pincher_description/lib/python3.10/site-packages/pincher_description
byte-compiling /home/samsanchez/Documents/Robotics/Pincher/ros2_ws/phantom_ws/install/pincher_description/lib/python3.10/site-packages/pincher_description/__init__.py to __init__.cpython-310.pyc
running install_data
creating /home/samsanchez/Documents/Robotics/Pincher/ros2_ws/phantom_ws/install/pincher_description/share/ament_index
creating /home/samsanchez/Documents/Robotics/Pincher/ros2_ws/phantom_ws/install/pincher_description/share/ament_index/resource_index
creating /home/samsanchez/Documents/Robotics/Pincher/ros2_ws/phantom_ws/install/pincher_description/share/ament_index/resource_index/packages
copying resource/pincher_description -> /home/samsanchez/Documents/Robotics/Pincher/ros2_ws/phantom_ws/install/pincher_description/share/ament_index/resource_index/packages
copying package.xml -> /home/samsanchez/Documents/Robotics/Pincher/ros2_ws/phantom_ws/install/pincher_description/share/pincher_description
running install_egg_info
Copying ../../build/pincher_description/pincher_description.egg-info to /home/samsanchez/Documents/Robotics/Pincher/ros2_ws/phantom_ws/install/pincher_description/lib/python3.10/site-packages/pincher_description-0.0.0-py3.10.egg-info
running install_scripts
writing list of installed files to '/home/samsanchez/Documents/Robotics/Pincher/ros2_ws/phantom_ws/build/pincher_description/install.log'
