[0.955s] Invoking command in '/home/samsanchez/Documents/Robotics/Pincher/ros2_ws/phantom_ws/src/pincher_description': PYTHONPATH=/home/samsanchez/Documents/Robotics/Pincher/ros2_ws/phantom_ws/build/pincher_description/prefix_override:/usr/lib/python3/dist-packages/colcon_core/task/python/colcon_distutils_commands:/home/samsanchez/Documents/Robotics/Pincher/ros2_ws/phantom_ws/install/pincher_description/lib/python3.10/site-packages:${PYTHONPATH} /usr/bin/python3 -W ignore:setup.py install is deprecated -W ignore:easy_install command is deprecated setup.py egg_info --egg-base ../../build/pincher_description build --build-base /home/samsanchez/Documents/Robotics/Pincher/ros2_ws/phantom_ws/build/pincher_description/build install --record /home/samsanchez/Documents/Robotics/Pincher/ros2_ws/phantom_ws/build/pincher_description/install.log --single-version-externally-managed install_data
[1.352s] running egg_info
[1.354s] writing ../../build/pincher_description/pincher_description.egg-info/PKG-INFO
[1.354s] writing dependency_links to ../../build/pincher_description/pincher_description.egg-info/dependency_links.txt
[1.356s] writing entry points to ../../build/pincher_description/pincher_description.egg-info/entry_points.txt
[1.357s] writing requirements to ../../build/pincher_description/pincher_description.egg-info/requires.txt
[1.361s] writing top-level names to ../../build/pincher_description/pincher_description.egg-info/top_level.txt
[1.363s] reading manifest file '../../build/pincher_description/pincher_description.egg-info/SOURCES.txt'
[1.364s] writing manifest file '../../build/pincher_description/pincher_description.egg-info/SOURCES.txt'
[1.366s] running build
[1.368s] running build_py
[1.369s] running install
[1.369s] running install_lib
[1.370s] running install_data
[1.370s] running install_egg_info
[1.375s] removing '/home/samsanchez/Documents/Robotics/Pincher/ros2_ws/phantom_ws/install/pincher_description/lib/python3.10/site-packages/pincher_description-0.0.0-py3.10.egg-info' (and everything under it)
[1.379s] Copying ../../build/pincher_description/pincher_description.egg-info to /home/samsanchez/Documents/Robotics/Pincher/ros2_ws/phantom_ws/install/pincher_description/lib/python3.10/site-packages/pincher_description-0.0.0-py3.10.egg-info
[1.381s] running install_scripts
[1.413s] writing list of installed files to '/home/samsanchez/Documents/Robotics/Pincher/ros2_ws/phantom_ws/build/pincher_description/install.log'
[1.467s] Invoked command in '/home/samsanchez/Documents/Robotics/Pincher/ros2_ws/phantom_ws/src/pincher_description' returned '0': PYTHONPATH=/home/samsanchez/Documents/Robotics/Pincher/ros2_ws/phantom_ws/build/pincher_description/prefix_override:/usr/lib/python3/dist-packages/colcon_core/task/python/colcon_distutils_commands:/home/samsanchez/Documents/Robotics/Pincher/ros2_ws/phantom_ws/install/pincher_description/lib/python3.10/site-packages:${PYTHONPATH} /usr/bin/python3 -W ignore:setup.py install is deprecated -W ignore:easy_install command is deprecated setup.py egg_info --egg-base ../../build/pincher_description build --build-base /home/samsanchez/Documents/Robotics/Pincher/ros2_ws/phantom_ws/build/pincher_description/build install --record /home/samsanchez/Documents/Robotics/Pincher/ros2_ws/phantom_ws/build/pincher_description/install.log --single-version-externally-managed install_data
