[2.110s] Invoking command in '/home/samsanchez/Documents/Robotics/Pincher/ros2_ws/phantom_ws/src/pincher_description': PYTHONPATH=/home/samsanchez/Documents/Robotics/Pincher/ros2_ws/phantom_ws/build/pincher_description/prefix_override:/usr/lib/python3/dist-packages/colcon_core/task/python/colcon_distutils_commands:/home/samsanchez/Documents/Robotics/Pincher/ros2_ws/phantom_ws/install/pincher_description/lib/python3.10/site-packages:${PYTHONPATH} /usr/bin/python3 -W ignore:setup.py install is deprecated -W ignore:easy_install command is deprecated setup.py egg_info --egg-base ../../build/pincher_description build --build-base /home/samsanchez/Documents/Robotics/Pincher/ros2_ws/phantom_ws/build/pincher_description/build install --record /home/samsanchez/Documents/Robotics/Pincher/ros2_ws/phantom_ws/build/pincher_description/install.log --single-version-externally-managed install_data
[2.988s] running egg_info
[2.989s] writing ../../build/pincher_description/pincher_description.egg-info/PKG-INFO
[2.991s] writing dependency_links to ../../build/pincher_description/pincher_description.egg-info/dependency_links.txt
[2.992s] writing entry points to ../../build/pincher_description/pincher_description.egg-info/entry_points.txt
[2.992s] writing requirements to ../../build/pincher_description/pincher_description.egg-info/requires.txt
[2.992s] writing top-level names to ../../build/pincher_description/pincher_description.egg-info/top_level.txt
[2.997s] reading manifest file '../../build/pincher_description/pincher_description.egg-info/SOURCES.txt'
[2.997s] writing manifest file '../../build/pincher_description/pincher_description.egg-info/SOURCES.txt'
[2.997s] running build
[2.998s] running build_py
[2.998s] running install
[3.000s] running install_lib
[3.002s] running install_data
[3.003s] running install_egg_info
[3.009s] removing '/home/samsanchez/Documents/Robotics/Pincher/ros2_ws/phantom_ws/install/pincher_description/lib/python3.10/site-packages/pincher_description-0.0.0-py3.10.egg-info' (and everything under it)
[3.016s] Copying ../../build/pincher_description/pincher_description.egg-info to /home/samsanchez/Documents/Robotics/Pincher/ros2_ws/phantom_ws/install/pincher_description/lib/python3.10/site-packages/pincher_description-0.0.0-py3.10.egg-info
[3.018s] running install_scripts
[3.065s] writing list of installed files to '/home/samsanchez/Documents/Robotics/Pincher/ros2_ws/phantom_ws/build/pincher_description/install.log'
[3.198s] Invoked command in '/home/samsanchez/Documents/Robotics/Pincher/ros2_ws/phantom_ws/src/pincher_description' returned '0': PYTHONPATH=/home/samsanchez/Documents/Robotics/Pincher/ros2_ws/phantom_ws/build/pincher_description/prefix_override:/usr/lib/python3/dist-packages/colcon_core/task/python/colcon_distutils_commands:/home/samsanchez/Documents/Robotics/Pincher/ros2_ws/phantom_ws/install/pincher_description/lib/python3.10/site-packages:${PYTHONPATH} /usr/bin/python3 -W ignore:setup.py install is deprecated -W ignore:easy_install command is deprecated setup.py egg_info --egg-base ../../build/pincher_description build --build-base /home/samsanchez/Documents/Robotics/Pincher/ros2_ws/phantom_ws/build/pincher_description/build install --record /home/samsanchez/Documents/Robotics/Pincher/ros2_ws/phantom_ws/build/pincher_description/install.log --single-version-externally-managed install_data
