[0.101s] Invoking command in '/home/samsanchez/Documents/Robotics/KIT_Phantom_X_Pincher_ROS2/phantom_ws/build/phantomx_pincher_demos': CMAKE_PREFIX_PATH=/home/samsanchez/Documents/Robotics/KIT_Phantom_X_Pincher_ROS2/phantom_ws/install/phantomx_pincher:/home/samsanchez/Documents/Robotics/KIT_Phantom_X_Pincher_ROS2/phantom_ws/install/phantomx_pincher_moveit_config:/home/samsanchez/Documents/Robotics/KIT_Phantom_X_Pincher_ROS2/phantom_ws/install/phantomx_pincher_description:/home/samsanchez/Documents/Robotics/KIT_Phantom_X_Pincher_ROS2/phantom_ws/install/phantomx_pincher_bringup:/home/samsanchez/Documents/Robotics/KIT_Phantom_X_Pincher_ROS2/phantom_ws/install/phantomx_pincher_commander_cpp:/home/samsanchez/Documents/Robotics/KIT_Phantom_X_Pincher_ROS2/phantom_ws/install/phantomx_pincher_interfaces:/home/samsanchez/Documents/Robotics/KIT_Phantom_X_Pincher_ROS2/phantom_ws/install/phantomx_pincher_demos:/home/samsanchez/Documents/Robotics/KIT_Phantom_X_Pincher_ROS2/phantom_ws/install/pincher_control:/opt/ros/humble /usr/bin/cmake --build /home/samsanchez/Documents/Robotics/KIT_Phantom_X_Pincher_ROS2/phantom_ws/build/phantomx_pincher_demos -- -j2 -l2
[0.653s] Invoked command in '/home/samsanchez/Documents/Robotics/KIT_Phantom_X_Pincher_ROS2/phantom_ws/build/phantomx_pincher_demos' returned '0': CMAKE_PREFIX_PATH=/home/samsanchez/Documents/Robotics/KIT_Phantom_X_Pincher_ROS2/phantom_ws/install/phantomx_pincher:/home/samsanchez/Documents/Robotics/KIT_Phantom_X_Pincher_ROS2/phantom_ws/install/phantomx_pincher_moveit_config:/home/samsanchez/Documents/Robotics/KIT_Phantom_X_Pincher_ROS2/phantom_ws/install/phantomx_pincher_description:/home/samsanchez/Documents/Robotics/KIT_Phantom_X_Pincher_ROS2/phantom_ws/install/phantomx_pincher_bringup:/home/samsanchez/Documents/Robotics/KIT_Phantom_X_Pincher_ROS2/phantom_ws/install/phantomx_pincher_commander_cpp:/home/samsanchez/Documents/Robotics/KIT_Phantom_X_Pincher_ROS2/phantom_ws/install/phantomx_pincher_interfaces:/home/samsanchez/Documents/Robotics/KIT_Phantom_X_Pincher_ROS2/phantom_ws/install/phantomx_pincher_demos:/home/samsanchez/Documents/Robotics/KIT_Phantom_X_Pincher_ROS2/phantom_ws/install/pincher_control:/opt/ros/humble /usr/bin/cmake --build /home/samsanchez/Documents/Robotics/KIT_Phantom_X_Pincher_ROS2/phantom_ws/build/phantomx_pincher_demos -- -j2 -l2
[0.660s] Invoking command in '/home/samsanchez/Documents/Robotics/KIT_Phantom_X_Pincher_ROS2/phantom_ws/build/phantomx_pincher_demos': CMAKE_PREFIX_PATH=/home/samsanchez/Documents/Robotics/KIT_Phantom_X_Pincher_ROS2/phantom_ws/install/phantomx_pincher:/home/samsanchez/Documents/Robotics/KIT_Phantom_X_Pincher_ROS2/phantom_ws/install/phantomx_pincher_moveit_config:/home/samsanchez/Documents/Robotics/KIT_Phantom_X_Pincher_ROS2/phantom_ws/install/phantomx_pincher_description:/home/samsanchez/Documents/Robotics/KIT_Phantom_X_Pincher_ROS2/phantom_ws/install/phantomx_pincher_bringup:/home/samsanchez/Documents/Robotics/KIT_Phantom_X_Pincher_ROS2/phantom_ws/install/phantomx_pincher_commander_cpp:/home/samsanchez/Documents/Robotics/KIT_Phantom_X_Pincher_ROS2/phantom_ws/install/phantomx_pincher_interfaces:/home/samsanchez/Documents/Robotics/KIT_Phantom_X_Pincher_ROS2/phantom_ws/install/phantomx_pincher_demos:/home/samsanchez/Documents/Robotics/KIT_Phantom_X_Pincher_ROS2/phantom_ws/install/pincher_control:/opt/ros/humble /usr/bin/cmake --install /home/samsanchez/Documents/Robotics/KIT_Phantom_X_Pincher_ROS2/phantom_ws/build/phantomx_pincher_demos
[0.762s] -- Install configuration: ""
[0.762s] -- Up-to-date: /home/samsanchez/Documents/Robotics/KIT_Phantom_X_Pincher_ROS2/phantom_ws/install/phantomx_pincher_demos/share/phantomx_pincher_demos/launch
[0.763s] -- Up-to-date: /home/samsanchez/Documents/Robotics/KIT_Phantom_X_Pincher_ROS2/phantom_ws/install/phantomx_pincher_demos/share/phantomx_pincher_demos/launch/demo_orbit_pick_and_place.launch.py
[0.763s] -- Up-to-date: /home/samsanchez/Documents/Robotics/KIT_Phantom_X_Pincher_ROS2/phantom_ws/install/phantomx_pincher_demos/share/phantomx_pincher_demos/launch/demo_rover_peg_in_hole.launch.py
[0.763s] -- Up-to-date: /home/samsanchez/Documents/Robotics/KIT_Phantom_X_Pincher_ROS2/phantom_ws/install/phantomx_pincher_demos/share/phantomx_pincher_demos/launch/demo_moon_camera_sensors.launch.py
[0.763s] -- Up-to-date: /home/samsanchez/Documents/Robotics/KIT_Phantom_X_Pincher_ROS2/phantom_ws/install/phantomx_pincher_demos/share/phantomx_pincher_demos/rviz
[0.775s] -- Up-to-date: /home/samsanchez/Documents/Robotics/KIT_Phantom_X_Pincher_ROS2/phantom_ws/install/phantomx_pincher_demos/share/phantomx_pincher_demos/rviz/demo_rover_peg_in_hole.rviz
[0.775s] -- Up-to-date: /home/samsanchez/Documents/Robotics/KIT_Phantom_X_Pincher_ROS2/phantom_ws/install/phantomx_pincher_demos/share/phantomx_pincher_demos/rviz/demo_moon_camera_sensors.rviz
[0.775s] -- Up-to-date: /home/samsanchez/Documents/Robotics/KIT_Phantom_X_Pincher_ROS2/phantom_ws/install/phantomx_pincher_demos/share/phantomx_pincher_demos/rviz/demo_orbit_pick_and_place.rviz
[0.784s] -- Up-to-date: /home/samsanchez/Documents/Robotics/KIT_Phantom_X_Pincher_ROS2/phantom_ws/install/phantomx_pincher_demos/share/phantomx_pincher_demos/worlds
[0.786s] -- Up-to-date: /home/samsanchez/Documents/Robotics/KIT_Phantom_X_Pincher_ROS2/phantom_ws/install/phantomx_pincher_demos/share/phantomx_pincher_demos/worlds/rover_peg_in_hole.sdf
[0.788s] -- Up-to-date: /home/samsanchez/Documents/Robotics/KIT_Phantom_X_Pincher_ROS2/phantom_ws/install/phantomx_pincher_demos/share/phantomx_pincher_demos/worlds/moon_camera_sensors.sdf
[0.788s] -- Up-to-date: /home/samsanchez/Documents/Robotics/KIT_Phantom_X_Pincher_ROS2/phantom_ws/install/phantomx_pincher_demos/share/phantomx_pincher_demos/worlds/orbit_pick_and_place.sdf
[0.788s] -- Up-to-date: /home/samsanchez/Documents/Robotics/KIT_Phantom_X_Pincher_ROS2/phantom_ws/install/phantomx_pincher_demos/share/phantomx_pincher_demos/assets
[0.790s] -- Up-to-date: /home/samsanchez/Documents/Robotics/KIT_Phantom_X_Pincher_ROS2/phantom_ws/install/phantomx_pincher_demos/share/phantomx_pincher_demos/assets/suzanne.stl
[0.790s] -- Up-to-date: /home/samsanchez/Documents/Robotics/KIT_Phantom_X_Pincher_ROS2/phantom_ws/install/phantomx_pincher_demos/share/phantomx_pincher_demos/assets/module_holes.stl
[0.791s] -- Up-to-date: /home/samsanchez/Documents/Robotics/KIT_Phantom_X_Pincher_ROS2/phantom_ws/install/phantomx_pincher_demos/lib/phantomx_pincher_demos/demo_observe_scene.py
[0.791s] -- Up-to-date: /home/samsanchez/Documents/Robotics/KIT_Phantom_X_Pincher_ROS2/phantom_ws/install/phantomx_pincher_demos/lib/phantomx_pincher_demos/demo_peg_in_hole.py
[0.791s] -- Up-to-date: /home/samsanchez/Documents/Robotics/KIT_Phantom_X_Pincher_ROS2/phantom_ws/install/phantomx_pincher_demos/lib/phantomx_pincher_demos/demo_pick_and_place.py
[0.791s] -- Up-to-date: /home/samsanchez/Documents/Robotics/KIT_Phantom_X_Pincher_ROS2/phantom_ws/install/phantomx_pincher_demos/lib/phantomx_pincher_demos/ex_collision_mesh.py
[0.799s] -- Up-to-date: /home/samsanchez/Documents/Robotics/KIT_Phantom_X_Pincher_ROS2/phantom_ws/install/phantomx_pincher_demos/lib/phantomx_pincher_demos/ex_collision_primitive.py
[0.801s] -- Up-to-date: /home/samsanchez/Documents/Robotics/KIT_Phantom_X_Pincher_ROS2/phantom_ws/install/phantomx_pincher_demos/lib/phantomx_pincher_demos/ex_gripper.py
[0.803s] -- Up-to-date: /home/samsanchez/Documents/Robotics/KIT_Phantom_X_Pincher_ROS2/phantom_ws/install/phantomx_pincher_demos/lib/phantomx_pincher_demos/ex_joint_goal.py
[0.805s] -- Up-to-date: /home/samsanchez/Documents/Robotics/KIT_Phantom_X_Pincher_ROS2/phantom_ws/install/phantomx_pincher_demos/lib/phantomx_pincher_demos/ex_pose_goal.py
[0.805s] -- Up-to-date: /home/samsanchez/Documents/Robotics/KIT_Phantom_X_Pincher_ROS2/phantom_ws/install/phantomx_pincher_demos/lib/phantomx_pincher_demos/ex_servo.py
[0.806s] -- Up-to-date: /home/samsanchez/Documents/Robotics/KIT_Phantom_X_Pincher_ROS2/phantom_ws/install/phantomx_pincher_demos/lib/phantomx_pincher_demos/template.py
[0.806s] -- Up-to-date: /home/samsanchez/Documents/Robotics/KIT_Phantom_X_Pincher_ROS2/phantom_ws/install/phantomx_pincher_demos/share/ament_index/resource_index/package_run_dependencies/phantomx_pincher_demos
[0.806s] -- Up-to-date: /home/samsanchez/Documents/Robotics/KIT_Phantom_X_Pincher_ROS2/phantom_ws/install/phantomx_pincher_demos/share/ament_index/resource_index/parent_prefix_path/phantomx_pincher_demos
[0.809s] -- Up-to-date: /home/samsanchez/Documents/Robotics/KIT_Phantom_X_Pincher_ROS2/phantom_ws/install/phantomx_pincher_demos/share/phantomx_pincher_demos/environment/ament_prefix_path.sh
[0.810s] -- Up-to-date: /home/samsanchez/Documents/Robotics/KIT_Phantom_X_Pincher_ROS2/phantom_ws/install/phantomx_pincher_demos/share/phantomx_pincher_demos/environment/ament_prefix_path.dsv
[0.810s] -- Up-to-date: /home/samsanchez/Documents/Robotics/KIT_Phantom_X_Pincher_ROS2/phantom_ws/install/phantomx_pincher_demos/share/phantomx_pincher_demos/environment/path.sh
[0.810s] -- Up-to-date: /home/samsanchez/Documents/Robotics/KIT_Phantom_X_Pincher_ROS2/phantom_ws/install/phantomx_pincher_demos/share/phantomx_pincher_demos/environment/path.dsv
[0.816s] -- Up-to-date: /home/samsanchez/Documents/Robotics/KIT_Phantom_X_Pincher_ROS2/phantom_ws/install/phantomx_pincher_demos/share/phantomx_pincher_demos/local_setup.bash
[0.817s] -- Up-to-date: /home/samsanchez/Documents/Robotics/KIT_Phantom_X_Pincher_ROS2/phantom_ws/install/phantomx_pincher_demos/share/phantomx_pincher_demos/local_setup.sh
[0.818s] -- Up-to-date: /home/samsanchez/Documents/Robotics/KIT_Phantom_X_Pincher_ROS2/phantom_ws/install/phantomx_pincher_demos/share/phantomx_pincher_demos/local_setup.zsh
[0.821s] -- Up-to-date: /home/samsanchez/Documents/Robotics/KIT_Phantom_X_Pincher_ROS2/phantom_ws/install/phantomx_pincher_demos/share/phantomx_pincher_demos/local_setup.dsv
[0.821s] -- Installing: /home/samsanchez/Documents/Robotics/KIT_Phantom_X_Pincher_ROS2/phantom_ws/install/phantomx_pincher_demos/share/phantomx_pincher_demos/package.dsv
[0.821s] -- Up-to-date: /home/samsanchez/Documents/Robotics/KIT_Phantom_X_Pincher_ROS2/phantom_ws/install/phantomx_pincher_demos/share/ament_index/resource_index/packages/phantomx_pincher_demos
[0.824s] -- Up-to-date: /home/samsanchez/Documents/Robotics/KIT_Phantom_X_Pincher_ROS2/phantom_ws/install/phantomx_pincher_demos/share/phantomx_pincher_demos/cmake/phantomx_pincher_demosConfig.cmake
[0.827s] -- Up-to-date: /home/samsanchez/Documents/Robotics/KIT_Phantom_X_Pincher_ROS2/phantom_ws/install/phantomx_pincher_demos/share/phantomx_pincher_demos/cmake/phantomx_pincher_demosConfig-version.cmake
[0.827s] -- Up-to-date: /home/samsanchez/Documents/Robotics/KIT_Phantom_X_Pincher_ROS2/phantom_ws/install/phantomx_pincher_demos/share/phantomx_pincher_demos/package.xml
[0.827s] Invoked command in '/home/samsanchez/Documents/Robotics/KIT_Phantom_X_Pincher_ROS2/phantom_ws/build/phantomx_pincher_demos' returned '0': CMAKE_PREFIX_PATH=/home/samsanchez/Documents/Robotics/KIT_Phantom_X_Pincher_ROS2/phantom_ws/install/phantomx_pincher:/home/samsanchez/Documents/Robotics/KIT_Phantom_X_Pincher_ROS2/phantom_ws/install/phantomx_pincher_moveit_config:/home/samsanchez/Documents/Robotics/KIT_Phantom_X_Pincher_ROS2/phantom_ws/install/phantomx_pincher_description:/home/samsanchez/Documents/Robotics/KIT_Phantom_X_Pincher_ROS2/phantom_ws/install/phantomx_pincher_bringup:/home/samsanchez/Documents/Robotics/KIT_Phantom_X_Pincher_ROS2/phantom_ws/install/phantomx_pincher_commander_cpp:/home/samsanchez/Documents/Robotics/KIT_Phantom_X_Pincher_ROS2/phantom_ws/install/phantomx_pincher_interfaces:/home/samsanchez/Documents/Robotics/KIT_Phantom_X_Pincher_ROS2/phantom_ws/install/phantomx_pincher_demos:/home/samsanchez/Documents/Robotics/KIT_Phantom_X_Pincher_ROS2/phantom_ws/install/pincher_control:/opt/ros/humble /usr/bin/cmake --install /home/samsanchez/Documents/Robotics/KIT_Phantom_X_Pincher_ROS2/phantom_ws/build/phantomx_pincher_demos
