[1.984s] Invoking command in '/home/samsanchez/Documents/Robotics/Pincher/ros2_ws/phantom_ws/src/pincher_control': PYTHONPATH=/home/samsanchez/Documents/Robotics/Pincher/ros2_ws/phantom_ws/build/pincher_control/prefix_override:/usr/lib/python3/dist-packages/colcon_core/task/python/colcon_distutils_commands:/home/samsanchez/Documents/Robotics/Pincher/ros2_ws/phantom_ws/install/pincher_control/lib/python3.10/site-packages:${PYTHONPATH} /usr/bin/python3 -W ignore:setup.py install is deprecated -W ignore:easy_install command is deprecated setup.py egg_info --egg-base ../../build/pincher_control build --build-base /home/samsanchez/Documents/Robotics/Pincher/ros2_ws/phantom_ws/build/pincher_control/build install --record /home/samsanchez/Documents/Robotics/Pincher/ros2_ws/phantom_ws/build/pincher_control/install.log --single-version-externally-managed install_data
[2.917s] running egg_info
[2.918s] writing ../../build/pincher_control/pincher_control.egg-info/PKG-INFO
[2.923s] writing dependency_links to ../../build/pincher_control/pincher_control.egg-info/dependency_links.txt
[2.925s] writing entry points to ../../build/pincher_control/pincher_control.egg-info/entry_points.txt
[2.928s] writing requirements to ../../build/pincher_control/pincher_control.egg-info/requires.txt
[2.928s] writing top-level names to ../../build/pincher_control/pincher_control.egg-info/top_level.txt
[2.936s] reading manifest file '../../build/pincher_control/pincher_control.egg-info/SOURCES.txt'
[2.938s] writing manifest file '../../build/pincher_control/pincher_control.egg-info/SOURCES.txt'
[2.938s] running build
[2.939s] running build_py
[2.940s] copying pincher_control/control_servo.py -> /home/samsanchez/Documents/Robotics/Pincher/ros2_ws/phantom_ws/build/pincher_control/build/lib/pincher_control
[2.952s] running install
[2.952s] running install_lib
[2.959s] copying /home/samsanchez/Documents/Robotics/Pincher/ros2_ws/phantom_ws/build/pincher_control/build/lib/pincher_control/control_servo.py -> /home/samsanchez/Documents/Robotics/Pincher/ros2_ws/phantom_ws/install/pincher_control/lib/python3.10/site-packages/pincher_control
[2.965s] byte-compiling /home/samsanchez/Documents/Robotics/Pincher/ros2_ws/phantom_ws/install/pincher_control/lib/python3.10/site-packages/pincher_control/control_servo.py to control_servo.cpython-310.pyc
[3.019s] running install_data
[3.019s] running install_egg_info
[3.027s] removing '/home/samsanchez/Documents/Robotics/Pincher/ros2_ws/phantom_ws/install/pincher_control/lib/python3.10/site-packages/pincher_control-0.0.0-py3.10.egg-info' (and everything under it)
[3.062s] Copying ../../build/pincher_control/pincher_control.egg-info to /home/samsanchez/Documents/Robotics/Pincher/ros2_ws/phantom_ws/install/pincher_control/lib/python3.10/site-packages/pincher_control-0.0.0-py3.10.egg-info
[3.067s] running install_scripts
[3.129s] Installing L5_P1 script to /home/samsanchez/Documents/Robotics/Pincher/ros2_ws/phantom_ws/install/pincher_control/lib/pincher_control
[3.130s] Installing control_servo script to /home/samsanchez/Documents/Robotics/Pincher/ros2_ws/phantom_ws/install/pincher_control/lib/pincher_control
[3.132s] Installing terminal_control script to /home/samsanchez/Documents/Robotics/Pincher/ros2_ws/phantom_ws/install/pincher_control/lib/pincher_control
[3.137s] Installing terminal_sub script to /home/samsanchez/Documents/Robotics/Pincher/ros2_ws/phantom_ws/install/pincher_control/lib/pincher_control
[3.137s] Installing toolbox script to /home/samsanchez/Documents/Robotics/Pincher/ros2_ws/phantom_ws/install/pincher_control/lib/pincher_control
[3.137s] writing list of installed files to '/home/samsanchez/Documents/Robotics/Pincher/ros2_ws/phantom_ws/build/pincher_control/install.log'
[3.261s] Invoked command in '/home/samsanchez/Documents/Robotics/Pincher/ros2_ws/phantom_ws/src/pincher_control' returned '0': PYTHONPATH=/home/samsanchez/Documents/Robotics/Pincher/ros2_ws/phantom_ws/build/pincher_control/prefix_override:/usr/lib/python3/dist-packages/colcon_core/task/python/colcon_distutils_commands:/home/samsanchez/Documents/Robotics/Pincher/ros2_ws/phantom_ws/install/pincher_control/lib/python3.10/site-packages:${PYTHONPATH} /usr/bin/python3 -W ignore:setup.py install is deprecated -W ignore:easy_install command is deprecated setup.py egg_info --egg-base ../../build/pincher_control build --build-base /home/samsanchez/Documents/Robotics/Pincher/ros2_ws/phantom_ws/build/pincher_control/build install --record /home/samsanchez/Documents/Robotics/Pincher/ros2_ws/phantom_ws/build/pincher_control/install.log --single-version-externally-managed install_data
