[0.117s] DEBUG:colcon:Command line arguments: ['/usr/bin/colcon', 'build']
[0.117s] DEBUG:colcon:Parsed command line arguments: Namespace(log_base=None, log_level=None, verb_name='build', build_base='build', install_base='install', merge_install=False, symlink_install=False, test_result_base=None, continue_on_error=False, executor='parallel', parallel_workers=2, event_handlers=None, ignore_user_meta=False, metas=['./colcon.meta'], base_paths=['.'], packages_ignore=None, packages_ignore_regex=None, paths=None, packages_up_to=None, packages_up_to_regex=None, packages_above=None, packages_above_and_dependencies=None, packages_above_depth=None, packages_select_by_dep=None, packages_skip_by_dep=None, packages_skip_up_to=None, packages_select_build_failed=False, packages_skip_build_finished=False, packages_select_test_failures=False, packages_skip_test_passed=False, packages_select=None, packages_skip=None, packages_select_regex=None, packages_skip_regex=None, packages_start=None, packages_end=None, allow_overriding=[], cmake_args=None, cmake_target=None, cmake_target_skip_unavailable=False, cmake_clean_cache=False, cmake_clean_first=False, cmake_force_configure=False, ament_cmake_args=None, catkin_cmake_args=None, catkin_skip_building_tests=False, verb_parser=<colcon_defaults.argument_parser.defaults.DefaultArgumentsDecorator object at 0x7b4b5c26c610>, verb_extension=<colcon_core.verb.build.BuildVerb object at 0x7b4b5c26c0d0>, main=<bound method BuildVerb.main of <colcon_core.verb.build.BuildVerb object at 0x7b4b5c26c0d0>>)
[0.314s] Level 1:colcon.colcon_core.package_discovery:discover_packages(colcon_meta) check parameters
[0.314s] Level 1:colcon.colcon_core.package_discovery:discover_packages(recursive) check parameters
[0.314s] Level 1:colcon.colcon_core.package_discovery:discover_packages(ignore) check parameters
[0.314s] Level 1:colcon.colcon_core.package_discovery:discover_packages(path) check parameters
[0.314s] Level 1:colcon.colcon_core.package_discovery:discover_packages(colcon_meta) discover
[0.314s] Level 1:colcon.colcon_core.package_discovery:discover_packages(recursive) discover
[0.314s] INFO:colcon.colcon_core.package_discovery:Crawling recursively for packages in '/home/samsanchez/Documents/Robotics/Pincher/ros2_ws/phantom_ws'
[0.314s] Level 1:colcon.colcon_core.package_identification:_identify(.) by extensions ['ignore', 'ignore_ament_install']
[0.314s] Level 1:colcon.colcon_core.package_identification:_identify(.) by extension 'ignore'
[0.315s] Level 1:colcon.colcon_core.package_identification:_identify(.) by extension 'ignore_ament_install'
[0.315s] Level 1:colcon.colcon_core.package_identification:_identify(.) by extensions ['colcon_pkg']
[0.315s] Level 1:colcon.colcon_core.package_identification:_identify(.) by extension 'colcon_pkg'
[0.315s] Level 1:colcon.colcon_core.package_identification:_identify(.) by extensions ['colcon_meta']
[0.315s] Level 1:colcon.colcon_core.package_identification:_identify(.) by extension 'colcon_meta'
[0.315s] Level 1:colcon.colcon_core.package_identification:_identify(.) by extensions ['ros']
[0.315s] Level 1:colcon.colcon_core.package_identification:_identify(.) by extension 'ros'
[0.328s] Level 1:colcon.colcon_core.package_identification:_identify(.) by extensions ['cmake', 'python']
[0.328s] Level 1:colcon.colcon_core.package_identification:_identify(.) by extension 'cmake'
[0.328s] Level 1:colcon.colcon_core.package_identification:_identify(.) by extension 'python'
[0.328s] Level 1:colcon.colcon_core.package_identification:_identify(.) by extensions ['python_setup_py']
[0.328s] Level 1:colcon.colcon_core.package_identification:_identify(.) by extension 'python_setup_py'
[0.328s] Level 1:colcon.colcon_core.package_identification:_identify(build) by extensions ['ignore', 'ignore_ament_install']
[0.329s] Level 1:colcon.colcon_core.package_identification:_identify(build) by extension 'ignore'
[0.329s] Level 1:colcon.colcon_core.package_identification:_identify(build) ignored
[0.329s] Level 1:colcon.colcon_core.package_identification:_identify(install) by extensions ['ignore', 'ignore_ament_install']
[0.329s] Level 1:colcon.colcon_core.package_identification:_identify(install) by extension 'ignore'
[0.329s] Level 1:colcon.colcon_core.package_identification:_identify(install) ignored
[0.329s] Level 1:colcon.colcon_core.package_identification:_identify(log) by extensions ['ignore', 'ignore_ament_install']
[0.329s] Level 1:colcon.colcon_core.package_identification:_identify(log) by extension 'ignore'
[0.329s] Level 1:colcon.colcon_core.package_identification:_identify(log) ignored
[0.329s] Level 1:colcon.colcon_core.package_identification:_identify(src) by extensions ['ignore', 'ignore_ament_install']
[0.329s] Level 1:colcon.colcon_core.package_identification:_identify(src) by extension 'ignore'
[0.329s] Level 1:colcon.colcon_core.package_identification:_identify(src) by extension 'ignore_ament_install'
[0.329s] Level 1:colcon.colcon_core.package_identification:_identify(src) by extensions ['colcon_pkg']
[0.329s] Level 1:colcon.colcon_core.package_identification:_identify(src) by extension 'colcon_pkg'
[0.329s] Level 1:colcon.colcon_core.package_identification:_identify(src) by extensions ['colcon_meta']
[0.329s] Level 1:colcon.colcon_core.package_identification:_identify(src) by extension 'colcon_meta'
[0.330s] Level 1:colcon.colcon_core.package_identification:_identify(src) by extensions ['ros']
[0.330s] Level 1:colcon.colcon_core.package_identification:_identify(src) by extension 'ros'
[0.330s] Level 1:colcon.colcon_core.package_identification:_identify(src) by extensions ['cmake', 'python']
[0.330s] Level 1:colcon.colcon_core.package_identification:_identify(src) by extension 'cmake'
[0.330s] Level 1:colcon.colcon_core.package_identification:_identify(src) by extension 'python'
[0.330s] Level 1:colcon.colcon_core.package_identification:_identify(src) by extensions ['python_setup_py']
[0.330s] Level 1:colcon.colcon_core.package_identification:_identify(src) by extension 'python_setup_py'
[0.330s] Level 1:colcon.colcon_core.package_identification:_identify(src/phantomx_pincher) by extensions ['ignore', 'ignore_ament_install']
[0.330s] Level 1:colcon.colcon_core.package_identification:_identify(src/phantomx_pincher) by extension 'ignore'
[0.330s] Level 1:colcon.colcon_core.package_identification:_identify(src/phantomx_pincher) by extension 'ignore_ament_install'
[0.330s] Level 1:colcon.colcon_core.package_identification:_identify(src/phantomx_pincher) by extensions ['colcon_pkg']
[0.330s] Level 1:colcon.colcon_core.package_identification:_identify(src/phantomx_pincher) by extension 'colcon_pkg'
[0.330s] Level 1:colcon.colcon_core.package_identification:_identify(src/phantomx_pincher) by extensions ['colcon_meta']
[0.330s] Level 1:colcon.colcon_core.package_identification:_identify(src/phantomx_pincher) by extension 'colcon_meta'
[0.330s] Level 1:colcon.colcon_core.package_identification:_identify(src/phantomx_pincher) by extensions ['ros']
[0.330s] Level 1:colcon.colcon_core.package_identification:_identify(src/phantomx_pincher) by extension 'ros'
[0.331s] Level 1:colcon.colcon_core.package_identification:_identify(src/phantomx_pincher) by extensions ['cmake', 'python']
[0.331s] Level 1:colcon.colcon_core.package_identification:_identify(src/phantomx_pincher) by extension 'cmake'
[0.331s] Level 1:colcon.colcon_core.package_identification:_identify(src/phantomx_pincher) by extension 'python'
[0.331s] Level 1:colcon.colcon_core.package_identification:_identify(src/phantomx_pincher) by extensions ['python_setup_py']
[0.331s] Level 1:colcon.colcon_core.package_identification:_identify(src/phantomx_pincher) by extension 'python_setup_py'
[0.331s] Level 1:colcon.colcon_core.package_identification:_identify(src/phantomx_pincher/phantomx_pincher) by extensions ['ignore', 'ignore_ament_install']
[0.331s] Level 1:colcon.colcon_core.package_identification:_identify(src/phantomx_pincher/phantomx_pincher) by extension 'ignore'
[0.331s] Level 1:colcon.colcon_core.package_identification:_identify(src/phantomx_pincher/phantomx_pincher) by extension 'ignore_ament_install'
[0.331s] Level 1:colcon.colcon_core.package_identification:_identify(src/phantomx_pincher/phantomx_pincher) by extensions ['colcon_pkg']
[0.331s] Level 1:colcon.colcon_core.package_identification:_identify(src/phantomx_pincher/phantomx_pincher) by extension 'colcon_pkg'
[0.331s] Level 1:colcon.colcon_core.package_identification:_identify(src/phantomx_pincher/phantomx_pincher) by extensions ['colcon_meta']
[0.331s] Level 1:colcon.colcon_core.package_identification:_identify(src/phantomx_pincher/phantomx_pincher) by extension 'colcon_meta'
[0.331s] Level 1:colcon.colcon_core.package_identification:_identify(src/phantomx_pincher/phantomx_pincher) by extensions ['ros']
[0.331s] Level 1:colcon.colcon_core.package_identification:_identify(src/phantomx_pincher/phantomx_pincher) by extension 'ros'
[0.334s] DEBUG:colcon.colcon_core.package_identification:Package 'src/phantomx_pincher/phantomx_pincher' with type 'ros.ament_cmake' and name 'phantomx_pincher'
[0.334s] Level 1:colcon.colcon_core.package_identification:_identify(src/phantomx_pincher/phantomx_pincher_demos) by extensions ['ignore', 'ignore_ament_install']
[0.334s] Level 1:colcon.colcon_core.package_identification:_identify(src/phantomx_pincher/phantomx_pincher_demos) by extension 'ignore'
[0.334s] Level 1:colcon.colcon_core.package_identification:_identify(src/phantomx_pincher/phantomx_pincher_demos) by extension 'ignore_ament_install'
[0.334s] Level 1:colcon.colcon_core.package_identification:_identify(src/phantomx_pincher/phantomx_pincher_demos) by extensions ['colcon_pkg']
[0.335s] Level 1:colcon.colcon_core.package_identification:_identify(src/phantomx_pincher/phantomx_pincher_demos) by extension 'colcon_pkg'
[0.335s] Level 1:colcon.colcon_core.package_identification:_identify(src/phantomx_pincher/phantomx_pincher_demos) by extensions ['colcon_meta']
[0.335s] Level 1:colcon.colcon_core.package_identification:_identify(src/phantomx_pincher/phantomx_pincher_demos) by extension 'colcon_meta'
[0.335s] Level 1:colcon.colcon_core.package_identification:_identify(src/phantomx_pincher/phantomx_pincher_demos) by extensions ['ros']
[0.335s] Level 1:colcon.colcon_core.package_identification:_identify(src/phantomx_pincher/phantomx_pincher_demos) by extension 'ros'
[0.335s] DEBUG:colcon.colcon_core.package_identification:Package 'src/phantomx_pincher/phantomx_pincher_demos' with type 'ros.ament_cmake' and name 'phantomx_pincher_demos'
[0.336s] Level 1:colcon.colcon_core.package_identification:_identify(src/phantomx_pincher/phantomx_pincher_description) by extensions ['ignore', 'ignore_ament_install']
[0.336s] Level 1:colcon.colcon_core.package_identification:_identify(src/phantomx_pincher/phantomx_pincher_description) by extension 'ignore'
[0.336s] Level 1:colcon.colcon_core.package_identification:_identify(src/phantomx_pincher/phantomx_pincher_description) by extension 'ignore_ament_install'
[0.336s] Level 1:colcon.colcon_core.package_identification:_identify(src/phantomx_pincher/phantomx_pincher_description) by extensions ['colcon_pkg']
[0.336s] Level 1:colcon.colcon_core.package_identification:_identify(src/phantomx_pincher/phantomx_pincher_description) by extension 'colcon_pkg'
[0.336s] Level 1:colcon.colcon_core.package_identification:_identify(src/phantomx_pincher/phantomx_pincher_description) by extensions ['colcon_meta']
[0.336s] Level 1:colcon.colcon_core.package_identification:_identify(src/phantomx_pincher/phantomx_pincher_description) by extension 'colcon_meta'
[0.336s] Level 1:colcon.colcon_core.package_identification:_identify(src/phantomx_pincher/phantomx_pincher_description) by extensions ['ros']
[0.336s] Level 1:colcon.colcon_core.package_identification:_identify(src/phantomx_pincher/phantomx_pincher_description) by extension 'ros'
[0.337s] DEBUG:colcon.colcon_core.package_identification:Package 'src/phantomx_pincher/phantomx_pincher_description' with type 'ros.ament_cmake' and name 'phantomx_pincher_description'
[0.337s] Level 1:colcon.colcon_core.package_identification:_identify(src/phantomx_pincher/phantomx_pincher_moveit_config) by extensions ['ignore', 'ignore_ament_install']
[0.337s] Level 1:colcon.colcon_core.package_identification:_identify(src/phantomx_pincher/phantomx_pincher_moveit_config) by extension 'ignore'
[0.337s] Level 1:colcon.colcon_core.package_identification:_identify(src/phantomx_pincher/phantomx_pincher_moveit_config) by extension 'ignore_ament_install'
[0.337s] Level 1:colcon.colcon_core.package_identification:_identify(src/phantomx_pincher/phantomx_pincher_moveit_config) by extensions ['colcon_pkg']
[0.337s] Level 1:colcon.colcon_core.package_identification:_identify(src/phantomx_pincher/phantomx_pincher_moveit_config) by extension 'colcon_pkg'
[0.337s] Level 1:colcon.colcon_core.package_identification:_identify(src/phantomx_pincher/phantomx_pincher_moveit_config) by extensions ['colcon_meta']
[0.338s] Level 1:colcon.colcon_core.package_identification:_identify(src/phantomx_pincher/phantomx_pincher_moveit_config) by extension 'colcon_meta'
[0.338s] Level 1:colcon.colcon_core.package_identification:_identify(src/phantomx_pincher/phantomx_pincher_moveit_config) by extensions ['ros']
[0.338s] Level 1:colcon.colcon_core.package_identification:_identify(src/phantomx_pincher/phantomx_pincher_moveit_config) by extension 'ros'
[0.338s] DEBUG:colcon.colcon_core.package_identification:Package 'src/phantomx_pincher/phantomx_pincher_moveit_config' with type 'ros.ament_cmake' and name 'phantomx_pincher_moveit_config'
[0.339s] Level 1:colcon.colcon_core.package_identification:_identify(src/pincher_control) by extensions ['ignore', 'ignore_ament_install']
[0.339s] Level 1:colcon.colcon_core.package_identification:_identify(src/pincher_control) by extension 'ignore'
[0.339s] Level 1:colcon.colcon_core.package_identification:_identify(src/pincher_control) by extension 'ignore_ament_install'
[0.339s] Level 1:colcon.colcon_core.package_identification:_identify(src/pincher_control) by extensions ['colcon_pkg']
[0.339s] Level 1:colcon.colcon_core.package_identification:_identify(src/pincher_control) by extension 'colcon_pkg'
[0.339s] Level 1:colcon.colcon_core.package_identification:_identify(src/pincher_control) by extensions ['colcon_meta']
[0.339s] Level 1:colcon.colcon_core.package_identification:_identify(src/pincher_control) by extension 'colcon_meta'
[0.339s] Level 1:colcon.colcon_core.package_identification:_identify(src/pincher_control) by extensions ['ros']
[0.339s] Level 1:colcon.colcon_core.package_identification:_identify(src/pincher_control) by extension 'ros'
[0.340s] DEBUG:colcon.colcon_core.package_identification:Package 'src/pincher_control' with type 'ros.ament_python' and name 'pincher_control'
[0.340s] Level 1:colcon.colcon_core.package_discovery:discover_packages(recursive) using defaults
[0.340s] Level 1:colcon.colcon_core.package_discovery:discover_packages(ignore) discover
[0.340s] Level 1:colcon.colcon_core.package_discovery:discover_packages(ignore) using defaults
[0.340s] Level 1:colcon.colcon_core.package_discovery:discover_packages(path) discover
[0.340s] Level 1:colcon.colcon_core.package_discovery:discover_packages(path) using defaults
[0.380s] Level 1:colcon.colcon_core.package_discovery:discover_packages(prefix_path) check parameters
[0.380s] Level 1:colcon.colcon_core.package_discovery:discover_packages(prefix_path) discover
[0.383s] DEBUG:colcon.colcon_installed_package_information.package_discovery:Found 5 installed packages in /home/samsanchez/Documents/Robotics/Pincher/ros2_ws/phantom_ws/install
[0.385s] DEBUG:colcon.colcon_installed_package_information.package_discovery:Found 365 installed packages in /opt/ros/humble
[0.387s] Level 1:colcon.colcon_core.package_discovery:discover_packages(prefix_path) using defaults
[0.436s] Level 5:colcon.colcon_core.verb:set package 'phantomx_pincher_description' build argument 'cmake_args' from command line to 'None'
[0.436s] Level 5:colcon.colcon_core.verb:set package 'phantomx_pincher_description' build argument 'cmake_target' from command line to 'None'
[0.436s] Level 5:colcon.colcon_core.verb:set package 'phantomx_pincher_description' build argument 'cmake_target_skip_unavailable' from command line to 'False'
[0.436s] Level 5:colcon.colcon_core.verb:set package 'phantomx_pincher_description' build argument 'cmake_clean_cache' from command line to 'False'
[0.436s] Level 5:colcon.colcon_core.verb:set package 'phantomx_pincher_description' build argument 'cmake_clean_first' from command line to 'False'
[0.436s] Level 5:colcon.colcon_core.verb:set package 'phantomx_pincher_description' build argument 'cmake_force_configure' from command line to 'False'
[0.436s] Level 5:colcon.colcon_core.verb:set package 'phantomx_pincher_description' build argument 'ament_cmake_args' from command line to 'None'
[0.436s] Level 5:colcon.colcon_core.verb:set package 'phantomx_pincher_description' build argument 'catkin_cmake_args' from command line to 'None'
[0.436s] Level 5:colcon.colcon_core.verb:set package 'phantomx_pincher_description' build argument 'catkin_skip_building_tests' from command line to 'False'
[0.436s] DEBUG:colcon.colcon_core.verb:Building package 'phantomx_pincher_description' with the following arguments: {'ament_cmake_args': None, 'build_base': '/home/samsanchez/Documents/Robotics/Pincher/ros2_ws/phantom_ws/build/phantomx_pincher_description', 'catkin_cmake_args': None, 'catkin_skip_building_tests': False, 'cmake_args': None, 'cmake_clean_cache': False, 'cmake_clean_first': False, 'cmake_force_configure': False, 'cmake_target': None, 'cmake_target_skip_unavailable': False, 'install_base': '/home/samsanchez/Documents/Robotics/Pincher/ros2_ws/phantom_ws/install/phantomx_pincher_description', 'merge_install': False, 'path': '/home/samsanchez/Documents/Robotics/Pincher/ros2_ws/phantom_ws/src/phantomx_pincher/phantomx_pincher_description', 'symlink_install': False, 'test_result_base': None}
[0.437s] Level 5:colcon.colcon_core.verb:set package 'pincher_control' build argument 'cmake_args' from command line to 'None'
[0.437s] Level 5:colcon.colcon_core.verb:set package 'pincher_control' build argument 'cmake_target' from command line to 'None'
[0.437s] Level 5:colcon.colcon_core.verb:set package 'pincher_control' build argument 'cmake_target_skip_unavailable' from command line to 'False'
[0.437s] Level 5:colcon.colcon_core.verb:set package 'pincher_control' build argument 'cmake_clean_cache' from command line to 'False'
[0.437s] Level 5:colcon.colcon_core.verb:set package 'pincher_control' build argument 'cmake_clean_first' from command line to 'False'
[0.437s] Level 5:colcon.colcon_core.verb:set package 'pincher_control' build argument 'cmake_force_configure' from command line to 'False'
[0.437s] Level 5:colcon.colcon_core.verb:set package 'pincher_control' build argument 'ament_cmake_args' from command line to 'None'
[0.437s] Level 5:colcon.colcon_core.verb:set package 'pincher_control' build argument 'catkin_cmake_args' from command line to 'None'
[0.437s] Level 5:colcon.colcon_core.verb:set package 'pincher_control' build argument 'catkin_skip_building_tests' from command line to 'False'
[0.437s] DEBUG:colcon.colcon_core.verb:Building package 'pincher_control' with the following arguments: {'ament_cmake_args': None, 'build_base': '/home/samsanchez/Documents/Robotics/Pincher/ros2_ws/phantom_ws/build/pincher_control', 'catkin_cmake_args': None, 'catkin_skip_building_tests': False, 'cmake_args': None, 'cmake_clean_cache': False, 'cmake_clean_first': False, 'cmake_force_configure': False, 'cmake_target': None, 'cmake_target_skip_unavailable': False, 'install_base': '/home/samsanchez/Documents/Robotics/Pincher/ros2_ws/phantom_ws/install/pincher_control', 'merge_install': False, 'path': '/home/samsanchez/Documents/Robotics/Pincher/ros2_ws/phantom_ws/src/pincher_control', 'symlink_install': False, 'test_result_base': None}
[0.438s] Level 5:colcon.colcon_core.verb:set package 'phantomx_pincher_moveit_config' build argument 'cmake_args' from command line to 'None'
[0.438s] Level 5:colcon.colcon_core.verb:set package 'phantomx_pincher_moveit_config' build argument 'cmake_target' from command line to 'None'
[0.438s] Level 5:colcon.colcon_core.verb:set package 'phantomx_pincher_moveit_config' build argument 'cmake_target_skip_unavailable' from command line to 'False'
[0.438s] Level 5:colcon.colcon_core.verb:set package 'phantomx_pincher_moveit_config' build argument 'cmake_clean_cache' from command line to 'False'
[0.438s] Level 5:colcon.colcon_core.verb:set package 'phantomx_pincher_moveit_config' build argument 'cmake_clean_first' from command line to 'False'
[0.438s] Level 5:colcon.colcon_core.verb:set package 'phantomx_pincher_moveit_config' build argument 'cmake_force_configure' from command line to 'False'
[0.438s] Level 5:colcon.colcon_core.verb:set package 'phantomx_pincher_moveit_config' build argument 'ament_cmake_args' from command line to 'None'
[0.438s] Level 5:colcon.colcon_core.verb:set package 'phantomx_pincher_moveit_config' build argument 'catkin_cmake_args' from command line to 'None'
[0.438s] Level 5:colcon.colcon_core.verb:set package 'phantomx_pincher_moveit_config' build argument 'catkin_skip_building_tests' from command line to 'False'
[0.438s] DEBUG:colcon.colcon_core.verb:Building package 'phantomx_pincher_moveit_config' with the following arguments: {'ament_cmake_args': None, 'build_base': '/home/samsanchez/Documents/Robotics/Pincher/ros2_ws/phantom_ws/build/phantomx_pincher_moveit_config', 'catkin_cmake_args': None, 'catkin_skip_building_tests': False, 'cmake_args': None, 'cmake_clean_cache': False, 'cmake_clean_first': False, 'cmake_force_configure': False, 'cmake_target': None, 'cmake_target_skip_unavailable': False, 'install_base': '/home/samsanchez/Documents/Robotics/Pincher/ros2_ws/phantom_ws/install/phantomx_pincher_moveit_config', 'merge_install': False, 'path': '/home/samsanchez/Documents/Robotics/Pincher/ros2_ws/phantom_ws/src/phantomx_pincher/phantomx_pincher_moveit_config', 'symlink_install': False, 'test_result_base': None}
[0.438s] Level 5:colcon.colcon_core.verb:set package 'phantomx_pincher' build argument 'cmake_args' from command line to 'None'
[0.438s] Level 5:colcon.colcon_core.verb:set package 'phantomx_pincher' build argument 'cmake_target' from command line to 'None'
[0.439s] Level 5:colcon.colcon_core.verb:set package 'phantomx_pincher' build argument 'cmake_target_skip_unavailable' from command line to 'False'
[0.439s] Level 5:colcon.colcon_core.verb:set package 'phantomx_pincher' build argument 'cmake_clean_cache' from command line to 'False'
[0.439s] Level 5:colcon.colcon_core.verb:set package 'phantomx_pincher' build argument 'cmake_clean_first' from command line to 'False'
[0.439s] Level 5:colcon.colcon_core.verb:set package 'phantomx_pincher' build argument 'cmake_force_configure' from command line to 'False'
[0.439s] Level 5:colcon.colcon_core.verb:set package 'phantomx_pincher' build argument 'ament_cmake_args' from command line to 'None'
[0.439s] Level 5:colcon.colcon_core.verb:set package 'phantomx_pincher' build argument 'catkin_cmake_args' from command line to 'None'
[0.439s] Level 5:colcon.colcon_core.verb:set package 'phantomx_pincher' build argument 'catkin_skip_building_tests' from command line to 'False'
[0.439s] DEBUG:colcon.colcon_core.verb:Building package 'phantomx_pincher' with the following arguments: {'ament_cmake_args': None, 'build_base': '/home/samsanchez/Documents/Robotics/Pincher/ros2_ws/phantom_ws/build/phantomx_pincher', 'catkin_cmake_args': None, 'catkin_skip_building_tests': False, 'cmake_args': None, 'cmake_clean_cache': False, 'cmake_clean_first': False, 'cmake_force_configure': False, 'cmake_target': None, 'cmake_target_skip_unavailable': False, 'install_base': '/home/samsanchez/Documents/Robotics/Pincher/ros2_ws/phantom_ws/install/phantomx_pincher', 'merge_install': False, 'path': '/home/samsanchez/Documents/Robotics/Pincher/ros2_ws/phantom_ws/src/phantomx_pincher/phantomx_pincher', 'symlink_install': False, 'test_result_base': None}
[0.439s] Level 5:colcon.colcon_core.verb:set package 'phantomx_pincher_demos' build argument 'cmake_args' from command line to 'None'
[0.439s] Level 5:colcon.colcon_core.verb:set package 'phantomx_pincher_demos' build argument 'cmake_target' from command line to 'None'
[0.439s] Level 5:colcon.colcon_core.verb:set package 'phantomx_pincher_demos' build argument 'cmake_target_skip_unavailable' from command line to 'False'
[0.439s] Level 5:colcon.colcon_core.verb:set package 'phantomx_pincher_demos' build argument 'cmake_clean_cache' from command line to 'False'
[0.439s] Level 5:colcon.colcon_core.verb:set package 'phantomx_pincher_demos' build argument 'cmake_clean_first' from command line to 'False'
[0.439s] Level 5:colcon.colcon_core.verb:set package 'phantomx_pincher_demos' build argument 'cmake_force_configure' from command line to 'False'
[0.439s] Level 5:colcon.colcon_core.verb:set package 'phantomx_pincher_demos' build argument 'ament_cmake_args' from command line to 'None'
[0.439s] Level 5:colcon.colcon_core.verb:set package 'phantomx_pincher_demos' build argument 'catkin_cmake_args' from command line to 'None'
[0.439s] Level 5:colcon.colcon_core.verb:set package 'phantomx_pincher_demos' build argument 'catkin_skip_building_tests' from command line to 'False'
[0.439s] DEBUG:colcon.colcon_core.verb:Building package 'phantomx_pincher_demos' with the following arguments: {'ament_cmake_args': None, 'build_base': '/home/samsanchez/Documents/Robotics/Pincher/ros2_ws/phantom_ws/build/phantomx_pincher_demos', 'catkin_cmake_args': None, 'catkin_skip_building_tests': False, 'cmake_args': None, 'cmake_clean_cache': False, 'cmake_clean_first': False, 'cmake_force_configure': False, 'cmake_target': None, 'cmake_target_skip_unavailable': False, 'install_base': '/home/samsanchez/Documents/Robotics/Pincher/ros2_ws/phantom_ws/install/phantomx_pincher_demos', 'merge_install': False, 'path': '/home/samsanchez/Documents/Robotics/Pincher/ros2_ws/phantom_ws/src/phantomx_pincher/phantomx_pincher_demos', 'symlink_install': False, 'test_result_base': None}
[0.440s] INFO:colcon.colcon_core.executor:Executing jobs using 'parallel' executor
[0.441s] DEBUG:colcon.colcon_parallel_executor.executor.parallel:run_until_complete
[0.441s] INFO:colcon.colcon_ros.task.ament_cmake.build:Building ROS package in '/home/samsanchez/Documents/Robotics/Pincher/ros2_ws/phantom_ws/src/phantomx_pincher/phantomx_pincher_description' with build type 'ament_cmake'
[0.442s] INFO:colcon.colcon_cmake.task.cmake.build:Building CMake package in '/home/samsanchez/Documents/Robotics/Pincher/ros2_ws/phantom_ws/src/phantomx_pincher/phantomx_pincher_description'
[0.444s] INFO:colcon.colcon_core.plugin_system:Skipping extension 'colcon_core.shell.bat': Not used on non-Windows systems
[0.445s] INFO:colcon.colcon_core.shell:Skip shell extension 'powershell' for command environment: Not usable outside of PowerShell
[0.445s] DEBUG:colcon.colcon_core.shell:Skip shell extension 'dsv' for command environment
[0.454s] INFO:colcon.colcon_ros.task.ament_python.build:Building ROS package in '/home/samsanchez/Documents/Robotics/Pincher/ros2_ws/phantom_ws/src/pincher_control' with build type 'ament_python'
[0.454s] Level 1:colcon.colcon_core.shell:create_environment_hook('pincher_control', 'ament_prefix_path')
[0.455s] INFO:colcon.colcon_core.shell:Creating environment hook '/home/samsanchez/Documents/Robotics/Pincher/ros2_ws/phantom_ws/install/pincher_control/share/pincher_control/hook/ament_prefix_path.ps1'
[0.458s] INFO:colcon.colcon_core.shell:Creating environment descriptor '/home/samsanchez/Documents/Robotics/Pincher/ros2_ws/phantom_ws/install/pincher_control/share/pincher_control/hook/ament_prefix_path.dsv'
[0.459s] INFO:colcon.colcon_core.shell:Creating environment hook '/home/samsanchez/Documents/Robotics/Pincher/ros2_ws/phantom_ws/install/pincher_control/share/pincher_control/hook/ament_prefix_path.sh'
[0.461s] INFO:colcon.colcon_core.shell:Skip shell extension 'powershell' for command environment: Not usable outside of PowerShell
[0.461s] DEBUG:colcon.colcon_core.shell:Skip shell extension 'dsv' for command environment
[0.485s] DEBUG:colcon.colcon_core.event_handler.log_command:Invoking command in '/home/samsanchez/Documents/Robotics/Pincher/ros2_ws/phantom_ws/build/phantomx_pincher_description': CMAKE_PREFIX_PATH=${CMAKE_PREFIX_PATH}:/home/samsanchez/Documents/Robotics/Pincher/ros2_ws/phantom_ws/install/pincher_control:/opt/ros/humble /usr/bin/cmake --build /home/samsanchez/Documents/Robotics/Pincher/ros2_ws/phantom_ws/build/phantomx_pincher_description -- -j2 -l2
[0.857s] INFO:colcon.colcon_core.task.python.build:Building Python package in '/home/samsanchez/Documents/Robotics/Pincher/ros2_ws/phantom_ws/src/pincher_control'
[0.857s] INFO:colcon.colcon_core.shell:Skip shell extension 'powershell' for command environment: Not usable outside of PowerShell
[0.857s] DEBUG:colcon.colcon_core.shell:Skip shell extension 'dsv' for command environment
[0.870s] DEBUG:colcon.colcon_core.event_handler.log_command:Invoked command in '/home/samsanchez/Documents/Robotics/Pincher/ros2_ws/phantom_ws/build/phantomx_pincher_description' returned '0': CMAKE_PREFIX_PATH=${CMAKE_PREFIX_PATH}:/home/samsanchez/Documents/Robotics/Pincher/ros2_ws/phantom_ws/install/pincher_control:/opt/ros/humble /usr/bin/cmake --build /home/samsanchez/Documents/Robotics/Pincher/ros2_ws/phantom_ws/build/phantomx_pincher_description -- -j2 -l2
[0.891s] DEBUG:colcon.colcon_core.event_handler.log_command:Invoking command in '/home/samsanchez/Documents/Robotics/Pincher/ros2_ws/phantom_ws/build/phantomx_pincher_description': CMAKE_PREFIX_PATH=${CMAKE_PREFIX_PATH}:/home/samsanchez/Documents/Robotics/Pincher/ros2_ws/phantom_ws/install/pincher_control:/opt/ros/humble /usr/bin/cmake --install /home/samsanchez/Documents/Robotics/Pincher/ros2_ws/phantom_ws/build/phantomx_pincher_description
[0.923s] Level 1:colcon.colcon_core.environment:create_environment_scripts_only(phantomx_pincher_description)
[0.928s] Level 1:colcon.colcon_core.environment:checking '/home/samsanchez/Documents/Robotics/Pincher/ros2_ws/phantom_ws/install/phantomx_pincher_description' for CMake module files
[0.932s] Level 1:colcon.colcon_core.environment:checking '/home/samsanchez/Documents/Robotics/Pincher/ros2_ws/phantom_ws/install/phantomx_pincher_description' for CMake config files
[0.933s] Level 1:colcon.colcon_core.shell:create_environment_hook('phantomx_pincher_description', 'cmake_prefix_path')
[0.933s] INFO:colcon.colcon_core.shell:Creating environment hook '/home/samsanchez/Documents/Robotics/Pincher/ros2_ws/phantom_ws/install/phantomx_pincher_description/share/phantomx_pincher_description/hook/cmake_prefix_path.ps1'
[0.934s] DEBUG:colcon.colcon_core.event_handler.log_command:Invoked command in '/home/samsanchez/Documents/Robotics/Pincher/ros2_ws/phantom_ws/build/phantomx_pincher_description' returned '0': CMAKE_PREFIX_PATH=${CMAKE_PREFIX_PATH}:/home/samsanchez/Documents/Robotics/Pincher/ros2_ws/phantom_ws/install/pincher_control:/opt/ros/humble /usr/bin/cmake --install /home/samsanchez/Documents/Robotics/Pincher/ros2_ws/phantom_ws/build/phantomx_pincher_description
[0.937s] INFO:colcon.colcon_core.shell:Creating environment descriptor '/home/samsanchez/Documents/Robotics/Pincher/ros2_ws/phantom_ws/install/phantomx_pincher_description/share/phantomx_pincher_description/hook/cmake_prefix_path.dsv'
[0.938s] INFO:colcon.colcon_core.shell:Creating environment hook '/home/samsanchez/Documents/Robotics/Pincher/ros2_ws/phantom_ws/install/phantomx_pincher_description/share/phantomx_pincher_description/hook/cmake_prefix_path.sh'
[0.942s] Level 1:colcon.colcon_core.environment:checking '/home/samsanchez/Documents/Robotics/Pincher/ros2_ws/phantom_ws/install/phantomx_pincher_description/lib'
[0.942s] Level 1:colcon.colcon_core.environment:checking '/home/samsanchez/Documents/Robotics/Pincher/ros2_ws/phantom_ws/install/phantomx_pincher_description/bin'
[0.942s] Level 1:colcon.colcon_core.environment:checking '/home/samsanchez/Documents/Robotics/Pincher/ros2_ws/phantom_ws/install/phantomx_pincher_description/lib/pkgconfig/phantomx_pincher_description.pc'
[0.942s] Level 1:colcon.colcon_core.environment:checking '/home/samsanchez/Documents/Robotics/Pincher/ros2_ws/phantom_ws/install/phantomx_pincher_description/lib/python3.10/site-packages'
[0.943s] Level 1:colcon.colcon_core.environment:checking '/home/samsanchez/Documents/Robotics/Pincher/ros2_ws/phantom_ws/install/phantomx_pincher_description/bin'
[0.943s] INFO:colcon.colcon_core.shell:Creating package script '/home/samsanchez/Documents/Robotics/Pincher/ros2_ws/phantom_ws/install/phantomx_pincher_description/share/phantomx_pincher_description/package.ps1'
[0.945s] INFO:colcon.colcon_core.shell:Creating package descriptor '/home/samsanchez/Documents/Robotics/Pincher/ros2_ws/phantom_ws/install/phantomx_pincher_description/share/phantomx_pincher_description/package.dsv'
[0.958s] INFO:colcon.colcon_core.shell:Creating package script '/home/samsanchez/Documents/Robotics/Pincher/ros2_ws/phantom_ws/install/phantomx_pincher_description/share/phantomx_pincher_description/package.sh'
[0.962s] INFO:colcon.colcon_core.shell:Creating package script '/home/samsanchez/Documents/Robotics/Pincher/ros2_ws/phantom_ws/install/phantomx_pincher_description/share/phantomx_pincher_description/package.bash'
[0.964s] INFO:colcon.colcon_core.shell:Creating package script '/home/samsanchez/Documents/Robotics/Pincher/ros2_ws/phantom_ws/install/phantomx_pincher_description/share/phantomx_pincher_description/package.zsh'
[0.966s] Level 1:colcon.colcon_core.environment:create_file_with_runtime_dependencies(/home/samsanchez/Documents/Robotics/Pincher/ros2_ws/phantom_ws/install/phantomx_pincher_description/share/colcon-core/packages/phantomx_pincher_description)
[0.967s] Level 1:colcon.colcon_core.environment:create_environment_scripts_only(phantomx_pincher_description)
[0.968s] Level 1:colcon.colcon_core.environment:checking '/home/samsanchez/Documents/Robotics/Pincher/ros2_ws/phantom_ws/install/phantomx_pincher_description' for CMake module files
[0.968s] Level 1:colcon.colcon_core.environment:checking '/home/samsanchez/Documents/Robotics/Pincher/ros2_ws/phantom_ws/install/phantomx_pincher_description' for CMake config files
[0.969s] Level 1:colcon.colcon_core.shell:create_environment_hook('phantomx_pincher_description', 'cmake_prefix_path')
[0.969s] INFO:colcon.colcon_core.shell:Creating environment hook '/home/samsanchez/Documents/Robotics/Pincher/ros2_ws/phantom_ws/install/phantomx_pincher_description/share/phantomx_pincher_description/hook/cmake_prefix_path.ps1'
[0.970s] INFO:colcon.colcon_core.shell:Creating environment descriptor '/home/samsanchez/Documents/Robotics/Pincher/ros2_ws/phantom_ws/install/phantomx_pincher_description/share/phantomx_pincher_description/hook/cmake_prefix_path.dsv'
[0.972s] INFO:colcon.colcon_core.shell:Creating environment hook '/home/samsanchez/Documents/Robotics/Pincher/ros2_ws/phantom_ws/install/phantomx_pincher_description/share/phantomx_pincher_description/hook/cmake_prefix_path.sh'
[0.973s] Level 1:colcon.colcon_core.environment:checking '/home/samsanchez/Documents/Robotics/Pincher/ros2_ws/phantom_ws/install/phantomx_pincher_description/lib'
[0.973s] Level 1:colcon.colcon_core.environment:checking '/home/samsanchez/Documents/Robotics/Pincher/ros2_ws/phantom_ws/install/phantomx_pincher_description/bin'
[0.973s] Level 1:colcon.colcon_core.environment:checking '/home/samsanchez/Documents/Robotics/Pincher/ros2_ws/phantom_ws/install/phantomx_pincher_description/lib/pkgconfig/phantomx_pincher_description.pc'
[0.974s] Level 1:colcon.colcon_core.environment:checking '/home/samsanchez/Documents/Robotics/Pincher/ros2_ws/phantom_ws/install/phantomx_pincher_description/lib/python3.10/site-packages'
[0.974s] Level 1:colcon.colcon_core.environment:checking '/home/samsanchez/Documents/Robotics/Pincher/ros2_ws/phantom_ws/install/phantomx_pincher_description/bin'
[0.975s] INFO:colcon.colcon_core.shell:Creating package script '/home/samsanchez/Documents/Robotics/Pincher/ros2_ws/phantom_ws/install/phantomx_pincher_description/share/phantomx_pincher_description/package.ps1'
[0.976s] INFO:colcon.colcon_core.shell:Creating package descriptor '/home/samsanchez/Documents/Robotics/Pincher/ros2_ws/phantom_ws/install/phantomx_pincher_description/share/phantomx_pincher_description/package.dsv'
[0.977s] INFO:colcon.colcon_core.shell:Creating package script '/home/samsanchez/Documents/Robotics/Pincher/ros2_ws/phantom_ws/install/phantomx_pincher_description/share/phantomx_pincher_description/package.sh'
[0.978s] INFO:colcon.colcon_core.shell:Creating package script '/home/samsanchez/Documents/Robotics/Pincher/ros2_ws/phantom_ws/install/phantomx_pincher_description/share/phantomx_pincher_description/package.bash'
[0.979s] INFO:colcon.colcon_core.shell:Creating package script '/home/samsanchez/Documents/Robotics/Pincher/ros2_ws/phantom_ws/install/phantomx_pincher_description/share/phantomx_pincher_description/package.zsh'
[0.980s] Level 1:colcon.colcon_core.environment:create_file_with_runtime_dependencies(/home/samsanchez/Documents/Robotics/Pincher/ros2_ws/phantom_ws/install/phantomx_pincher_description/share/colcon-core/packages/phantomx_pincher_description)
[0.997s] INFO:colcon.colcon_ros.task.ament_cmake.build:Building ROS package in '/home/samsanchez/Documents/Robotics/Pincher/ros2_ws/phantom_ws/src/phantomx_pincher/phantomx_pincher_moveit_config' with build type 'ament_cmake'
[0.997s] INFO:colcon.colcon_cmake.task.cmake.build:Building CMake package in '/home/samsanchez/Documents/Robotics/Pincher/ros2_ws/phantom_ws/src/phantomx_pincher/phantomx_pincher_moveit_config'
[1.000s] INFO:colcon.colcon_core.shell:Skip shell extension 'powershell' for command environment: Not usable outside of PowerShell
[1.001s] DEBUG:colcon.colcon_core.shell:Skip shell extension 'dsv' for command environment
[1.052s] DEBUG:colcon.colcon_core.event_handler.log_command:Invoking command in '/home/samsanchez/Documents/Robotics/Pincher/ros2_ws/phantom_ws/build/phantomx_pincher_moveit_config': CMAKE_PREFIX_PATH=/home/samsanchez/Documents/Robotics/Pincher/ros2_ws/phantom_ws/install/phantomx_pincher_description:/home/samsanchez/Documents/Robotics/Pincher/ros2_ws/phantom_ws/install/phantomx_pincher_moveit_config:/home/samsanchez/Documents/Robotics/Pincher/ros2_ws/phantom_ws/install/phantomx_pincher_demos:/home/samsanchez/Documents/Robotics/Pincher/ros2_ws/phantom_ws/install/phantomx_pincher:/home/samsanchez/Documents/Robotics/Pincher/ros2_ws/phantom_ws/install/pincher_control:/opt/ros/humble /usr/bin/cmake --build /home/samsanchez/Documents/Robotics/Pincher/ros2_ws/phantom_ws/build/phantomx_pincher_moveit_config -- -j2 -l2
[1.187s] DEBUG:colcon.colcon_core.event_handler.log_command:Invoked command in '/home/samsanchez/Documents/Robotics/Pincher/ros2_ws/phantom_ws/build/phantomx_pincher_moveit_config' returned '0': CMAKE_PREFIX_PATH=/home/samsanchez/Documents/Robotics/Pincher/ros2_ws/phantom_ws/install/phantomx_pincher_description:/home/samsanchez/Documents/Robotics/Pincher/ros2_ws/phantom_ws/install/phantomx_pincher_moveit_config:/home/samsanchez/Documents/Robotics/Pincher/ros2_ws/phantom_ws/install/phantomx_pincher_demos:/home/samsanchez/Documents/Robotics/Pincher/ros2_ws/phantom_ws/install/phantomx_pincher:/home/samsanchez/Documents/Robotics/Pincher/ros2_ws/phantom_ws/install/pincher_control:/opt/ros/humble /usr/bin/cmake --build /home/samsanchez/Documents/Robotics/Pincher/ros2_ws/phantom_ws/build/phantomx_pincher_moveit_config -- -j2 -l2
[1.193s] DEBUG:colcon.colcon_core.event_handler.log_command:Invoking command in '/home/samsanchez/Documents/Robotics/Pincher/ros2_ws/phantom_ws/build/phantomx_pincher_moveit_config': CMAKE_PREFIX_PATH=/home/samsanchez/Documents/Robotics/Pincher/ros2_ws/phantom_ws/install/phantomx_pincher_description:/home/samsanchez/Documents/Robotics/Pincher/ros2_ws/phantom_ws/install/phantomx_pincher_moveit_config:/home/samsanchez/Documents/Robotics/Pincher/ros2_ws/phantom_ws/install/phantomx_pincher_demos:/home/samsanchez/Documents/Robotics/Pincher/ros2_ws/phantom_ws/install/phantomx_pincher:/home/samsanchez/Documents/Robotics/Pincher/ros2_ws/phantom_ws/install/pincher_control:/opt/ros/humble /usr/bin/cmake --install /home/samsanchez/Documents/Robotics/Pincher/ros2_ws/phantom_ws/build/phantomx_pincher_moveit_config
[1.236s] Level 1:colcon.colcon_core.environment:create_environment_scripts_only(phantomx_pincher_moveit_config)
[1.237s] DEBUG:colcon.colcon_core.event_handler.log_command:Invoked command in '/home/samsanchez/Documents/Robotics/Pincher/ros2_ws/phantom_ws/build/phantomx_pincher_moveit_config' returned '0': CMAKE_PREFIX_PATH=/home/samsanchez/Documents/Robotics/Pincher/ros2_ws/phantom_ws/install/phantomx_pincher_description:/home/samsanchez/Documents/Robotics/Pincher/ros2_ws/phantom_ws/install/phantomx_pincher_moveit_config:/home/samsanchez/Documents/Robotics/Pincher/ros2_ws/phantom_ws/install/phantomx_pincher_demos:/home/samsanchez/Documents/Robotics/Pincher/ros2_ws/phantom_ws/install/phantomx_pincher:/home/samsanchez/Documents/Robotics/Pincher/ros2_ws/phantom_ws/install/pincher_control:/opt/ros/humble /usr/bin/cmake --install /home/samsanchez/Documents/Robotics/Pincher/ros2_ws/phantom_ws/build/phantomx_pincher_moveit_config
[1.238s] Level 1:colcon.colcon_core.environment:checking '/home/samsanchez/Documents/Robotics/Pincher/ros2_ws/phantom_ws/install/phantomx_pincher_moveit_config' for CMake module files
[1.241s] Level 1:colcon.colcon_core.environment:checking '/home/samsanchez/Documents/Robotics/Pincher/ros2_ws/phantom_ws/install/phantomx_pincher_moveit_config' for CMake config files
[1.242s] Level 1:colcon.colcon_core.shell:create_environment_hook('phantomx_pincher_moveit_config', 'cmake_prefix_path')
[1.242s] INFO:colcon.colcon_core.shell:Creating environment hook '/home/samsanchez/Documents/Robotics/Pincher/ros2_ws/phantom_ws/install/phantomx_pincher_moveit_config/share/phantomx_pincher_moveit_config/hook/cmake_prefix_path.ps1'
[1.243s] INFO:colcon.colcon_core.shell:Creating environment descriptor '/home/samsanchez/Documents/Robotics/Pincher/ros2_ws/phantom_ws/install/phantomx_pincher_moveit_config/share/phantomx_pincher_moveit_config/hook/cmake_prefix_path.dsv'
[1.244s] INFO:colcon.colcon_core.shell:Creating environment hook '/home/samsanchez/Documents/Robotics/Pincher/ros2_ws/phantom_ws/install/phantomx_pincher_moveit_config/share/phantomx_pincher_moveit_config/hook/cmake_prefix_path.sh'
[1.246s] Level 1:colcon.colcon_core.environment:checking '/home/samsanchez/Documents/Robotics/Pincher/ros2_ws/phantom_ws/install/phantomx_pincher_moveit_config/bin'
[1.246s] Level 1:colcon.colcon_core.environment:checking '/home/samsanchez/Documents/Robotics/Pincher/ros2_ws/phantom_ws/install/phantomx_pincher_moveit_config/lib/pkgconfig/phantomx_pincher_moveit_config.pc'
[1.246s] Level 1:colcon.colcon_core.environment:checking '/home/samsanchez/Documents/Robotics/Pincher/ros2_ws/phantom_ws/install/phantomx_pincher_moveit_config/lib/python3.10/site-packages'
[1.247s] Level 1:colcon.colcon_core.environment:checking '/home/samsanchez/Documents/Robotics/Pincher/ros2_ws/phantom_ws/install/phantomx_pincher_moveit_config/bin'
[1.247s] INFO:colcon.colcon_core.shell:Creating package script '/home/samsanchez/Documents/Robotics/Pincher/ros2_ws/phantom_ws/install/phantomx_pincher_moveit_config/share/phantomx_pincher_moveit_config/package.ps1'
[1.248s] INFO:colcon.colcon_core.shell:Creating package descriptor '/home/samsanchez/Documents/Robotics/Pincher/ros2_ws/phantom_ws/install/phantomx_pincher_moveit_config/share/phantomx_pincher_moveit_config/package.dsv'
[1.249s] INFO:colcon.colcon_core.shell:Creating package script '/home/samsanchez/Documents/Robotics/Pincher/ros2_ws/phantom_ws/install/phantomx_pincher_moveit_config/share/phantomx_pincher_moveit_config/package.sh'
[1.250s] INFO:colcon.colcon_core.shell:Creating package script '/home/samsanchez/Documents/Robotics/Pincher/ros2_ws/phantom_ws/install/phantomx_pincher_moveit_config/share/phantomx_pincher_moveit_config/package.bash'
[1.251s] INFO:colcon.colcon_core.shell:Creating package script '/home/samsanchez/Documents/Robotics/Pincher/ros2_ws/phantom_ws/install/phantomx_pincher_moveit_config/share/phantomx_pincher_moveit_config/package.zsh'
[1.252s] Level 1:colcon.colcon_core.environment:create_file_with_runtime_dependencies(/home/samsanchez/Documents/Robotics/Pincher/ros2_ws/phantom_ws/install/phantomx_pincher_moveit_config/share/colcon-core/packages/phantomx_pincher_moveit_config)
[1.254s] Level 1:colcon.colcon_core.environment:create_environment_scripts_only(phantomx_pincher_moveit_config)
[1.254s] Level 1:colcon.colcon_core.environment:checking '/home/samsanchez/Documents/Robotics/Pincher/ros2_ws/phantom_ws/install/phantomx_pincher_moveit_config' for CMake module files
[1.255s] Level 1:colcon.colcon_core.environment:checking '/home/samsanchez/Documents/Robotics/Pincher/ros2_ws/phantom_ws/install/phantomx_pincher_moveit_config' for CMake config files
[1.255s] Level 1:colcon.colcon_core.shell:create_environment_hook('phantomx_pincher_moveit_config', 'cmake_prefix_path')
[1.255s] INFO:colcon.colcon_core.shell:Creating environment hook '/home/samsanchez/Documents/Robotics/Pincher/ros2_ws/phantom_ws/install/phantomx_pincher_moveit_config/share/phantomx_pincher_moveit_config/hook/cmake_prefix_path.ps1'
[1.257s] INFO:colcon.colcon_core.shell:Creating environment descriptor '/home/samsanchez/Documents/Robotics/Pincher/ros2_ws/phantom_ws/install/phantomx_pincher_moveit_config/share/phantomx_pincher_moveit_config/hook/cmake_prefix_path.dsv'
[1.258s] INFO:colcon.colcon_core.shell:Creating environment hook '/home/samsanchez/Documents/Robotics/Pincher/ros2_ws/phantom_ws/install/phantomx_pincher_moveit_config/share/phantomx_pincher_moveit_config/hook/cmake_prefix_path.sh'
[1.259s] Level 1:colcon.colcon_core.environment:checking '/home/samsanchez/Documents/Robotics/Pincher/ros2_ws/phantom_ws/install/phantomx_pincher_moveit_config/bin'
[1.260s] Level 1:colcon.colcon_core.environment:checking '/home/samsanchez/Documents/Robotics/Pincher/ros2_ws/phantom_ws/install/phantomx_pincher_moveit_config/lib/pkgconfig/phantomx_pincher_moveit_config.pc'
[1.260s] Level 1:colcon.colcon_core.environment:checking '/home/samsanchez/Documents/Robotics/Pincher/ros2_ws/phantom_ws/install/phantomx_pincher_moveit_config/lib/python3.10/site-packages'
[1.260s] Level 1:colcon.colcon_core.environment:checking '/home/samsanchez/Documents/Robotics/Pincher/ros2_ws/phantom_ws/install/phantomx_pincher_moveit_config/bin'
[1.261s] INFO:colcon.colcon_core.shell:Creating package script '/home/samsanchez/Documents/Robotics/Pincher/ros2_ws/phantom_ws/install/phantomx_pincher_moveit_config/share/phantomx_pincher_moveit_config/package.ps1'
[1.262s] INFO:colcon.colcon_core.shell:Creating package descriptor '/home/samsanchez/Documents/Robotics/Pincher/ros2_ws/phantom_ws/install/phantomx_pincher_moveit_config/share/phantomx_pincher_moveit_config/package.dsv'
[1.264s] INFO:colcon.colcon_core.shell:Creating package script '/home/samsanchez/Documents/Robotics/Pincher/ros2_ws/phantom_ws/install/phantomx_pincher_moveit_config/share/phantomx_pincher_moveit_config/package.sh'
[1.266s] INFO:colcon.colcon_core.shell:Creating package script '/home/samsanchez/Documents/Robotics/Pincher/ros2_ws/phantom_ws/install/phantomx_pincher_moveit_config/share/phantomx_pincher_moveit_config/package.bash'
[1.268s] INFO:colcon.colcon_core.shell:Creating package script '/home/samsanchez/Documents/Robotics/Pincher/ros2_ws/phantom_ws/install/phantomx_pincher_moveit_config/share/phantomx_pincher_moveit_config/package.zsh'
[1.270s] Level 1:colcon.colcon_core.environment:create_file_with_runtime_dependencies(/home/samsanchez/Documents/Robotics/Pincher/ros2_ws/phantom_ws/install/phantomx_pincher_moveit_config/share/colcon-core/packages/phantomx_pincher_moveit_config)
[1.275s] INFO:colcon.colcon_ros.task.ament_cmake.build:Building ROS package in '/home/samsanchez/Documents/Robotics/Pincher/ros2_ws/phantom_ws/src/phantomx_pincher/phantomx_pincher' with build type 'ament_cmake'
[1.275s] INFO:colcon.colcon_cmake.task.cmake.build:Building CMake package in '/home/samsanchez/Documents/Robotics/Pincher/ros2_ws/phantom_ws/src/phantomx_pincher/phantomx_pincher'
[1.276s] INFO:colcon.colcon_core.shell:Skip shell extension 'powershell' for command environment: Not usable outside of PowerShell
[1.276s] DEBUG:colcon.colcon_core.shell:Skip shell extension 'dsv' for command environment
[1.343s] DEBUG:colcon.colcon_core.event_handler.log_command:Invoking command in '/home/samsanchez/Documents/Robotics/Pincher/ros2_ws/phantom_ws/build/phantomx_pincher': CMAKE_PREFIX_PATH=${CMAKE_PREFIX_PATH}:/home/samsanchez/Documents/Robotics/Pincher/ros2_ws/phantom_ws/install/pincher_control:/opt/ros/humble /usr/bin/cmake --build /home/samsanchez/Documents/Robotics/Pincher/ros2_ws/phantom_ws/build/phantomx_pincher -- -j2 -l2
[1.437s] DEBUG:colcon.colcon_core.event_handler.log_command:Invoked command in '/home/samsanchez/Documents/Robotics/Pincher/ros2_ws/phantom_ws/build/phantomx_pincher' returned '0': CMAKE_PREFIX_PATH=${CMAKE_PREFIX_PATH}:/home/samsanchez/Documents/Robotics/Pincher/ros2_ws/phantom_ws/install/pincher_control:/opt/ros/humble /usr/bin/cmake --build /home/samsanchez/Documents/Robotics/Pincher/ros2_ws/phantom_ws/build/phantomx_pincher -- -j2 -l2
[1.443s] DEBUG:colcon.colcon_core.event_handler.log_command:Invoking command in '/home/samsanchez/Documents/Robotics/Pincher/ros2_ws/phantom_ws/build/phantomx_pincher': CMAKE_PREFIX_PATH=${CMAKE_PREFIX_PATH}:/home/samsanchez/Documents/Robotics/Pincher/ros2_ws/phantom_ws/install/pincher_control:/opt/ros/humble /usr/bin/cmake --install /home/samsanchez/Documents/Robotics/Pincher/ros2_ws/phantom_ws/build/phantomx_pincher
[1.493s] Level 1:colcon.colcon_core.environment:create_environment_scripts_only(phantomx_pincher)
[1.493s] Level 1:colcon.colcon_core.environment:checking '/home/samsanchez/Documents/Robotics/Pincher/ros2_ws/phantom_ws/install/phantomx_pincher' for CMake module files
[1.497s] DEBUG:colcon.colcon_core.event_handler.log_command:Invoked command in '/home/samsanchez/Documents/Robotics/Pincher/ros2_ws/phantom_ws/build/phantomx_pincher' returned '0': CMAKE_PREFIX_PATH=${CMAKE_PREFIX_PATH}:/home/samsanchez/Documents/Robotics/Pincher/ros2_ws/phantom_ws/install/pincher_control:/opt/ros/humble /usr/bin/cmake --install /home/samsanchez/Documents/Robotics/Pincher/ros2_ws/phantom_ws/build/phantomx_pincher
[1.506s] Level 1:colcon.colcon_core.environment:checking '/home/samsanchez/Documents/Robotics/Pincher/ros2_ws/phantom_ws/install/phantomx_pincher' for CMake config files
[1.507s] Level 1:colcon.colcon_core.shell:create_environment_hook('phantomx_pincher', 'cmake_prefix_path')
[1.507s] INFO:colcon.colcon_core.shell:Creating environment hook '/home/samsanchez/Documents/Robotics/Pincher/ros2_ws/phantom_ws/install/phantomx_pincher/share/phantomx_pincher/hook/cmake_prefix_path.ps1'
[1.518s] INFO:colcon.colcon_core.shell:Creating environment descriptor '/home/samsanchez/Documents/Robotics/Pincher/ros2_ws/phantom_ws/install/phantomx_pincher/share/phantomx_pincher/hook/cmake_prefix_path.dsv'
[1.521s] INFO:colcon.colcon_core.shell:Creating environment hook '/home/samsanchez/Documents/Robotics/Pincher/ros2_ws/phantom_ws/install/phantomx_pincher/share/phantomx_pincher/hook/cmake_prefix_path.sh'
[1.529s] Level 1:colcon.colcon_core.environment:checking '/home/samsanchez/Documents/Robotics/Pincher/ros2_ws/phantom_ws/install/phantomx_pincher/bin'
[1.529s] Level 1:colcon.colcon_core.environment:checking '/home/samsanchez/Documents/Robotics/Pincher/ros2_ws/phantom_ws/install/phantomx_pincher/lib/pkgconfig/phantomx_pincher.pc'
[1.530s] Level 1:colcon.colcon_core.environment:checking '/home/samsanchez/Documents/Robotics/Pincher/ros2_ws/phantom_ws/install/phantomx_pincher/lib/python3.10/site-packages'
[1.530s] Level 1:colcon.colcon_core.environment:checking '/home/samsanchez/Documents/Robotics/Pincher/ros2_ws/phantom_ws/install/phantomx_pincher/bin'
[1.530s] INFO:colcon.colcon_core.shell:Creating package script '/home/samsanchez/Documents/Robotics/Pincher/ros2_ws/phantom_ws/install/phantomx_pincher/share/phantomx_pincher/package.ps1'
[1.534s] INFO:colcon.colcon_core.shell:Creating package descriptor '/home/samsanchez/Documents/Robotics/Pincher/ros2_ws/phantom_ws/install/phantomx_pincher/share/phantomx_pincher/package.dsv'
[1.550s] INFO:colcon.colcon_core.shell:Creating package script '/home/samsanchez/Documents/Robotics/Pincher/ros2_ws/phantom_ws/install/phantomx_pincher/share/phantomx_pincher/package.sh'
[1.555s] INFO:colcon.colcon_core.shell:Creating package script '/home/samsanchez/Documents/Robotics/Pincher/ros2_ws/phantom_ws/install/phantomx_pincher/share/phantomx_pincher/package.bash'
[1.561s] INFO:colcon.colcon_core.shell:Creating package script '/home/samsanchez/Documents/Robotics/Pincher/ros2_ws/phantom_ws/install/phantomx_pincher/share/phantomx_pincher/package.zsh'
[1.566s] Level 1:colcon.colcon_core.environment:create_file_with_runtime_dependencies(/home/samsanchez/Documents/Robotics/Pincher/ros2_ws/phantom_ws/install/phantomx_pincher/share/colcon-core/packages/phantomx_pincher)
[1.567s] Level 1:colcon.colcon_core.environment:create_environment_scripts_only(phantomx_pincher)
[1.572s] Level 1:colcon.colcon_core.environment:checking '/home/samsanchez/Documents/Robotics/Pincher/ros2_ws/phantom_ws/install/phantomx_pincher' for CMake module files
[1.572s] Level 1:colcon.colcon_core.environment:checking '/home/samsanchez/Documents/Robotics/Pincher/ros2_ws/phantom_ws/install/phantomx_pincher' for CMake config files
[1.573s] Level 1:colcon.colcon_core.shell:create_environment_hook('phantomx_pincher', 'cmake_prefix_path')
[1.573s] INFO:colcon.colcon_core.shell:Creating environment hook '/home/samsanchez/Documents/Robotics/Pincher/ros2_ws/phantom_ws/install/phantomx_pincher/share/phantomx_pincher/hook/cmake_prefix_path.ps1'
[1.581s] INFO:colcon.colcon_core.shell:Creating environment descriptor '/home/samsanchez/Documents/Robotics/Pincher/ros2_ws/phantom_ws/install/phantomx_pincher/share/phantomx_pincher/hook/cmake_prefix_path.dsv'
[1.588s] INFO:colcon.colcon_core.shell:Creating environment hook '/home/samsanchez/Documents/Robotics/Pincher/ros2_ws/phantom_ws/install/phantomx_pincher/share/phantomx_pincher/hook/cmake_prefix_path.sh'
[1.590s] Level 1:colcon.colcon_core.environment:checking '/home/samsanchez/Documents/Robotics/Pincher/ros2_ws/phantom_ws/install/phantomx_pincher/bin'
[1.592s] Level 1:colcon.colcon_core.environment:checking '/home/samsanchez/Documents/Robotics/Pincher/ros2_ws/phantom_ws/install/phantomx_pincher/lib/pkgconfig/phantomx_pincher.pc'
[1.592s] Level 1:colcon.colcon_core.environment:checking '/home/samsanchez/Documents/Robotics/Pincher/ros2_ws/phantom_ws/install/phantomx_pincher/lib/python3.10/site-packages'
[1.593s] Level 1:colcon.colcon_core.environment:checking '/home/samsanchez/Documents/Robotics/Pincher/ros2_ws/phantom_ws/install/phantomx_pincher/bin'
[1.593s] INFO:colcon.colcon_core.shell:Creating package script '/home/samsanchez/Documents/Robotics/Pincher/ros2_ws/phantom_ws/install/phantomx_pincher/share/phantomx_pincher/package.ps1'
[1.601s] INFO:colcon.colcon_core.shell:Creating package descriptor '/home/samsanchez/Documents/Robotics/Pincher/ros2_ws/phantom_ws/install/phantomx_pincher/share/phantomx_pincher/package.dsv'
[1.606s] INFO:colcon.colcon_core.shell:Creating package script '/home/samsanchez/Documents/Robotics/Pincher/ros2_ws/phantom_ws/install/phantomx_pincher/share/phantomx_pincher/package.sh'
[1.607s] INFO:colcon.colcon_core.shell:Creating package script '/home/samsanchez/Documents/Robotics/Pincher/ros2_ws/phantom_ws/install/phantomx_pincher/share/phantomx_pincher/package.bash'
[1.613s] INFO:colcon.colcon_core.shell:Creating package script '/home/samsanchez/Documents/Robotics/Pincher/ros2_ws/phantom_ws/install/phantomx_pincher/share/phantomx_pincher/package.zsh'
[1.622s] Level 1:colcon.colcon_core.environment:create_file_with_runtime_dependencies(/home/samsanchez/Documents/Robotics/Pincher/ros2_ws/phantom_ws/install/phantomx_pincher/share/colcon-core/packages/phantomx_pincher)
[1.626s] INFO:colcon.colcon_ros.task.ament_cmake.build:Building ROS package in '/home/samsanchez/Documents/Robotics/Pincher/ros2_ws/phantom_ws/src/phantomx_pincher/phantomx_pincher_demos' with build type 'ament_cmake'
[1.630s] INFO:colcon.colcon_cmake.task.cmake.build:Building CMake package in '/home/samsanchez/Documents/Robotics/Pincher/ros2_ws/phantom_ws/src/phantomx_pincher/phantomx_pincher_demos'
[1.631s] INFO:colcon.colcon_core.shell:Skip shell extension 'powershell' for command environment: Not usable outside of PowerShell
[1.631s] DEBUG:colcon.colcon_core.shell:Skip shell extension 'dsv' for command environment
[1.768s] DEBUG:colcon.colcon_core.event_handler.log_command:Invoking command in '/home/samsanchez/Documents/Robotics/Pincher/ros2_ws/phantom_ws/build/phantomx_pincher_demos': CMAKE_PREFIX_PATH=/home/samsanchez/Documents/Robotics/Pincher/ros2_ws/phantom_ws/install/phantomx_pincher:/home/samsanchez/Documents/Robotics/Pincher/ros2_ws/phantom_ws/install/phantomx_pincher_moveit_config:/home/samsanchez/Documents/Robotics/Pincher/ros2_ws/phantom_ws/install/phantomx_pincher_description:/home/samsanchez/Documents/Robotics/Pincher/ros2_ws/phantom_ws/install/phantomx_pincher_demos:/home/samsanchez/Documents/Robotics/Pincher/ros2_ws/phantom_ws/install/pincher_control:/opt/ros/humble /usr/bin/cmake --build /home/samsanchez/Documents/Robotics/Pincher/ros2_ws/phantom_ws/build/phantomx_pincher_demos -- -j2 -l2
[1.990s] DEBUG:colcon.colcon_core.event_handler.log_command:Invoking command in '/home/samsanchez/Documents/Robotics/Pincher/ros2_ws/phantom_ws/src/pincher_control': PYTHONPATH=/home/samsanchez/Documents/Robotics/Pincher/ros2_ws/phantom_ws/build/pincher_control/prefix_override:/usr/lib/python3/dist-packages/colcon_core/task/python/colcon_distutils_commands:/home/samsanchez/Documents/Robotics/Pincher/ros2_ws/phantom_ws/install/pincher_control/lib/python3.10/site-packages:${PYTHONPATH} /usr/bin/python3 -W ignore:setup.py install is deprecated -W ignore:easy_install command is deprecated setup.py egg_info --egg-base ../../build/pincher_control build --build-base /home/samsanchez/Documents/Robotics/Pincher/ros2_ws/phantom_ws/build/pincher_control/build install --record /home/samsanchez/Documents/Robotics/Pincher/ros2_ws/phantom_ws/build/pincher_control/install.log --single-version-externally-managed install_data
[2.012s] DEBUG:colcon.colcon_core.event_handler.log_command:Invoked command in '/home/samsanchez/Documents/Robotics/Pincher/ros2_ws/phantom_ws/build/phantomx_pincher_demos' returned '0': CMAKE_PREFIX_PATH=/home/samsanchez/Documents/Robotics/Pincher/ros2_ws/phantom_ws/install/phantomx_pincher:/home/samsanchez/Documents/Robotics/Pincher/ros2_ws/phantom_ws/install/phantomx_pincher_moveit_config:/home/samsanchez/Documents/Robotics/Pincher/ros2_ws/phantom_ws/install/phantomx_pincher_description:/home/samsanchez/Documents/Robotics/Pincher/ros2_ws/phantom_ws/install/phantomx_pincher_demos:/home/samsanchez/Documents/Robotics/Pincher/ros2_ws/phantom_ws/install/pincher_control:/opt/ros/humble /usr/bin/cmake --build /home/samsanchez/Documents/Robotics/Pincher/ros2_ws/phantom_ws/build/phantomx_pincher_demos -- -j2 -l2
[2.023s] DEBUG:colcon.colcon_core.event_handler.log_command:Invoking command in '/home/samsanchez/Documents/Robotics/Pincher/ros2_ws/phantom_ws/build/phantomx_pincher_demos': CMAKE_PREFIX_PATH=/home/samsanchez/Documents/Robotics/Pincher/ros2_ws/phantom_ws/install/phantomx_pincher:/home/samsanchez/Documents/Robotics/Pincher/ros2_ws/phantom_ws/install/phantomx_pincher_moveit_config:/home/samsanchez/Documents/Robotics/Pincher/ros2_ws/phantom_ws/install/phantomx_pincher_description:/home/samsanchez/Documents/Robotics/Pincher/ros2_ws/phantom_ws/install/phantomx_pincher_demos:/home/samsanchez/Documents/Robotics/Pincher/ros2_ws/phantom_ws/install/pincher_control:/opt/ros/humble /usr/bin/cmake --install /home/samsanchez/Documents/Robotics/Pincher/ros2_ws/phantom_ws/build/phantomx_pincher_demos
[2.080s] Level 1:colcon.colcon_core.environment:create_environment_scripts_only(phantomx_pincher_demos)
[2.080s] Level 1:colcon.colcon_core.environment:checking '/home/samsanchez/Documents/Robotics/Pincher/ros2_ws/phantom_ws/install/phantomx_pincher_demos' for CMake module files
[2.082s] DEBUG:colcon.colcon_core.event_handler.log_command:Invoked command in '/home/samsanchez/Documents/Robotics/Pincher/ros2_ws/phantom_ws/build/phantomx_pincher_demos' returned '0': CMAKE_PREFIX_PATH=/home/samsanchez/Documents/Robotics/Pincher/ros2_ws/phantom_ws/install/phantomx_pincher:/home/samsanchez/Documents/Robotics/Pincher/ros2_ws/phantom_ws/install/phantomx_pincher_moveit_config:/home/samsanchez/Documents/Robotics/Pincher/ros2_ws/phantom_ws/install/phantomx_pincher_description:/home/samsanchez/Documents/Robotics/Pincher/ros2_ws/phantom_ws/install/phantomx_pincher_demos:/home/samsanchez/Documents/Robotics/Pincher/ros2_ws/phantom_ws/install/pincher_control:/opt/ros/humble /usr/bin/cmake --install /home/samsanchez/Documents/Robotics/Pincher/ros2_ws/phantom_ws/build/phantomx_pincher_demos
[2.086s] Level 1:colcon.colcon_core.environment:checking '/home/samsanchez/Documents/Robotics/Pincher/ros2_ws/phantom_ws/install/phantomx_pincher_demos' for CMake config files
[2.086s] Level 1:colcon.colcon_core.shell:create_environment_hook('phantomx_pincher_demos', 'cmake_prefix_path')
[2.087s] INFO:colcon.colcon_core.shell:Creating environment hook '/home/samsanchez/Documents/Robotics/Pincher/ros2_ws/phantom_ws/install/phantomx_pincher_demos/share/phantomx_pincher_demos/hook/cmake_prefix_path.ps1'
[2.093s] INFO:colcon.colcon_core.shell:Creating environment descriptor '/home/samsanchez/Documents/Robotics/Pincher/ros2_ws/phantom_ws/install/phantomx_pincher_demos/share/phantomx_pincher_demos/hook/cmake_prefix_path.dsv'
[2.094s] INFO:colcon.colcon_core.shell:Creating environment hook '/home/samsanchez/Documents/Robotics/Pincher/ros2_ws/phantom_ws/install/phantomx_pincher_demos/share/phantomx_pincher_demos/hook/cmake_prefix_path.sh'
[2.101s] Level 1:colcon.colcon_core.environment:checking '/home/samsanchez/Documents/Robotics/Pincher/ros2_ws/phantom_ws/install/phantomx_pincher_demos/lib'
[2.101s] Level 1:colcon.colcon_core.environment:checking '/home/samsanchez/Documents/Robotics/Pincher/ros2_ws/phantom_ws/install/phantomx_pincher_demos/bin'
[2.102s] Level 1:colcon.colcon_core.environment:checking '/home/samsanchez/Documents/Robotics/Pincher/ros2_ws/phantom_ws/install/phantomx_pincher_demos/lib/pkgconfig/phantomx_pincher_demos.pc'
[2.102s] Level 1:colcon.colcon_core.environment:checking '/home/samsanchez/Documents/Robotics/Pincher/ros2_ws/phantom_ws/install/phantomx_pincher_demos/lib/python3.10/site-packages'
[2.102s] Level 1:colcon.colcon_core.environment:checking '/home/samsanchez/Documents/Robotics/Pincher/ros2_ws/phantom_ws/install/phantomx_pincher_demos/bin'
[2.105s] INFO:colcon.colcon_core.shell:Creating package script '/home/samsanchez/Documents/Robotics/Pincher/ros2_ws/phantom_ws/install/phantomx_pincher_demos/share/phantomx_pincher_demos/package.ps1'
[2.110s] INFO:colcon.colcon_core.shell:Creating package descriptor '/home/samsanchez/Documents/Robotics/Pincher/ros2_ws/phantom_ws/install/phantomx_pincher_demos/share/phantomx_pincher_demos/package.dsv'
[2.112s] INFO:colcon.colcon_core.shell:Creating package script '/home/samsanchez/Documents/Robotics/Pincher/ros2_ws/phantom_ws/install/phantomx_pincher_demos/share/phantomx_pincher_demos/package.sh'
[2.125s] INFO:colcon.colcon_core.shell:Creating package script '/home/samsanchez/Documents/Robotics/Pincher/ros2_ws/phantom_ws/install/phantomx_pincher_demos/share/phantomx_pincher_demos/package.bash'
[2.128s] INFO:colcon.colcon_core.shell:Creating package script '/home/samsanchez/Documents/Robotics/Pincher/ros2_ws/phantom_ws/install/phantomx_pincher_demos/share/phantomx_pincher_demos/package.zsh'
[2.133s] Level 1:colcon.colcon_core.environment:create_file_with_runtime_dependencies(/home/samsanchez/Documents/Robotics/Pincher/ros2_ws/phantom_ws/install/phantomx_pincher_demos/share/colcon-core/packages/phantomx_pincher_demos)
[2.137s] Level 1:colcon.colcon_core.environment:create_environment_scripts_only(phantomx_pincher_demos)
[2.138s] Level 1:colcon.colcon_core.environment:checking '/home/samsanchez/Documents/Robotics/Pincher/ros2_ws/phantom_ws/install/phantomx_pincher_demos' for CMake module files
[2.139s] Level 1:colcon.colcon_core.environment:checking '/home/samsanchez/Documents/Robotics/Pincher/ros2_ws/phantom_ws/install/phantomx_pincher_demos' for CMake config files
[2.139s] Level 1:colcon.colcon_core.shell:create_environment_hook('phantomx_pincher_demos', 'cmake_prefix_path')
[2.139s] INFO:colcon.colcon_core.shell:Creating environment hook '/home/samsanchez/Documents/Robotics/Pincher/ros2_ws/phantom_ws/install/phantomx_pincher_demos/share/phantomx_pincher_demos/hook/cmake_prefix_path.ps1'
[2.143s] INFO:colcon.colcon_core.shell:Creating environment descriptor '/home/samsanchez/Documents/Robotics/Pincher/ros2_ws/phantom_ws/install/phantomx_pincher_demos/share/phantomx_pincher_demos/hook/cmake_prefix_path.dsv'
[2.153s] INFO:colcon.colcon_core.shell:Creating environment hook '/home/samsanchez/Documents/Robotics/Pincher/ros2_ws/phantom_ws/install/phantomx_pincher_demos/share/phantomx_pincher_demos/hook/cmake_prefix_path.sh'
[2.156s] Level 1:colcon.colcon_core.environment:checking '/home/samsanchez/Documents/Robotics/Pincher/ros2_ws/phantom_ws/install/phantomx_pincher_demos/lib'
[2.157s] Level 1:colcon.colcon_core.environment:checking '/home/samsanchez/Documents/Robotics/Pincher/ros2_ws/phantom_ws/install/phantomx_pincher_demos/bin'
[2.157s] Level 1:colcon.colcon_core.environment:checking '/home/samsanchez/Documents/Robotics/Pincher/ros2_ws/phantom_ws/install/phantomx_pincher_demos/lib/pkgconfig/phantomx_pincher_demos.pc'
[2.158s] Level 1:colcon.colcon_core.environment:checking '/home/samsanchez/Documents/Robotics/Pincher/ros2_ws/phantom_ws/install/phantomx_pincher_demos/lib/python3.10/site-packages'
[2.158s] Level 1:colcon.colcon_core.environment:checking '/home/samsanchez/Documents/Robotics/Pincher/ros2_ws/phantom_ws/install/phantomx_pincher_demos/bin'
[2.158s] INFO:colcon.colcon_core.shell:Creating package script '/home/samsanchez/Documents/Robotics/Pincher/ros2_ws/phantom_ws/install/phantomx_pincher_demos/share/phantomx_pincher_demos/package.ps1'
[2.163s] INFO:colcon.colcon_core.shell:Creating package descriptor '/home/samsanchez/Documents/Robotics/Pincher/ros2_ws/phantom_ws/install/phantomx_pincher_demos/share/phantomx_pincher_demos/package.dsv'
[2.166s] INFO:colcon.colcon_core.shell:Creating package script '/home/samsanchez/Documents/Robotics/Pincher/ros2_ws/phantom_ws/install/phantomx_pincher_demos/share/phantomx_pincher_demos/package.sh'
[2.171s] INFO:colcon.colcon_core.shell:Creating package script '/home/samsanchez/Documents/Robotics/Pincher/ros2_ws/phantom_ws/install/phantomx_pincher_demos/share/phantomx_pincher_demos/package.bash'
[2.172s] INFO:colcon.colcon_core.shell:Creating package script '/home/samsanchez/Documents/Robotics/Pincher/ros2_ws/phantom_ws/install/phantomx_pincher_demos/share/phantomx_pincher_demos/package.zsh'
[2.175s] Level 1:colcon.colcon_core.environment:create_file_with_runtime_dependencies(/home/samsanchez/Documents/Robotics/Pincher/ros2_ws/phantom_ws/install/phantomx_pincher_demos/share/colcon-core/packages/phantomx_pincher_demos)
[2.683s] Level 1:colcon.colcon_core.environment:checking '/home/samsanchez/Documents/Robotics/Pincher/ros2_ws/phantom_ws/install/pincher_control' for CMake module files
[2.683s] DEBUG:colcon.colcon_core.event_handler.log_command:Invoked command in '/home/samsanchez/Documents/Robotics/Pincher/ros2_ws/phantom_ws/src/pincher_control' returned '0': PYTHONPATH=/home/samsanchez/Documents/Robotics/Pincher/ros2_ws/phantom_ws/build/pincher_control/prefix_override:/usr/lib/python3/dist-packages/colcon_core/task/python/colcon_distutils_commands:/home/samsanchez/Documents/Robotics/Pincher/ros2_ws/phantom_ws/install/pincher_control/lib/python3.10/site-packages:${PYTHONPATH} /usr/bin/python3 -W ignore:setup.py install is deprecated -W ignore:easy_install command is deprecated setup.py egg_info --egg-base ../../build/pincher_control build --build-base /home/samsanchez/Documents/Robotics/Pincher/ros2_ws/phantom_ws/build/pincher_control/build install --record /home/samsanchez/Documents/Robotics/Pincher/ros2_ws/phantom_ws/build/pincher_control/install.log --single-version-externally-managed install_data
[2.685s] Level 1:colcon.colcon_core.environment:checking '/home/samsanchez/Documents/Robotics/Pincher/ros2_ws/phantom_ws/install/pincher_control' for CMake config files
[2.686s] Level 1:colcon.colcon_core.environment:checking '/home/samsanchez/Documents/Robotics/Pincher/ros2_ws/phantom_ws/install/pincher_control/lib'
[2.686s] Level 1:colcon.colcon_core.environment:checking '/home/samsanchez/Documents/Robotics/Pincher/ros2_ws/phantom_ws/install/pincher_control/bin'
[2.686s] Level 1:colcon.colcon_core.environment:checking '/home/samsanchez/Documents/Robotics/Pincher/ros2_ws/phantom_ws/install/pincher_control/lib/pkgconfig/pincher_control.pc'
[2.687s] Level 1:colcon.colcon_core.environment:checking '/home/samsanchez/Documents/Robotics/Pincher/ros2_ws/phantom_ws/install/pincher_control/lib/python3.10/site-packages'
[2.687s] Level 1:colcon.colcon_core.shell:create_environment_hook('pincher_control', 'pythonpath')
[2.687s] INFO:colcon.colcon_core.shell:Creating environment hook '/home/samsanchez/Documents/Robotics/Pincher/ros2_ws/phantom_ws/install/pincher_control/share/pincher_control/hook/pythonpath.ps1'
[2.689s] INFO:colcon.colcon_core.shell:Creating environment descriptor '/home/samsanchez/Documents/Robotics/Pincher/ros2_ws/phantom_ws/install/pincher_control/share/pincher_control/hook/pythonpath.dsv'
[2.690s] INFO:colcon.colcon_core.shell:Creating environment hook '/home/samsanchez/Documents/Robotics/Pincher/ros2_ws/phantom_ws/install/pincher_control/share/pincher_control/hook/pythonpath.sh'
[2.694s] Level 1:colcon.colcon_core.environment:checking '/home/samsanchez/Documents/Robotics/Pincher/ros2_ws/phantom_ws/install/pincher_control/bin'
[2.695s] Level 1:colcon.colcon_core.environment:create_environment_scripts_only(pincher_control)
[2.695s] INFO:colcon.colcon_core.shell:Creating package script '/home/samsanchez/Documents/Robotics/Pincher/ros2_ws/phantom_ws/install/pincher_control/share/pincher_control/package.ps1'
[2.697s] INFO:colcon.colcon_core.shell:Creating package descriptor '/home/samsanchez/Documents/Robotics/Pincher/ros2_ws/phantom_ws/install/pincher_control/share/pincher_control/package.dsv'
[2.700s] INFO:colcon.colcon_core.shell:Creating package script '/home/samsanchez/Documents/Robotics/Pincher/ros2_ws/phantom_ws/install/pincher_control/share/pincher_control/package.sh'
[2.701s] INFO:colcon.colcon_core.shell:Creating package script '/home/samsanchez/Documents/Robotics/Pincher/ros2_ws/phantom_ws/install/pincher_control/share/pincher_control/package.bash'
[2.703s] INFO:colcon.colcon_core.shell:Creating package script '/home/samsanchez/Documents/Robotics/Pincher/ros2_ws/phantom_ws/install/pincher_control/share/pincher_control/package.zsh'
[2.705s] Level 1:colcon.colcon_core.environment:create_file_with_runtime_dependencies(/home/samsanchez/Documents/Robotics/Pincher/ros2_ws/phantom_ws/install/pincher_control/share/colcon-core/packages/pincher_control)
[2.710s] DEBUG:colcon.colcon_parallel_executor.executor.parallel:closing loop
[2.712s] DEBUG:colcon.colcon_parallel_executor.executor.parallel:loop closed
[2.712s] DEBUG:colcon.colcon_parallel_executor.executor.parallel:run_until_complete finished with '0'
[2.712s] DEBUG:colcon.colcon_core.event_reactor:joining thread
[2.731s] INFO:colcon.colcon_core.plugin_system:Skipping extension 'colcon_notification.desktop_notification.terminal_notifier': Not used on non-Darwin systems
[2.731s] INFO:colcon.colcon_core.plugin_system:Skipping extension 'colcon_notification.desktop_notification.win32': Not used on non-Windows systems
[2.731s] INFO:colcon.colcon_notification.desktop_notification:Sending desktop notification using 'notify2'
[2.781s] DEBUG:colcon.colcon_core.event_reactor:joined thread
[2.781s] INFO:colcon.colcon_core.shell:Creating prefix script '/home/samsanchez/Documents/Robotics/Pincher/ros2_ws/phantom_ws/install/local_setup.ps1'
[2.786s] INFO:colcon.colcon_core.shell:Creating prefix util module '/home/samsanchez/Documents/Robotics/Pincher/ros2_ws/phantom_ws/install/_local_setup_util_ps1.py'
[2.791s] INFO:colcon.colcon_core.shell:Creating prefix chain script '/home/samsanchez/Documents/Robotics/Pincher/ros2_ws/phantom_ws/install/setup.ps1'
[2.796s] INFO:colcon.colcon_core.shell:Creating prefix script '/home/samsanchez/Documents/Robotics/Pincher/ros2_ws/phantom_ws/install/local_setup.sh'
[2.800s] INFO:colcon.colcon_core.shell:Creating prefix util module '/home/samsanchez/Documents/Robotics/Pincher/ros2_ws/phantom_ws/install/_local_setup_util_sh.py'
[2.802s] INFO:colcon.colcon_core.shell:Creating prefix chain script '/home/samsanchez/Documents/Robotics/Pincher/ros2_ws/phantom_ws/install/setup.sh'
[2.804s] INFO:colcon.colcon_core.shell:Creating prefix script '/home/samsanchez/Documents/Robotics/Pincher/ros2_ws/phantom_ws/install/local_setup.bash'
[2.805s] INFO:colcon.colcon_core.shell:Creating prefix chain script '/home/samsanchez/Documents/Robotics/Pincher/ros2_ws/phantom_ws/install/setup.bash'
[2.808s] INFO:colcon.colcon_core.shell:Creating prefix script '/home/samsanchez/Documents/Robotics/Pincher/ros2_ws/phantom_ws/install/local_setup.zsh'
[2.809s] INFO:colcon.colcon_core.shell:Creating prefix chain script '/home/samsanchez/Documents/Robotics/Pincher/ros2_ws/phantom_ws/install/setup.zsh'
