[0.052s] Invoking command in '/home/samsanchez/Documents/Robotics/Pincher/ros2_ws/phantom_ws/build/phantomx_pincher_moveit_config': CMAKE_PREFIX_PATH=/home/samsanchez/Documents/Robotics/Pincher/ros2_ws/phantom_ws/install/phantomx_pincher_description:/home/samsanchez/Documents/Robotics/Pincher/ros2_ws/phantom_ws/install/phantomx_pincher_moveit_config:/home/samsanchez/Documents/Robotics/Pincher/ros2_ws/phantom_ws/install/phantomx_pincher_demos:/home/samsanchez/Documents/Robotics/Pincher/ros2_ws/phantom_ws/install/phantomx_pincher:/home/samsanchez/Documents/Robotics/Pincher/ros2_ws/phantom_ws/install/pincher_control:/opt/ros/humble /usr/bin/cmake --build /home/samsanchez/Documents/Robotics/Pincher/ros2_ws/phantom_ws/build/phantomx_pincher_moveit_config -- -j2 -l2
[0.187s] Invoked command in '/home/samsanchez/Documents/Robotics/Pincher/ros2_ws/phantom_ws/build/phantomx_pincher_moveit_config' returned '0': CMAKE_PREFIX_PATH=/home/samsanchez/Documents/Robotics/Pincher/ros2_ws/phantom_ws/install/phantomx_pincher_description:/home/samsanchez/Documents/Robotics/Pincher/ros2_ws/phantom_ws/install/phantomx_pincher_moveit_config:/home/samsanchez/Documents/Robotics/Pincher/ros2_ws/phantom_ws/install/phantomx_pincher_demos:/home/samsanchez/Documents/Robotics/Pincher/ros2_ws/phantom_ws/install/phantomx_pincher:/home/samsanchez/Documents/Robotics/Pincher/ros2_ws/phantom_ws/install/pincher_control:/opt/ros/humble /usr/bin/cmake --build /home/samsanchez/Documents/Robotics/Pincher/ros2_ws/phantom_ws/build/phantomx_pincher_moveit_config -- -j2 -l2
[0.188s] Invoking command in '/home/samsanchez/Documents/Robotics/Pincher/ros2_ws/phantom_ws/build/phantomx_pincher_moveit_config': CMAKE_PREFIX_PATH=/home/samsanchez/Documents/Robotics/Pincher/ros2_ws/phantom_ws/install/phantomx_pincher_description:/home/samsanchez/Documents/Robotics/Pincher/ros2_ws/phantom_ws/install/phantomx_pincher_moveit_config:/home/samsanchez/Documents/Robotics/Pincher/ros2_ws/phantom_ws/install/phantomx_pincher_demos:/home/samsanchez/Documents/Robotics/Pincher/ros2_ws/phantom_ws/install/phantomx_pincher:/home/samsanchez/Documents/Robotics/Pincher/ros2_ws/phantom_ws/install/pincher_control:/opt/ros/humble /usr/bin/cmake --install /home/samsanchez/Documents/Robotics/Pincher/ros2_ws/phantom_ws/build/phantomx_pincher_moveit_config
[0.211s] -- Install configuration: ""
[0.211s] -- Up-to-date: /home/samsanchez/Documents/Robotics/Pincher/ros2_ws/phantom_ws/install/phantomx_pincher_moveit_config/share/phantomx_pincher_moveit_config/config
[0.212s] -- Up-to-date: /home/samsanchez/Documents/Robotics/Pincher/ros2_ws/phantom_ws/install/phantomx_pincher_moveit_config/share/phantomx_pincher_moveit_config/config/controllers_effort.yaml
[0.212s] -- Up-to-date: /home/samsanchez/Documents/Robotics/Pincher/ros2_ws/phantom_ws/install/phantomx_pincher_moveit_config/share/phantomx_pincher_moveit_config/config/joint_limits.yaml
[0.212s] -- Up-to-date: /home/samsanchez/Documents/Robotics/Pincher/ros2_ws/phantom_ws/install/phantomx_pincher_moveit_config/share/phantomx_pincher_moveit_config/config/phantomx_pincher.srdf
[0.212s] -- Up-to-date: /home/samsanchez/Documents/Robotics/Pincher/ros2_ws/phantom_ws/install/phantomx_pincher_moveit_config/share/phantomx_pincher_moveit_config/config/moveit_controller_manager_gripper_trajectory.yaml
[0.212s] -- Up-to-date: /home/samsanchez/Documents/Robotics/Pincher/ros2_ws/phantom_ws/install/phantomx_pincher_moveit_config/share/phantomx_pincher_moveit_config/config/ompl_planning.yaml
[0.212s] -- Up-to-date: /home/samsanchez/Documents/Robotics/Pincher/ros2_ws/phantom_ws/install/phantomx_pincher_moveit_config/share/phantomx_pincher_moveit_config/config/moveit_controller_manager_gripper_command.yaml
[0.212s] -- Up-to-date: /home/samsanchez/Documents/Robotics/Pincher/ros2_ws/phantom_ws/install/phantomx_pincher_moveit_config/share/phantomx_pincher_moveit_config/config/servo.yaml
[0.217s] -- Up-to-date: /home/samsanchez/Documents/Robotics/Pincher/ros2_ws/phantom_ws/install/phantomx_pincher_moveit_config/share/phantomx_pincher_moveit_config/config/servo_real.yaml
[0.217s] -- Up-to-date: /home/samsanchez/Documents/Robotics/Pincher/ros2_ws/phantom_ws/install/phantomx_pincher_moveit_config/share/phantomx_pincher_moveit_config/config/controllers_position.yaml
[0.217s] -- Up-to-date: /home/samsanchez/Documents/Robotics/Pincher/ros2_ws/phantom_ws/install/phantomx_pincher_moveit_config/share/phantomx_pincher_moveit_config/config/kinematics.yaml
[0.217s] -- Up-to-date: /home/samsanchez/Documents/Robotics/Pincher/ros2_ws/phantom_ws/install/phantomx_pincher_moveit_config/share/phantomx_pincher_moveit_config/launch
[0.217s] -- Up-to-date: /home/samsanchez/Documents/Robotics/Pincher/ros2_ws/phantom_ws/install/phantomx_pincher_moveit_config/share/phantomx_pincher_moveit_config/launch/move_group.launch.py
[0.217s] -- Up-to-date: /home/samsanchez/Documents/Robotics/Pincher/ros2_ws/phantom_ws/install/phantomx_pincher_moveit_config/share/phantomx_pincher_moveit_config/launch/move_group_external_control.launch.py
[0.217s] -- Up-to-date: /home/samsanchez/Documents/Robotics/Pincher/ros2_ws/phantom_ws/install/phantomx_pincher_moveit_config/share/phantomx_pincher_moveit_config/rviz
[0.217s] -- Up-to-date: /home/samsanchez/Documents/Robotics/Pincher/ros2_ws/phantom_ws/install/phantomx_pincher_moveit_config/share/phantomx_pincher_moveit_config/rviz/moveit.rviz
[0.217s] -- Up-to-date: /home/samsanchez/Documents/Robotics/Pincher/ros2_ws/phantom_ws/install/phantomx_pincher_moveit_config/share/phantomx_pincher_moveit_config/srdf
[0.217s] -- Up-to-date: /home/samsanchez/Documents/Robotics/Pincher/ros2_ws/phantom_ws/install/phantomx_pincher_moveit_config/share/phantomx_pincher_moveit_config/srdf/phantomx_pincher.xacro
[0.217s] -- Up-to-date: /home/samsanchez/Documents/Robotics/Pincher/ros2_ws/phantom_ws/install/phantomx_pincher_moveit_config/share/phantomx_pincher_moveit_config/srdf/phantomx_pincher.srdf
[0.217s] -- Up-to-date: /home/samsanchez/Documents/Robotics/Pincher/ros2_ws/phantom_ws/install/phantomx_pincher_moveit_config/share/phantomx_pincher_moveit_config/srdf/phantomx_pincher.srdf.xacro
[0.224s] -- Up-to-date: /home/samsanchez/Documents/Robotics/Pincher/ros2_ws/phantom_ws/install/phantomx_pincher_moveit_config/share/ament_index/resource_index/package_run_dependencies/phantomx_pincher_moveit_config
[0.224s] -- Up-to-date: /home/samsanchez/Documents/Robotics/Pincher/ros2_ws/phantom_ws/install/phantomx_pincher_moveit_config/share/ament_index/resource_index/parent_prefix_path/phantomx_pincher_moveit_config
[0.224s] -- Up-to-date: /home/samsanchez/Documents/Robotics/Pincher/ros2_ws/phantom_ws/install/phantomx_pincher_moveit_config/share/phantomx_pincher_moveit_config/environment/ament_prefix_path.sh
[0.225s] -- Up-to-date: /home/samsanchez/Documents/Robotics/Pincher/ros2_ws/phantom_ws/install/phantomx_pincher_moveit_config/share/phantomx_pincher_moveit_config/environment/ament_prefix_path.dsv
[0.225s] -- Up-to-date: /home/samsanchez/Documents/Robotics/Pincher/ros2_ws/phantom_ws/install/phantomx_pincher_moveit_config/share/phantomx_pincher_moveit_config/environment/path.sh
[0.225s] -- Up-to-date: /home/samsanchez/Documents/Robotics/Pincher/ros2_ws/phantom_ws/install/phantomx_pincher_moveit_config/share/phantomx_pincher_moveit_config/environment/path.dsv
[0.225s] -- Up-to-date: /home/samsanchez/Documents/Robotics/Pincher/ros2_ws/phantom_ws/install/phantomx_pincher_moveit_config/share/phantomx_pincher_moveit_config/local_setup.bash
[0.225s] -- Up-to-date: /home/samsanchez/Documents/Robotics/Pincher/ros2_ws/phantom_ws/install/phantomx_pincher_moveit_config/share/phantomx_pincher_moveit_config/local_setup.sh
[0.225s] -- Up-to-date: /home/samsanchez/Documents/Robotics/Pincher/ros2_ws/phantom_ws/install/phantomx_pincher_moveit_config/share/phantomx_pincher_moveit_config/local_setup.zsh
[0.225s] -- Up-to-date: /home/samsanchez/Documents/Robotics/Pincher/ros2_ws/phantom_ws/install/phantomx_pincher_moveit_config/share/phantomx_pincher_moveit_config/local_setup.dsv
[0.225s] -- Installing: /home/samsanchez/Documents/Robotics/Pincher/ros2_ws/phantom_ws/install/phantomx_pincher_moveit_config/share/phantomx_pincher_moveit_config/package.dsv
[0.225s] -- Up-to-date: /home/samsanchez/Documents/Robotics/Pincher/ros2_ws/phantom_ws/install/phantomx_pincher_moveit_config/share/ament_index/resource_index/packages/phantomx_pincher_moveit_config
[0.225s] -- Up-to-date: /home/samsanchez/Documents/Robotics/Pincher/ros2_ws/phantom_ws/install/phantomx_pincher_moveit_config/share/phantomx_pincher_moveit_config/cmake/phantomx_pincher_moveit_configConfig.cmake
[0.225s] -- Up-to-date: /home/samsanchez/Documents/Robotics/Pincher/ros2_ws/phantom_ws/install/phantomx_pincher_moveit_config/share/phantomx_pincher_moveit_config/cmake/phantomx_pincher_moveit_configConfig-version.cmake
[0.225s] -- Up-to-date: /home/samsanchez/Documents/Robotics/Pincher/ros2_ws/phantom_ws/install/phantomx_pincher_moveit_config/share/phantomx_pincher_moveit_config/package.xml
[0.237s] Invoked command in '/home/samsanchez/Documents/Robotics/Pincher/ros2_ws/phantom_ws/build/phantomx_pincher_moveit_config' returned '0': CMAKE_PREFIX_PATH=/home/samsanchez/Documents/Robotics/Pincher/ros2_ws/phantom_ws/install/phantomx_pincher_description:/home/samsanchez/Documents/Robotics/Pincher/ros2_ws/phantom_ws/install/phantomx_pincher_moveit_config:/home/samsanchez/Documents/Robotics/Pincher/ros2_ws/phantom_ws/install/phantomx_pincher_demos:/home/samsanchez/Documents/Robotics/Pincher/ros2_ws/phantom_ws/install/phantomx_pincher:/home/samsanchez/Documents/Robotics/Pincher/ros2_ws/phantom_ws/install/pincher_control:/opt/ros/humble /usr/bin/cmake --install /home/samsanchez/Documents/Robotics/Pincher/ros2_ws/phantom_ws/build/phantomx_pincher_moveit_config
